[I 221224 23:37:31 CIRS-RL-taobao:134] {
      "env": "VirtualTB-v0",
      "user_model_name": "MLP",
      "model_name": "CIRS",
      "seed": 2022,
      "cuda": 1,
      "cpu": false,
      "is_save": false,
      "version": "v1",
      "tau": 0.0,
      "gamma_exposure": 10,
      "leave_threshold": 1.0,
      "num_leave_compute": 5,
      "max_turn": 10,
      "dim_state": 20,
      "dim_model": 27,
      "nhead": 3,
      "buffer_size": 11000,
      "lr": 0.001,
      "gamma": 0.95,
      "epoch": 200,
      "step_per_epoch": 15000,
      "repeat_per_collect": 2,
      "batch_size": 2048,
      "hidden_sizes": [
        64,
        64
      ],
      "episode_per_collect": 100,
      "training_num": 100,
      "test_num": 100,
      "render": 0.0,
      "vf_coef": 0.25,
      "ent_coef": 0.0,
      "eps_clip": 0.2,
      "max_grad_norm": 0.5,
      "gae_lambda": 0.95,
      "rew_norm": 1,
      "dual_clip": null,
      "value_clip": 1,
      "norm_adv": 1,
      "recompute_adv": 0,
      "resume": false,
      "save_interval": 1000,
      "read_message": "taobao tau 0",
      "message": "CIRS w_o CI-leave1"
    }
[I 221224 23:40:33 utils:77] Epoch: [1], Info: [{'num_test': 100, 'len_tra': 10.0, 'R_tra': 8.29, 'ctr': '0.82900'}]
[I 221224 23:43:26 utils:77] Epoch: [2], Info: [{'num_test': 100, 'len_tra': 10.0, 'R_tra': 18.5, 'ctr': '1.85000'}]
[I 221224 23:46:19 utils:77] Epoch: [3], Info: [{'num_test': 100, 'len_tra': 10.0, 'R_tra': 25.84, 'ctr': '2.58400'}]
[I 221224 23:49:11 utils:77] Epoch: [4], Info: [{'num_test': 100, 'len_tra': 10.0, 'R_tra': 27.57, 'ctr': '2.75700'}]
[I 221224 23:52:04 utils:77] Epoch: [5], Info: [{'num_test': 100, 'len_tra': 10.0, 'R_tra': 23.82, 'ctr': '2.38200'}]
[I 221224 23:54:58 utils:77] Epoch: [6], Info: [{'num_test': 100, 'len_tra': 10.0, 'R_tra': 22.41, 'ctr': '2.24100'}]
[I 221224 23:57:51 utils:77] Epoch: [7], Info: [{'num_test': 100, 'len_tra': 10.0, 'R_tra': 23.13, 'ctr': '2.31300'}]
[I 221225 00:00:43 utils:77] Epoch: [8], Info: [{'num_test': 100, 'len_tra': 10.0, 'R_tra': 23.35, 'ctr': '2.33500'}]
[I 221225 00:03:37 utils:77] Epoch: [9], Info: [{'num_test': 100, 'len_tra': 10.0, 'R_tra': 23.47, 'ctr': '2.34700'}]
[I 221225 00:06:31 utils:77] Epoch: [10], Info: [{'num_test': 100, 'len_tra': 10.0, 'R_tra': 23.48, 'ctr': '2.34800'}]
[I 221225 00:09:24 utils:77] Epoch: [11], Info: [{'num_test': 100, 'len_tra': 10.0, 'R_tra': 23.97, 'ctr': '2.39700'}]
[I 221225 00:12:19 utils:77] Epoch: [12], Info: [{'num_test': 100, 'len_tra': 10.0, 'R_tra': 24.28, 'ctr': '2.42800'}]
[I 221225 00:15:12 utils:77] Epoch: [13], Info: [{'num_test': 100, 'len_tra': 10.0, 'R_tra': 23.81, 'ctr': '2.38100'}]
[I 221225 00:18:03 utils:77] Epoch: [14], Info: [{'num_test': 100, 'len_tra': 10.0, 'R_tra': 25.07, 'ctr': '2.50700'}]
[I 221225 00:20:54 utils:77] Epoch: [15], Info: [{'num_test': 100, 'len_tra': 10.0, 'R_tra': 25.37, 'ctr': '2.53700'}]
[I 221225 00:23:46 utils:77] Epoch: [16], Info: [{'num_test': 100, 'len_tra': 10.0, 'R_tra': 24.65, 'ctr': '2.46500'}]
[I 221225 00:26:38 utils:77] Epoch: [17], Info: [{'num_test': 100, 'len_tra': 10.0, 'R_tra': 25.2, 'ctr': '2.52000'}]
[I 221225 00:29:30 utils:77] Epoch: [18], Info: [{'num_test': 100, 'len_tra': 10.0, 'R_tra': 23.45, 'ctr': '2.34500'}]
[I 221225 00:32:22 utils:77] Epoch: [19], Info: [{'num_test': 100, 'len_tra': 10.0, 'R_tra': 25.86, 'ctr': '2.58600'}]
[I 221225 00:35:13 utils:77] Epoch: [20], Info: [{'num_test': 100, 'len_tra': 10.0, 'R_tra': 25.67, 'ctr': '2.56700'}]
[I 221225 00:38:05 utils:77] Epoch: [21], Info: [{'num_test': 100, 'len_tra': 10.0, 'R_tra': 25.16, 'ctr': '2.51600'}]
[I 221225 00:40:57 utils:77] Epoch: [22], Info: [{'num_test': 100, 'len_tra': 10.0, 'R_tra': 26.31, 'ctr': '2.63100'}]
[I 221225 00:43:49 utils:77] Epoch: [23], Info: [{'num_test': 100, 'len_tra': 10.0, 'R_tra': 26.91, 'ctr': '2.69100'}]
[I 221225 00:46:41 utils:77] Epoch: [24], Info: [{'num_test': 100, 'len_tra': 10.0, 'R_tra': 27.61, 'ctr': '2.76100'}]
[I 221225 00:49:34 utils:77] Epoch: [25], Info: [{'num_test': 100, 'len_tra': 10.0, 'R_tra': 27.25, 'ctr': '2.72500'}]
[I 221225 00:52:26 utils:77] Epoch: [26], Info: [{'num_test': 100, 'len_tra': 10.0, 'R_tra': 27.26, 'ctr': '2.72600'}]
[I 221225 00:55:17 utils:77] Epoch: [27], Info: [{'num_test': 100, 'len_tra': 10.0, 'R_tra': 27.5, 'ctr': '2.75000'}]
[I 221225 00:58:09 utils:77] Epoch: [28], Info: [{'num_test': 100, 'len_tra': 10.0, 'R_tra': 25.65, 'ctr': '2.56500'}]
[I 221225 01:01:01 utils:77] Epoch: [29], Info: [{'num_test': 100, 'len_tra': 10.0, 'R_tra': 26.22, 'ctr': '2.62200'}]
[I 221225 01:03:53 utils:77] Epoch: [30], Info: [{'num_test': 100, 'len_tra': 10.0, 'R_tra': 28.42, 'ctr': '2.84200'}]
[I 221225 01:06:45 utils:77] Epoch: [31], Info: [{'num_test': 100, 'len_tra': 10.0, 'R_tra': 26.57, 'ctr': '2.65700'}]
[I 221225 01:09:35 utils:77] Epoch: [32], Info: [{'num_test': 100, 'len_tra': 10.0, 'R_tra': 26.79, 'ctr': '2.67900'}]
[I 221225 01:12:26 utils:77] Epoch: [33], Info: [{'num_test': 100, 'len_tra': 10.0, 'R_tra': 23.43, 'ctr': '2.34300'}]
[I 221225 01:15:18 utils:77] Epoch: [34], Info: [{'num_test': 100, 'len_tra': 10.0, 'R_tra': 23.8, 'ctr': '2.38000'}]
[I 221225 01:18:09 utils:77] Epoch: [35], Info: [{'num_test': 100, 'len_tra': 10.0, 'R_tra': 25.85, 'ctr': '2.58500'}]
[I 221225 01:21:11 utils:77] Epoch: [36], Info: [{'num_test': 100, 'len_tra': 10.0, 'R_tra': 24.72, 'ctr': '2.47200'}]
[I 221225 01:24:03 utils:77] Epoch: [37], Info: [{'num_test': 100, 'len_tra': 10.0, 'R_tra': 25.22, 'ctr': '2.52200'}]
[I 221225 01:26:54 utils:77] Epoch: [38], Info: [{'num_test': 100, 'len_tra': 10.0, 'R_tra': 24.09, 'ctr': '2.40900'}]
[I 221225 01:29:56 utils:77] Epoch: [39], Info: [{'num_test': 100, 'len_tra': 10.0, 'R_tra': 26.46, 'ctr': '2.64600'}]
[I 221225 01:32:48 utils:77] Epoch: [40], Info: [{'num_test': 100, 'len_tra': 10.0, 'R_tra': 25.54, 'ctr': '2.55400'}]
[I 221225 01:35:39 utils:77] Epoch: [41], Info: [{'num_test': 100, 'len_tra': 10.0, 'R_tra': 24.99, 'ctr': '2.49900'}]
[I 221225 01:38:30 utils:77] Epoch: [42], Info: [{'num_test': 100, 'len_tra': 10.0, 'R_tra': 28.61, 'ctr': '2.86100'}]
[I 221225 01:41:31 utils:77] Epoch: [43], Info: [{'num_test': 100, 'len_tra': 10.0, 'R_tra': 26.82, 'ctr': '2.68200'}]
[I 221225 01:44:22 utils:77] Epoch: [44], Info: [{'num_test': 100, 'len_tra': 10.0, 'R_tra': 24.29, 'ctr': '2.42900'}]
[I 221225 01:47:14 utils:77] Epoch: [45], Info: [{'num_test': 100, 'len_tra': 9.97, 'R_tra': 24.39, 'ctr': '2.44634'}]
[I 221225 01:50:16 utils:77] Epoch: [46], Info: [{'num_test': 100, 'len_tra': 10.0, 'R_tra': 25.62, 'ctr': '2.56200'}]
[I 221225 01:53:18 utils:77] Epoch: [47], Info: [{'num_test': 100, 'len_tra': 10.0, 'R_tra': 26.6, 'ctr': '2.66000'}]
[I 221225 01:56:19 utils:77] Epoch: [48], Info: [{'num_test': 100, 'len_tra': 10.0, 'R_tra': 25.64, 'ctr': '2.56400'}]
[I 221225 01:59:22 utils:77] Epoch: [49], Info: [{'num_test': 100, 'len_tra': 10.0, 'R_tra': 26.18, 'ctr': '2.61800'}]
[I 221225 02:02:13 utils:77] Epoch: [50], Info: [{'num_test': 100, 'len_tra': 10.0, 'R_tra': 27.17, 'ctr': '2.71700'}]
[I 221225 02:05:15 utils:77] Epoch: [51], Info: [{'num_test': 100, 'len_tra': 10.0, 'R_tra': 28.2, 'ctr': '2.82000'}]
[I 221225 02:08:17 utils:77] Epoch: [52], Info: [{'num_test': 100, 'len_tra': 10.0, 'R_tra': 30.64, 'ctr': '3.06400'}]
[I 221225 02:11:19 utils:77] Epoch: [53], Info: [{'num_test': 100, 'len_tra': 9.94, 'R_tra': 27.95, 'ctr': '2.81187'}]
[I 221225 02:14:21 utils:77] Epoch: [54], Info: [{'num_test': 100, 'len_tra': 10.0, 'R_tra': 28.66, 'ctr': '2.86600'}]
[I 221225 02:17:24 utils:77] Epoch: [55], Info: [{'num_test': 100, 'len_tra': 10.0, 'R_tra': 27.63, 'ctr': '2.76300'}]
[I 221225 02:20:26 utils:77] Epoch: [56], Info: [{'num_test': 100, 'len_tra': 9.96, 'R_tra': 29.71, 'ctr': '2.98293'}]
[I 221225 02:23:28 utils:77] Epoch: [57], Info: [{'num_test': 100, 'len_tra': 10.0, 'R_tra': 27.82, 'ctr': '2.78200'}]
[I 221225 02:26:29 utils:77] Epoch: [58], Info: [{'num_test': 100, 'len_tra': 10.0, 'R_tra': 27.9, 'ctr': '2.79000'}]
[I 221225 02:29:31 utils:77] Epoch: [59], Info: [{'num_test': 100, 'len_tra': 10.0, 'R_tra': 30.03, 'ctr': '3.00300'}]
[I 221225 02:32:33 utils:77] Epoch: [60], Info: [{'num_test': 100, 'len_tra': 10.0, 'R_tra': 29.45, 'ctr': '2.94500'}]
[I 221225 02:35:35 utils:77] Epoch: [61], Info: [{'num_test': 100, 'len_tra': 9.93, 'R_tra': 31.11, 'ctr': '3.13293'}]
[I 221225 02:38:36 utils:77] Epoch: [62], Info: [{'num_test': 100, 'len_tra': 10.0, 'R_tra': 31.26, 'ctr': '3.12600'}]
[I 221225 02:41:39 utils:77] Epoch: [63], Info: [{'num_test': 100, 'len_tra': 10.0, 'R_tra': 29.8, 'ctr': '2.98000'}]
[I 221225 02:44:42 utils:77] Epoch: [64], Info: [{'num_test': 100, 'len_tra': 10.0, 'R_tra': 29.36, 'ctr': '2.93600'}]
[I 221225 02:47:45 utils:77] Epoch: [65], Info: [{'num_test': 100, 'len_tra': 10.0, 'R_tra': 27.88, 'ctr': '2.78800'}]
[I 221225 02:50:46 utils:77] Epoch: [66], Info: [{'num_test': 100, 'len_tra': 10.0, 'R_tra': 27.97, 'ctr': '2.79700'}]
[I 221225 02:53:48 utils:77] Epoch: [67], Info: [{'num_test': 100, 'len_tra': 10.0, 'R_tra': 26.03, 'ctr': '2.60300'}]
[I 221225 02:56:50 utils:77] Epoch: [68], Info: [{'num_test': 100, 'len_tra': 9.95, 'R_tra': 26.28, 'ctr': '2.64121'}]
[I 221225 02:59:52 utils:77] Epoch: [69], Info: [{'num_test': 100, 'len_tra': 10.0, 'R_tra': 26.35, 'ctr': '2.63500'}]
[I 221225 03:02:54 utils:77] Epoch: [70], Info: [{'num_test': 100, 'len_tra': 9.96, 'R_tra': 24.82, 'ctr': '2.49197'}]
[I 221225 03:05:56 utils:77] Epoch: [71], Info: [{'num_test': 100, 'len_tra': 10.0, 'R_tra': 26.32, 'ctr': '2.63200'}]
[I 221225 03:08:58 utils:77] Epoch: [72], Info: [{'num_test': 100, 'len_tra': 10.0, 'R_tra': 26.59, 'ctr': '2.65900'}]
[I 221225 03:12:00 utils:77] Epoch: [73], Info: [{'num_test': 100, 'len_tra': 9.94, 'R_tra': 25.16, 'ctr': '2.53119'}]
[I 221225 03:15:02 utils:77] Epoch: [74], Info: [{'num_test': 100, 'len_tra': 9.89, 'R_tra': 26.28, 'ctr': '2.65723'}]
[I 221225 03:18:04 utils:77] Epoch: [75], Info: [{'num_test': 100, 'len_tra': 9.96, 'R_tra': 26.71, 'ctr': '2.68173'}]
[I 221225 03:21:06 utils:77] Epoch: [76], Info: [{'num_test': 100, 'len_tra': 9.95, 'R_tra': 26.76, 'ctr': '2.68945'}]
[I 221225 03:24:07 utils:77] Epoch: [77], Info: [{'num_test': 100, 'len_tra': 9.94, 'R_tra': 27.45, 'ctr': '2.76157'}]
[I 221225 03:27:10 utils:77] Epoch: [78], Info: [{'num_test': 100, 'len_tra': 9.95, 'R_tra': 26.22, 'ctr': '2.63518'}]
[I 221225 03:30:12 utils:77] Epoch: [79], Info: [{'num_test': 100, 'len_tra': 9.92, 'R_tra': 24.95, 'ctr': '2.51512'}]
[I 221225 03:33:14 utils:77] Epoch: [80], Info: [{'num_test': 100, 'len_tra': 9.93, 'R_tra': 25.68, 'ctr': '2.58610'}]
[I 221225 03:36:15 utils:77] Epoch: [81], Info: [{'num_test': 100, 'len_tra': 9.87, 'R_tra': 25.28, 'ctr': '2.56130'}]
[I 221225 03:39:16 utils:77] Epoch: [82], Info: [{'num_test': 100, 'len_tra': 9.95, 'R_tra': 26.08, 'ctr': '2.62111'}]
[I 221225 03:42:19 utils:77] Epoch: [83], Info: [{'num_test': 100, 'len_tra': 9.9, 'R_tra': 25.95, 'ctr': '2.62121'}]
[I 221225 03:45:20 utils:77] Epoch: [84], Info: [{'num_test': 100, 'len_tra': 9.95, 'R_tra': 26.81, 'ctr': '2.69447'}]
[I 221225 03:48:21 utils:77] Epoch: [85], Info: [{'num_test': 100, 'len_tra': 9.88, 'R_tra': 25.49, 'ctr': '2.57996'}]
[I 221225 03:51:23 utils:77] Epoch: [86], Info: [{'num_test': 100, 'len_tra': 9.86, 'R_tra': 24.82, 'ctr': '2.51724'}]
[I 221225 03:54:26 utils:77] Epoch: [87], Info: [{'num_test': 100, 'len_tra': 9.9, 'R_tra': 25.82, 'ctr': '2.60808'}]
[I 221225 03:57:27 utils:77] Epoch: [88], Info: [{'num_test': 100, 'len_tra': 10.0, 'R_tra': 27.11, 'ctr': '2.71100'}]
[I 221225 04:00:29 utils:77] Epoch: [89], Info: [{'num_test': 100, 'len_tra': 9.9, 'R_tra': 26.18, 'ctr': '2.64444'}]
[I 221225 04:03:30 utils:77] Epoch: [90], Info: [{'num_test': 100, 'len_tra': 9.93, 'R_tra': 27.36, 'ctr': '2.75529'}]
[I 221225 04:06:32 utils:77] Epoch: [91], Info: [{'num_test': 100, 'len_tra': 9.95, 'R_tra': 26.07, 'ctr': '2.62010'}]
[I 221225 04:09:33 utils:77] Epoch: [92], Info: [{'num_test': 100, 'len_tra': 9.88, 'R_tra': 25.65, 'ctr': '2.59615'}]
[I 221225 04:12:35 utils:77] Epoch: [93], Info: [{'num_test': 100, 'len_tra': 9.83, 'R_tra': 25.55, 'ctr': '2.59919'}]
[I 221225 04:15:37 utils:77] Epoch: [94], Info: [{'num_test': 100, 'len_tra': 10.0, 'R_tra': 26.65, 'ctr': '2.66500'}]
[I 221225 04:18:39 utils:77] Epoch: [95], Info: [{'num_test': 100, 'len_tra': 10.0, 'R_tra': 27.17, 'ctr': '2.71700'}]
[I 221225 04:21:40 utils:77] Epoch: [96], Info: [{'num_test': 100, 'len_tra': 9.95, 'R_tra': 26.94, 'ctr': '2.70754'}]
[I 221225 04:24:42 utils:77] Epoch: [97], Info: [{'num_test': 100, 'len_tra': 9.92, 'R_tra': 26.26, 'ctr': '2.64718'}]
[I 221225 04:27:44 utils:77] Epoch: [98], Info: [{'num_test': 100, 'len_tra': 9.97, 'R_tra': 25.9, 'ctr': '2.59779'}]
[I 221225 04:30:46 utils:77] Epoch: [99], Info: [{'num_test': 100, 'len_tra': 9.87, 'R_tra': 25.72, 'ctr': '2.60588'}]
[I 221225 04:33:47 utils:77] Epoch: [100], Info: [{'num_test': 100, 'len_tra': 9.86, 'R_tra': 25.68, 'ctr': '2.60446'}]
[I 221225 04:36:49 utils:77] Epoch: [101], Info: [{'num_test': 100, 'len_tra': 9.91, 'R_tra': 26.52, 'ctr': '2.67608'}]
[I 221225 04:39:50 utils:77] Epoch: [102], Info: [{'num_test': 100, 'len_tra': 9.81, 'R_tra': 25.91, 'ctr': '2.64118'}]
[I 221225 04:42:52 utils:77] Epoch: [103], Info: [{'num_test': 100, 'len_tra': 9.9, 'R_tra': 25.68, 'ctr': '2.59394'}]
[I 221225 04:45:53 utils:77] Epoch: [104], Info: [{'num_test': 100, 'len_tra': 9.91, 'R_tra': 26.24, 'ctr': '2.64783'}]
[I 221225 04:48:55 utils:77] Epoch: [105], Info: [{'num_test': 100, 'len_tra': 9.92, 'R_tra': 26.02, 'ctr': '2.62298'}]
[I 221225 04:51:55 utils:77] Epoch: [106], Info: [{'num_test': 100, 'len_tra': 9.93, 'R_tra': 26.49, 'ctr': '2.66767'}]
[I 221225 04:54:57 utils:77] Epoch: [107], Info: [{'num_test': 100, 'len_tra': 10.0, 'R_tra': 27.51, 'ctr': '2.75100'}]
[I 221225 04:57:59 utils:77] Epoch: [108], Info: [{'num_test': 100, 'len_tra': 9.88, 'R_tra': 27.03, 'ctr': '2.73583'}]
[I 221225 05:01:00 utils:77] Epoch: [109], Info: [{'num_test': 100, 'len_tra': 9.93, 'R_tra': 26.2, 'ctr': '2.63847'}]
[I 221225 05:04:02 utils:77] Epoch: [110], Info: [{'num_test': 100, 'len_tra': 9.95, 'R_tra': 26.57, 'ctr': '2.67035'}]
[I 221225 05:07:03 utils:77] Epoch: [111], Info: [{'num_test': 100, 'len_tra': 9.97, 'R_tra': 26.56, 'ctr': '2.66399'}]
[I 221225 05:10:04 utils:77] Epoch: [112], Info: [{'num_test': 100, 'len_tra': 9.96, 'R_tra': 27.48, 'ctr': '2.75904'}]
[I 221225 05:13:06 utils:77] Epoch: [113], Info: [{'num_test': 100, 'len_tra': 9.87, 'R_tra': 27.65, 'ctr': '2.80142'}]
[I 221225 05:16:08 utils:77] Epoch: [114], Info: [{'num_test': 100, 'len_tra': 10.0, 'R_tra': 27.12, 'ctr': '2.71200'}]
[I 221225 05:19:10 utils:77] Epoch: [115], Info: [{'num_test': 100, 'len_tra': 9.9, 'R_tra': 27.54, 'ctr': '2.78182'}]
[I 221225 05:22:12 utils:77] Epoch: [116], Info: [{'num_test': 100, 'len_tra': 9.94, 'R_tra': 26.62, 'ctr': '2.67807'}]
[I 221225 05:25:14 utils:77] Epoch: [117], Info: [{'num_test': 100, 'len_tra': 9.98, 'R_tra': 25.98, 'ctr': '2.60321'}]
[I 221225 05:28:15 utils:77] Epoch: [118], Info: [{'num_test': 100, 'len_tra': 9.93, 'R_tra': 26.18, 'ctr': '2.63646'}]
[I 221225 05:31:17 utils:77] Epoch: [119], Info: [{'num_test': 100, 'len_tra': 9.9, 'R_tra': 26.34, 'ctr': '2.66061'}]
[I 221225 05:34:18 utils:77] Epoch: [120], Info: [{'num_test': 100, 'len_tra': 9.94, 'R_tra': 27.32, 'ctr': '2.74849'}]
[I 221225 05:37:20 utils:77] Epoch: [121], Info: [{'num_test': 100, 'len_tra': 9.88, 'R_tra': 27.16, 'ctr': '2.74899'}]
[I 221225 05:40:20 utils:77] Epoch: [122], Info: [{'num_test': 100, 'len_tra': 9.8, 'R_tra': 26.37, 'ctr': '2.69082'}]
[I 221225 05:43:21 utils:77] Epoch: [123], Info: [{'num_test': 100, 'len_tra': 9.89, 'R_tra': 26.09, 'ctr': '2.63802'}]
[I 221225 05:46:23 utils:77] Epoch: [124], Info: [{'num_test': 100, 'len_tra': 9.89, 'R_tra': 26.1, 'ctr': '2.63903'}]
[I 221225 05:49:24 utils:77] Epoch: [125], Info: [{'num_test': 100, 'len_tra': 9.82, 'R_tra': 26.41, 'ctr': '2.68941'}]
[I 221225 05:52:25 utils:77] Epoch: [126], Info: [{'num_test': 100, 'len_tra': 9.99, 'R_tra': 26.46, 'ctr': '2.64865'}]
[I 221225 05:55:27 utils:77] Epoch: [127], Info: [{'num_test': 100, 'len_tra': 9.85, 'R_tra': 26.57, 'ctr': '2.69746'}]
[I 221225 05:58:28 utils:77] Epoch: [128], Info: [{'num_test': 100, 'len_tra': 9.86, 'R_tra': 26.7, 'ctr': '2.70791'}]
[I 221225 06:01:31 utils:77] Epoch: [129], Info: [{'num_test': 100, 'len_tra': 9.8, 'R_tra': 27.18, 'ctr': '2.77347'}]
[I 221225 06:04:32 utils:77] Epoch: [130], Info: [{'num_test': 100, 'len_tra': 9.88, 'R_tra': 27.49, 'ctr': '2.78239'}]
[I 221225 06:07:33 utils:77] Epoch: [131], Info: [{'num_test': 100, 'len_tra': 9.9, 'R_tra': 27.34, 'ctr': '2.76162'}]
[I 221225 06:10:36 utils:77] Epoch: [132], Info: [{'num_test': 100, 'len_tra': 9.89, 'R_tra': 27.86, 'ctr': '2.81699'}]
[I 221225 06:13:37 utils:77] Epoch: [133], Info: [{'num_test': 100, 'len_tra': 9.95, 'R_tra': 27.58, 'ctr': '2.77186'}]
[I 221225 06:16:38 utils:77] Epoch: [134], Info: [{'num_test': 100, 'len_tra': 9.95, 'R_tra': 27.12, 'ctr': '2.72563'}]
[I 221225 06:19:38 utils:77] Epoch: [135], Info: [{'num_test': 100, 'len_tra': 9.96, 'R_tra': 27.46, 'ctr': '2.75703'}]
[I 221225 06:22:38 utils:77] Epoch: [136], Info: [{'num_test': 100, 'len_tra': 9.98, 'R_tra': 27.72, 'ctr': '2.77756'}]
[I 221225 06:25:38 utils:77] Epoch: [137], Info: [{'num_test': 100, 'len_tra': 9.77, 'R_tra': 26.74, 'ctr': '2.73695'}]
[I 221225 06:28:39 utils:77] Epoch: [138], Info: [{'num_test': 100, 'len_tra': 9.82, 'R_tra': 26.73, 'ctr': '2.72200'}]
[I 221225 06:31:41 utils:77] Epoch: [139], Info: [{'num_test': 100, 'len_tra': 9.89, 'R_tra': 27.12, 'ctr': '2.74216'}]
[I 221225 06:34:42 utils:77] Epoch: [140], Info: [{'num_test': 100, 'len_tra': 9.79, 'R_tra': 26.28, 'ctr': '2.68437'}]
[I 221225 06:37:46 utils:77] Epoch: [141], Info: [{'num_test': 100, 'len_tra': 9.77, 'R_tra': 26.08, 'ctr': '2.66940'}]
[I 221225 06:40:48 utils:77] Epoch: [142], Info: [{'num_test': 100, 'len_tra': 9.97, 'R_tra': 27.1, 'ctr': '2.71815'}]
[I 221225 06:43:48 utils:77] Epoch: [143], Info: [{'num_test': 100, 'len_tra': 9.98, 'R_tra': 26.96, 'ctr': '2.70140'}]
[I 221225 06:46:49 utils:77] Epoch: [144], Info: [{'num_test': 100, 'len_tra': 9.88, 'R_tra': 27.01, 'ctr': '2.73381'}]
[I 221225 06:49:51 utils:77] Epoch: [145], Info: [{'num_test': 100, 'len_tra': 9.87, 'R_tra': 27.2, 'ctr': '2.75583'}]
[I 221225 06:52:52 utils:77] Epoch: [146], Info: [{'num_test': 100, 'len_tra': 9.87, 'R_tra': 26.84, 'ctr': '2.71935'}]
[I 221225 06:55:53 utils:77] Epoch: [147], Info: [{'num_test': 100, 'len_tra': 9.86, 'R_tra': 27.21, 'ctr': '2.75963'}]
[I 221225 06:58:54 utils:77] Epoch: [148], Info: [{'num_test': 100, 'len_tra': 9.96, 'R_tra': 27.46, 'ctr': '2.75703'}]
[I 221225 07:01:56 utils:77] Epoch: [149], Info: [{'num_test': 100, 'len_tra': 9.97, 'R_tra': 27.88, 'ctr': '2.79639'}]
[I 221225 07:04:59 utils:77] Epoch: [150], Info: [{'num_test': 100, 'len_tra': 9.94, 'R_tra': 27.51, 'ctr': '2.76761'}]
[I 221225 07:08:01 utils:77] Epoch: [151], Info: [{'num_test': 100, 'len_tra': 9.96, 'R_tra': 27.31, 'ctr': '2.74197'}]
[I 221225 07:11:03 utils:77] Epoch: [152], Info: [{'num_test': 100, 'len_tra': 9.96, 'R_tra': 27.76, 'ctr': '2.78715'}]
[I 221225 07:14:05 utils:77] Epoch: [153], Info: [{'num_test': 100, 'len_tra': 9.79, 'R_tra': 29.54, 'ctr': '3.01736'}]
[I 221225 07:17:06 utils:77] Epoch: [154], Info: [{'num_test': 100, 'len_tra': 9.91, 'R_tra': 30.12, 'ctr': '3.03935'}]
[I 221225 07:20:08 utils:77] Epoch: [155], Info: [{'num_test': 100, 'len_tra': 9.99, 'R_tra': 29.63, 'ctr': '2.96597'}]
[I 221225 07:23:10 utils:77] Epoch: [156], Info: [{'num_test': 100, 'len_tra': 9.9, 'R_tra': 29.15, 'ctr': '2.94444'}]
[I 221225 07:26:10 utils:77] Epoch: [157], Info: [{'num_test': 100, 'len_tra': 9.76, 'R_tra': 29.0, 'ctr': '2.97131'}]
[I 221225 07:29:11 utils:77] Epoch: [158], Info: [{'num_test': 100, 'len_tra': 9.88, 'R_tra': 28.41, 'ctr': '2.87551'}]
[I 221225 07:32:13 utils:77] Epoch: [159], Info: [{'num_test': 100, 'len_tra': 9.91, 'R_tra': 28.37, 'ctr': '2.86276'}]
[I 221225 07:35:14 utils:77] Epoch: [160], Info: [{'num_test': 100, 'len_tra': 9.99, 'R_tra': 28.64, 'ctr': '2.86687'}]
[I 221225 07:38:16 utils:77] Epoch: [161], Info: [{'num_test': 100, 'len_tra': 9.94, 'R_tra': 27.9, 'ctr': '2.80684'}]
[I 221225 07:41:18 utils:77] Epoch: [162], Info: [{'num_test': 100, 'len_tra': 10.0, 'R_tra': 28.22, 'ctr': '2.82200'}]
[I 221225 07:44:19 utils:77] Epoch: [163], Info: [{'num_test': 100, 'len_tra': 9.88, 'R_tra': 28.5, 'ctr': '2.88462'}]
[I 221225 07:47:21 utils:77] Epoch: [164], Info: [{'num_test': 100, 'len_tra': 9.88, 'R_tra': 28.35, 'ctr': '2.86943'}]
[I 221225 07:50:24 utils:77] Epoch: [165], Info: [{'num_test': 100, 'len_tra': 10.0, 'R_tra': 29.52, 'ctr': '2.95200'}]
[I 221225 07:53:26 utils:77] Epoch: [166], Info: [{'num_test': 100, 'len_tra': 9.88, 'R_tra': 29.28, 'ctr': '2.96356'}]
[I 221225 07:56:27 utils:77] Epoch: [167], Info: [{'num_test': 100, 'len_tra': 9.98, 'R_tra': 29.72, 'ctr': '2.97796'}]
[I 221225 07:59:28 utils:77] Epoch: [168], Info: [{'num_test': 100, 'len_tra': 9.72, 'R_tra': 27.76, 'ctr': '2.85597'}]
[I 221225 08:02:30 utils:77] Epoch: [169], Info: [{'num_test': 100, 'len_tra': 9.87, 'R_tra': 27.04, 'ctr': '2.73961'}]
[I 221225 08:05:31 utils:77] Epoch: [170], Info: [{'num_test': 100, 'len_tra': 9.83, 'R_tra': 28.43, 'ctr': '2.89217'}]
[I 221225 08:08:33 utils:77] Epoch: [171], Info: [{'num_test': 100, 'len_tra': 10.0, 'R_tra': 29.53, 'ctr': '2.95300'}]
[I 221225 08:11:36 utils:77] Epoch: [172], Info: [{'num_test': 100, 'len_tra': 9.86, 'R_tra': 28.59, 'ctr': '2.89959'}]
[I 221225 08:14:39 utils:77] Epoch: [173], Info: [{'num_test': 100, 'len_tra': 9.96, 'R_tra': 30.07, 'ctr': '3.01908'}]
[I 221225 08:17:40 utils:77] Epoch: [174], Info: [{'num_test': 100, 'len_tra': 9.91, 'R_tra': 27.72, 'ctr': '2.79717'}]
[I 221225 08:20:43 utils:77] Epoch: [175], Info: [{'num_test': 100, 'len_tra': 9.85, 'R_tra': 27.06, 'ctr': '2.74721'}]
[I 221225 08:23:46 utils:77] Epoch: [176], Info: [{'num_test': 100, 'len_tra': 9.79, 'R_tra': 28.08, 'ctr': '2.86823'}]
[I 221225 08:26:48 utils:77] Epoch: [177], Info: [{'num_test': 100, 'len_tra': 9.95, 'R_tra': 30.0, 'ctr': '3.01508'}]
[I 221225 08:29:49 utils:77] Epoch: [178], Info: [{'num_test': 100, 'len_tra': 9.94, 'R_tra': 28.95, 'ctr': '2.91247'}]
[I 221225 08:32:52 utils:77] Epoch: [179], Info: [{'num_test': 100, 'len_tra': 9.83, 'R_tra': 30.22, 'ctr': '3.07426'}]
[I 221225 08:35:54 utils:77] Epoch: [180], Info: [{'num_test': 100, 'len_tra': 9.89, 'R_tra': 30.64, 'ctr': '3.09808'}]
[I 221225 08:38:56 utils:77] Epoch: [181], Info: [{'num_test': 100, 'len_tra': 9.92, 'R_tra': 30.6, 'ctr': '3.08468'}]
[I 221225 08:41:58 utils:77] Epoch: [182], Info: [{'num_test': 100, 'len_tra': 9.83, 'R_tra': 30.48, 'ctr': '3.10071'}]
[I 221225 08:45:00 utils:77] Epoch: [183], Info: [{'num_test': 100, 'len_tra': 9.87, 'R_tra': 30.84, 'ctr': '3.12462'}]
[I 221225 08:48:03 utils:77] Epoch: [184], Info: [{'num_test': 100, 'len_tra': 10.0, 'R_tra': 31.57, 'ctr': '3.15700'}]
[I 221225 08:51:04 utils:77] Epoch: [185], Info: [{'num_test': 100, 'len_tra': 9.82, 'R_tra': 30.08, 'ctr': '3.06314'}]
[I 221225 08:54:07 utils:77] Epoch: [186], Info: [{'num_test': 100, 'len_tra': 9.92, 'R_tra': 29.45, 'ctr': '2.96875'}]
[I 221225 08:57:08 utils:77] Epoch: [187], Info: [{'num_test': 100, 'len_tra': 9.96, 'R_tra': 27.24, 'ctr': '2.73494'}]
[I 221225 09:00:11 utils:77] Epoch: [188], Info: [{'num_test': 100, 'len_tra': 9.69, 'R_tra': 26.41, 'ctr': '2.72549'}]
[I 221225 09:03:12 utils:77] Epoch: [189], Info: [{'num_test': 100, 'len_tra': 9.68, 'R_tra': 27.05, 'ctr': '2.79442'}]
[I 221225 09:06:12 utils:77] Epoch: [190], Info: [{'num_test': 100, 'len_tra': 9.85, 'R_tra': 29.18, 'ctr': '2.96244'}]
[I 221225 09:09:13 utils:77] Epoch: [191], Info: [{'num_test': 100, 'len_tra': 9.91, 'R_tra': 28.52, 'ctr': '2.87790'}]
[I 221225 09:12:15 utils:77] Epoch: [192], Info: [{'num_test': 100, 'len_tra': 10.0, 'R_tra': 29.78, 'ctr': '2.97800'}]
[I 221225 09:15:15 utils:77] Epoch: [193], Info: [{'num_test': 100, 'len_tra': 9.97, 'R_tra': 29.14, 'ctr': '2.92277'}]
[I 221225 09:18:17 utils:77] Epoch: [194], Info: [{'num_test': 100, 'len_tra': 9.96, 'R_tra': 28.14, 'ctr': '2.82530'}]
[I 221225 09:21:17 utils:77] Epoch: [195], Info: [{'num_test': 100, 'len_tra': 9.99, 'R_tra': 28.29, 'ctr': '2.83183'}]
[I 221225 09:24:19 utils:77] Epoch: [196], Info: [{'num_test': 100, 'len_tra': 9.84, 'R_tra': 27.8, 'ctr': '2.82520'}]
[I 221225 09:27:21 utils:77] Epoch: [197], Info: [{'num_test': 100, 'len_tra': 9.94, 'R_tra': 28.59, 'ctr': '2.87626'}]
[I 221225 09:30:23 utils:77] Epoch: [198], Info: [{'num_test': 100, 'len_tra': 9.88, 'R_tra': 28.7, 'ctr': '2.90486'}]
[I 221225 09:33:23 utils:77] Epoch: [199], Info: [{'num_test': 100, 'len_tra': 9.92, 'R_tra': 28.61, 'ctr': '2.88407'}]
[I 221225 09:36:24 utils:77] Epoch: [200], Info: [{'num_test': 100, 'len_tra': 9.98, 'R_tra': 28.08, 'ctr': '2.81363'}]
