[I 221224 23:38:39 CIRS-RL-taobao:134] {
      "env": "VirtualTB-v0",
      "user_model_name": "MLP",
      "model_name": "CIRS",
      "seed": 2022,
      "cuda": 2,
      "cpu": false,
      "is_save": false,
      "version": "v1",
      "tau": 0.1,
      "gamma_exposure": 10.0,
      "leave_threshold": 2.0,
      "num_leave_compute": 5,
      "max_turn": 10,
      "dim_state": 20,
      "dim_model": 27,
      "nhead": 3,
      "buffer_size": 11000,
      "lr": 0.001,
      "gamma": 0.95,
      "epoch": 200,
      "step_per_epoch": 15000,
      "repeat_per_collect": 2,
      "batch_size": 2048,
      "hidden_sizes": [
        64,
        64
      ],
      "episode_per_collect": 100,
      "training_num": 100,
      "test_num": 100,
      "render": 0.0,
      "vf_coef": 0.25,
      "ent_coef": 0.0,
      "eps_clip": 0.2,
      "max_grad_norm": 0.5,
      "gae_lambda": 0.95,
      "rew_norm": 1,
      "dual_clip": null,
      "value_clip": 1,
      "norm_adv": 1,
      "recompute_adv": 0,
      "resume": false,
      "save_interval": 1000,
      "read_message": "taobao tau 1",
      "message": "CIRS-leave2"
    }
[I 221224 23:41:40 utils:77] Epoch: [1], Info: [{'num_test': 100, 'len_tra': 10.0, 'R_tra': 8.06, 'ctr': '0.80600'}]
[I 221224 23:44:34 utils:77] Epoch: [2], Info: [{'num_test': 100, 'len_tra': 9.99, 'R_tra': 18.09, 'ctr': '1.81081'}]
[I 221224 23:47:37 utils:77] Epoch: [3], Info: [{'num_test': 100, 'len_tra': 10.0, 'R_tra': 23.78, 'ctr': '2.37800'}]
[I 221224 23:50:40 utils:77] Epoch: [4], Info: [{'num_test': 100, 'len_tra': 10.0, 'R_tra': 23.42, 'ctr': '2.34200'}]
[I 221224 23:53:43 utils:77] Epoch: [5], Info: [{'num_test': 100, 'len_tra': 10.0, 'R_tra': 23.47, 'ctr': '2.34700'}]
[I 221224 23:56:47 utils:77] Epoch: [6], Info: [{'num_test': 100, 'len_tra': 9.86, 'R_tra': 21.92, 'ctr': '2.22312'}]
[I 221224 23:59:51 utils:77] Epoch: [7], Info: [{'num_test': 100, 'len_tra': 10.0, 'R_tra': 22.76, 'ctr': '2.27600'}]
[I 221225 00:02:53 utils:77] Epoch: [8], Info: [{'num_test': 100, 'len_tra': 10.0, 'R_tra': 22.84, 'ctr': '2.28400'}]
[I 221225 00:05:57 utils:77] Epoch: [9], Info: [{'num_test': 100, 'len_tra': 10.0, 'R_tra': 22.31, 'ctr': '2.23100'}]
[I 221225 00:08:58 utils:77] Epoch: [10], Info: [{'num_test': 100, 'len_tra': 9.99, 'R_tra': 24.51, 'ctr': '2.45345'}]
[I 221225 00:12:01 utils:77] Epoch: [11], Info: [{'num_test': 100, 'len_tra': 9.95, 'R_tra': 23.83, 'ctr': '2.39497'}]
[I 221225 00:15:04 utils:77] Epoch: [12], Info: [{'num_test': 100, 'len_tra': 9.98, 'R_tra': 27.25, 'ctr': '2.73046'}]
[I 221225 00:18:07 utils:77] Epoch: [13], Info: [{'num_test': 100, 'len_tra': 9.88, 'R_tra': 23.37, 'ctr': '2.36538'}]
[I 221225 00:21:08 utils:77] Epoch: [14], Info: [{'num_test': 100, 'len_tra': 9.87, 'R_tra': 22.77, 'ctr': '2.30699'}]
[I 221225 00:24:10 utils:77] Epoch: [15], Info: [{'num_test': 100, 'len_tra': 9.82, 'R_tra': 24.98, 'ctr': '2.54379'}]
[I 221225 00:27:12 utils:77] Epoch: [16], Info: [{'num_test': 100, 'len_tra': 9.92, 'R_tra': 27.04, 'ctr': '2.72581'}]
[I 221225 00:30:12 utils:77] Epoch: [17], Info: [{'num_test': 100, 'len_tra': 9.81, 'R_tra': 25.78, 'ctr': '2.62793'}]
[I 221225 00:33:13 utils:77] Epoch: [18], Info: [{'num_test': 100, 'len_tra': 9.97, 'R_tra': 28.12, 'ctr': '2.82046'}]
[I 221225 00:36:13 utils:77] Epoch: [19], Info: [{'num_test': 100, 'len_tra': 9.91, 'R_tra': 27.58, 'ctr': '2.78305'}]
[I 221225 00:39:13 utils:77] Epoch: [20], Info: [{'num_test': 100, 'len_tra': 9.65, 'R_tra': 27.38, 'ctr': '2.83731'}]
[I 221225 00:42:14 utils:77] Epoch: [21], Info: [{'num_test': 100, 'len_tra': 9.77, 'R_tra': 27.2, 'ctr': '2.78403'}]
[I 221225 00:45:15 utils:77] Epoch: [22], Info: [{'num_test': 100, 'len_tra': 9.79, 'R_tra': 27.0, 'ctr': '2.75792'}]
[I 221225 00:48:17 utils:77] Epoch: [23], Info: [{'num_test': 100, 'len_tra': 9.76, 'R_tra': 29.07, 'ctr': '2.97848'}]
[I 221225 00:51:16 utils:77] Epoch: [24], Info: [{'num_test': 100, 'len_tra': 9.97, 'R_tra': 29.38, 'ctr': '2.94684'}]
[I 221225 00:54:16 utils:77] Epoch: [25], Info: [{'num_test': 100, 'len_tra': 9.81, 'R_tra': 30.85, 'ctr': '3.14475'}]
[I 221225 00:57:16 utils:77] Epoch: [26], Info: [{'num_test': 100, 'len_tra': 9.93, 'R_tra': 29.54, 'ctr': '2.97482'}]
[I 221225 01:00:15 utils:77] Epoch: [27], Info: [{'num_test': 100, 'len_tra': 9.9, 'R_tra': 28.94, 'ctr': '2.92323'}]
[I 221225 01:03:16 utils:77] Epoch: [28], Info: [{'num_test': 100, 'len_tra': 9.96, 'R_tra': 26.93, 'ctr': '2.70382'}]
[I 221225 01:06:16 utils:77] Epoch: [29], Info: [{'num_test': 100, 'len_tra': 9.88, 'R_tra': 25.99, 'ctr': '2.63057'}]
[I 221225 01:09:17 utils:77] Epoch: [30], Info: [{'num_test': 100, 'len_tra': 9.83, 'R_tra': 28.63, 'ctr': '2.91251'}]
[I 221225 01:12:18 utils:77] Epoch: [31], Info: [{'num_test': 100, 'len_tra': 9.72, 'R_tra': 27.46, 'ctr': '2.82510'}]
[I 221225 01:15:19 utils:77] Epoch: [32], Info: [{'num_test': 100, 'len_tra': 9.9, 'R_tra': 29.26, 'ctr': '2.95556'}]
[I 221225 01:18:20 utils:77] Epoch: [33], Info: [{'num_test': 100, 'len_tra': 9.67, 'R_tra': 27.26, 'ctr': '2.81903'}]
[I 221225 01:21:21 utils:77] Epoch: [34], Info: [{'num_test': 100, 'len_tra': 9.69, 'R_tra': 26.4, 'ctr': '2.72446'}]
[I 221225 01:24:20 utils:77] Epoch: [35], Info: [{'num_test': 100, 'len_tra': 9.61, 'R_tra': 25.64, 'ctr': '2.66805'}]
[I 221225 01:27:20 utils:77] Epoch: [36], Info: [{'num_test': 100, 'len_tra': 9.66, 'R_tra': 26.27, 'ctr': '2.71946'}]
[I 221225 01:30:22 utils:77] Epoch: [37], Info: [{'num_test': 100, 'len_tra': 9.75, 'R_tra': 28.49, 'ctr': '2.92205'}]
[I 221225 01:33:22 utils:77] Epoch: [38], Info: [{'num_test': 100, 'len_tra': 9.77, 'R_tra': 31.72, 'ctr': '3.24667'}]
[I 221225 01:36:23 utils:77] Epoch: [39], Info: [{'num_test': 100, 'len_tra': 9.79, 'R_tra': 31.44, 'ctr': '3.21144'}]
[I 221225 01:39:23 utils:77] Epoch: [40], Info: [{'num_test': 100, 'len_tra': 9.95, 'R_tra': 28.41, 'ctr': '2.85528'}]
[I 221225 01:42:23 utils:77] Epoch: [41], Info: [{'num_test': 100, 'len_tra': 10.0, 'R_tra': 32.98, 'ctr': '3.29800'}]
[I 221225 01:45:24 utils:77] Epoch: [42], Info: [{'num_test': 100, 'len_tra': 9.89, 'R_tra': 30.73, 'ctr': '3.10718'}]
[I 221225 01:48:25 utils:77] Epoch: [43], Info: [{'num_test': 100, 'len_tra': 9.73, 'R_tra': 29.9, 'ctr': '3.07297'}]
[I 221225 01:51:26 utils:77] Epoch: [44], Info: [{'num_test': 100, 'len_tra': 9.73, 'R_tra': 33.06, 'ctr': '3.39774'}]
[I 221225 01:54:25 utils:77] Epoch: [45], Info: [{'num_test': 100, 'len_tra': 9.51, 'R_tra': 30.57, 'ctr': '3.21451'}]
[I 221225 01:57:25 utils:77] Epoch: [46], Info: [{'num_test': 100, 'len_tra': 9.91, 'R_tra': 31.53, 'ctr': '3.18163'}]
[I 221225 02:00:25 utils:77] Epoch: [47], Info: [{'num_test': 100, 'len_tra': 9.74, 'R_tra': 30.53, 'ctr': '3.13450'}]
[I 221225 02:03:25 utils:77] Epoch: [48], Info: [{'num_test': 100, 'len_tra': 9.86, 'R_tra': 29.91, 'ctr': '3.03347'}]
[I 221225 02:06:24 utils:77] Epoch: [49], Info: [{'num_test': 100, 'len_tra': 9.75, 'R_tra': 30.64, 'ctr': '3.14256'}]
[I 221225 02:09:23 utils:77] Epoch: [50], Info: [{'num_test': 100, 'len_tra': 9.75, 'R_tra': 34.31, 'ctr': '3.51897'}]
[I 221225 02:12:24 utils:77] Epoch: [51], Info: [{'num_test': 100, 'len_tra': 9.82, 'R_tra': 32.31, 'ctr': '3.29022'}]
[I 221225 02:15:25 utils:77] Epoch: [52], Info: [{'num_test': 100, 'len_tra': 9.85, 'R_tra': 32.78, 'ctr': '3.32792'}]
[I 221225 02:18:26 utils:77] Epoch: [53], Info: [{'num_test': 100, 'len_tra': 9.94, 'R_tra': 31.83, 'ctr': '3.20221'}]
[I 221225 02:21:27 utils:77] Epoch: [54], Info: [{'num_test': 100, 'len_tra': 9.85, 'R_tra': 31.36, 'ctr': '3.18376'}]
[I 221225 02:24:26 utils:77] Epoch: [55], Info: [{'num_test': 100, 'len_tra': 9.62, 'R_tra': 31.06, 'ctr': '3.22869'}]
[I 221225 02:27:25 utils:77] Epoch: [56], Info: [{'num_test': 100, 'len_tra': 9.83, 'R_tra': 32.64, 'ctr': '3.32045'}]
[I 221225 02:30:27 utils:77] Epoch: [57], Info: [{'num_test': 100, 'len_tra': 9.96, 'R_tra': 31.79, 'ctr': '3.19177'}]
[I 221225 02:33:26 utils:77] Epoch: [58], Info: [{'num_test': 100, 'len_tra': 9.79, 'R_tra': 30.19, 'ctr': '3.08376'}]
[I 221225 02:36:28 utils:77] Epoch: [59], Info: [{'num_test': 100, 'len_tra': 9.98, 'R_tra': 32.74, 'ctr': '3.28056'}]
[I 221225 02:39:27 utils:77] Epoch: [60], Info: [{'num_test': 100, 'len_tra': 9.84, 'R_tra': 31.27, 'ctr': '3.17785'}]
[I 221225 02:42:27 utils:77] Epoch: [61], Info: [{'num_test': 100, 'len_tra': 9.73, 'R_tra': 29.04, 'ctr': '2.98458'}]
[I 221225 02:45:27 utils:77] Epoch: [62], Info: [{'num_test': 100, 'len_tra': 10.0, 'R_tra': 30.71, 'ctr': '3.07100'}]
[I 221225 02:48:27 utils:77] Epoch: [63], Info: [{'num_test': 100, 'len_tra': 9.89, 'R_tra': 29.75, 'ctr': '3.00809'}]
[I 221225 02:51:28 utils:77] Epoch: [64], Info: [{'num_test': 100, 'len_tra': 9.86, 'R_tra': 31.71, 'ctr': '3.21602'}]
[I 221225 02:54:29 utils:77] Epoch: [65], Info: [{'num_test': 100, 'len_tra': 9.77, 'R_tra': 32.6, 'ctr': '3.33675'}]
[I 221225 02:57:29 utils:77] Epoch: [66], Info: [{'num_test': 100, 'len_tra': 9.71, 'R_tra': 32.81, 'ctr': '3.37899'}]
[I 221225 03:00:30 utils:77] Epoch: [67], Info: [{'num_test': 100, 'len_tra': 9.87, 'R_tra': 32.32, 'ctr': '3.27457'}]
[I 221225 03:03:29 utils:77] Epoch: [68], Info: [{'num_test': 100, 'len_tra': 9.85, 'R_tra': 31.99, 'ctr': '3.24772'}]
[I 221225 03:06:30 utils:77] Epoch: [69], Info: [{'num_test': 100, 'len_tra': 9.89, 'R_tra': 32.35, 'ctr': '3.27098'}]
[I 221225 03:09:30 utils:77] Epoch: [70], Info: [{'num_test': 100, 'len_tra': 9.83, 'R_tra': 33.36, 'ctr': '3.39369'}]
[I 221225 03:12:30 utils:77] Epoch: [71], Info: [{'num_test': 100, 'len_tra': 9.84, 'R_tra': 33.33, 'ctr': '3.38720'}]
[I 221225 03:15:31 utils:77] Epoch: [72], Info: [{'num_test': 100, 'len_tra': 9.94, 'R_tra': 34.02, 'ctr': '3.42254'}]
[I 221225 03:18:31 utils:77] Epoch: [73], Info: [{'num_test': 100, 'len_tra': 9.98, 'R_tra': 33.31, 'ctr': '3.33768'}]
[I 221225 03:21:31 utils:77] Epoch: [74], Info: [{'num_test': 100, 'len_tra': 9.76, 'R_tra': 31.18, 'ctr': '3.19467'}]
[I 221225 03:24:32 utils:77] Epoch: [75], Info: [{'num_test': 100, 'len_tra': 9.68, 'R_tra': 30.1, 'ctr': '3.10950'}]
[I 221225 03:27:32 utils:77] Epoch: [76], Info: [{'num_test': 100, 'len_tra': 9.75, 'R_tra': 30.31, 'ctr': '3.10872'}]
[I 221225 03:30:32 utils:77] Epoch: [77], Info: [{'num_test': 100, 'len_tra': 9.52, 'R_tra': 31.91, 'ctr': '3.35189'}]
[I 221225 03:33:32 utils:77] Epoch: [78], Info: [{'num_test': 100, 'len_tra': 9.81, 'R_tra': 31.18, 'ctr': '3.17839'}]
[I 221225 03:36:34 utils:77] Epoch: [79], Info: [{'num_test': 100, 'len_tra': 9.87, 'R_tra': 31.77, 'ctr': '3.21884'}]
[I 221225 03:39:34 utils:77] Epoch: [80], Info: [{'num_test': 100, 'len_tra': 9.92, 'R_tra': 35.15, 'ctr': '3.54335'}]
[I 221225 03:42:35 utils:77] Epoch: [81], Info: [{'num_test': 100, 'len_tra': 9.67, 'R_tra': 33.05, 'ctr': '3.41779'}]
[I 221225 03:45:35 utils:77] Epoch: [82], Info: [{'num_test': 100, 'len_tra': 9.87, 'R_tra': 34.49, 'ctr': '3.49443'}]
[I 221225 03:48:35 utils:77] Epoch: [83], Info: [{'num_test': 100, 'len_tra': 9.89, 'R_tra': 33.92, 'ctr': '3.42973'}]
[I 221225 03:51:35 utils:77] Epoch: [84], Info: [{'num_test': 100, 'len_tra': 9.89, 'R_tra': 32.85, 'ctr': '3.32154'}]
[I 221225 03:54:35 utils:77] Epoch: [85], Info: [{'num_test': 100, 'len_tra': 9.77, 'R_tra': 31.14, 'ctr': '3.18731'}]
[I 221225 03:57:36 utils:77] Epoch: [86], Info: [{'num_test': 100, 'len_tra': 9.77, 'R_tra': 32.26, 'ctr': '3.30194'}]
[I 221225 04:00:36 utils:77] Epoch: [87], Info: [{'num_test': 100, 'len_tra': 9.83, 'R_tra': 30.99, 'ctr': '3.15259'}]
[I 221225 04:03:37 utils:77] Epoch: [88], Info: [{'num_test': 100, 'len_tra': 9.83, 'R_tra': 30.89, 'ctr': '3.14242'}]
[I 221225 04:06:36 utils:77] Epoch: [89], Info: [{'num_test': 100, 'len_tra': 9.92, 'R_tra': 32.31, 'ctr': '3.25706'}]
[I 221225 04:09:36 utils:77] Epoch: [90], Info: [{'num_test': 100, 'len_tra': 9.74, 'R_tra': 31.45, 'ctr': '3.22895'}]
[I 221225 04:12:35 utils:77] Epoch: [91], Info: [{'num_test': 100, 'len_tra': 9.83, 'R_tra': 31.38, 'ctr': '3.19227'}]
[I 221225 04:15:36 utils:77] Epoch: [92], Info: [{'num_test': 100, 'len_tra': 9.86, 'R_tra': 32.4, 'ctr': '3.28600'}]
[I 221225 04:18:37 utils:77] Epoch: [93], Info: [{'num_test': 100, 'len_tra': 9.78, 'R_tra': 30.99, 'ctr': '3.16871'}]
[I 221225 04:21:37 utils:77] Epoch: [94], Info: [{'num_test': 100, 'len_tra': 9.79, 'R_tra': 31.72, 'ctr': '3.24004'}]
[I 221225 04:24:37 utils:77] Epoch: [95], Info: [{'num_test': 100, 'len_tra': 9.89, 'R_tra': 32.63, 'ctr': '3.29929'}]
[I 221225 04:27:38 utils:77] Epoch: [96], Info: [{'num_test': 100, 'len_tra': 9.75, 'R_tra': 31.6, 'ctr': '3.24103'}]
[I 221225 04:30:38 utils:77] Epoch: [97], Info: [{'num_test': 100, 'len_tra': 9.97, 'R_tra': 33.37, 'ctr': '3.34704'}]
[I 221225 04:33:39 utils:77] Epoch: [98], Info: [{'num_test': 100, 'len_tra': 9.98, 'R_tra': 33.25, 'ctr': '3.33166'}]
[I 221225 04:36:39 utils:77] Epoch: [99], Info: [{'num_test': 100, 'len_tra': 9.64, 'R_tra': 34.29, 'ctr': '3.55705'}]
[I 221225 04:39:39 utils:77] Epoch: [100], Info: [{'num_test': 100, 'len_tra': 9.91, 'R_tra': 34.05, 'ctr': '3.43592'}]
[I 221225 04:42:38 utils:77] Epoch: [101], Info: [{'num_test': 100, 'len_tra': 9.88, 'R_tra': 33.33, 'ctr': '3.37348'}]
[I 221225 04:45:37 utils:77] Epoch: [102], Info: [{'num_test': 100, 'len_tra': 9.87, 'R_tra': 33.26, 'ctr': '3.36981'}]
[I 221225 04:48:37 utils:77] Epoch: [103], Info: [{'num_test': 100, 'len_tra': 9.68, 'R_tra': 31.41, 'ctr': '3.24483'}]
[I 221225 04:51:37 utils:77] Epoch: [104], Info: [{'num_test': 100, 'len_tra': 9.63, 'R_tra': 32.15, 'ctr': '3.33853'}]
[I 221225 04:54:36 utils:77] Epoch: [105], Info: [{'num_test': 100, 'len_tra': 9.64, 'R_tra': 29.8, 'ctr': '3.09129'}]
[I 221225 04:57:35 utils:77] Epoch: [106], Info: [{'num_test': 100, 'len_tra': 9.8, 'R_tra': 29.72, 'ctr': '3.03265'}]
[I 221225 05:00:36 utils:77] Epoch: [107], Info: [{'num_test': 100, 'len_tra': 9.75, 'R_tra': 32.43, 'ctr': '3.32615'}]
[I 221225 05:03:35 utils:77] Epoch: [108], Info: [{'num_test': 100, 'len_tra': 9.9, 'R_tra': 30.28, 'ctr': '3.05859'}]
[I 221225 05:06:36 utils:77] Epoch: [109], Info: [{'num_test': 100, 'len_tra': 9.95, 'R_tra': 30.61, 'ctr': '3.07638'}]
[I 221225 05:09:36 utils:77] Epoch: [110], Info: [{'num_test': 100, 'len_tra': 9.56, 'R_tra': 30.18, 'ctr': '3.15690'}]
[I 221225 05:12:37 utils:77] Epoch: [111], Info: [{'num_test': 100, 'len_tra': 9.95, 'R_tra': 29.67, 'ctr': '2.98191'}]
[I 221225 05:15:38 utils:77] Epoch: [112], Info: [{'num_test': 100, 'len_tra': 9.75, 'R_tra': 30.3, 'ctr': '3.10769'}]
[I 221225 05:18:37 utils:77] Epoch: [113], Info: [{'num_test': 100, 'len_tra': 9.63, 'R_tra': 30.39, 'ctr': '3.15576'}]
[I 221225 05:21:37 utils:77] Epoch: [114], Info: [{'num_test': 100, 'len_tra': 9.94, 'R_tra': 31.11, 'ctr': '3.12978'}]
[I 221225 05:24:36 utils:77] Epoch: [115], Info: [{'num_test': 100, 'len_tra': 9.86, 'R_tra': 30.27, 'ctr': '3.06998'}]
[I 221225 05:27:37 utils:77] Epoch: [116], Info: [{'num_test': 100, 'len_tra': 9.86, 'R_tra': 30.97, 'ctr': '3.14097'}]
[I 221225 05:30:37 utils:77] Epoch: [117], Info: [{'num_test': 100, 'len_tra': 9.71, 'R_tra': 27.45, 'ctr': '2.82698'}]
[I 221225 05:33:36 utils:77] Epoch: [118], Info: [{'num_test': 100, 'len_tra': 9.49, 'R_tra': 27.65, 'ctr': '2.91359'}]
[I 221225 05:36:36 utils:77] Epoch: [119], Info: [{'num_test': 100, 'len_tra': 9.87, 'R_tra': 30.31, 'ctr': '3.07092'}]
[I 221225 05:39:35 utils:77] Epoch: [120], Info: [{'num_test': 100, 'len_tra': 9.84, 'R_tra': 29.91, 'ctr': '3.03963'}]
[I 221225 05:42:36 utils:77] Epoch: [121], Info: [{'num_test': 100, 'len_tra': 9.81, 'R_tra': 28.35, 'ctr': '2.88991'}]
[I 221225 05:45:36 utils:77] Epoch: [122], Info: [{'num_test': 100, 'len_tra': 9.87, 'R_tra': 28.74, 'ctr': '2.91185'}]
[I 221225 05:48:36 utils:77] Epoch: [123], Info: [{'num_test': 100, 'len_tra': 9.78, 'R_tra': 28.27, 'ctr': '2.89059'}]
[I 221225 05:51:36 utils:77] Epoch: [124], Info: [{'num_test': 100, 'len_tra': 9.9, 'R_tra': 28.97, 'ctr': '2.92626'}]
[I 221225 05:54:36 utils:77] Epoch: [125], Info: [{'num_test': 100, 'len_tra': 9.81, 'R_tra': 27.27, 'ctr': '2.77982'}]
[I 221225 05:57:38 utils:77] Epoch: [126], Info: [{'num_test': 100, 'len_tra': 9.62, 'R_tra': 27.61, 'ctr': '2.87006'}]
[I 221225 06:00:38 utils:77] Epoch: [127], Info: [{'num_test': 100, 'len_tra': 9.52, 'R_tra': 25.64, 'ctr': '2.69328'}]
[I 221225 06:03:38 utils:77] Epoch: [128], Info: [{'num_test': 100, 'len_tra': 9.56, 'R_tra': 25.98, 'ctr': '2.71757'}]
[I 221225 06:06:40 utils:77] Epoch: [129], Info: [{'num_test': 100, 'len_tra': 9.88, 'R_tra': 28.82, 'ctr': '2.91700'}]
[I 221225 06:09:41 utils:77] Epoch: [130], Info: [{'num_test': 100, 'len_tra': 9.87, 'R_tra': 27.25, 'ctr': '2.76089'}]
[I 221225 06:12:42 utils:77] Epoch: [131], Info: [{'num_test': 100, 'len_tra': 9.82, 'R_tra': 25.36, 'ctr': '2.58248'}]
[I 221225 06:15:43 utils:77] Epoch: [132], Info: [{'num_test': 100, 'len_tra': 9.5, 'R_tra': 25.99, 'ctr': '2.73579'}]
[I 221225 06:18:42 utils:77] Epoch: [133], Info: [{'num_test': 100, 'len_tra': 9.63, 'R_tra': 24.81, 'ctr': '2.57632'}]
[I 221225 06:21:41 utils:77] Epoch: [134], Info: [{'num_test': 100, 'len_tra': 9.86, 'R_tra': 26.34, 'ctr': '2.67140'}]
[I 221225 06:24:41 utils:77] Epoch: [135], Info: [{'num_test': 100, 'len_tra': 9.88, 'R_tra': 25.62, 'ctr': '2.59312'}]
[I 221225 06:27:41 utils:77] Epoch: [136], Info: [{'num_test': 100, 'len_tra': 9.87, 'R_tra': 25.07, 'ctr': '2.54002'}]
[I 221225 06:30:40 utils:77] Epoch: [137], Info: [{'num_test': 100, 'len_tra': 9.74, 'R_tra': 24.78, 'ctr': '2.54415'}]
[I 221225 06:33:40 utils:77] Epoch: [138], Info: [{'num_test': 100, 'len_tra': 9.67, 'R_tra': 25.05, 'ctr': '2.59049'}]
[I 221225 06:36:40 utils:77] Epoch: [139], Info: [{'num_test': 100, 'len_tra': 9.67, 'R_tra': 25.28, 'ctr': '2.61427'}]
[I 221225 06:39:41 utils:77] Epoch: [140], Info: [{'num_test': 100, 'len_tra': 10.0, 'R_tra': 26.01, 'ctr': '2.60100'}]
[I 221225 06:42:41 utils:77] Epoch: [141], Info: [{'num_test': 100, 'len_tra': 9.92, 'R_tra': 25.35, 'ctr': '2.55544'}]
[I 221225 06:45:41 utils:77] Epoch: [142], Info: [{'num_test': 100, 'len_tra': 9.82, 'R_tra': 25.39, 'ctr': '2.58554'}]
[I 221225 06:48:41 utils:77] Epoch: [143], Info: [{'num_test': 100, 'len_tra': 9.9, 'R_tra': 25.88, 'ctr': '2.61414'}]
[I 221225 06:51:40 utils:77] Epoch: [144], Info: [{'num_test': 100, 'len_tra': 9.97, 'R_tra': 25.09, 'ctr': '2.51655'}]
[I 221225 06:54:41 utils:77] Epoch: [145], Info: [{'num_test': 100, 'len_tra': 9.88, 'R_tra': 26.0, 'ctr': '2.63158'}]
[I 221225 06:57:42 utils:77] Epoch: [146], Info: [{'num_test': 100, 'len_tra': 9.96, 'R_tra': 24.71, 'ctr': '2.48092'}]
[I 221225 07:00:42 utils:77] Epoch: [147], Info: [{'num_test': 100, 'len_tra': 9.68, 'R_tra': 23.22, 'ctr': '2.39876'}]
[I 221225 07:03:43 utils:77] Epoch: [148], Info: [{'num_test': 100, 'len_tra': 9.66, 'R_tra': 25.18, 'ctr': '2.60663'}]
[I 221225 07:06:41 utils:77] Epoch: [149], Info: [{'num_test': 100, 'len_tra': 9.75, 'R_tra': 24.07, 'ctr': '2.46872'}]
[I 221225 07:09:41 utils:77] Epoch: [150], Info: [{'num_test': 100, 'len_tra': 9.81, 'R_tra': 25.91, 'ctr': '2.64118'}]
[I 221225 07:12:42 utils:77] Epoch: [151], Info: [{'num_test': 100, 'len_tra': 9.87, 'R_tra': 26.25, 'ctr': '2.65957'}]
[I 221225 07:15:44 utils:77] Epoch: [152], Info: [{'num_test': 100, 'len_tra': 9.8, 'R_tra': 26.1, 'ctr': '2.66327'}]
[I 221225 07:18:45 utils:77] Epoch: [153], Info: [{'num_test': 100, 'len_tra': 9.79, 'R_tra': 26.28, 'ctr': '2.68437'}]
[I 221225 07:21:46 utils:77] Epoch: [154], Info: [{'num_test': 100, 'len_tra': 9.83, 'R_tra': 25.38, 'ctr': '2.58189'}]
[I 221225 07:24:46 utils:77] Epoch: [155], Info: [{'num_test': 100, 'len_tra': 9.87, 'R_tra': 26.01, 'ctr': '2.63526'}]
[I 221225 07:27:47 utils:77] Epoch: [156], Info: [{'num_test': 100, 'len_tra': 9.31, 'R_tra': 24.26, 'ctr': '2.60580'}]
[I 221225 07:30:47 utils:77] Epoch: [157], Info: [{'num_test': 100, 'len_tra': 9.68, 'R_tra': 25.97, 'ctr': '2.68285'}]
[I 221225 07:33:48 utils:77] Epoch: [158], Info: [{'num_test': 100, 'len_tra': 9.7, 'R_tra': 25.75, 'ctr': '2.65464'}]
[I 221225 07:36:49 utils:77] Epoch: [159], Info: [{'num_test': 100, 'len_tra': 9.72, 'R_tra': 25.41, 'ctr': '2.61420'}]
[I 221225 07:39:49 utils:77] Epoch: [160], Info: [{'num_test': 100, 'len_tra': 9.82, 'R_tra': 25.7, 'ctr': '2.61711'}]
[I 221225 07:42:48 utils:77] Epoch: [161], Info: [{'num_test': 100, 'len_tra': 9.65, 'R_tra': 26.07, 'ctr': '2.70155'}]
[I 221225 07:45:47 utils:77] Epoch: [162], Info: [{'num_test': 100, 'len_tra': 9.61, 'R_tra': 25.93, 'ctr': '2.69823'}]
[I 221225 07:48:47 utils:77] Epoch: [163], Info: [{'num_test': 100, 'len_tra': 9.81, 'R_tra': 26.89, 'ctr': '2.74108'}]
[I 221225 07:51:47 utils:77] Epoch: [164], Info: [{'num_test': 100, 'len_tra': 9.92, 'R_tra': 26.75, 'ctr': '2.69657'}]
[I 221225 07:54:47 utils:77] Epoch: [165], Info: [{'num_test': 100, 'len_tra': 9.93, 'R_tra': 27.12, 'ctr': '2.73112'}]
[I 221225 07:57:48 utils:77] Epoch: [166], Info: [{'num_test': 100, 'len_tra': 9.91, 'R_tra': 25.07, 'ctr': '2.52977'}]
[I 221225 08:00:48 utils:77] Epoch: [167], Info: [{'num_test': 100, 'len_tra': 9.89, 'R_tra': 25.0, 'ctr': '2.52781'}]
[I 221225 08:03:48 utils:77] Epoch: [168], Info: [{'num_test': 100, 'len_tra': 9.78, 'R_tra': 27.74, 'ctr': '2.83640'}]
[I 221225 08:06:48 utils:77] Epoch: [169], Info: [{'num_test': 100, 'len_tra': 9.41, 'R_tra': 26.08, 'ctr': '2.77152'}]
[I 221225 08:09:49 utils:77] Epoch: [170], Info: [{'num_test': 100, 'len_tra': 9.44, 'R_tra': 24.07, 'ctr': '2.54979'}]
[I 221225 08:12:49 utils:77] Epoch: [171], Info: [{'num_test': 100, 'len_tra': 9.69, 'R_tra': 23.89, 'ctr': '2.46543'}]
[I 221225 08:15:48 utils:77] Epoch: [172], Info: [{'num_test': 100, 'len_tra': 9.81, 'R_tra': 24.21, 'ctr': '2.46789'}]
[I 221225 08:18:48 utils:77] Epoch: [173], Info: [{'num_test': 100, 'len_tra': 9.64, 'R_tra': 24.0, 'ctr': '2.48963'}]
[I 221225 08:21:47 utils:77] Epoch: [174], Info: [{'num_test': 100, 'len_tra': 9.78, 'R_tra': 26.04, 'ctr': '2.66258'}]
[I 221225 08:24:47 utils:77] Epoch: [175], Info: [{'num_test': 100, 'len_tra': 9.82, 'R_tra': 25.68, 'ctr': '2.61507'}]
[I 221225 08:27:47 utils:77] Epoch: [176], Info: [{'num_test': 100, 'len_tra': 9.6, 'R_tra': 24.98, 'ctr': '2.60208'}]
[I 221225 08:30:47 utils:77] Epoch: [177], Info: [{'num_test': 100, 'len_tra': 9.7, 'R_tra': 26.68, 'ctr': '2.75052'}]
[I 221225 08:33:45 utils:77] Epoch: [178], Info: [{'num_test': 100, 'len_tra': 9.76, 'R_tra': 25.23, 'ctr': '2.58504'}]
[I 221225 08:36:46 utils:77] Epoch: [179], Info: [{'num_test': 100, 'len_tra': 9.51, 'R_tra': 25.39, 'ctr': '2.66982'}]
[I 221225 08:39:46 utils:77] Epoch: [180], Info: [{'num_test': 100, 'len_tra': 9.83, 'R_tra': 25.3, 'ctr': '2.57375'}]
[I 221225 08:42:45 utils:77] Epoch: [181], Info: [{'num_test': 100, 'len_tra': 9.79, 'R_tra': 27.81, 'ctr': '2.84065'}]
[I 221225 08:45:46 utils:77] Epoch: [182], Info: [{'num_test': 100, 'len_tra': 9.56, 'R_tra': 25.17, 'ctr': '2.63285'}]
[I 221225 08:48:45 utils:77] Epoch: [183], Info: [{'num_test': 100, 'len_tra': 9.87, 'R_tra': 28.02, 'ctr': '2.83891'}]
[I 221225 08:51:44 utils:77] Epoch: [184], Info: [{'num_test': 100, 'len_tra': 9.71, 'R_tra': 25.34, 'ctr': '2.60968'}]
[I 221225 08:54:45 utils:77] Epoch: [185], Info: [{'num_test': 100, 'len_tra': 9.81, 'R_tra': 27.46, 'ctr': '2.79918'}]
[I 221225 08:57:44 utils:77] Epoch: [186], Info: [{'num_test': 100, 'len_tra': 9.6, 'R_tra': 26.58, 'ctr': '2.76875'}]
[I 221225 09:00:45 utils:77] Epoch: [187], Info: [{'num_test': 100, 'len_tra': 9.82, 'R_tra': 26.19, 'ctr': '2.66701'}]
[I 221225 09:03:46 utils:77] Epoch: [188], Info: [{'num_test': 100, 'len_tra': 9.74, 'R_tra': 27.56, 'ctr': '2.82957'}]
[I 221225 09:06:48 utils:77] Epoch: [189], Info: [{'num_test': 100, 'len_tra': 9.68, 'R_tra': 26.86, 'ctr': '2.77479'}]
[I 221225 09:09:48 utils:77] Epoch: [190], Info: [{'num_test': 100, 'len_tra': 9.93, 'R_tra': 26.39, 'ctr': '2.65760'}]
[I 221225 09:12:49 utils:77] Epoch: [191], Info: [{'num_test': 100, 'len_tra': 9.87, 'R_tra': 25.87, 'ctr': '2.62107'}]
[I 221225 09:15:50 utils:77] Epoch: [192], Info: [{'num_test': 100, 'len_tra': 9.7, 'R_tra': 24.31, 'ctr': '2.50619'}]
[I 221225 09:18:49 utils:77] Epoch: [193], Info: [{'num_test': 100, 'len_tra': 9.84, 'R_tra': 25.89, 'ctr': '2.63110'}]
[I 221225 09:21:50 utils:77] Epoch: [194], Info: [{'num_test': 100, 'len_tra': 9.57, 'R_tra': 25.83, 'ctr': '2.69906'}]
[I 221225 09:24:51 utils:77] Epoch: [195], Info: [{'num_test': 100, 'len_tra': 9.82, 'R_tra': 26.62, 'ctr': '2.71079'}]
[I 221225 09:27:51 utils:77] Epoch: [196], Info: [{'num_test': 100, 'len_tra': 9.79, 'R_tra': 29.68, 'ctr': '3.03166'}]
[I 221225 09:30:51 utils:77] Epoch: [197], Info: [{'num_test': 100, 'len_tra': 9.83, 'R_tra': 28.59, 'ctr': '2.90844'}]
[I 221225 09:33:52 utils:77] Epoch: [198], Info: [{'num_test': 100, 'len_tra': 9.83, 'R_tra': 28.9, 'ctr': '2.93998'}]
[I 221225 09:36:52 utils:77] Epoch: [199], Info: [{'num_test': 100, 'len_tra': 9.74, 'R_tra': 29.68, 'ctr': '3.04723'}]
[I 221225 09:39:51 utils:77] Epoch: [200], Info: [{'num_test': 100, 'len_tra': 9.88, 'R_tra': 30.11, 'ctr': '3.04757'}]
