[I 221224 07:57:35 CIRS-RL-taobao:134] {
      "env": "VirtualTB-v0",
      "user_model_name": "MLP",
      "model_name": "CIRS",
      "seed": 2022,
      "cuda": 0,
      "cpu": false,
      "is_save": false,
      "version": "v1",
      "tau": 0.1,
      "gamma_exposure": 10.0,
      "leave_threshold": 5.0,
      "num_leave_compute": 5,
      "max_turn": 10,
      "dim_state": 20,
      "dim_model": 27,
      "nhead": 3,
      "buffer_size": 11000,
      "lr": 0.001,
      "gamma": 0.95,
      "epoch": 200,
      "step_per_epoch": 15000,
      "repeat_per_collect": 2,
      "batch_size": 2048,
      "hidden_sizes": [
        64,
        64
      ],
      "episode_per_collect": 100,
      "training_num": 100,
      "test_num": 100,
      "render": 0.0,
      "vf_coef": 0.25,
      "ent_coef": 0.0,
      "eps_clip": 0.2,
      "max_grad_norm": 0.5,
      "gae_lambda": 0.95,
      "rew_norm": 1,
      "dual_clip": null,
      "value_clip": 1,
      "norm_adv": 1,
      "recompute_adv": 0,
      "resume": false,
      "save_interval": 1000,
      "read_message": "taobao tau 1",
      "message": "CIRS-leave5"
    }
[I 221224 08:03:06 utils:77] Epoch: [1], Info: [{'num_test': 100, 'len_tra': 2.94, 'R_tra': 4.46, 'ctr': '1.51701'}]
[I 221224 08:08:11 utils:77] Epoch: [2], Info: [{'num_test': 100, 'len_tra': 3.54, 'R_tra': 4.54, 'ctr': '1.28249'}]
[I 221224 08:11:46 utils:77] Epoch: [3], Info: [{'num_test': 100, 'len_tra': 4.21, 'R_tra': 4.22, 'ctr': '1.00238'}]
[I 221224 08:15:18 utils:77] Epoch: [4], Info: [{'num_test': 100, 'len_tra': 4.43, 'R_tra': 3.93, 'ctr': '0.88713'}]
[I 221224 08:18:46 utils:77] Epoch: [5], Info: [{'num_test': 100, 'len_tra': 4.6, 'R_tra': 5.08, 'ctr': '1.10435'}]
[I 221224 08:22:09 utils:77] Epoch: [6], Info: [{'num_test': 100, 'len_tra': 4.84, 'R_tra': 4.03, 'ctr': '0.83264'}]
[I 221224 08:25:24 utils:77] Epoch: [7], Info: [{'num_test': 100, 'len_tra': 4.81, 'R_tra': 4.03, 'ctr': '0.83784'}]
[I 221224 08:28:35 utils:77] Epoch: [8], Info: [{'num_test': 100, 'len_tra': 5.2, 'R_tra': 3.81, 'ctr': '0.73269'}]
[I 221224 08:31:44 utils:77] Epoch: [9], Info: [{'num_test': 100, 'len_tra': 5.48, 'R_tra': 4.23, 'ctr': '0.77190'}]
[I 221224 08:34:52 utils:77] Epoch: [10], Info: [{'num_test': 100, 'len_tra': 5.01, 'R_tra': 4.37, 'ctr': '0.87226'}]
[I 221224 08:37:57 utils:77] Epoch: [11], Info: [{'num_test': 100, 'len_tra': 5.75, 'R_tra': 4.19, 'ctr': '0.72870'}]
[I 221224 08:41:21 utils:77] Epoch: [12], Info: [{'num_test': 100, 'len_tra': 6.16, 'R_tra': 4.87, 'ctr': '0.79058'}]
[I 221224 08:44:56 utils:77] Epoch: [13], Info: [{'num_test': 100, 'len_tra': 6.24, 'R_tra': 5.44, 'ctr': '0.87179'}]
[I 221224 08:48:25 utils:77] Epoch: [14], Info: [{'num_test': 100, 'len_tra': 6.48, 'R_tra': 5.83, 'ctr': '0.89969'}]
[I 221224 08:51:42 utils:77] Epoch: [15], Info: [{'num_test': 100, 'len_tra': 6.35, 'R_tra': 5.27, 'ctr': '0.82992'}]
[I 221224 08:55:08 utils:77] Epoch: [16], Info: [{'num_test': 100, 'len_tra': 6.21, 'R_tra': 5.14, 'ctr': '0.82770'}]
[I 221224 08:58:47 utils:77] Epoch: [17], Info: [{'num_test': 100, 'len_tra': 6.71, 'R_tra': 4.78, 'ctr': '0.71237'}]
[I 221224 09:02:04 utils:77] Epoch: [18], Info: [{'num_test': 100, 'len_tra': 6.54, 'R_tra': 5.51, 'ctr': '0.84251'}]
[I 221224 09:05:18 utils:77] Epoch: [19], Info: [{'num_test': 100, 'len_tra': 6.76, 'R_tra': 5.74, 'ctr': '0.84911'}]
[I 221224 09:08:51 utils:77] Epoch: [20], Info: [{'num_test': 100, 'len_tra': 6.81, 'R_tra': 5.17, 'ctr': '0.75918'}]
[I 221224 09:12:09 utils:77] Epoch: [21], Info: [{'num_test': 100, 'len_tra': 6.94, 'R_tra': 5.91, 'ctr': '0.85159'}]
[I 221224 09:15:32 utils:77] Epoch: [22], Info: [{'num_test': 100, 'len_tra': 7.04, 'R_tra': 5.69, 'ctr': '0.80824'}]
[I 221224 09:19:01 utils:77] Epoch: [23], Info: [{'num_test': 100, 'len_tra': 6.75, 'R_tra': 5.36, 'ctr': '0.79407'}]
[I 221224 09:22:24 utils:77] Epoch: [24], Info: [{'num_test': 100, 'len_tra': 6.32, 'R_tra': 5.25, 'ctr': '0.83070'}]
[I 221224 09:25:40 utils:77] Epoch: [25], Info: [{'num_test': 100, 'len_tra': 7.08, 'R_tra': 6.18, 'ctr': '0.87288'}]
[I 221224 09:28:50 utils:77] Epoch: [26], Info: [{'num_test': 100, 'len_tra': 6.78, 'R_tra': 6.48, 'ctr': '0.95575'}]
[I 221224 09:32:12 utils:77] Epoch: [27], Info: [{'num_test': 100, 'len_tra': 6.38, 'R_tra': 5.64, 'ctr': '0.88401'}]
[I 221224 09:35:18 utils:77] Epoch: [28], Info: [{'num_test': 100, 'len_tra': 6.33, 'R_tra': 5.24, 'ctr': '0.82780'}]
[I 221224 09:39:44 utils:77] Epoch: [29], Info: [{'num_test': 100, 'len_tra': 7.13, 'R_tra': 6.27, 'ctr': '0.87938'}]
[I 221224 09:43:03 utils:77] Epoch: [30], Info: [{'num_test': 100, 'len_tra': 6.83, 'R_tra': 5.1, 'ctr': '0.74671'}]
[I 221224 09:46:20 utils:77] Epoch: [31], Info: [{'num_test': 100, 'len_tra': 7.39, 'R_tra': 6.45, 'ctr': '0.87280'}]
[I 221224 09:51:31 utils:77] Epoch: [32], Info: [{'num_test': 100, 'len_tra': 7.51, 'R_tra': 6.53, 'ctr': '0.86951'}]
[I 221224 09:54:32 utils:77] Epoch: [33], Info: [{'num_test': 100, 'len_tra': 6.83, 'R_tra': 5.35, 'ctr': '0.78331'}]
[I 221224 09:57:22 utils:77] Epoch: [34], Info: [{'num_test': 100, 'len_tra': 7.44, 'R_tra': 5.74, 'ctr': '0.77151'}]
[I 221224 10:00:05 utils:77] Epoch: [35], Info: [{'num_test': 100, 'len_tra': 7.39, 'R_tra': 6.65, 'ctr': '0.89986'}]
[I 221224 10:02:52 utils:77] Epoch: [36], Info: [{'num_test': 100, 'len_tra': 6.75, 'R_tra': 5.61, 'ctr': '0.83111'}]
[I 221224 10:05:40 utils:77] Epoch: [37], Info: [{'num_test': 100, 'len_tra': 6.53, 'R_tra': 4.89, 'ctr': '0.74885'}]
[I 221224 10:10:06 utils:77] Epoch: [38], Info: [{'num_test': 100, 'len_tra': 6.83, 'R_tra': 5.68, 'ctr': '0.83163'}]
[I 221224 10:12:46 utils:77] Epoch: [39], Info: [{'num_test': 100, 'len_tra': 6.89, 'R_tra': 5.36, 'ctr': '0.77794'}]
[I 221224 10:15:27 utils:77] Epoch: [40], Info: [{'num_test': 100, 'len_tra': 7.19, 'R_tra': 5.99, 'ctr': '0.83310'}]
[I 221224 10:18:04 utils:77] Epoch: [41], Info: [{'num_test': 100, 'len_tra': 7.42, 'R_tra': 6.27, 'ctr': '0.84501'}]
[I 221224 10:20:45 utils:77] Epoch: [42], Info: [{'num_test': 100, 'len_tra': 7.16, 'R_tra': 5.97, 'ctr': '0.83380'}]
[I 221224 10:23:30 utils:77] Epoch: [43], Info: [{'num_test': 100, 'len_tra': 7.18, 'R_tra': 6.64, 'ctr': '0.92479'}]
[I 221224 10:26:55 utils:77] Epoch: [44], Info: [{'num_test': 100, 'len_tra': 7.12, 'R_tra': 6.32, 'ctr': '0.88764'}]
[I 221224 10:29:57 utils:77] Epoch: [45], Info: [{'num_test': 100, 'len_tra': 6.98, 'R_tra': 5.31, 'ctr': '0.76074'}]
[I 221224 10:32:58 utils:77] Epoch: [46], Info: [{'num_test': 100, 'len_tra': 7.36, 'R_tra': 6.87, 'ctr': '0.93342'}]
[I 221224 10:35:45 utils:77] Epoch: [47], Info: [{'num_test': 100, 'len_tra': 7.68, 'R_tra': 6.16, 'ctr': '0.80208'}]
[I 221224 10:38:33 utils:77] Epoch: [48], Info: [{'num_test': 100, 'len_tra': 7.61, 'R_tra': 6.67, 'ctr': '0.87648'}]
[I 221224 10:41:13 utils:77] Epoch: [49], Info: [{'num_test': 100, 'len_tra': 7.81, 'R_tra': 6.84, 'ctr': '0.87580'}]
[I 221224 10:44:05 utils:77] Epoch: [50], Info: [{'num_test': 100, 'len_tra': 7.28, 'R_tra': 6.55, 'ctr': '0.89973'}]
[I 221224 10:46:43 utils:77] Epoch: [51], Info: [{'num_test': 100, 'len_tra': 7.49, 'R_tra': 6.99, 'ctr': '0.93324'}]
[I 221224 10:49:36 utils:77] Epoch: [52], Info: [{'num_test': 100, 'len_tra': 7.61, 'R_tra': 6.52, 'ctr': '0.85677'}]
[I 221224 10:52:42 utils:77] Epoch: [53], Info: [{'num_test': 100, 'len_tra': 8.05, 'R_tra': 6.78, 'ctr': '0.84224'}]
[I 221224 10:55:32 utils:77] Epoch: [54], Info: [{'num_test': 100, 'len_tra': 7.3, 'R_tra': 7.16, 'ctr': '0.98082'}]
[I 221224 10:58:12 utils:77] Epoch: [55], Info: [{'num_test': 100, 'len_tra': 7.39, 'R_tra': 7.09, 'ctr': '0.95940'}]
[I 221224 11:00:53 utils:77] Epoch: [56], Info: [{'num_test': 100, 'len_tra': 7.55, 'R_tra': 6.43, 'ctr': '0.85166'}]
[I 221224 11:03:25 utils:77] Epoch: [57], Info: [{'num_test': 100, 'len_tra': 7.71, 'R_tra': 6.83, 'ctr': '0.88586'}]
[I 221224 11:06:34 utils:77] Epoch: [58], Info: [{'num_test': 100, 'len_tra': 8.1, 'R_tra': 7.32, 'ctr': '0.90370'}]
[I 221224 11:09:26 utils:77] Epoch: [59], Info: [{'num_test': 100, 'len_tra': 7.85, 'R_tra': 7.84, 'ctr': '0.99873'}]
[I 221224 11:12:09 utils:77] Epoch: [60], Info: [{'num_test': 100, 'len_tra': 6.29, 'R_tra': 6.44, 'ctr': '1.02385'}]
[I 221224 11:15:21 utils:77] Epoch: [61], Info: [{'num_test': 100, 'len_tra': 4.84, 'R_tra': 6.8, 'ctr': '1.40496'}]
[I 221224 11:18:35 utils:77] Epoch: [62], Info: [{'num_test': 100, 'len_tra': 4.82, 'R_tra': 6.29, 'ctr': '1.30498'}]
[I 221224 11:22:07 utils:77] Epoch: [63], Info: [{'num_test': 100, 'len_tra': 2.08, 'R_tra': 0.04, 'ctr': '0.01923'}]
[I 221224 11:27:38 utils:77] Epoch: [64], Info: [{'num_test': 100, 'len_tra': 2.04, 'R_tra': 0.02, 'ctr': '0.00980'}]
[I 221224 11:32:55 utils:77] Epoch: [65], Info: [{'num_test': 100, 'len_tra': 2.09, 'R_tra': 0.02, 'ctr': '0.00957'}]
[I 221224 11:38:47 utils:77] Epoch: [66], Info: [{'num_test': 100, 'len_tra': 2.12, 'R_tra': 0.03, 'ctr': '0.01415'}]
[I 221224 11:44:23 utils:77] Epoch: [67], Info: [{'num_test': 100, 'len_tra': 2.14, 'R_tra': 0.18, 'ctr': '0.08411'}]
[I 221224 11:49:25 utils:77] Epoch: [68], Info: [{'num_test': 100, 'len_tra': 2.18, 'R_tra': 0.3, 'ctr': '0.13761'}]
[I 221224 11:54:23 utils:77] Epoch: [69], Info: [{'num_test': 100, 'len_tra': 2.28, 'R_tra': 1.11, 'ctr': '0.48684'}]
[I 221224 11:59:26 utils:77] Epoch: [70], Info: [{'num_test': 100, 'len_tra': 2.35, 'R_tra': 1.02, 'ctr': '0.43404'}]
[I 221224 12:04:15 utils:77] Epoch: [71], Info: [{'num_test': 100, 'len_tra': 2.98, 'R_tra': 3.83, 'ctr': '1.28523'}]
[I 221224 12:08:37 utils:77] Epoch: [72], Info: [{'num_test': 100, 'len_tra': 2.52, 'R_tra': 3.94, 'ctr': '1.56349'}]
[I 221224 12:13:27 utils:77] Epoch: [73], Info: [{'num_test': 100, 'len_tra': 2.52, 'R_tra': 4.36, 'ctr': '1.73016'}]
[I 221224 12:18:05 utils:77] Epoch: [74], Info: [{'num_test': 100, 'len_tra': 2.53, 'R_tra': 1.09, 'ctr': '0.43083'}]
[I 221224 12:22:43 utils:77] Epoch: [75], Info: [{'num_test': 100, 'len_tra': 2.7, 'R_tra': 0.89, 'ctr': '0.32963'}]
[I 221224 12:27:08 utils:77] Epoch: [76], Info: [{'num_test': 100, 'len_tra': 2.91, 'R_tra': 2.89, 'ctr': '0.99313'}]
[I 221224 12:31:22 utils:77] Epoch: [77], Info: [{'num_test': 100, 'len_tra': 3.16, 'R_tra': 1.31, 'ctr': '0.41456'}]
[I 221224 12:35:23 utils:77] Epoch: [78], Info: [{'num_test': 100, 'len_tra': 3.54, 'R_tra': 2.86, 'ctr': '0.80791'}]
[I 221224 12:39:15 utils:77] Epoch: [79], Info: [{'num_test': 100, 'len_tra': 3.93, 'R_tra': 2.52, 'ctr': '0.64122'}]
[I 221224 12:42:50 utils:77] Epoch: [80], Info: [{'num_test': 100, 'len_tra': 4.01, 'R_tra': 5.12, 'ctr': '1.27681'}]
[I 221224 12:46:43 utils:77] Epoch: [81], Info: [{'num_test': 100, 'len_tra': 2.76, 'R_tra': 2.63, 'ctr': '0.95290'}]
[I 221224 12:51:58 utils:77] Epoch: [82], Info: [{'num_test': 100, 'len_tra': 2.86, 'R_tra': 1.92, 'ctr': '0.67133'}]
[I 221224 12:56:36 utils:77] Epoch: [83], Info: [{'num_test': 100, 'len_tra': 3.1, 'R_tra': 3.26, 'ctr': '1.05161'}]
[I 221224 13:03:47 utils:77] Epoch: [84], Info: [{'num_test': 100, 'len_tra': 3.15, 'R_tra': 2.06, 'ctr': '0.65397'}]
[I 221224 13:08:29 utils:77] Epoch: [85], Info: [{'num_test': 100, 'len_tra': 3.1, 'R_tra': 2.79, 'ctr': '0.90000'}]
[I 221224 13:12:45 utils:77] Epoch: [86], Info: [{'num_test': 100, 'len_tra': 3.32, 'R_tra': 3.4, 'ctr': '1.02410'}]
[I 221224 13:17:17 utils:77] Epoch: [87], Info: [{'num_test': 100, 'len_tra': 3.13, 'R_tra': 3.35, 'ctr': '1.07029'}]
[I 221224 13:21:33 utils:77] Epoch: [88], Info: [{'num_test': 100, 'len_tra': 3.44, 'R_tra': 1.19, 'ctr': '0.34593'}]
[I 221224 13:26:31 utils:77] Epoch: [89], Info: [{'num_test': 100, 'len_tra': 3.73, 'R_tra': 1.51, 'ctr': '0.40483'}]
[I 221224 13:30:38 utils:77] Epoch: [90], Info: [{'num_test': 100, 'len_tra': 3.91, 'R_tra': 3.59, 'ctr': '0.91816'}]
[I 221224 13:34:50 utils:77] Epoch: [91], Info: [{'num_test': 100, 'len_tra': 3.79, 'R_tra': 4.32, 'ctr': '1.13984'}]
[I 221224 13:38:50 utils:77] Epoch: [92], Info: [{'num_test': 100, 'len_tra': 3.56, 'R_tra': 3.38, 'ctr': '0.94944'}]
[I 221224 13:45:40 utils:77] Epoch: [93], Info: [{'num_test': 100, 'len_tra': 4.1, 'R_tra': 4.3, 'ctr': '1.04878'}]
[I 221224 13:49:45 utils:77] Epoch: [94], Info: [{'num_test': 100, 'len_tra': 3.59, 'R_tra': 3.57, 'ctr': '0.99443'}]
[I 221224 13:53:56 utils:77] Epoch: [95], Info: [{'num_test': 100, 'len_tra': 3.69, 'R_tra': 3.88, 'ctr': '1.05149'}]
[I 221224 13:58:55 utils:77] Epoch: [96], Info: [{'num_test': 100, 'len_tra': 4.08, 'R_tra': 4.26, 'ctr': '1.04412'}]
[I 221224 14:05:09 utils:77] Epoch: [97], Info: [{'num_test': 100, 'len_tra': 3.98, 'R_tra': 4.25, 'ctr': '1.06784'}]
[I 221224 14:08:46 utils:77] Epoch: [98], Info: [{'num_test': 100, 'len_tra': 3.87, 'R_tra': 3.97, 'ctr': '1.02584'}]
[I 221224 14:12:26 utils:77] Epoch: [99], Info: [{'num_test': 100, 'len_tra': 4.06, 'R_tra': 4.91, 'ctr': '1.20936'}]
[I 221224 14:16:55 utils:77] Epoch: [100], Info: [{'num_test': 100, 'len_tra': 4.25, 'R_tra': 5.22, 'ctr': '1.22824'}]
[I 221224 14:20:41 utils:77] Epoch: [101], Info: [{'num_test': 100, 'len_tra': 4.08, 'R_tra': 5.24, 'ctr': '1.28431'}]
[I 221224 14:24:12 utils:77] Epoch: [102], Info: [{'num_test': 100, 'len_tra': 4.42, 'R_tra': 5.45, 'ctr': '1.23303'}]
[I 221224 14:27:42 utils:77] Epoch: [103], Info: [{'num_test': 100, 'len_tra': 4.65, 'R_tra': 5.53, 'ctr': '1.18925'}]
[I 221224 14:31:08 utils:77] Epoch: [104], Info: [{'num_test': 100, 'len_tra': 5.0, 'R_tra': 5.35, 'ctr': '1.07000'}]
[I 221224 14:34:23 utils:77] Epoch: [105], Info: [{'num_test': 100, 'len_tra': 4.51, 'R_tra': 4.82, 'ctr': '1.06874'}]
[I 221224 14:37:43 utils:77] Epoch: [106], Info: [{'num_test': 100, 'len_tra': 4.75, 'R_tra': 5.47, 'ctr': '1.15158'}]
[I 221224 14:40:54 utils:77] Epoch: [107], Info: [{'num_test': 100, 'len_tra': 5.3, 'R_tra': 6.41, 'ctr': '1.20943'}]
[I 221224 14:44:42 utils:77] Epoch: [108], Info: [{'num_test': 100, 'len_tra': 5.3, 'R_tra': 6.19, 'ctr': '1.16792'}]
[I 221224 14:47:54 utils:77] Epoch: [109], Info: [{'num_test': 100, 'len_tra': 5.02, 'R_tra': 5.34, 'ctr': '1.06375'}]
[I 221224 14:50:57 utils:77] Epoch: [110], Info: [{'num_test': 100, 'len_tra': 6.1, 'R_tra': 5.61, 'ctr': '0.91967'}]
[I 221224 14:54:27 utils:77] Epoch: [111], Info: [{'num_test': 100, 'len_tra': 5.92, 'R_tra': 5.89, 'ctr': '0.99493'}]
[I 221224 14:57:30 utils:77] Epoch: [112], Info: [{'num_test': 100, 'len_tra': 6.13, 'R_tra': 5.46, 'ctr': '0.89070'}]
[I 221224 15:00:30 utils:77] Epoch: [113], Info: [{'num_test': 100, 'len_tra': 5.86, 'R_tra': 6.16, 'ctr': '1.05119'}]
[I 221224 15:03:25 utils:77] Epoch: [114], Info: [{'num_test': 100, 'len_tra': 6.5, 'R_tra': 5.49, 'ctr': '0.84462'}]
[I 221224 15:06:18 utils:77] Epoch: [115], Info: [{'num_test': 100, 'len_tra': 6.37, 'R_tra': 5.41, 'ctr': '0.84929'}]
[I 221224 15:09:11 utils:77] Epoch: [116], Info: [{'num_test': 100, 'len_tra': 6.23, 'R_tra': 6.06, 'ctr': '0.97271'}]
[I 221224 15:12:07 utils:77] Epoch: [117], Info: [{'num_test': 100, 'len_tra': 6.82, 'R_tra': 5.85, 'ctr': '0.85777'}]
[I 221224 15:15:02 utils:77] Epoch: [118], Info: [{'num_test': 100, 'len_tra': 6.71, 'R_tra': 5.22, 'ctr': '0.77794'}]
[I 221224 15:17:58 utils:77] Epoch: [119], Info: [{'num_test': 100, 'len_tra': 6.47, 'R_tra': 4.92, 'ctr': '0.76043'}]
[I 221224 15:21:18 utils:77] Epoch: [120], Info: [{'num_test': 100, 'len_tra': 6.67, 'R_tra': 5.76, 'ctr': '0.86357'}]
[I 221224 15:24:15 utils:77] Epoch: [121], Info: [{'num_test': 100, 'len_tra': 6.73, 'R_tra': 5.63, 'ctr': '0.83655'}]
[I 221224 15:27:04 utils:77] Epoch: [122], Info: [{'num_test': 100, 'len_tra': 6.37, 'R_tra': 5.46, 'ctr': '0.85714'}]
[I 221224 15:30:25 utils:77] Epoch: [123], Info: [{'num_test': 100, 'len_tra': 6.82, 'R_tra': 4.9, 'ctr': '0.71848'}]
[I 221224 15:33:29 utils:77] Epoch: [124], Info: [{'num_test': 100, 'len_tra': 6.72, 'R_tra': 5.02, 'ctr': '0.74702'}]
[I 221224 15:36:24 utils:77] Epoch: [125], Info: [{'num_test': 100, 'len_tra': 6.29, 'R_tra': 4.72, 'ctr': '0.75040'}]
[I 221224 15:39:23 utils:77] Epoch: [126], Info: [{'num_test': 100, 'len_tra': 6.82, 'R_tra': 4.92, 'ctr': '0.72141'}]
[I 221224 15:42:17 utils:77] Epoch: [127], Info: [{'num_test': 100, 'len_tra': 6.82, 'R_tra': 3.61, 'ctr': '0.52933'}]
[I 221224 15:45:18 utils:77] Epoch: [128], Info: [{'num_test': 100, 'len_tra': 6.65, 'R_tra': 3.85, 'ctr': '0.57895'}]
[I 221224 15:48:30 utils:77] Epoch: [129], Info: [{'num_test': 100, 'len_tra': 6.37, 'R_tra': 3.44, 'ctr': '0.54003'}]
[I 221224 15:51:32 utils:77] Epoch: [130], Info: [{'num_test': 100, 'len_tra': 6.29, 'R_tra': 3.64, 'ctr': '0.57870'}]
[I 221224 15:54:35 utils:77] Epoch: [131], Info: [{'num_test': 100, 'len_tra': 7.12, 'R_tra': 4.86, 'ctr': '0.68258'}]
[I 221224 15:57:29 utils:77] Epoch: [132], Info: [{'num_test': 100, 'len_tra': 6.83, 'R_tra': 4.85, 'ctr': '0.71010'}]
[I 221224 16:00:22 utils:77] Epoch: [133], Info: [{'num_test': 100, 'len_tra': 7.15, 'R_tra': 4.76, 'ctr': '0.66573'}]
[I 221224 16:03:14 utils:77] Epoch: [134], Info: [{'num_test': 100, 'len_tra': 7.36, 'R_tra': 5.28, 'ctr': '0.71739'}]
[I 221224 16:06:07 utils:77] Epoch: [135], Info: [{'num_test': 100, 'len_tra': 6.76, 'R_tra': 4.94, 'ctr': '0.73077'}]
[I 221224 16:09:06 utils:77] Epoch: [136], Info: [{'num_test': 100, 'len_tra': 7.11, 'R_tra': 4.68, 'ctr': '0.65823'}]
[I 221224 16:12:57 utils:77] Epoch: [137], Info: [{'num_test': 100, 'len_tra': 6.9, 'R_tra': 5.12, 'ctr': '0.74203'}]
[I 221224 16:17:04 utils:77] Epoch: [138], Info: [{'num_test': 100, 'len_tra': 7.48, 'R_tra': 5.6, 'ctr': '0.74866'}]
[I 221224 16:20:51 utils:77] Epoch: [139], Info: [{'num_test': 100, 'len_tra': 7.0, 'R_tra': 5.07, 'ctr': '0.72429'}]
[I 221224 16:24:20 utils:77] Epoch: [140], Info: [{'num_test': 100, 'len_tra': 6.83, 'R_tra': 4.73, 'ctr': '0.69253'}]
[I 221224 16:27:40 utils:77] Epoch: [141], Info: [{'num_test': 100, 'len_tra': 7.03, 'R_tra': 4.92, 'ctr': '0.69986'}]
[I 221224 16:31:00 utils:77] Epoch: [142], Info: [{'num_test': 100, 'len_tra': 6.55, 'R_tra': 4.84, 'ctr': '0.73893'}]
[I 221224 16:34:30 utils:77] Epoch: [143], Info: [{'num_test': 100, 'len_tra': 7.32, 'R_tra': 4.58, 'ctr': '0.62568'}]
[I 221224 16:38:02 utils:77] Epoch: [144], Info: [{'num_test': 100, 'len_tra': 7.22, 'R_tra': 5.16, 'ctr': '0.71468'}]
[I 221224 16:42:31 utils:77] Epoch: [145], Info: [{'num_test': 100, 'len_tra': 7.25, 'R_tra': 4.71, 'ctr': '0.64966'}]
[I 221224 16:45:58 utils:77] Epoch: [146], Info: [{'num_test': 100, 'len_tra': 7.17, 'R_tra': 4.73, 'ctr': '0.65969'}]
[I 221224 16:49:23 utils:77] Epoch: [147], Info: [{'num_test': 100, 'len_tra': 7.34, 'R_tra': 4.87, 'ctr': '0.66349'}]
[I 221224 16:52:36 utils:77] Epoch: [148], Info: [{'num_test': 100, 'len_tra': 7.17, 'R_tra': 4.74, 'ctr': '0.66109'}]
[I 221224 16:56:09 utils:77] Epoch: [149], Info: [{'num_test': 100, 'len_tra': 7.36, 'R_tra': 5.6, 'ctr': '0.76087'}]
[I 221224 16:58:58 utils:77] Epoch: [150], Info: [{'num_test': 100, 'len_tra': 7.06, 'R_tra': 4.59, 'ctr': '0.65014'}]
[I 221224 17:02:55 utils:77] Epoch: [151], Info: [{'num_test': 100, 'len_tra': 7.46, 'R_tra': 4.63, 'ctr': '0.62064'}]
[I 221224 17:06:09 utils:77] Epoch: [152], Info: [{'num_test': 100, 'len_tra': 7.23, 'R_tra': 4.5, 'ctr': '0.62241'}]
[I 221224 17:09:04 utils:77] Epoch: [153], Info: [{'num_test': 100, 'len_tra': 7.36, 'R_tra': 5.03, 'ctr': '0.68342'}]
[I 221224 17:11:56 utils:77] Epoch: [154], Info: [{'num_test': 100, 'len_tra': 7.35, 'R_tra': 5.47, 'ctr': '0.74422'}]
[I 221224 17:14:58 utils:77] Epoch: [155], Info: [{'num_test': 100, 'len_tra': 7.7, 'R_tra': 5.21, 'ctr': '0.67662'}]
[I 221224 17:17:45 utils:77] Epoch: [156], Info: [{'num_test': 100, 'len_tra': 7.09, 'R_tra': 5.08, 'ctr': '0.71650'}]
[I 221224 17:20:36 utils:77] Epoch: [157], Info: [{'num_test': 100, 'len_tra': 7.69, 'R_tra': 5.23, 'ctr': '0.68010'}]
[I 221224 17:23:22 utils:77] Epoch: [158], Info: [{'num_test': 100, 'len_tra': 7.38, 'R_tra': 4.7, 'ctr': '0.63686'}]
[I 221224 17:26:12 utils:77] Epoch: [159], Info: [{'num_test': 100, 'len_tra': 7.42, 'R_tra': 5.14, 'ctr': '0.69272'}]
[I 221224 17:29:11 utils:77] Epoch: [160], Info: [{'num_test': 100, 'len_tra': 8.07, 'R_tra': 4.59, 'ctr': '0.56877'}]
[I 221224 17:32:44 utils:77] Epoch: [161], Info: [{'num_test': 100, 'len_tra': 7.27, 'R_tra': 4.97, 'ctr': '0.68363'}]
[I 221224 17:36:12 utils:77] Epoch: [162], Info: [{'num_test': 100, 'len_tra': 7.68, 'R_tra': 4.96, 'ctr': '0.64583'}]
[I 221224 17:39:38 utils:77] Epoch: [163], Info: [{'num_test': 100, 'len_tra': 7.26, 'R_tra': 5.08, 'ctr': '0.69972'}]
[I 221224 17:42:45 utils:77] Epoch: [164], Info: [{'num_test': 100, 'len_tra': 7.05, 'R_tra': 4.84, 'ctr': '0.68652'}]
[I 221224 17:45:37 utils:77] Epoch: [165], Info: [{'num_test': 100, 'len_tra': 7.58, 'R_tra': 4.49, 'ctr': '0.59235'}]
[I 221224 17:48:31 utils:77] Epoch: [166], Info: [{'num_test': 100, 'len_tra': 7.41, 'R_tra': 5.22, 'ctr': '0.70445'}]
[I 221224 17:51:16 utils:77] Epoch: [167], Info: [{'num_test': 100, 'len_tra': 7.52, 'R_tra': 4.44, 'ctr': '0.59043'}]
[I 221224 17:54:00 utils:77] Epoch: [168], Info: [{'num_test': 100, 'len_tra': 7.29, 'R_tra': 4.43, 'ctr': '0.60768'}]
[I 221224 17:56:49 utils:77] Epoch: [169], Info: [{'num_test': 100, 'len_tra': 7.94, 'R_tra': 5.19, 'ctr': '0.65365'}]
[I 221224 18:00:02 utils:77] Epoch: [170], Info: [{'num_test': 100, 'len_tra': 7.1, 'R_tra': 4.08, 'ctr': '0.57465'}]
[I 221224 18:03:17 utils:77] Epoch: [171], Info: [{'num_test': 100, 'len_tra': 8.07, 'R_tra': 5.15, 'ctr': '0.63817'}]
[I 221224 18:06:08 utils:77] Epoch: [172], Info: [{'num_test': 100, 'len_tra': 7.66, 'R_tra': 4.83, 'ctr': '0.63055'}]
[I 221224 18:08:57 utils:77] Epoch: [173], Info: [{'num_test': 100, 'len_tra': 7.54, 'R_tra': 4.51, 'ctr': '0.59814'}]
[I 221224 18:11:49 utils:77] Epoch: [174], Info: [{'num_test': 100, 'len_tra': 7.76, 'R_tra': 5.39, 'ctr': '0.69459'}]
[I 221224 18:14:39 utils:77] Epoch: [175], Info: [{'num_test': 100, 'len_tra': 7.62, 'R_tra': 4.7, 'ctr': '0.61680'}]
[I 221224 18:17:28 utils:77] Epoch: [176], Info: [{'num_test': 100, 'len_tra': 7.81, 'R_tra': 5.47, 'ctr': '0.70038'}]
[I 221224 18:20:13 utils:77] Epoch: [177], Info: [{'num_test': 100, 'len_tra': 7.63, 'R_tra': 4.13, 'ctr': '0.54128'}]
[I 221224 18:23:00 utils:77] Epoch: [178], Info: [{'num_test': 100, 'len_tra': 7.54, 'R_tra': 4.58, 'ctr': '0.60743'}]
[I 221224 18:25:58 utils:77] Epoch: [179], Info: [{'num_test': 100, 'len_tra': 8.03, 'R_tra': 5.64, 'ctr': '0.70237'}]
[I 221224 18:29:03 utils:77] Epoch: [180], Info: [{'num_test': 100, 'len_tra': 8.07, 'R_tra': 5.54, 'ctr': '0.68649'}]
[I 221224 18:32:29 utils:77] Epoch: [181], Info: [{'num_test': 100, 'len_tra': 7.35, 'R_tra': 5.44, 'ctr': '0.74014'}]
[I 221224 18:35:23 utils:77] Epoch: [182], Info: [{'num_test': 100, 'len_tra': 7.6, 'R_tra': 5.31, 'ctr': '0.69868'}]
[I 221224 18:38:21 utils:77] Epoch: [183], Info: [{'num_test': 100, 'len_tra': 7.78, 'R_tra': 4.88, 'ctr': '0.62725'}]
[I 221224 18:41:22 utils:77] Epoch: [184], Info: [{'num_test': 100, 'len_tra': 8.38, 'R_tra': 5.76, 'ctr': '0.68735'}]
[I 221224 18:44:14 utils:77] Epoch: [185], Info: [{'num_test': 100, 'len_tra': 7.18, 'R_tra': 4.91, 'ctr': '0.68384'}]
[I 221224 18:47:11 utils:77] Epoch: [186], Info: [{'num_test': 100, 'len_tra': 7.83, 'R_tra': 4.92, 'ctr': '0.62835'}]
[I 221224 18:50:11 utils:77] Epoch: [187], Info: [{'num_test': 100, 'len_tra': 7.68, 'R_tra': 4.43, 'ctr': '0.57682'}]
[I 221224 18:53:06 utils:77] Epoch: [188], Info: [{'num_test': 100, 'len_tra': 7.64, 'R_tra': 5.46, 'ctr': '0.71466'}]
[I 221224 18:56:19 utils:77] Epoch: [189], Info: [{'num_test': 100, 'len_tra': 8.36, 'R_tra': 4.8, 'ctr': '0.57416'}]
[I 221224 18:59:03 utils:77] Epoch: [190], Info: [{'num_test': 100, 'len_tra': 7.63, 'R_tra': 5.61, 'ctr': '0.73526'}]
[I 221224 19:02:11 utils:77] Epoch: [191], Info: [{'num_test': 100, 'len_tra': 7.83, 'R_tra': 5.42, 'ctr': '0.69221'}]
[I 221224 19:05:27 utils:77] Epoch: [192], Info: [{'num_test': 100, 'len_tra': 7.91, 'R_tra': 5.2, 'ctr': '0.65740'}]
[I 221224 19:08:20 utils:77] Epoch: [193], Info: [{'num_test': 100, 'len_tra': 7.97, 'R_tra': 4.66, 'ctr': '0.58469'}]
[I 221224 19:11:07 utils:77] Epoch: [194], Info: [{'num_test': 100, 'len_tra': 7.57, 'R_tra': 5.73, 'ctr': '0.75694'}]
[I 221224 19:14:02 utils:77] Epoch: [195], Info: [{'num_test': 100, 'len_tra': 7.29, 'R_tra': 5.41, 'ctr': '0.74211'}]
[I 221224 19:17:03 utils:77] Epoch: [196], Info: [{'num_test': 100, 'len_tra': 8.22, 'R_tra': 5.07, 'ctr': '0.61679'}]
[I 221224 19:20:02 utils:77] Epoch: [197], Info: [{'num_test': 100, 'len_tra': 7.89, 'R_tra': 4.98, 'ctr': '0.63118'}]
[I 221224 19:23:00 utils:77] Epoch: [198], Info: [{'num_test': 100, 'len_tra': 7.83, 'R_tra': 4.17, 'ctr': '0.53257'}]
[I 221224 19:26:00 utils:77] Epoch: [199], Info: [{'num_test': 100, 'len_tra': 7.65, 'R_tra': 4.76, 'ctr': '0.62222'}]
[I 221224 19:29:27 utils:77] Epoch: [200], Info: [{'num_test': 100, 'len_tra': 7.77, 'R_tra': 5.17, 'ctr': '0.66538'}]
