[I 221225 09:39:56 CIRS-RL-taobao:134] {
      "env": "VirtualTB-v0",
      "user_model_name": "MLP",
      "model_name": "CIRS",
      "seed": 2022,
      "cuda": 2,
      "cpu": false,
      "is_save": false,
      "version": "v1",
      "tau": 0.1,
      "gamma_exposure": 10.0,
      "leave_threshold": 1.0,
      "num_leave_compute": 5,
      "max_turn": 10,
      "dim_state": 20,
      "dim_model": 27,
      "nhead": 3,
      "buffer_size": 11000,
      "lr": 0.001,
      "gamma": 0.95,
      "epoch": 200,
      "step_per_epoch": 15000,
      "repeat_per_collect": 2,
      "batch_size": 2048,
      "hidden_sizes": [
        64,
        64
      ],
      "episode_per_collect": 100,
      "training_num": 100,
      "test_num": 100,
      "render": 0.0,
      "vf_coef": 0.25,
      "ent_coef": 0.0,
      "eps_clip": 0.2,
      "max_grad_norm": 0.5,
      "gae_lambda": 0.95,
      "rew_norm": 1,
      "dual_clip": null,
      "value_clip": 1,
      "norm_adv": 1,
      "recompute_adv": 0,
      "resume": false,
      "save_interval": 1000,
      "read_message": "taobao tau 1",
      "message": "CIRS-leave1"
    }
[I 221225 09:42:59 utils:77] Epoch: [1], Info: [{'num_test': 100, 'len_tra': 10.0, 'R_tra': 8.06, 'ctr': '0.80600'}]
[I 221225 09:45:52 utils:77] Epoch: [2], Info: [{'num_test': 100, 'len_tra': 10.0, 'R_tra': 17.92, 'ctr': '1.79200'}]
[I 221225 09:48:45 utils:77] Epoch: [3], Info: [{'num_test': 100, 'len_tra': 10.0, 'R_tra': 24.06, 'ctr': '2.40600'}]
[I 221225 09:51:37 utils:77] Epoch: [4], Info: [{'num_test': 100, 'len_tra': 10.0, 'R_tra': 24.24, 'ctr': '2.42400'}]
[I 221225 09:54:30 utils:77] Epoch: [5], Info: [{'num_test': 100, 'len_tra': 10.0, 'R_tra': 23.16, 'ctr': '2.31600'}]
[I 221225 09:57:23 utils:77] Epoch: [6], Info: [{'num_test': 100, 'len_tra': 10.0, 'R_tra': 22.0, 'ctr': '2.20000'}]
[I 221225 10:00:16 utils:77] Epoch: [7], Info: [{'num_test': 100, 'len_tra': 10.0, 'R_tra': 22.79, 'ctr': '2.27900'}]
[I 221225 10:03:09 utils:77] Epoch: [8], Info: [{'num_test': 100, 'len_tra': 10.0, 'R_tra': 23.78, 'ctr': '2.37800'}]
[I 221225 10:06:03 utils:77] Epoch: [9], Info: [{'num_test': 100, 'len_tra': 10.0, 'R_tra': 23.51, 'ctr': '2.35100'}]
[I 221225 10:08:56 utils:77] Epoch: [10], Info: [{'num_test': 100, 'len_tra': 10.0, 'R_tra': 23.46, 'ctr': '2.34600'}]
[I 221225 10:11:49 utils:77] Epoch: [11], Info: [{'num_test': 100, 'len_tra': 10.0, 'R_tra': 23.66, 'ctr': '2.36600'}]
[I 221225 10:14:42 utils:77] Epoch: [12], Info: [{'num_test': 100, 'len_tra': 10.0, 'R_tra': 24.26, 'ctr': '2.42600'}]
[I 221225 10:17:38 utils:77] Epoch: [13], Info: [{'num_test': 100, 'len_tra': 10.0, 'R_tra': 24.1, 'ctr': '2.41000'}]
[I 221225 10:20:30 utils:77] Epoch: [14], Info: [{'num_test': 100, 'len_tra': 10.0, 'R_tra': 25.29, 'ctr': '2.52900'}]
[I 221225 10:23:23 utils:77] Epoch: [15], Info: [{'num_test': 100, 'len_tra': 10.0, 'R_tra': 25.28, 'ctr': '2.52800'}]
[I 221225 10:26:17 utils:77] Epoch: [16], Info: [{'num_test': 100, 'len_tra': 10.0, 'R_tra': 24.39, 'ctr': '2.43900'}]
[I 221225 10:29:12 utils:77] Epoch: [17], Info: [{'num_test': 100, 'len_tra': 10.0, 'R_tra': 25.06, 'ctr': '2.50600'}]
[I 221225 10:32:06 utils:77] Epoch: [18], Info: [{'num_test': 100, 'len_tra': 10.0, 'R_tra': 23.23, 'ctr': '2.32300'}]
[I 221225 10:34:59 utils:77] Epoch: [19], Info: [{'num_test': 100, 'len_tra': 10.0, 'R_tra': 25.97, 'ctr': '2.59700'}]
[I 221225 10:37:52 utils:77] Epoch: [20], Info: [{'num_test': 100, 'len_tra': 10.0, 'R_tra': 25.6, 'ctr': '2.56000'}]
[I 221225 10:40:46 utils:77] Epoch: [21], Info: [{'num_test': 100, 'len_tra': 10.0, 'R_tra': 25.12, 'ctr': '2.51200'}]
[I 221225 10:43:39 utils:77] Epoch: [22], Info: [{'num_test': 100, 'len_tra': 10.0, 'R_tra': 25.97, 'ctr': '2.59700'}]
[I 221225 10:46:32 utils:77] Epoch: [23], Info: [{'num_test': 100, 'len_tra': 10.0, 'R_tra': 27.37, 'ctr': '2.73700'}]
[I 221225 10:49:25 utils:77] Epoch: [24], Info: [{'num_test': 100, 'len_tra': 10.0, 'R_tra': 27.89, 'ctr': '2.78900'}]
[I 221225 10:52:18 utils:77] Epoch: [25], Info: [{'num_test': 100, 'len_tra': 10.0, 'R_tra': 27.57, 'ctr': '2.75700'}]
[I 221225 10:55:11 utils:77] Epoch: [26], Info: [{'num_test': 100, 'len_tra': 10.0, 'R_tra': 27.87, 'ctr': '2.78700'}]
[I 221225 10:58:05 utils:77] Epoch: [27], Info: [{'num_test': 100, 'len_tra': 10.0, 'R_tra': 28.78, 'ctr': '2.87800'}]
[I 221225 11:01:10 utils:77] Epoch: [28], Info: [{'num_test': 100, 'len_tra': 10.0, 'R_tra': 28.18, 'ctr': '2.81800'}]
[I 221225 11:04:03 utils:77] Epoch: [29], Info: [{'num_test': 100, 'len_tra': 10.0, 'R_tra': 28.31, 'ctr': '2.83100'}]
[I 221225 11:06:55 utils:77] Epoch: [30], Info: [{'num_test': 100, 'len_tra': 10.0, 'R_tra': 26.97, 'ctr': '2.69700'}]
[I 221225 11:09:48 utils:77] Epoch: [31], Info: [{'num_test': 100, 'len_tra': 10.0, 'R_tra': 28.74, 'ctr': '2.87400'}]
[I 221225 11:12:42 utils:77] Epoch: [32], Info: [{'num_test': 100, 'len_tra': 10.0, 'R_tra': 27.42, 'ctr': '2.74200'}]
[I 221225 11:15:44 utils:77] Epoch: [33], Info: [{'num_test': 100, 'len_tra': 10.0, 'R_tra': 26.42, 'ctr': '2.64200'}]
[I 221225 11:18:37 utils:77] Epoch: [34], Info: [{'num_test': 100, 'len_tra': 10.0, 'R_tra': 27.72, 'ctr': '2.77200'}]
[I 221225 11:21:30 utils:77] Epoch: [35], Info: [{'num_test': 100, 'len_tra': 10.0, 'R_tra': 28.61, 'ctr': '2.86100'}]
[I 221225 11:24:23 utils:77] Epoch: [36], Info: [{'num_test': 100, 'len_tra': 10.0, 'R_tra': 27.47, 'ctr': '2.74700'}]
[I 221225 11:27:26 utils:77] Epoch: [37], Info: [{'num_test': 100, 'len_tra': 10.0, 'R_tra': 28.87, 'ctr': '2.88700'}]
[I 221225 11:30:19 utils:77] Epoch: [38], Info: [{'num_test': 100, 'len_tra': 10.0, 'R_tra': 30.87, 'ctr': '3.08700'}]
[I 221225 11:33:10 utils:77] Epoch: [39], Info: [{'num_test': 100, 'len_tra': 10.0, 'R_tra': 27.15, 'ctr': '2.71500'}]
[I 221225 11:36:03 utils:77] Epoch: [40], Info: [{'num_test': 100, 'len_tra': 10.0, 'R_tra': 29.15, 'ctr': '2.91500'}]
[I 221225 11:38:56 utils:77] Epoch: [41], Info: [{'num_test': 100, 'len_tra': 10.0, 'R_tra': 28.49, 'ctr': '2.84900'}]
[I 221225 11:41:49 utils:77] Epoch: [42], Info: [{'num_test': 100, 'len_tra': 10.0, 'R_tra': 30.64, 'ctr': '3.06400'}]
[I 221225 11:44:41 utils:77] Epoch: [43], Info: [{'num_test': 100, 'len_tra': 10.0, 'R_tra': 28.63, 'ctr': '2.86300'}]
[I 221225 11:47:33 utils:77] Epoch: [44], Info: [{'num_test': 100, 'len_tra': 10.0, 'R_tra': 29.2, 'ctr': '2.92000'}]
[I 221225 11:50:26 utils:77] Epoch: [45], Info: [{'num_test': 100, 'len_tra': 10.0, 'R_tra': 29.47, 'ctr': '2.94700'}]
[I 221225 11:53:30 utils:77] Epoch: [46], Info: [{'num_test': 100, 'len_tra': 10.0, 'R_tra': 29.66, 'ctr': '2.96600'}]
[I 221225 11:56:34 utils:77] Epoch: [47], Info: [{'num_test': 100, 'len_tra': 10.0, 'R_tra': 30.89, 'ctr': '3.08900'}]
[I 221225 11:59:38 utils:77] Epoch: [48], Info: [{'num_test': 100, 'len_tra': 9.96, 'R_tra': 31.29, 'ctr': '3.14157'}]
[I 221225 12:02:42 utils:77] Epoch: [49], Info: [{'num_test': 100, 'len_tra': 10.0, 'R_tra': 29.33, 'ctr': '2.93300'}]
[I 221225 12:05:47 utils:77] Epoch: [50], Info: [{'num_test': 100, 'len_tra': 10.0, 'R_tra': 29.9, 'ctr': '2.99000'}]
[I 221225 12:08:50 utils:77] Epoch: [51], Info: [{'num_test': 100, 'len_tra': 10.0, 'R_tra': 29.71, 'ctr': '2.97100'}]
[I 221225 12:11:55 utils:77] Epoch: [52], Info: [{'num_test': 100, 'len_tra': 10.0, 'R_tra': 30.95, 'ctr': '3.09500'}]
[I 221225 12:14:58 utils:77] Epoch: [53], Info: [{'num_test': 100, 'len_tra': 10.0, 'R_tra': 30.58, 'ctr': '3.05800'}]
[I 221225 12:18:02 utils:77] Epoch: [54], Info: [{'num_test': 100, 'len_tra': 10.0, 'R_tra': 32.2, 'ctr': '3.22000'}]
[I 221225 12:21:07 utils:77] Epoch: [55], Info: [{'num_test': 100, 'len_tra': 10.0, 'R_tra': 32.85, 'ctr': '3.28500'}]
[I 221225 12:24:11 utils:77] Epoch: [56], Info: [{'num_test': 100, 'len_tra': 10.0, 'R_tra': 32.29, 'ctr': '3.22900'}]
[I 221225 12:27:04 utils:77] Epoch: [57], Info: [{'num_test': 100, 'len_tra': 10.0, 'R_tra': 33.63, 'ctr': '3.36300'}]
[I 221225 12:30:09 utils:77] Epoch: [58], Info: [{'num_test': 100, 'len_tra': 10.0, 'R_tra': 33.49, 'ctr': '3.34900'}]
[I 221225 12:33:12 utils:77] Epoch: [59], Info: [{'num_test': 100, 'len_tra': 10.0, 'R_tra': 33.8, 'ctr': '3.38000'}]
[I 221225 12:36:16 utils:77] Epoch: [60], Info: [{'num_test': 100, 'len_tra': 10.0, 'R_tra': 32.85, 'ctr': '3.28500'}]
[I 221225 12:39:19 utils:77] Epoch: [61], Info: [{'num_test': 100, 'len_tra': 10.0, 'R_tra': 34.31, 'ctr': '3.43100'}]
[I 221225 12:42:24 utils:77] Epoch: [62], Info: [{'num_test': 100, 'len_tra': 10.0, 'R_tra': 35.36, 'ctr': '3.53600'}]
[I 221225 12:45:27 utils:77] Epoch: [63], Info: [{'num_test': 100, 'len_tra': 10.0, 'R_tra': 33.4, 'ctr': '3.34000'}]
[I 221225 12:48:31 utils:77] Epoch: [64], Info: [{'num_test': 100, 'len_tra': 10.0, 'R_tra': 33.24, 'ctr': '3.32400'}]
[I 221225 12:51:34 utils:77] Epoch: [65], Info: [{'num_test': 100, 'len_tra': 9.98, 'R_tra': 32.69, 'ctr': '3.27555'}]
[I 221225 12:54:38 utils:77] Epoch: [66], Info: [{'num_test': 100, 'len_tra': 9.97, 'R_tra': 33.57, 'ctr': '3.36710'}]
[I 221225 12:57:41 utils:77] Epoch: [67], Info: [{'num_test': 100, 'len_tra': 9.99, 'R_tra': 32.04, 'ctr': '3.20721'}]
[I 221225 13:00:47 utils:77] Epoch: [68], Info: [{'num_test': 100, 'len_tra': 10.0, 'R_tra': 33.92, 'ctr': '3.39200'}]
[I 221225 13:03:52 utils:77] Epoch: [69], Info: [{'num_test': 100, 'len_tra': 10.0, 'R_tra': 32.88, 'ctr': '3.28800'}]
[I 221225 13:06:57 utils:77] Epoch: [70], Info: [{'num_test': 100, 'len_tra': 9.93, 'R_tra': 31.51, 'ctr': '3.17321'}]
[I 221225 13:10:00 utils:77] Epoch: [71], Info: [{'num_test': 100, 'len_tra': 10.0, 'R_tra': 31.78, 'ctr': '3.17800'}]
[I 221225 13:13:04 utils:77] Epoch: [72], Info: [{'num_test': 100, 'len_tra': 10.0, 'R_tra': 33.22, 'ctr': '3.32200'}]
[I 221225 13:16:08 utils:77] Epoch: [73], Info: [{'num_test': 100, 'len_tra': 10.0, 'R_tra': 44.15, 'ctr': '4.41500'}]
[I 221225 13:19:13 utils:77] Epoch: [74], Info: [{'num_test': 100, 'len_tra': 10.0, 'R_tra': 25.37, 'ctr': '2.53700'}]
[I 221225 13:22:06 utils:77] Epoch: [75], Info: [{'num_test': 100, 'len_tra': 10.0, 'R_tra': 29.36, 'ctr': '2.93600'}]
[I 221225 13:24:59 utils:77] Epoch: [76], Info: [{'num_test': 100, 'len_tra': 10.0, 'R_tra': 25.77, 'ctr': '2.57700'}]
[I 221225 13:27:52 utils:77] Epoch: [77], Info: [{'num_test': 100, 'len_tra': 10.0, 'R_tra': 28.73, 'ctr': '2.87300'}]
[I 221225 13:30:57 utils:77] Epoch: [78], Info: [{'num_test': 100, 'len_tra': 10.0, 'R_tra': 29.28, 'ctr': '2.92800'}]
[I 221225 13:34:01 utils:77] Epoch: [79], Info: [{'num_test': 100, 'len_tra': 10.0, 'R_tra': 32.57, 'ctr': '3.25700'}]
[I 221225 13:37:04 utils:77] Epoch: [80], Info: [{'num_test': 100, 'len_tra': 10.0, 'R_tra': 31.75, 'ctr': '3.17500'}]
[I 221225 13:40:08 utils:77] Epoch: [81], Info: [{'num_test': 100, 'len_tra': 9.95, 'R_tra': 30.95, 'ctr': '3.11055'}]
[I 221225 13:43:12 utils:77] Epoch: [82], Info: [{'num_test': 100, 'len_tra': 9.96, 'R_tra': 32.51, 'ctr': '3.26406'}]
[I 221225 13:46:15 utils:77] Epoch: [83], Info: [{'num_test': 100, 'len_tra': 9.96, 'R_tra': 30.73, 'ctr': '3.08534'}]
[I 221225 13:49:19 utils:77] Epoch: [84], Info: [{'num_test': 100, 'len_tra': 9.94, 'R_tra': 31.59, 'ctr': '3.17807'}]
[I 221225 13:52:22 utils:77] Epoch: [85], Info: [{'num_test': 100, 'len_tra': 10.0, 'R_tra': 33.06, 'ctr': '3.30600'}]
[I 221225 13:55:26 utils:77] Epoch: [86], Info: [{'num_test': 100, 'len_tra': 10.0, 'R_tra': 33.91, 'ctr': '3.39100'}]
[I 221225 13:58:30 utils:77] Epoch: [87], Info: [{'num_test': 100, 'len_tra': 10.0, 'R_tra': 35.06, 'ctr': '3.50600'}]
[I 221225 14:01:34 utils:77] Epoch: [88], Info: [{'num_test': 100, 'len_tra': 9.99, 'R_tra': 34.58, 'ctr': '3.46146'}]
[I 221225 14:04:38 utils:77] Epoch: [89], Info: [{'num_test': 100, 'len_tra': 10.0, 'R_tra': 35.56, 'ctr': '3.55600'}]
[I 221225 14:07:41 utils:77] Epoch: [90], Info: [{'num_test': 100, 'len_tra': 9.95, 'R_tra': 33.21, 'ctr': '3.33769'}]
[I 221225 14:10:45 utils:77] Epoch: [91], Info: [{'num_test': 100, 'len_tra': 9.93, 'R_tra': 33.99, 'ctr': '3.42296'}]
[I 221225 14:13:47 utils:77] Epoch: [92], Info: [{'num_test': 100, 'len_tra': 9.96, 'R_tra': 32.86, 'ctr': '3.29920'}]
[I 221225 14:16:52 utils:77] Epoch: [93], Info: [{'num_test': 100, 'len_tra': 9.98, 'R_tra': 35.06, 'ctr': '3.51303'}]
[I 221225 14:19:56 utils:77] Epoch: [94], Info: [{'num_test': 100, 'len_tra': 10.0, 'R_tra': 32.74, 'ctr': '3.27400'}]
[I 221225 14:23:00 utils:77] Epoch: [95], Info: [{'num_test': 100, 'len_tra': 9.97, 'R_tra': 34.2, 'ctr': '3.43029'}]
[I 221225 14:26:05 utils:77] Epoch: [96], Info: [{'num_test': 100, 'len_tra': 9.96, 'R_tra': 33.61, 'ctr': '3.37450'}]
[I 221225 14:29:08 utils:77] Epoch: [97], Info: [{'num_test': 100, 'len_tra': 9.97, 'R_tra': 33.73, 'ctr': '3.38315'}]
[I 221225 14:32:14 utils:77] Epoch: [98], Info: [{'num_test': 100, 'len_tra': 9.93, 'R_tra': 33.5, 'ctr': '3.37362'}]
[I 221225 14:35:18 utils:77] Epoch: [99], Info: [{'num_test': 100, 'len_tra': 9.92, 'R_tra': 32.61, 'ctr': '3.28730'}]
[I 221225 14:38:23 utils:77] Epoch: [100], Info: [{'num_test': 100, 'len_tra': 9.95, 'R_tra': 34.46, 'ctr': '3.46332'}]
[I 221225 14:41:26 utils:77] Epoch: [101], Info: [{'num_test': 100, 'len_tra': 10.0, 'R_tra': 34.8, 'ctr': '3.48000'}]
[I 221225 14:44:30 utils:77] Epoch: [102], Info: [{'num_test': 100, 'len_tra': 9.95, 'R_tra': 34.55, 'ctr': '3.47236'}]
[I 221225 14:47:34 utils:77] Epoch: [103], Info: [{'num_test': 100, 'len_tra': 9.91, 'R_tra': 33.72, 'ctr': '3.40262'}]
[I 221225 14:50:37 utils:77] Epoch: [104], Info: [{'num_test': 100, 'len_tra': 9.97, 'R_tra': 33.72, 'ctr': '3.38215'}]
[I 221225 14:53:41 utils:77] Epoch: [105], Info: [{'num_test': 100, 'len_tra': 10.0, 'R_tra': 33.28, 'ctr': '3.32800'}]
[I 221225 14:56:44 utils:77] Epoch: [106], Info: [{'num_test': 100, 'len_tra': 9.96, 'R_tra': 32.65, 'ctr': '3.27811'}]
[I 221225 14:59:48 utils:77] Epoch: [107], Info: [{'num_test': 100, 'len_tra': 10.0, 'R_tra': 35.05, 'ctr': '3.50500'}]
[I 221225 15:02:52 utils:77] Epoch: [108], Info: [{'num_test': 100, 'len_tra': 9.94, 'R_tra': 34.12, 'ctr': '3.43260'}]
[I 221225 15:05:56 utils:77] Epoch: [109], Info: [{'num_test': 100, 'len_tra': 9.94, 'R_tra': 33.27, 'ctr': '3.34708'}]
[I 221225 15:08:59 utils:77] Epoch: [110], Info: [{'num_test': 100, 'len_tra': 9.85, 'R_tra': 34.18, 'ctr': '3.47005'}]
[I 221225 15:12:02 utils:77] Epoch: [111], Info: [{'num_test': 100, 'len_tra': 9.96, 'R_tra': 34.31, 'ctr': '3.44478'}]
[I 221225 15:15:06 utils:77] Epoch: [112], Info: [{'num_test': 100, 'len_tra': 9.89, 'R_tra': 31.83, 'ctr': '3.21840'}]
[I 221225 15:18:09 utils:77] Epoch: [113], Info: [{'num_test': 100, 'len_tra': 9.98, 'R_tra': 33.21, 'ctr': '3.32766'}]
[I 221225 15:21:12 utils:77] Epoch: [114], Info: [{'num_test': 100, 'len_tra': 10.0, 'R_tra': 32.64, 'ctr': '3.26400'}]
[I 221225 15:24:16 utils:77] Epoch: [115], Info: [{'num_test': 100, 'len_tra': 9.96, 'R_tra': 33.37, 'ctr': '3.35040'}]
[I 221225 15:27:20 utils:77] Epoch: [116], Info: [{'num_test': 100, 'len_tra': 9.87, 'R_tra': 31.94, 'ctr': '3.23607'}]
[I 221225 15:30:24 utils:77] Epoch: [117], Info: [{'num_test': 100, 'len_tra': 9.91, 'R_tra': 33.3, 'ctr': '3.36024'}]
[I 221225 15:33:27 utils:77] Epoch: [118], Info: [{'num_test': 100, 'len_tra': 9.81, 'R_tra': 33.41, 'ctr': '3.40571'}]
[I 221225 15:36:31 utils:77] Epoch: [119], Info: [{'num_test': 100, 'len_tra': 10.0, 'R_tra': 33.41, 'ctr': '3.34100'}]
[I 221225 15:39:35 utils:77] Epoch: [120], Info: [{'num_test': 100, 'len_tra': 9.9, 'R_tra': 32.09, 'ctr': '3.24141'}]
[I 221225 15:42:40 utils:77] Epoch: [121], Info: [{'num_test': 100, 'len_tra': 9.95, 'R_tra': 28.41, 'ctr': '2.85528'}]
[I 221225 15:45:44 utils:77] Epoch: [122], Info: [{'num_test': 100, 'len_tra': 9.94, 'R_tra': 24.79, 'ctr': '2.49396'}]
[I 221225 15:48:49 utils:77] Epoch: [123], Info: [{'num_test': 100, 'len_tra': 9.86, 'R_tra': 24.14, 'ctr': '2.44828'}]
[I 221225 15:51:51 utils:77] Epoch: [124], Info: [{'num_test': 100, 'len_tra': 9.9, 'R_tra': 27.71, 'ctr': '2.79899'}]
[I 221225 15:54:55 utils:77] Epoch: [125], Info: [{'num_test': 100, 'len_tra': 10.0, 'R_tra': 26.56, 'ctr': '2.65600'}]
[I 221225 15:57:58 utils:77] Epoch: [126], Info: [{'num_test': 100, 'len_tra': 9.8, 'R_tra': 23.38, 'ctr': '2.38571'}]
[I 221225 16:01:01 utils:77] Epoch: [127], Info: [{'num_test': 100, 'len_tra': 9.86, 'R_tra': 24.54, 'ctr': '2.48884'}]
[I 221225 16:04:05 utils:77] Epoch: [128], Info: [{'num_test': 100, 'len_tra': 9.85, 'R_tra': 25.78, 'ctr': '2.61726'}]
[I 221225 16:07:08 utils:77] Epoch: [129], Info: [{'num_test': 100, 'len_tra': 9.84, 'R_tra': 27.05, 'ctr': '2.74898'}]
[I 221225 16:10:12 utils:77] Epoch: [130], Info: [{'num_test': 100, 'len_tra': 10.0, 'R_tra': 28.19, 'ctr': '2.81900'}]
[I 221225 16:13:15 utils:77] Epoch: [131], Info: [{'num_test': 100, 'len_tra': 9.94, 'R_tra': 28.08, 'ctr': '2.82495'}]
[I 221225 16:16:19 utils:77] Epoch: [132], Info: [{'num_test': 100, 'len_tra': 9.75, 'R_tra': 23.0, 'ctr': '2.35897'}]
[I 221225 16:19:25 utils:77] Epoch: [133], Info: [{'num_test': 100, 'len_tra': 9.97, 'R_tra': 23.95, 'ctr': '2.40221'}]
[I 221225 16:22:30 utils:77] Epoch: [134], Info: [{'num_test': 100, 'len_tra': 9.9, 'R_tra': 25.21, 'ctr': '2.54646'}]
[I 221225 16:25:34 utils:77] Epoch: [135], Info: [{'num_test': 100, 'len_tra': 9.81, 'R_tra': 23.9, 'ctr': '2.43629'}]
[I 221225 16:28:38 utils:77] Epoch: [136], Info: [{'num_test': 100, 'len_tra': 9.99, 'R_tra': 25.83, 'ctr': '2.58559'}]
[I 221225 16:31:41 utils:77] Epoch: [137], Info: [{'num_test': 100, 'len_tra': 9.91, 'R_tra': 26.57, 'ctr': '2.68113'}]
[I 221225 16:34:44 utils:77] Epoch: [138], Info: [{'num_test': 100, 'len_tra': 9.95, 'R_tra': 27.05, 'ctr': '2.71859'}]
[I 221225 16:37:49 utils:77] Epoch: [139], Info: [{'num_test': 100, 'len_tra': 9.8, 'R_tra': 24.27, 'ctr': '2.47653'}]
[I 221225 16:40:53 utils:77] Epoch: [140], Info: [{'num_test': 100, 'len_tra': 9.87, 'R_tra': 25.43, 'ctr': '2.57649'}]
[I 221225 16:43:57 utils:77] Epoch: [141], Info: [{'num_test': 100, 'len_tra': 9.83, 'R_tra': 26.05, 'ctr': '2.65005'}]
[I 221225 16:47:01 utils:77] Epoch: [142], Info: [{'num_test': 100, 'len_tra': 9.86, 'R_tra': 25.0, 'ctr': '2.53550'}]
[I 221225 16:50:04 utils:77] Epoch: [143], Info: [{'num_test': 100, 'len_tra': 9.86, 'R_tra': 25.89, 'ctr': '2.62576'}]
[I 221225 16:53:07 utils:77] Epoch: [144], Info: [{'num_test': 100, 'len_tra': 9.92, 'R_tra': 24.99, 'ctr': '2.51915'}]
[I 221225 16:56:10 utils:77] Epoch: [145], Info: [{'num_test': 100, 'len_tra': 9.92, 'R_tra': 24.77, 'ctr': '2.49698'}]
[I 221225 16:59:12 utils:77] Epoch: [146], Info: [{'num_test': 100, 'len_tra': 9.96, 'R_tra': 27.09, 'ctr': '2.71988'}]
[I 221225 17:02:16 utils:77] Epoch: [147], Info: [{'num_test': 100, 'len_tra': 9.89, 'R_tra': 26.45, 'ctr': '2.67442'}]
[I 221225 17:05:20 utils:77] Epoch: [148], Info: [{'num_test': 100, 'len_tra': 10.0, 'R_tra': 26.64, 'ctr': '2.66400'}]
[I 221225 17:08:23 utils:77] Epoch: [149], Info: [{'num_test': 100, 'len_tra': 10.0, 'R_tra': 28.64, 'ctr': '2.86400'}]
[I 221225 17:11:26 utils:77] Epoch: [150], Info: [{'num_test': 100, 'len_tra': 9.9, 'R_tra': 31.06, 'ctr': '3.13737'}]
[I 221225 17:14:28 utils:77] Epoch: [151], Info: [{'num_test': 100, 'len_tra': 9.93, 'R_tra': 26.3, 'ctr': '2.64854'}]
[I 221225 17:17:30 utils:77] Epoch: [152], Info: [{'num_test': 100, 'len_tra': 9.92, 'R_tra': 27.42, 'ctr': '2.76411'}]
[I 221225 17:20:33 utils:77] Epoch: [153], Info: [{'num_test': 100, 'len_tra': 9.95, 'R_tra': 28.62, 'ctr': '2.87638'}]
[I 221225 17:23:35 utils:77] Epoch: [154], Info: [{'num_test': 100, 'len_tra': 9.97, 'R_tra': 29.46, 'ctr': '2.95486'}]
[I 221225 17:26:39 utils:77] Epoch: [155], Info: [{'num_test': 100, 'len_tra': 10.0, 'R_tra': 27.77, 'ctr': '2.77700'}]
[I 221225 17:29:41 utils:77] Epoch: [156], Info: [{'num_test': 100, 'len_tra': 9.74, 'R_tra': 24.67, 'ctr': '2.53285'}]
[I 221225 17:32:43 utils:77] Epoch: [157], Info: [{'num_test': 100, 'len_tra': 9.75, 'R_tra': 25.12, 'ctr': '2.57641'}]
[I 221225 17:35:46 utils:77] Epoch: [158], Info: [{'num_test': 100, 'len_tra': 9.96, 'R_tra': 26.94, 'ctr': '2.70482'}]
[I 221225 17:38:48 utils:77] Epoch: [159], Info: [{'num_test': 100, 'len_tra': 9.93, 'R_tra': 26.79, 'ctr': '2.69789'}]
[I 221225 17:41:52 utils:77] Epoch: [160], Info: [{'num_test': 100, 'len_tra': 9.94, 'R_tra': 27.77, 'ctr': '2.79376'}]
[I 221225 17:44:54 utils:77] Epoch: [161], Info: [{'num_test': 100, 'len_tra': 10.0, 'R_tra': 27.34, 'ctr': '2.73400'}]
[I 221225 17:47:57 utils:77] Epoch: [162], Info: [{'num_test': 100, 'len_tra': 9.91, 'R_tra': 26.7, 'ctr': '2.69425'}]
[I 221225 17:50:59 utils:77] Epoch: [163], Info: [{'num_test': 100, 'len_tra': 9.94, 'R_tra': 26.99, 'ctr': '2.71529'}]
[I 221225 17:54:01 utils:77] Epoch: [164], Info: [{'num_test': 100, 'len_tra': 9.94, 'R_tra': 26.72, 'ctr': '2.68813'}]
[I 221225 17:57:04 utils:77] Epoch: [165], Info: [{'num_test': 100, 'len_tra': 9.88, 'R_tra': 27.02, 'ctr': '2.73482'}]
[I 221225 18:00:06 utils:77] Epoch: [166], Info: [{'num_test': 100, 'len_tra': 10.0, 'R_tra': 26.37, 'ctr': '2.63700'}]
[I 221225 18:03:09 utils:77] Epoch: [167], Info: [{'num_test': 100, 'len_tra': 9.87, 'R_tra': 26.51, 'ctr': '2.68592'}]
[I 221225 18:06:11 utils:77] Epoch: [168], Info: [{'num_test': 100, 'len_tra': 9.97, 'R_tra': 27.43, 'ctr': '2.75125'}]
[I 221225 18:09:13 utils:77] Epoch: [169], Info: [{'num_test': 100, 'len_tra': 9.96, 'R_tra': 26.91, 'ctr': '2.70181'}]
[I 221225 18:12:16 utils:77] Epoch: [170], Info: [{'num_test': 100, 'len_tra': 9.98, 'R_tra': 28.79, 'ctr': '2.88477'}]
[I 221225 18:15:18 utils:77] Epoch: [171], Info: [{'num_test': 100, 'len_tra': 9.77, 'R_tra': 27.99, 'ctr': '2.86489'}]
[I 221225 18:18:20 utils:77] Epoch: [172], Info: [{'num_test': 100, 'len_tra': 9.79, 'R_tra': 26.92, 'ctr': '2.74974'}]
[I 221225 18:21:22 utils:77] Epoch: [173], Info: [{'num_test': 100, 'len_tra': 10.0, 'R_tra': 26.62, 'ctr': '2.66200'}]
[I 221225 18:24:24 utils:77] Epoch: [174], Info: [{'num_test': 100, 'len_tra': 9.9, 'R_tra': 26.94, 'ctr': '2.72121'}]
[I 221225 18:27:27 utils:77] Epoch: [175], Info: [{'num_test': 100, 'len_tra': 9.94, 'R_tra': 27.61, 'ctr': '2.77767'}]
[I 221225 18:30:30 utils:77] Epoch: [176], Info: [{'num_test': 100, 'len_tra': 9.98, 'R_tra': 26.93, 'ctr': '2.69840'}]
[I 221225 18:33:31 utils:77] Epoch: [177], Info: [{'num_test': 100, 'len_tra': 9.95, 'R_tra': 28.8, 'ctr': '2.89447'}]
[I 221225 18:36:34 utils:77] Epoch: [178], Info: [{'num_test': 100, 'len_tra': 9.94, 'R_tra': 30.47, 'ctr': '3.06539'}]
[I 221225 18:39:35 utils:77] Epoch: [179], Info: [{'num_test': 100, 'len_tra': 9.87, 'R_tra': 29.62, 'ctr': '3.00101'}]
[I 221225 18:42:37 utils:77] Epoch: [180], Info: [{'num_test': 100, 'len_tra': 10.0, 'R_tra': 29.7, 'ctr': '2.97000'}]
[I 221225 18:45:39 utils:77] Epoch: [181], Info: [{'num_test': 100, 'len_tra': 9.89, 'R_tra': 27.92, 'ctr': '2.82305'}]
[I 221225 18:48:41 utils:77] Epoch: [182], Info: [{'num_test': 100, 'len_tra': 9.81, 'R_tra': 31.32, 'ctr': '3.19266'}]
[I 221225 18:51:43 utils:77] Epoch: [183], Info: [{'num_test': 100, 'len_tra': 9.97, 'R_tra': 30.64, 'ctr': '3.07322'}]
[I 221225 18:54:45 utils:77] Epoch: [184], Info: [{'num_test': 100, 'len_tra': 10.0, 'R_tra': 29.26, 'ctr': '2.92600'}]
[I 221225 18:57:48 utils:77] Epoch: [185], Info: [{'num_test': 100, 'len_tra': 9.89, 'R_tra': 31.28, 'ctr': '3.16279'}]
[I 221225 19:00:49 utils:77] Epoch: [186], Info: [{'num_test': 100, 'len_tra': 10.0, 'R_tra': 30.44, 'ctr': '3.04400'}]
[I 221225 19:03:53 utils:77] Epoch: [187], Info: [{'num_test': 100, 'len_tra': 9.86, 'R_tra': 34.33, 'ctr': '3.48174'}]
[I 221225 19:06:56 utils:77] Epoch: [188], Info: [{'num_test': 100, 'len_tra': 9.89, 'R_tra': 34.12, 'ctr': '3.44995'}]
[I 221225 19:09:58 utils:77] Epoch: [189], Info: [{'num_test': 100, 'len_tra': 9.94, 'R_tra': 36.88, 'ctr': '3.71026'}]
[I 221225 19:12:59 utils:77] Epoch: [190], Info: [{'num_test': 100, 'len_tra': 9.9, 'R_tra': 36.74, 'ctr': '3.71111'}]
[I 221225 19:16:01 utils:77] Epoch: [191], Info: [{'num_test': 100, 'len_tra': 9.94, 'R_tra': 38.07, 'ctr': '3.82998'}]
[I 221225 19:19:03 utils:77] Epoch: [192], Info: [{'num_test': 100, 'len_tra': 9.87, 'R_tra': 35.91, 'ctr': '3.63830'}]
[I 221225 19:22:05 utils:77] Epoch: [193], Info: [{'num_test': 100, 'len_tra': 9.9, 'R_tra': 35.69, 'ctr': '3.60505'}]
[I 221225 19:25:08 utils:77] Epoch: [194], Info: [{'num_test': 100, 'len_tra': 9.8, 'R_tra': 33.4, 'ctr': '3.40816'}]
[I 221225 19:28:10 utils:77] Epoch: [195], Info: [{'num_test': 100, 'len_tra': 9.94, 'R_tra': 36.04, 'ctr': '3.62575'}]
[I 221225 19:31:12 utils:77] Epoch: [196], Info: [{'num_test': 100, 'len_tra': 9.97, 'R_tra': 33.85, 'ctr': '3.39519'}]
[I 221225 19:34:14 utils:77] Epoch: [197], Info: [{'num_test': 100, 'len_tra': 10.0, 'R_tra': 33.31, 'ctr': '3.33100'}]
[I 221225 19:37:17 utils:77] Epoch: [198], Info: [{'num_test': 100, 'len_tra': 9.98, 'R_tra': 34.05, 'ctr': '3.41182'}]
[I 221225 19:40:17 utils:77] Epoch: [199], Info: [{'num_test': 100, 'len_tra': 9.96, 'R_tra': 35.32, 'ctr': '3.54618'}]
[I 221225 19:43:17 utils:77] Epoch: [200], Info: [{'num_test': 100, 'len_tra': 9.93, 'R_tra': 35.21, 'ctr': '3.54582'}]
