[I 221224 23:34:41 CIRS-RL-taobao:134] {
      "env": "VirtualTB-v0",
      "user_model_name": "MLP",
      "model_name": "CIRS",
      "seed": 2022,
      "cuda": 0,
      "cpu": false,
      "is_save": false,
      "version": "v1",
      "tau": 0.0,
      "gamma_exposure": 10,
      "leave_threshold": 3.0,
      "num_leave_compute": 5,
      "max_turn": 10,
      "dim_state": 20,
      "dim_model": 27,
      "nhead": 3,
      "buffer_size": 11000,
      "lr": 0.001,
      "gamma": 0.95,
      "epoch": 200,
      "step_per_epoch": 15000,
      "repeat_per_collect": 2,
      "batch_size": 2048,
      "hidden_sizes": [
        64,
        64
      ],
      "episode_per_collect": 100,
      "training_num": 100,
      "test_num": 100,
      "render": 0.0,
      "vf_coef": 0.25,
      "ent_coef": 0.0,
      "eps_clip": 0.2,
      "max_grad_norm": 0.5,
      "gae_lambda": 0.95,
      "rew_norm": 1,
      "dual_clip": null,
      "value_clip": 1,
      "norm_adv": 1,
      "recompute_adv": 0,
      "resume": false,
      "save_interval": 1000,
      "read_message": "taobao tau 0",
      "message": "CIRS w_o CI-leave3"
    }
[I 221224 23:37:51 utils:77] Epoch: [1], Info: [{'num_test': 100, 'len_tra': 9.92, 'R_tra': 10.61, 'ctr': '1.06956'}]
[I 221224 23:40:45 utils:77] Epoch: [2], Info: [{'num_test': 100, 'len_tra': 9.12, 'R_tra': 15.59, 'ctr': '1.70943'}]
[I 221224 23:43:34 utils:77] Epoch: [3], Info: [{'num_test': 100, 'len_tra': 9.14, 'R_tra': 16.02, 'ctr': '1.75274'}]
[I 221224 23:46:32 utils:77] Epoch: [4], Info: [{'num_test': 100, 'len_tra': 9.2, 'R_tra': 15.54, 'ctr': '1.68913'}]
[I 221224 23:49:30 utils:77] Epoch: [5], Info: [{'num_test': 100, 'len_tra': 9.15, 'R_tra': 17.4, 'ctr': '1.90164'}]
[I 221224 23:52:29 utils:77] Epoch: [6], Info: [{'num_test': 100, 'len_tra': 8.88, 'R_tra': 18.18, 'ctr': '2.04730'}]
[I 221224 23:55:28 utils:77] Epoch: [7], Info: [{'num_test': 100, 'len_tra': 9.4, 'R_tra': 17.66, 'ctr': '1.87872'}]
[I 221224 23:58:28 utils:77] Epoch: [8], Info: [{'num_test': 100, 'len_tra': 9.31, 'R_tra': 19.1, 'ctr': '2.05156'}]
[I 221225 00:01:29 utils:77] Epoch: [9], Info: [{'num_test': 100, 'len_tra': 9.06, 'R_tra': 20.07, 'ctr': '2.21523'}]
[I 221225 00:04:29 utils:77] Epoch: [10], Info: [{'num_test': 100, 'len_tra': 9.31, 'R_tra': 16.24, 'ctr': '1.74436'}]
[I 221225 00:07:29 utils:77] Epoch: [11], Info: [{'num_test': 100, 'len_tra': 9.37, 'R_tra': 19.15, 'ctr': '2.04376'}]
[I 221225 00:10:28 utils:77] Epoch: [12], Info: [{'num_test': 100, 'len_tra': 9.08, 'R_tra': 19.81, 'ctr': '2.18172'}]
[I 221225 00:13:26 utils:77] Epoch: [13], Info: [{'num_test': 100, 'len_tra': 9.34, 'R_tra': 20.22, 'ctr': '2.16488'}]
[I 221225 00:16:26 utils:77] Epoch: [14], Info: [{'num_test': 100, 'len_tra': 9.56, 'R_tra': 19.28, 'ctr': '2.01674'}]
[I 221225 00:19:17 utils:77] Epoch: [15], Info: [{'num_test': 100, 'len_tra': 9.43, 'R_tra': 18.02, 'ctr': '1.91092'}]
[I 221225 00:22:09 utils:77] Epoch: [16], Info: [{'num_test': 100, 'len_tra': 9.54, 'R_tra': 19.27, 'ctr': '2.01992'}]
[I 221225 00:25:00 utils:77] Epoch: [17], Info: [{'num_test': 100, 'len_tra': 9.17, 'R_tra': 19.21, 'ctr': '2.09487'}]
[I 221225 00:27:51 utils:77] Epoch: [18], Info: [{'num_test': 100, 'len_tra': 9.79, 'R_tra': 20.56, 'ctr': '2.10010'}]
[I 221225 00:30:42 utils:77] Epoch: [19], Info: [{'num_test': 100, 'len_tra': 9.38, 'R_tra': 19.98, 'ctr': '2.13006'}]
[I 221225 00:33:32 utils:77] Epoch: [20], Info: [{'num_test': 100, 'len_tra': 9.33, 'R_tra': 20.21, 'ctr': '2.16613'}]
[I 221225 00:36:23 utils:77] Epoch: [21], Info: [{'num_test': 100, 'len_tra': 9.32, 'R_tra': 20.17, 'ctr': '2.16416'}]
[I 221225 00:39:14 utils:77] Epoch: [22], Info: [{'num_test': 100, 'len_tra': 9.57, 'R_tra': 19.51, 'ctr': '2.03866'}]
[I 221225 00:42:04 utils:77] Epoch: [23], Info: [{'num_test': 100, 'len_tra': 9.61, 'R_tra': 19.26, 'ctr': '2.00416'}]
[I 221225 00:44:56 utils:77] Epoch: [24], Info: [{'num_test': 100, 'len_tra': 9.45, 'R_tra': 19.19, 'ctr': '2.03069'}]
[I 221225 00:47:49 utils:77] Epoch: [25], Info: [{'num_test': 100, 'len_tra': 9.59, 'R_tra': 18.81, 'ctr': '1.96142'}]
[I 221225 00:50:42 utils:77] Epoch: [26], Info: [{'num_test': 100, 'len_tra': 9.32, 'R_tra': 18.89, 'ctr': '2.02682'}]
[I 221225 00:53:34 utils:77] Epoch: [27], Info: [{'num_test': 100, 'len_tra': 9.87, 'R_tra': 19.32, 'ctr': '1.95745'}]
[I 221225 00:56:27 utils:77] Epoch: [28], Info: [{'num_test': 100, 'len_tra': 9.37, 'R_tra': 18.67, 'ctr': '1.99253'}]
[I 221225 00:59:19 utils:77] Epoch: [29], Info: [{'num_test': 100, 'len_tra': 9.37, 'R_tra': 15.38, 'ctr': '1.64141'}]
[I 221225 01:02:11 utils:77] Epoch: [30], Info: [{'num_test': 100, 'len_tra': 9.26, 'R_tra': 15.5, 'ctr': '1.67387'}]
[I 221225 01:05:03 utils:77] Epoch: [31], Info: [{'num_test': 100, 'len_tra': 9.59, 'R_tra': 18.59, 'ctr': '1.93848'}]
[I 221225 01:07:55 utils:77] Epoch: [32], Info: [{'num_test': 100, 'len_tra': 9.66, 'R_tra': 20.84, 'ctr': '2.15735'}]
[I 221225 01:10:44 utils:77] Epoch: [33], Info: [{'num_test': 100, 'len_tra': 9.64, 'R_tra': 18.6, 'ctr': '1.92946'}]
[I 221225 01:13:36 utils:77] Epoch: [34], Info: [{'num_test': 100, 'len_tra': 9.46, 'R_tra': 16.56, 'ctr': '1.75053'}]
[I 221225 01:16:35 utils:77] Epoch: [35], Info: [{'num_test': 100, 'len_tra': 9.18, 'R_tra': 17.67, 'ctr': '1.92484'}]
[I 221225 01:19:25 utils:77] Epoch: [36], Info: [{'num_test': 100, 'len_tra': 9.63, 'R_tra': 15.34, 'ctr': '1.59294'}]
[I 221225 01:22:18 utils:77] Epoch: [37], Info: [{'num_test': 100, 'len_tra': 9.55, 'R_tra': 17.28, 'ctr': '1.80942'}]
[I 221225 01:25:08 utils:77] Epoch: [38], Info: [{'num_test': 100, 'len_tra': 9.14, 'R_tra': 16.11, 'ctr': '1.76258'}]
[I 221225 01:28:00 utils:77] Epoch: [39], Info: [{'num_test': 100, 'len_tra': 9.66, 'R_tra': 18.54, 'ctr': '1.91925'}]
[I 221225 01:30:52 utils:77] Epoch: [40], Info: [{'num_test': 100, 'len_tra': 9.6, 'R_tra': 20.0, 'ctr': '2.08333'}]
[I 221225 01:33:44 utils:77] Epoch: [41], Info: [{'num_test': 100, 'len_tra': 9.43, 'R_tra': 18.33, 'ctr': '1.94380'}]
[I 221225 01:36:43 utils:77] Epoch: [42], Info: [{'num_test': 100, 'len_tra': 9.03, 'R_tra': 18.11, 'ctr': '2.00554'}]
[I 221225 01:39:33 utils:77] Epoch: [43], Info: [{'num_test': 100, 'len_tra': 9.3, 'R_tra': 18.79, 'ctr': '2.02043'}]
[I 221225 01:42:24 utils:77] Epoch: [44], Info: [{'num_test': 100, 'len_tra': 9.28, 'R_tra': 18.89, 'ctr': '2.03556'}]
[I 221225 01:45:16 utils:77] Epoch: [45], Info: [{'num_test': 100, 'len_tra': 9.73, 'R_tra': 18.84, 'ctr': '1.93628'}]
[I 221225 01:48:09 utils:77] Epoch: [46], Info: [{'num_test': 100, 'len_tra': 9.56, 'R_tra': 19.04, 'ctr': '1.99163'}]
[I 221225 01:51:00 utils:77] Epoch: [47], Info: [{'num_test': 100, 'len_tra': 9.45, 'R_tra': 18.71, 'ctr': '1.97989'}]
[I 221225 01:53:52 utils:77] Epoch: [48], Info: [{'num_test': 100, 'len_tra': 9.41, 'R_tra': 19.0, 'ctr': '2.01913'}]
[I 221225 01:56:43 utils:77] Epoch: [49], Info: [{'num_test': 100, 'len_tra': 9.41, 'R_tra': 17.37, 'ctr': '1.84591'}]
[I 221225 01:59:36 utils:77] Epoch: [50], Info: [{'num_test': 100, 'len_tra': 9.44, 'R_tra': 17.15, 'ctr': '1.81674'}]
[I 221225 02:02:28 utils:77] Epoch: [51], Info: [{'num_test': 100, 'len_tra': 9.5, 'R_tra': 18.38, 'ctr': '1.93474'}]
[I 221225 02:05:20 utils:77] Epoch: [52], Info: [{'num_test': 100, 'len_tra': 9.66, 'R_tra': 19.49, 'ctr': '2.01760'}]
[I 221225 02:08:12 utils:77] Epoch: [53], Info: [{'num_test': 100, 'len_tra': 9.64, 'R_tra': 21.74, 'ctr': '2.25519'}]
[I 221225 02:11:04 utils:77] Epoch: [54], Info: [{'num_test': 100, 'len_tra': 9.36, 'R_tra': 18.63, 'ctr': '1.99038'}]
[I 221225 02:13:55 utils:77] Epoch: [55], Info: [{'num_test': 100, 'len_tra': 9.6, 'R_tra': 18.11, 'ctr': '1.88646'}]
[I 221225 02:16:46 utils:77] Epoch: [56], Info: [{'num_test': 100, 'len_tra': 9.6, 'R_tra': 18.95, 'ctr': '1.97396'}]
[I 221225 02:19:39 utils:77] Epoch: [57], Info: [{'num_test': 100, 'len_tra': 9.36, 'R_tra': 16.88, 'ctr': '1.80342'}]
[I 221225 02:22:31 utils:77] Epoch: [58], Info: [{'num_test': 100, 'len_tra': 9.56, 'R_tra': 17.99, 'ctr': '1.88180'}]
[I 221225 02:25:23 utils:77] Epoch: [59], Info: [{'num_test': 100, 'len_tra': 9.52, 'R_tra': 18.63, 'ctr': '1.95693'}]
[I 221225 02:28:14 utils:77] Epoch: [60], Info: [{'num_test': 100, 'len_tra': 9.72, 'R_tra': 20.67, 'ctr': '2.12654'}]
[I 221225 02:31:06 utils:77] Epoch: [61], Info: [{'num_test': 100, 'len_tra': 9.56, 'R_tra': 19.03, 'ctr': '1.99059'}]
[I 221225 02:33:57 utils:77] Epoch: [62], Info: [{'num_test': 100, 'len_tra': 9.49, 'R_tra': 19.15, 'ctr': '2.01791'}]
[I 221225 02:36:49 utils:77] Epoch: [63], Info: [{'num_test': 100, 'len_tra': 9.48, 'R_tra': 19.28, 'ctr': '2.03376'}]
[I 221225 02:39:40 utils:77] Epoch: [64], Info: [{'num_test': 100, 'len_tra': 9.74, 'R_tra': 20.83, 'ctr': '2.13860'}]
[I 221225 02:42:31 utils:77] Epoch: [65], Info: [{'num_test': 100, 'len_tra': 9.5, 'R_tra': 19.78, 'ctr': '2.08211'}]
[I 221225 02:45:22 utils:77] Epoch: [66], Info: [{'num_test': 100, 'len_tra': 9.5, 'R_tra': 19.91, 'ctr': '2.09579'}]
[I 221225 02:48:14 utils:77] Epoch: [67], Info: [{'num_test': 100, 'len_tra': 9.23, 'R_tra': 17.09, 'ctr': '1.85157'}]
[I 221225 02:51:05 utils:77] Epoch: [68], Info: [{'num_test': 100, 'len_tra': 9.61, 'R_tra': 18.57, 'ctr': '1.93236'}]
[I 221225 02:53:57 utils:77] Epoch: [69], Info: [{'num_test': 100, 'len_tra': 9.58, 'R_tra': 17.84, 'ctr': '1.86221'}]
[I 221225 02:56:47 utils:77] Epoch: [70], Info: [{'num_test': 100, 'len_tra': 9.34, 'R_tra': 17.44, 'ctr': '1.86724'}]
[I 221225 02:59:39 utils:77] Epoch: [71], Info: [{'num_test': 100, 'len_tra': 9.41, 'R_tra': 20.12, 'ctr': '2.13815'}]
[I 221225 03:02:31 utils:77] Epoch: [72], Info: [{'num_test': 100, 'len_tra': 9.78, 'R_tra': 20.58, 'ctr': '2.10429'}]
[I 221225 03:05:24 utils:77] Epoch: [73], Info: [{'num_test': 100, 'len_tra': 9.7, 'R_tra': 19.63, 'ctr': '2.02371'}]
[I 221225 03:08:17 utils:77] Epoch: [74], Info: [{'num_test': 100, 'len_tra': 9.52, 'R_tra': 18.64, 'ctr': '1.95798'}]
[I 221225 03:11:07 utils:77] Epoch: [75], Info: [{'num_test': 100, 'len_tra': 9.52, 'R_tra': 20.85, 'ctr': '2.19013'}]
[I 221225 03:14:00 utils:77] Epoch: [76], Info: [{'num_test': 100, 'len_tra': 9.43, 'R_tra': 18.35, 'ctr': '1.94592'}]
[I 221225 03:16:54 utils:77] Epoch: [77], Info: [{'num_test': 100, 'len_tra': 9.77, 'R_tra': 18.55, 'ctr': '1.89867'}]
[I 221225 03:19:45 utils:77] Epoch: [78], Info: [{'num_test': 100, 'len_tra': 9.34, 'R_tra': 18.83, 'ctr': '2.01606'}]
[I 221225 03:22:35 utils:77] Epoch: [79], Info: [{'num_test': 100, 'len_tra': 9.33, 'R_tra': 19.61, 'ctr': '2.10182'}]
[I 221225 03:25:27 utils:77] Epoch: [80], Info: [{'num_test': 100, 'len_tra': 9.52, 'R_tra': 18.85, 'ctr': '1.98004'}]
[I 221225 03:28:19 utils:77] Epoch: [81], Info: [{'num_test': 100, 'len_tra': 9.67, 'R_tra': 19.85, 'ctr': '2.05274'}]
[I 221225 03:31:11 utils:77] Epoch: [82], Info: [{'num_test': 100, 'len_tra': 9.71, 'R_tra': 18.51, 'ctr': '1.90628'}]
[I 221225 03:34:03 utils:77] Epoch: [83], Info: [{'num_test': 100, 'len_tra': 9.37, 'R_tra': 18.35, 'ctr': '1.95838'}]
[I 221225 03:36:56 utils:77] Epoch: [84], Info: [{'num_test': 100, 'len_tra': 9.49, 'R_tra': 17.62, 'ctr': '1.85669'}]
[I 221225 03:39:48 utils:77] Epoch: [85], Info: [{'num_test': 100, 'len_tra': 9.7, 'R_tra': 18.06, 'ctr': '1.86186'}]
[I 221225 03:42:41 utils:77] Epoch: [86], Info: [{'num_test': 100, 'len_tra': 9.56, 'R_tra': 16.5, 'ctr': '1.72594'}]
[I 221225 03:45:35 utils:77] Epoch: [87], Info: [{'num_test': 100, 'len_tra': 9.76, 'R_tra': 19.66, 'ctr': '2.01434'}]
[I 221225 03:48:27 utils:77] Epoch: [88], Info: [{'num_test': 100, 'len_tra': 9.54, 'R_tra': 18.3, 'ctr': '1.91824'}]
[I 221225 03:51:19 utils:77] Epoch: [89], Info: [{'num_test': 100, 'len_tra': 9.55, 'R_tra': 19.89, 'ctr': '2.08272'}]
[I 221225 03:54:11 utils:77] Epoch: [90], Info: [{'num_test': 100, 'len_tra': 9.11, 'R_tra': 20.18, 'ctr': '2.21515'}]
[I 221225 03:57:02 utils:77] Epoch: [91], Info: [{'num_test': 100, 'len_tra': 9.32, 'R_tra': 19.88, 'ctr': '2.13305'}]
[I 221225 03:59:54 utils:77] Epoch: [92], Info: [{'num_test': 100, 'len_tra': 9.57, 'R_tra': 20.88, 'ctr': '2.18182'}]
[I 221225 04:02:45 utils:77] Epoch: [93], Info: [{'num_test': 100, 'len_tra': 9.38, 'R_tra': 19.68, 'ctr': '2.09808'}]
[I 221225 04:05:37 utils:77] Epoch: [94], Info: [{'num_test': 100, 'len_tra': 9.67, 'R_tra': 20.36, 'ctr': '2.10548'}]
[I 221225 04:08:30 utils:77] Epoch: [95], Info: [{'num_test': 100, 'len_tra': 9.7, 'R_tra': 20.02, 'ctr': '2.06392'}]
[I 221225 04:11:21 utils:77] Epoch: [96], Info: [{'num_test': 100, 'len_tra': 9.58, 'R_tra': 19.99, 'ctr': '2.08664'}]
[I 221225 04:14:12 utils:77] Epoch: [97], Info: [{'num_test': 100, 'len_tra': 9.35, 'R_tra': 18.59, 'ctr': '1.98824'}]
[I 221225 04:17:04 utils:77] Epoch: [98], Info: [{'num_test': 100, 'len_tra': 9.53, 'R_tra': 19.3, 'ctr': '2.02518'}]
[I 221225 04:19:56 utils:77] Epoch: [99], Info: [{'num_test': 100, 'len_tra': 9.53, 'R_tra': 19.91, 'ctr': '2.08919'}]
[I 221225 04:22:48 utils:77] Epoch: [100], Info: [{'num_test': 100, 'len_tra': 9.67, 'R_tra': 19.73, 'ctr': '2.04033'}]
[I 221225 04:25:40 utils:77] Epoch: [101], Info: [{'num_test': 100, 'len_tra': 9.74, 'R_tra': 20.44, 'ctr': '2.09856'}]
[I 221225 04:28:32 utils:77] Epoch: [102], Info: [{'num_test': 100, 'len_tra': 9.76, 'R_tra': 19.45, 'ctr': '1.99283'}]
[I 221225 04:31:25 utils:77] Epoch: [103], Info: [{'num_test': 100, 'len_tra': 9.85, 'R_tra': 19.42, 'ctr': '1.97157'}]
[I 221225 04:34:18 utils:77] Epoch: [104], Info: [{'num_test': 100, 'len_tra': 9.77, 'R_tra': 18.96, 'ctr': '1.94063'}]
[I 221225 04:37:11 utils:77] Epoch: [105], Info: [{'num_test': 100, 'len_tra': 9.63, 'R_tra': 20.28, 'ctr': '2.10592'}]
[I 221225 04:40:04 utils:77] Epoch: [106], Info: [{'num_test': 100, 'len_tra': 9.7, 'R_tra': 19.3, 'ctr': '1.98969'}]
[I 221225 04:42:56 utils:77] Epoch: [107], Info: [{'num_test': 100, 'len_tra': 9.39, 'R_tra': 18.81, 'ctr': '2.00319'}]
[I 221225 04:45:47 utils:77] Epoch: [108], Info: [{'num_test': 100, 'len_tra': 9.52, 'R_tra': 19.48, 'ctr': '2.04622'}]
[I 221225 04:48:40 utils:77] Epoch: [109], Info: [{'num_test': 100, 'len_tra': 9.54, 'R_tra': 19.15, 'ctr': '2.00734'}]
[I 221225 04:51:31 utils:77] Epoch: [110], Info: [{'num_test': 100, 'len_tra': 9.81, 'R_tra': 20.35, 'ctr': '2.07441'}]
[I 221225 04:54:22 utils:77] Epoch: [111], Info: [{'num_test': 100, 'len_tra': 9.44, 'R_tra': 18.75, 'ctr': '1.98623'}]
[I 221225 04:57:14 utils:77] Epoch: [112], Info: [{'num_test': 100, 'len_tra': 9.51, 'R_tra': 19.79, 'ctr': '2.08097'}]
[I 221225 05:00:06 utils:77] Epoch: [113], Info: [{'num_test': 100, 'len_tra': 9.65, 'R_tra': 20.45, 'ctr': '2.11917'}]
[I 221225 05:02:59 utils:77] Epoch: [114], Info: [{'num_test': 100, 'len_tra': 9.71, 'R_tra': 18.46, 'ctr': '1.90113'}]
[I 221225 05:05:51 utils:77] Epoch: [115], Info: [{'num_test': 100, 'len_tra': 9.49, 'R_tra': 18.96, 'ctr': '1.99789'}]
[I 221225 05:08:42 utils:77] Epoch: [116], Info: [{'num_test': 100, 'len_tra': 9.52, 'R_tra': 20.39, 'ctr': '2.14181'}]
[I 221225 05:11:33 utils:77] Epoch: [117], Info: [{'num_test': 100, 'len_tra': 9.35, 'R_tra': 20.57, 'ctr': '2.20000'}]
[I 221225 05:14:24 utils:77] Epoch: [118], Info: [{'num_test': 100, 'len_tra': 9.82, 'R_tra': 20.94, 'ctr': '2.13238'}]
[I 221225 05:17:17 utils:77] Epoch: [119], Info: [{'num_test': 100, 'len_tra': 9.73, 'R_tra': 21.41, 'ctr': '2.20041'}]
[I 221225 05:20:10 utils:77] Epoch: [120], Info: [{'num_test': 100, 'len_tra': 9.4, 'R_tra': 20.91, 'ctr': '2.22447'}]
[I 221225 05:23:03 utils:77] Epoch: [121], Info: [{'num_test': 100, 'len_tra': 9.14, 'R_tra': 19.01, 'ctr': '2.07987'}]
[I 221225 05:25:54 utils:77] Epoch: [122], Info: [{'num_test': 100, 'len_tra': 9.43, 'R_tra': 20.48, 'ctr': '2.17179'}]
[I 221225 05:28:47 utils:77] Epoch: [123], Info: [{'num_test': 100, 'len_tra': 9.28, 'R_tra': 19.25, 'ctr': '2.07435'}]
[I 221225 05:31:39 utils:77] Epoch: [124], Info: [{'num_test': 100, 'len_tra': 9.43, 'R_tra': 21.71, 'ctr': '2.30223'}]
[I 221225 05:34:30 utils:77] Epoch: [125], Info: [{'num_test': 100, 'len_tra': 9.68, 'R_tra': 21.83, 'ctr': '2.25517'}]
[I 221225 05:37:22 utils:77] Epoch: [126], Info: [{'num_test': 100, 'len_tra': 9.51, 'R_tra': 21.7, 'ctr': '2.28181'}]
[I 221225 05:40:15 utils:77] Epoch: [127], Info: [{'num_test': 100, 'len_tra': 9.45, 'R_tra': 21.31, 'ctr': '2.25503'}]
[I 221225 05:43:07 utils:77] Epoch: [128], Info: [{'num_test': 100, 'len_tra': 9.45, 'R_tra': 20.4, 'ctr': '2.15873'}]
[I 221225 05:45:58 utils:77] Epoch: [129], Info: [{'num_test': 100, 'len_tra': 9.54, 'R_tra': 21.47, 'ctr': '2.25052'}]
[I 221225 05:48:50 utils:77] Epoch: [130], Info: [{'num_test': 100, 'len_tra': 9.29, 'R_tra': 20.97, 'ctr': '2.25727'}]
[I 221225 05:51:41 utils:77] Epoch: [131], Info: [{'num_test': 100, 'len_tra': 9.47, 'R_tra': 20.95, 'ctr': '2.21225'}]
[I 221225 05:54:32 utils:77] Epoch: [132], Info: [{'num_test': 100, 'len_tra': 9.42, 'R_tra': 20.46, 'ctr': '2.17197'}]
[I 221225 05:57:23 utils:77] Epoch: [133], Info: [{'num_test': 100, 'len_tra': 9.42, 'R_tra': 21.12, 'ctr': '2.24204'}]
[I 221225 06:00:16 utils:77] Epoch: [134], Info: [{'num_test': 100, 'len_tra': 9.46, 'R_tra': 21.14, 'ctr': '2.23467'}]
[I 221225 06:03:06 utils:77] Epoch: [135], Info: [{'num_test': 100, 'len_tra': 9.51, 'R_tra': 19.73, 'ctr': '2.07466'}]
[I 221225 06:05:58 utils:77] Epoch: [136], Info: [{'num_test': 100, 'len_tra': 9.69, 'R_tra': 20.84, 'ctr': '2.15067'}]
[I 221225 06:08:49 utils:77] Epoch: [137], Info: [{'num_test': 100, 'len_tra': 9.46, 'R_tra': 21.47, 'ctr': '2.26956'}]
[I 221225 06:11:40 utils:77] Epoch: [138], Info: [{'num_test': 100, 'len_tra': 9.51, 'R_tra': 20.35, 'ctr': '2.13985'}]
[I 221225 06:14:35 utils:77] Epoch: [139], Info: [{'num_test': 100, 'len_tra': 9.74, 'R_tra': 20.89, 'ctr': '2.14476'}]
[I 221225 06:17:29 utils:77] Epoch: [140], Info: [{'num_test': 100, 'len_tra': 9.67, 'R_tra': 19.91, 'ctr': '2.05895'}]
[I 221225 06:20:21 utils:77] Epoch: [141], Info: [{'num_test': 100, 'len_tra': 9.57, 'R_tra': 19.76, 'ctr': '2.06479'}]
[I 221225 06:23:12 utils:77] Epoch: [142], Info: [{'num_test': 100, 'len_tra': 9.07, 'R_tra': 20.35, 'ctr': '2.24366'}]
[I 221225 06:26:04 utils:77] Epoch: [143], Info: [{'num_test': 100, 'len_tra': 9.79, 'R_tra': 21.49, 'ctr': '2.19510'}]
[I 221225 06:28:55 utils:77] Epoch: [144], Info: [{'num_test': 100, 'len_tra': 9.55, 'R_tra': 20.83, 'ctr': '2.18115'}]
[I 221225 06:31:47 utils:77] Epoch: [145], Info: [{'num_test': 100, 'len_tra': 9.63, 'R_tra': 22.02, 'ctr': '2.28660'}]
[I 221225 06:34:38 utils:77] Epoch: [146], Info: [{'num_test': 100, 'len_tra': 9.58, 'R_tra': 20.82, 'ctr': '2.17328'}]
[I 221225 06:37:29 utils:77] Epoch: [147], Info: [{'num_test': 100, 'len_tra': 9.48, 'R_tra': 20.16, 'ctr': '2.12658'}]
[I 221225 06:40:21 utils:77] Epoch: [148], Info: [{'num_test': 100, 'len_tra': 9.38, 'R_tra': 18.86, 'ctr': '2.01066'}]
[I 221225 06:43:14 utils:77] Epoch: [149], Info: [{'num_test': 100, 'len_tra': 9.58, 'R_tra': 19.62, 'ctr': '2.04802'}]
[I 221225 06:46:07 utils:77] Epoch: [150], Info: [{'num_test': 100, 'len_tra': 9.73, 'R_tra': 20.91, 'ctr': '2.14902'}]
[I 221225 06:48:59 utils:77] Epoch: [151], Info: [{'num_test': 100, 'len_tra': 9.5, 'R_tra': 20.16, 'ctr': '2.12211'}]
[I 221225 06:51:51 utils:77] Epoch: [152], Info: [{'num_test': 100, 'len_tra': 9.34, 'R_tra': 20.1, 'ctr': '2.15203'}]
[I 221225 06:54:44 utils:77] Epoch: [153], Info: [{'num_test': 100, 'len_tra': 9.76, 'R_tra': 21.27, 'ctr': '2.17930'}]
[I 221225 06:57:37 utils:77] Epoch: [154], Info: [{'num_test': 100, 'len_tra': 9.47, 'R_tra': 19.7, 'ctr': '2.08025'}]
[I 221225 07:00:30 utils:77] Epoch: [155], Info: [{'num_test': 100, 'len_tra': 9.59, 'R_tra': 20.02, 'ctr': '2.08759'}]
[I 221225 07:03:22 utils:77] Epoch: [156], Info: [{'num_test': 100, 'len_tra': 9.64, 'R_tra': 19.77, 'ctr': '2.05083'}]
[I 221225 07:06:15 utils:77] Epoch: [157], Info: [{'num_test': 100, 'len_tra': 9.76, 'R_tra': 20.69, 'ctr': '2.11988'}]
[I 221225 07:09:06 utils:77] Epoch: [158], Info: [{'num_test': 100, 'len_tra': 9.58, 'R_tra': 20.49, 'ctr': '2.13883'}]
[I 221225 07:12:00 utils:77] Epoch: [159], Info: [{'num_test': 100, 'len_tra': 9.47, 'R_tra': 21.41, 'ctr': '2.26082'}]
[I 221225 07:14:53 utils:77] Epoch: [160], Info: [{'num_test': 100, 'len_tra': 9.66, 'R_tra': 20.26, 'ctr': '2.09731'}]
[I 221225 07:17:46 utils:77] Epoch: [161], Info: [{'num_test': 100, 'len_tra': 9.52, 'R_tra': 19.16, 'ctr': '2.01261'}]
[I 221225 07:20:39 utils:77] Epoch: [162], Info: [{'num_test': 100, 'len_tra': 9.49, 'R_tra': 21.17, 'ctr': '2.23077'}]
[I 221225 07:23:32 utils:77] Epoch: [163], Info: [{'num_test': 100, 'len_tra': 9.6, 'R_tra': 21.1, 'ctr': '2.19792'}]
[I 221225 07:26:24 utils:77] Epoch: [164], Info: [{'num_test': 100, 'len_tra': 9.35, 'R_tra': 20.88, 'ctr': '2.23316'}]
[I 221225 07:29:14 utils:77] Epoch: [165], Info: [{'num_test': 100, 'len_tra': 9.34, 'R_tra': 19.85, 'ctr': '2.12527'}]
[I 221225 07:32:07 utils:77] Epoch: [166], Info: [{'num_test': 100, 'len_tra': 9.35, 'R_tra': 20.14, 'ctr': '2.15401'}]
[I 221225 07:34:59 utils:77] Epoch: [167], Info: [{'num_test': 100, 'len_tra': 9.45, 'R_tra': 21.12, 'ctr': '2.23492'}]
[I 221225 07:37:51 utils:77] Epoch: [168], Info: [{'num_test': 100, 'len_tra': 9.28, 'R_tra': 20.95, 'ctr': '2.25754'}]
[I 221225 07:40:43 utils:77] Epoch: [169], Info: [{'num_test': 100, 'len_tra': 9.68, 'R_tra': 20.79, 'ctr': '2.14773'}]
[I 221225 07:43:35 utils:77] Epoch: [170], Info: [{'num_test': 100, 'len_tra': 9.67, 'R_tra': 22.45, 'ctr': '2.32161'}]
[I 221225 07:46:28 utils:77] Epoch: [171], Info: [{'num_test': 100, 'len_tra': 9.45, 'R_tra': 22.27, 'ctr': '2.35661'}]
[I 221225 07:49:20 utils:77] Epoch: [172], Info: [{'num_test': 100, 'len_tra': 9.72, 'R_tra': 20.93, 'ctr': '2.15329'}]
[I 221225 07:52:11 utils:77] Epoch: [173], Info: [{'num_test': 100, 'len_tra': 9.36, 'R_tra': 21.68, 'ctr': '2.31624'}]
[I 221225 07:55:03 utils:77] Epoch: [174], Info: [{'num_test': 100, 'len_tra': 9.63, 'R_tra': 22.61, 'ctr': '2.34787'}]
[I 221225 07:57:55 utils:77] Epoch: [175], Info: [{'num_test': 100, 'len_tra': 9.47, 'R_tra': 21.32, 'ctr': '2.25132'}]
[I 221225 08:00:48 utils:77] Epoch: [176], Info: [{'num_test': 100, 'len_tra': 9.61, 'R_tra': 21.5, 'ctr': '2.23725'}]
[I 221225 08:03:40 utils:77] Epoch: [177], Info: [{'num_test': 100, 'len_tra': 9.63, 'R_tra': 21.71, 'ctr': '2.25441'}]
[I 221225 08:06:31 utils:77] Epoch: [178], Info: [{'num_test': 100, 'len_tra': 9.26, 'R_tra': 20.64, 'ctr': '2.22894'}]
[I 221225 08:09:25 utils:77] Epoch: [179], Info: [{'num_test': 100, 'len_tra': 9.69, 'R_tra': 22.38, 'ctr': '2.30960'}]
[I 221225 08:12:16 utils:77] Epoch: [180], Info: [{'num_test': 100, 'len_tra': 9.41, 'R_tra': 22.1, 'ctr': '2.34857'}]
[I 221225 08:15:08 utils:77] Epoch: [181], Info: [{'num_test': 100, 'len_tra': 9.83, 'R_tra': 24.4, 'ctr': '2.48220'}]
[I 221225 08:18:00 utils:77] Epoch: [182], Info: [{'num_test': 100, 'len_tra': 9.51, 'R_tra': 20.92, 'ctr': '2.19979'}]
[I 221225 08:20:52 utils:77] Epoch: [183], Info: [{'num_test': 100, 'len_tra': 9.32, 'R_tra': 21.54, 'ctr': '2.31116'}]
[I 221225 08:23:45 utils:77] Epoch: [184], Info: [{'num_test': 100, 'len_tra': 9.2, 'R_tra': 20.49, 'ctr': '2.22717'}]
[I 221225 08:26:38 utils:77] Epoch: [185], Info: [{'num_test': 100, 'len_tra': 9.49, 'R_tra': 21.57, 'ctr': '2.27292'}]
[I 221225 08:29:29 utils:77] Epoch: [186], Info: [{'num_test': 100, 'len_tra': 9.26, 'R_tra': 22.59, 'ctr': '2.43952'}]
[I 221225 08:32:22 utils:77] Epoch: [187], Info: [{'num_test': 100, 'len_tra': 9.6, 'R_tra': 22.93, 'ctr': '2.38854'}]
[I 221225 08:35:13 utils:77] Epoch: [188], Info: [{'num_test': 100, 'len_tra': 9.53, 'R_tra': 22.25, 'ctr': '2.33473'}]
[I 221225 08:38:06 utils:77] Epoch: [189], Info: [{'num_test': 100, 'len_tra': 9.63, 'R_tra': 21.38, 'ctr': '2.22015'}]
[I 221225 08:41:00 utils:77] Epoch: [190], Info: [{'num_test': 100, 'len_tra': 9.61, 'R_tra': 22.28, 'ctr': '2.31842'}]
[I 221225 08:44:00 utils:77] Epoch: [191], Info: [{'num_test': 100, 'len_tra': 9.43, 'R_tra': 21.22, 'ctr': '2.25027'}]
[I 221225 08:46:52 utils:77] Epoch: [192], Info: [{'num_test': 100, 'len_tra': 9.7, 'R_tra': 22.65, 'ctr': '2.33505'}]
[I 221225 08:49:46 utils:77] Epoch: [193], Info: [{'num_test': 100, 'len_tra': 9.71, 'R_tra': 22.54, 'ctr': '2.32132'}]
[I 221225 08:52:38 utils:77] Epoch: [194], Info: [{'num_test': 100, 'len_tra': 9.51, 'R_tra': 23.25, 'ctr': '2.44479'}]
[I 221225 08:55:30 utils:77] Epoch: [195], Info: [{'num_test': 100, 'len_tra': 9.59, 'R_tra': 23.4, 'ctr': '2.44004'}]
[I 221225 08:58:22 utils:77] Epoch: [196], Info: [{'num_test': 100, 'len_tra': 9.75, 'R_tra': 23.71, 'ctr': '2.43179'}]
[I 221225 09:01:12 utils:77] Epoch: [197], Info: [{'num_test': 100, 'len_tra': 9.39, 'R_tra': 21.01, 'ctr': '2.23749'}]
[I 221225 09:04:03 utils:77] Epoch: [198], Info: [{'num_test': 100, 'len_tra': 9.45, 'R_tra': 21.84, 'ctr': '2.31111'}]
[I 221225 09:06:55 utils:77] Epoch: [199], Info: [{'num_test': 100, 'len_tra': 9.42, 'R_tra': 22.35, 'ctr': '2.37261'}]
[I 221225 09:09:48 utils:77] Epoch: [200], Info: [{'num_test': 100, 'len_tra': 9.67, 'R_tra': 21.29, 'ctr': '2.20165'}]
