[I 221224 19:29:33 CIRS-RL-taobao:134] {
      "env": "VirtualTB-v0",
      "user_model_name": "MLP",
      "model_name": "CIRS",
      "seed": 2022,
      "cuda": 0,
      "cpu": false,
      "is_save": false,
      "version": "v1",
      "tau": 0.1,
      "gamma_exposure": 10.0,
      "leave_threshold": 4.0,
      "num_leave_compute": 5,
      "max_turn": 10,
      "dim_state": 20,
      "dim_model": 27,
      "nhead": 3,
      "buffer_size": 11000,
      "lr": 0.001,
      "gamma": 0.95,
      "epoch": 200,
      "step_per_epoch": 15000,
      "repeat_per_collect": 2,
      "batch_size": 2048,
      "hidden_sizes": [
        64,
        64
      ],
      "episode_per_collect": 100,
      "training_num": 100,
      "test_num": 100,
      "render": 0.0,
      "vf_coef": 0.25,
      "ent_coef": 0.0,
      "eps_clip": 0.2,
      "max_grad_norm": 0.5,
      "gae_lambda": 0.95,
      "rew_norm": 1,
      "dual_clip": null,
      "value_clip": 1,
      "norm_adv": 1,
      "recompute_adv": 0,
      "resume": false,
      "save_interval": 1000,
      "read_message": "taobao tau 1",
      "message": "CIRS-leave4"
    }
[I 221224 19:32:55 utils:77] Epoch: [1], Info: [{'num_test': 100, 'len_tra': 6.9, 'R_tra': 6.29, 'ctr': '0.91159'}]
[I 221224 19:35:52 utils:77] Epoch: [2], Info: [{'num_test': 100, 'len_tra': 6.82, 'R_tra': 6.85, 'ctr': '1.00440'}]
[I 221224 19:38:49 utils:77] Epoch: [3], Info: [{'num_test': 100, 'len_tra': 7.59, 'R_tra': 5.96, 'ctr': '0.78524'}]
[I 221224 19:41:33 utils:77] Epoch: [4], Info: [{'num_test': 100, 'len_tra': 7.64, 'R_tra': 5.45, 'ctr': '0.71335'}]
[I 221224 19:44:22 utils:77] Epoch: [5], Info: [{'num_test': 100, 'len_tra': 7.58, 'R_tra': 6.92, 'ctr': '0.91293'}]
[I 221224 19:47:03 utils:77] Epoch: [6], Info: [{'num_test': 100, 'len_tra': 7.8, 'R_tra': 8.87, 'ctr': '1.13718'}]
[I 221224 19:49:43 utils:77] Epoch: [7], Info: [{'num_test': 100, 'len_tra': 7.44, 'R_tra': 7.52, 'ctr': '1.01075'}]
[I 221224 19:52:27 utils:77] Epoch: [8], Info: [{'num_test': 100, 'len_tra': 8.51, 'R_tra': 7.61, 'ctr': '0.89424'}]
[I 221224 19:55:11 utils:77] Epoch: [9], Info: [{'num_test': 100, 'len_tra': 8.39, 'R_tra': 6.92, 'ctr': '0.82479'}]
[I 221224 19:58:15 utils:77] Epoch: [10], Info: [{'num_test': 100, 'len_tra': 8.34, 'R_tra': 8.26, 'ctr': '0.99041'}]
[I 221224 20:01:45 utils:77] Epoch: [11], Info: [{'num_test': 100, 'len_tra': 8.41, 'R_tra': 8.02, 'ctr': '0.95363'}]
[I 221224 20:04:36 utils:77] Epoch: [12], Info: [{'num_test': 100, 'len_tra': 8.14, 'R_tra': 9.44, 'ctr': '1.15971'}]
[I 221224 20:08:00 utils:77] Epoch: [13], Info: [{'num_test': 100, 'len_tra': 8.45, 'R_tra': 9.19, 'ctr': '1.08757'}]
[I 221224 20:10:49 utils:77] Epoch: [14], Info: [{'num_test': 100, 'len_tra': 8.39, 'R_tra': 9.24, 'ctr': '1.10131'}]
[I 221224 20:14:16 utils:77] Epoch: [15], Info: [{'num_test': 100, 'len_tra': 8.79, 'R_tra': 9.01, 'ctr': '1.02503'}]
[I 221224 20:17:06 utils:77] Epoch: [16], Info: [{'num_test': 100, 'len_tra': 8.46, 'R_tra': 7.99, 'ctr': '0.94444'}]
[I 221224 20:20:02 utils:77] Epoch: [17], Info: [{'num_test': 100, 'len_tra': 8.24, 'R_tra': 8.11, 'ctr': '0.98422'}]
[I 221224 20:22:57 utils:77] Epoch: [18], Info: [{'num_test': 100, 'len_tra': 8.77, 'R_tra': 9.94, 'ctr': '1.13341'}]
[I 221224 20:26:18 utils:77] Epoch: [19], Info: [{'num_test': 100, 'len_tra': 8.56, 'R_tra': 9.39, 'ctr': '1.09696'}]
[I 221224 20:29:21 utils:77] Epoch: [20], Info: [{'num_test': 100, 'len_tra': 8.59, 'R_tra': 9.1, 'ctr': '1.05937'}]
[I 221224 20:32:01 utils:77] Epoch: [21], Info: [{'num_test': 100, 'len_tra': 8.36, 'R_tra': 9.21, 'ctr': '1.10167'}]
[I 221224 20:35:14 utils:77] Epoch: [22], Info: [{'num_test': 100, 'len_tra': 8.49, 'R_tra': 8.37, 'ctr': '0.98587'}]
[I 221224 20:38:10 utils:77] Epoch: [23], Info: [{'num_test': 100, 'len_tra': 8.4, 'R_tra': 10.29, 'ctr': '1.22500'}]
[I 221224 20:40:57 utils:77] Epoch: [24], Info: [{'num_test': 100, 'len_tra': 9.11, 'R_tra': 9.06, 'ctr': '0.99451'}]
[I 221224 20:43:54 utils:77] Epoch: [25], Info: [{'num_test': 100, 'len_tra': 8.55, 'R_tra': 9.63, 'ctr': '1.12632'}]
[I 221224 20:46:43 utils:77] Epoch: [26], Info: [{'num_test': 100, 'len_tra': 8.45, 'R_tra': 9.3, 'ctr': '1.10059'}]
[I 221224 20:49:33 utils:77] Epoch: [27], Info: [{'num_test': 100, 'len_tra': 8.81, 'R_tra': 8.2, 'ctr': '0.93076'}]
[I 221224 20:52:12 utils:77] Epoch: [28], Info: [{'num_test': 100, 'len_tra': 8.73, 'R_tra': 8.97, 'ctr': '1.02749'}]
[I 221224 20:54:59 utils:77] Epoch: [29], Info: [{'num_test': 100, 'len_tra': 8.69, 'R_tra': 10.63, 'ctr': '1.22325'}]
[I 221224 20:57:53 utils:77] Epoch: [30], Info: [{'num_test': 100, 'len_tra': 8.48, 'R_tra': 10.44, 'ctr': '1.23113'}]
[I 221224 21:00:35 utils:77] Epoch: [31], Info: [{'num_test': 100, 'len_tra': 8.13, 'R_tra': 9.82, 'ctr': '1.20787'}]
[I 221224 21:03:30 utils:77] Epoch: [32], Info: [{'num_test': 100, 'len_tra': 8.26, 'R_tra': 9.66, 'ctr': '1.16949'}]
[I 221224 21:06:32 utils:77] Epoch: [33], Info: [{'num_test': 100, 'len_tra': 8.78, 'R_tra': 9.36, 'ctr': '1.06606'}]
[I 221224 21:09:43 utils:77] Epoch: [34], Info: [{'num_test': 100, 'len_tra': 9.15, 'R_tra': 9.68, 'ctr': '1.05792'}]
[I 221224 21:13:07 utils:77] Epoch: [35], Info: [{'num_test': 100, 'len_tra': 8.92, 'R_tra': 10.69, 'ctr': '1.19843'}]
[I 221224 21:16:14 utils:77] Epoch: [36], Info: [{'num_test': 100, 'len_tra': 8.84, 'R_tra': 9.91, 'ctr': '1.12104'}]
[I 221224 21:18:57 utils:77] Epoch: [37], Info: [{'num_test': 100, 'len_tra': 8.79, 'R_tra': 9.56, 'ctr': '1.08760'}]
[I 221224 21:21:28 utils:77] Epoch: [38], Info: [{'num_test': 100, 'len_tra': 9.03, 'R_tra': 10.36, 'ctr': '1.14729'}]
[I 221224 21:24:11 utils:77] Epoch: [39], Info: [{'num_test': 100, 'len_tra': 8.98, 'R_tra': 10.55, 'ctr': '1.17483'}]
[I 221224 21:26:43 utils:77] Epoch: [40], Info: [{'num_test': 100, 'len_tra': 8.89, 'R_tra': 11.01, 'ctr': '1.23847'}]
[I 221224 21:29:18 utils:77] Epoch: [41], Info: [{'num_test': 100, 'len_tra': 8.81, 'R_tra': 10.78, 'ctr': '1.22361'}]
[I 221224 21:32:06 utils:77] Epoch: [42], Info: [{'num_test': 100, 'len_tra': 8.89, 'R_tra': 9.35, 'ctr': '1.05174'}]
[I 221224 21:34:43 utils:77] Epoch: [43], Info: [{'num_test': 100, 'len_tra': 9.09, 'R_tra': 9.32, 'ctr': '1.02530'}]
[I 221224 21:37:21 utils:77] Epoch: [44], Info: [{'num_test': 100, 'len_tra': 8.62, 'R_tra': 8.41, 'ctr': '0.97564'}]
[I 221224 21:40:01 utils:77] Epoch: [45], Info: [{'num_test': 100, 'len_tra': 8.53, 'R_tra': 10.83, 'ctr': '1.26964'}]
[I 221224 21:42:37 utils:77] Epoch: [46], Info: [{'num_test': 100, 'len_tra': 8.89, 'R_tra': 9.66, 'ctr': '1.08661'}]
[I 221224 21:45:39 utils:77] Epoch: [47], Info: [{'num_test': 100, 'len_tra': 8.84, 'R_tra': 10.46, 'ctr': '1.18326'}]
[I 221224 21:48:26 utils:77] Epoch: [48], Info: [{'num_test': 100, 'len_tra': 8.77, 'R_tra': 10.46, 'ctr': '1.19270'}]
[I 221224 21:50:55 utils:77] Epoch: [49], Info: [{'num_test': 100, 'len_tra': 8.95, 'R_tra': 11.58, 'ctr': '1.29385'}]
[I 221224 21:53:43 utils:77] Epoch: [50], Info: [{'num_test': 100, 'len_tra': 8.76, 'R_tra': 10.63, 'ctr': '1.21347'}]
[I 221224 21:56:28 utils:77] Epoch: [51], Info: [{'num_test': 100, 'len_tra': 8.9, 'R_tra': 10.53, 'ctr': '1.18315'}]
[I 221224 21:58:59 utils:77] Epoch: [52], Info: [{'num_test': 100, 'len_tra': 9.22, 'R_tra': 10.7, 'ctr': '1.16052'}]
[I 221224 22:01:42 utils:77] Epoch: [53], Info: [{'num_test': 100, 'len_tra': 8.69, 'R_tra': 8.3, 'ctr': '0.95512'}]
[I 221224 22:04:57 utils:77] Epoch: [54], Info: [{'num_test': 100, 'len_tra': 9.09, 'R_tra': 9.11, 'ctr': '1.00220'}]
[I 221224 22:07:33 utils:77] Epoch: [55], Info: [{'num_test': 100, 'len_tra': 9.02, 'R_tra': 8.76, 'ctr': '0.97118'}]
[I 221224 22:10:09 utils:77] Epoch: [56], Info: [{'num_test': 100, 'len_tra': 9.04, 'R_tra': 9.73, 'ctr': '1.07633'}]
[I 221224 22:12:51 utils:77] Epoch: [57], Info: [{'num_test': 100, 'len_tra': 9.24, 'R_tra': 9.78, 'ctr': '1.05844'}]
[I 221224 22:15:33 utils:77] Epoch: [58], Info: [{'num_test': 100, 'len_tra': 8.7, 'R_tra': 11.47, 'ctr': '1.31839'}]
[I 221224 22:18:08 utils:77] Epoch: [59], Info: [{'num_test': 100, 'len_tra': 9.4, 'R_tra': 10.24, 'ctr': '1.08936'}]
[I 221224 22:20:52 utils:77] Epoch: [60], Info: [{'num_test': 100, 'len_tra': 9.48, 'R_tra': 10.81, 'ctr': '1.14030'}]
[I 221224 22:23:28 utils:77] Epoch: [61], Info: [{'num_test': 100, 'len_tra': 9.1, 'R_tra': 9.58, 'ctr': '1.05275'}]
[I 221224 22:26:02 utils:77] Epoch: [62], Info: [{'num_test': 100, 'len_tra': 9.38, 'R_tra': 10.45, 'ctr': '1.11407'}]
[I 221224 22:29:28 utils:77] Epoch: [63], Info: [{'num_test': 100, 'len_tra': 9.36, 'R_tra': 11.05, 'ctr': '1.18056'}]
[I 221224 22:32:10 utils:77] Epoch: [64], Info: [{'num_test': 100, 'len_tra': 9.04, 'R_tra': 10.57, 'ctr': '1.16925'}]
[I 221224 22:34:42 utils:77] Epoch: [65], Info: [{'num_test': 100, 'len_tra': 8.95, 'R_tra': 10.66, 'ctr': '1.19106'}]
[I 221224 22:37:19 utils:77] Epoch: [66], Info: [{'num_test': 100, 'len_tra': 8.84, 'R_tra': 9.49, 'ctr': '1.07353'}]
[I 221224 22:40:31 utils:77] Epoch: [67], Info: [{'num_test': 100, 'len_tra': 9.09, 'R_tra': 10.35, 'ctr': '1.13861'}]
[I 221224 22:43:31 utils:77] Epoch: [68], Info: [{'num_test': 100, 'len_tra': 7.99, 'R_tra': 11.1, 'ctr': '1.38924'}]
[I 221224 22:46:23 utils:77] Epoch: [69], Info: [{'num_test': 100, 'len_tra': 8.98, 'R_tra': 9.28, 'ctr': '1.03341'}]
[I 221224 22:48:55 utils:77] Epoch: [70], Info: [{'num_test': 100, 'len_tra': 9.34, 'R_tra': 9.36, 'ctr': '1.00214'}]
[I 221224 22:52:22 utils:77] Epoch: [71], Info: [{'num_test': 100, 'len_tra': 8.72, 'R_tra': 9.61, 'ctr': '1.10206'}]
[I 221224 22:54:59 utils:77] Epoch: [72], Info: [{'num_test': 100, 'len_tra': 9.09, 'R_tra': 9.57, 'ctr': '1.05281'}]
[I 221224 22:57:34 utils:77] Epoch: [73], Info: [{'num_test': 100, 'len_tra': 8.76, 'R_tra': 10.57, 'ctr': '1.20662'}]
[I 221224 23:00:14 utils:77] Epoch: [74], Info: [{'num_test': 100, 'len_tra': 9.24, 'R_tra': 9.71, 'ctr': '1.05087'}]
[I 221224 23:02:55 utils:77] Epoch: [75], Info: [{'num_test': 100, 'len_tra': 8.96, 'R_tra': 9.32, 'ctr': '1.04018'}]
[I 221224 23:05:43 utils:77] Epoch: [76], Info: [{'num_test': 100, 'len_tra': 9.13, 'R_tra': 8.35, 'ctr': '0.91457'}]
[I 221224 23:08:18 utils:77] Epoch: [77], Info: [{'num_test': 100, 'len_tra': 8.41, 'R_tra': 9.37, 'ctr': '1.11415'}]
[I 221224 23:10:52 utils:77] Epoch: [78], Info: [{'num_test': 100, 'len_tra': 8.79, 'R_tra': 10.28, 'ctr': '1.16951'}]
[I 221224 23:13:32 utils:77] Epoch: [79], Info: [{'num_test': 100, 'len_tra': 9.04, 'R_tra': 10.65, 'ctr': '1.17810'}]
[I 221224 23:16:21 utils:77] Epoch: [80], Info: [{'num_test': 100, 'len_tra': 8.91, 'R_tra': 10.65, 'ctr': '1.19529'}]
[I 221224 23:19:00 utils:77] Epoch: [81], Info: [{'num_test': 100, 'len_tra': 8.58, 'R_tra': 10.42, 'ctr': '1.21445'}]
[I 221224 23:21:41 utils:77] Epoch: [82], Info: [{'num_test': 100, 'len_tra': 8.56, 'R_tra': 11.67, 'ctr': '1.36332'}]
[I 221224 23:24:53 utils:77] Epoch: [83], Info: [{'num_test': 100, 'len_tra': 8.76, 'R_tra': 9.6, 'ctr': '1.09589'}]
[I 221224 23:28:20 utils:77] Epoch: [84], Info: [{'num_test': 100, 'len_tra': 9.25, 'R_tra': 10.8, 'ctr': '1.16757'}]
[I 221224 23:30:59 utils:77] Epoch: [85], Info: [{'num_test': 100, 'len_tra': 9.06, 'R_tra': 9.93, 'ctr': '1.09603'}]
[I 221224 23:33:37 utils:77] Epoch: [86], Info: [{'num_test': 100, 'len_tra': 8.66, 'R_tra': 11.86, 'ctr': '1.36952'}]
[I 221224 23:36:21 utils:77] Epoch: [87], Info: [{'num_test': 100, 'len_tra': 8.94, 'R_tra': 10.04, 'ctr': '1.12304'}]
[I 221224 23:39:07 utils:77] Epoch: [88], Info: [{'num_test': 100, 'len_tra': 8.78, 'R_tra': 10.25, 'ctr': '1.16743'}]
[I 221224 23:41:44 utils:77] Epoch: [89], Info: [{'num_test': 100, 'len_tra': 9.33, 'R_tra': 10.02, 'ctr': '1.07395'}]
[I 221224 23:44:32 utils:77] Epoch: [90], Info: [{'num_test': 100, 'len_tra': 8.92, 'R_tra': 10.34, 'ctr': '1.15919'}]
[I 221224 23:47:07 utils:77] Epoch: [91], Info: [{'num_test': 100, 'len_tra': 8.93, 'R_tra': 9.91, 'ctr': '1.10974'}]
[I 221224 23:49:47 utils:77] Epoch: [92], Info: [{'num_test': 100, 'len_tra': 8.68, 'R_tra': 10.22, 'ctr': '1.17742'}]
[I 221224 23:52:27 utils:77] Epoch: [93], Info: [{'num_test': 100, 'len_tra': 9.23, 'R_tra': 11.45, 'ctr': '1.24052'}]
[I 221224 23:55:03 utils:77] Epoch: [94], Info: [{'num_test': 100, 'len_tra': 8.92, 'R_tra': 11.45, 'ctr': '1.28363'}]
[I 221224 23:57:35 utils:77] Epoch: [95], Info: [{'num_test': 100, 'len_tra': 8.43, 'R_tra': 10.65, 'ctr': '1.26335'}]
[I 221225 00:00:38 utils:77] Epoch: [96], Info: [{'num_test': 100, 'len_tra': 9.4, 'R_tra': 11.03, 'ctr': '1.17340'}]
[I 221225 00:04:26 utils:77] Epoch: [97], Info: [{'num_test': 100, 'len_tra': 8.89, 'R_tra': 10.96, 'ctr': '1.23285'}]
[I 221225 00:07:14 utils:77] Epoch: [98], Info: [{'num_test': 100, 'len_tra': 9.28, 'R_tra': 9.57, 'ctr': '1.03125'}]
[I 221225 00:10:04 utils:77] Epoch: [99], Info: [{'num_test': 100, 'len_tra': 9.08, 'R_tra': 9.49, 'ctr': '1.04515'}]
[I 221225 00:12:38 utils:77] Epoch: [100], Info: [{'num_test': 100, 'len_tra': 9.23, 'R_tra': 10.82, 'ctr': '1.17226'}]
[I 221225 00:15:19 utils:77] Epoch: [101], Info: [{'num_test': 100, 'len_tra': 8.84, 'R_tra': 10.24, 'ctr': '1.15837'}]
[I 221225 00:17:58 utils:77] Epoch: [102], Info: [{'num_test': 100, 'len_tra': 9.04, 'R_tra': 9.73, 'ctr': '1.07633'}]
[I 221225 00:20:39 utils:77] Epoch: [103], Info: [{'num_test': 100, 'len_tra': 8.99, 'R_tra': 10.28, 'ctr': '1.14349'}]
[I 221225 00:23:19 utils:77] Epoch: [104], Info: [{'num_test': 100, 'len_tra': 9.11, 'R_tra': 9.96, 'ctr': '1.09330'}]
[I 221225 00:25:59 utils:77] Epoch: [105], Info: [{'num_test': 100, 'len_tra': 8.83, 'R_tra': 9.11, 'ctr': '1.03171'}]
[I 221225 00:28:38 utils:77] Epoch: [106], Info: [{'num_test': 100, 'len_tra': 8.8, 'R_tra': 9.86, 'ctr': '1.12045'}]
[I 221225 00:31:17 utils:77] Epoch: [107], Info: [{'num_test': 100, 'len_tra': 8.8, 'R_tra': 10.97, 'ctr': '1.24659'}]
[I 221225 00:33:55 utils:77] Epoch: [108], Info: [{'num_test': 100, 'len_tra': 9.08, 'R_tra': 9.94, 'ctr': '1.09471'}]
[I 221225 00:36:49 utils:77] Epoch: [109], Info: [{'num_test': 100, 'len_tra': 9.56, 'R_tra': 9.92, 'ctr': '1.03766'}]
[I 221225 00:40:06 utils:77] Epoch: [110], Info: [{'num_test': 100, 'len_tra': 8.85, 'R_tra': 8.6, 'ctr': '0.97175'}]
[I 221225 00:42:53 utils:77] Epoch: [111], Info: [{'num_test': 100, 'len_tra': 9.0, 'R_tra': 9.09, 'ctr': '1.01000'}]
[I 221225 00:46:17 utils:77] Epoch: [112], Info: [{'num_test': 100, 'len_tra': 9.16, 'R_tra': 9.52, 'ctr': '1.03930'}]
[I 221225 00:49:12 utils:77] Epoch: [113], Info: [{'num_test': 100, 'len_tra': 8.99, 'R_tra': 10.6, 'ctr': '1.17909'}]
[I 221225 00:51:57 utils:77] Epoch: [114], Info: [{'num_test': 100, 'len_tra': 9.07, 'R_tra': 10.81, 'ctr': '1.19184'}]
[I 221225 00:54:37 utils:77] Epoch: [115], Info: [{'num_test': 100, 'len_tra': 8.76, 'R_tra': 11.34, 'ctr': '1.29452'}]
[I 221225 00:57:30 utils:77] Epoch: [116], Info: [{'num_test': 100, 'len_tra': 8.63, 'R_tra': 10.6, 'ctr': '1.22827'}]
[I 221225 01:00:05 utils:77] Epoch: [117], Info: [{'num_test': 100, 'len_tra': 9.03, 'R_tra': 9.96, 'ctr': '1.10299'}]
[I 221225 01:02:48 utils:77] Epoch: [118], Info: [{'num_test': 100, 'len_tra': 9.04, 'R_tra': 9.66, 'ctr': '1.06858'}]
[I 221225 01:05:20 utils:77] Epoch: [119], Info: [{'num_test': 100, 'len_tra': 8.99, 'R_tra': 10.01, 'ctr': '1.11346'}]
[I 221225 01:07:57 utils:77] Epoch: [120], Info: [{'num_test': 100, 'len_tra': 9.13, 'R_tra': 9.79, 'ctr': '1.07229'}]
[I 221225 01:11:14 utils:77] Epoch: [121], Info: [{'num_test': 100, 'len_tra': 8.86, 'R_tra': 9.88, 'ctr': '1.11512'}]
[I 221225 01:13:45 utils:77] Epoch: [122], Info: [{'num_test': 100, 'len_tra': 8.92, 'R_tra': 10.49, 'ctr': '1.17601'}]
[I 221225 01:16:20 utils:77] Epoch: [123], Info: [{'num_test': 100, 'len_tra': 9.17, 'R_tra': 10.51, 'ctr': '1.14613'}]
[I 221225 01:18:58 utils:77] Epoch: [124], Info: [{'num_test': 100, 'len_tra': 9.44, 'R_tra': 10.02, 'ctr': '1.06144'}]
[I 221225 01:21:41 utils:77] Epoch: [125], Info: [{'num_test': 100, 'len_tra': 9.15, 'R_tra': 10.03, 'ctr': '1.09617'}]
[I 221225 01:24:17 utils:77] Epoch: [126], Info: [{'num_test': 100, 'len_tra': 8.89, 'R_tra': 10.04, 'ctr': '1.12936'}]
[I 221225 01:26:51 utils:77] Epoch: [127], Info: [{'num_test': 100, 'len_tra': 9.19, 'R_tra': 10.76, 'ctr': '1.17084'}]
[I 221225 01:30:09 utils:77] Epoch: [128], Info: [{'num_test': 100, 'len_tra': 8.8, 'R_tra': 11.88, 'ctr': '1.35000'}]
[I 221225 01:32:42 utils:77] Epoch: [129], Info: [{'num_test': 100, 'len_tra': 8.95, 'R_tra': 10.74, 'ctr': '1.20000'}]
[I 221225 01:35:22 utils:77] Epoch: [130], Info: [{'num_test': 100, 'len_tra': 9.1, 'R_tra': 10.41, 'ctr': '1.14396'}]
[I 221225 01:37:53 utils:77] Epoch: [131], Info: [{'num_test': 100, 'len_tra': 8.81, 'R_tra': 10.73, 'ctr': '1.21793'}]
[I 221225 01:41:06 utils:77] Epoch: [132], Info: [{'num_test': 100, 'len_tra': 8.83, 'R_tra': 10.21, 'ctr': '1.15629'}]
[I 221225 01:43:48 utils:77] Epoch: [133], Info: [{'num_test': 100, 'len_tra': 8.92, 'R_tra': 10.92, 'ctr': '1.22422'}]
[I 221225 01:46:24 utils:77] Epoch: [134], Info: [{'num_test': 100, 'len_tra': 9.34, 'R_tra': 10.35, 'ctr': '1.10814'}]
[I 221225 01:49:01 utils:77] Epoch: [135], Info: [{'num_test': 100, 'len_tra': 9.36, 'R_tra': 9.56, 'ctr': '1.02137'}]
[I 221225 01:51:31 utils:77] Epoch: [136], Info: [{'num_test': 100, 'len_tra': 9.13, 'R_tra': 9.7, 'ctr': '1.06243'}]
[I 221225 01:54:13 utils:77] Epoch: [137], Info: [{'num_test': 100, 'len_tra': 8.97, 'R_tra': 9.07, 'ctr': '1.01115'}]
[I 221225 01:57:00 utils:77] Epoch: [138], Info: [{'num_test': 100, 'len_tra': 9.13, 'R_tra': 9.9, 'ctr': '1.08434'}]
[I 221225 01:59:34 utils:77] Epoch: [139], Info: [{'num_test': 100, 'len_tra': 9.18, 'R_tra': 10.32, 'ctr': '1.12418'}]
[I 221225 02:02:04 utils:77] Epoch: [140], Info: [{'num_test': 100, 'len_tra': 8.85, 'R_tra': 10.31, 'ctr': '1.16497'}]
[I 221225 02:04:38 utils:77] Epoch: [141], Info: [{'num_test': 100, 'len_tra': 8.84, 'R_tra': 10.17, 'ctr': '1.15045'}]
[I 221225 02:07:17 utils:77] Epoch: [142], Info: [{'num_test': 100, 'len_tra': 8.65, 'R_tra': 10.9, 'ctr': '1.26012'}]
[I 221225 02:10:46 utils:77] Epoch: [143], Info: [{'num_test': 100, 'len_tra': 9.1, 'R_tra': 10.85, 'ctr': '1.19231'}]
[I 221225 02:13:21 utils:77] Epoch: [144], Info: [{'num_test': 100, 'len_tra': 9.43, 'R_tra': 11.2, 'ctr': '1.18770'}]
[I 221225 02:16:09 utils:77] Epoch: [145], Info: [{'num_test': 100, 'len_tra': 9.46, 'R_tra': 10.51, 'ctr': '1.11099'}]
[I 221225 02:19:27 utils:77] Epoch: [146], Info: [{'num_test': 100, 'len_tra': 9.14, 'R_tra': 10.94, 'ctr': '1.19694'}]
[I 221225 02:22:07 utils:77] Epoch: [147], Info: [{'num_test': 100, 'len_tra': 9.14, 'R_tra': 9.57, 'ctr': '1.04705'}]
[I 221225 02:24:50 utils:77] Epoch: [148], Info: [{'num_test': 100, 'len_tra': 8.99, 'R_tra': 11.0, 'ctr': '1.22358'}]
[I 221225 02:27:23 utils:77] Epoch: [149], Info: [{'num_test': 100, 'len_tra': 8.97, 'R_tra': 10.84, 'ctr': '1.20847'}]
[I 221225 02:29:58 utils:77] Epoch: [150], Info: [{'num_test': 100, 'len_tra': 8.62, 'R_tra': 10.47, 'ctr': '1.21462'}]
[I 221225 02:33:15 utils:77] Epoch: [151], Info: [{'num_test': 100, 'len_tra': 8.18, 'R_tra': 10.21, 'ctr': '1.24817'}]
[I 221225 02:36:01 utils:77] Epoch: [152], Info: [{'num_test': 100, 'len_tra': 9.09, 'R_tra': 9.6, 'ctr': '1.05611'}]
[I 221225 02:38:35 utils:77] Epoch: [153], Info: [{'num_test': 100, 'len_tra': 9.22, 'R_tra': 10.63, 'ctr': '1.15293'}]
[I 221225 02:41:17 utils:77] Epoch: [154], Info: [{'num_test': 100, 'len_tra': 9.43, 'R_tra': 9.85, 'ctr': '1.04454'}]
[I 221225 02:43:58 utils:77] Epoch: [155], Info: [{'num_test': 100, 'len_tra': 8.97, 'R_tra': 9.51, 'ctr': '1.06020'}]
[I 221225 02:46:40 utils:77] Epoch: [156], Info: [{'num_test': 100, 'len_tra': 9.35, 'R_tra': 10.15, 'ctr': '1.08556'}]
[I 221225 02:49:18 utils:77] Epoch: [157], Info: [{'num_test': 100, 'len_tra': 9.26, 'R_tra': 10.02, 'ctr': '1.08207'}]
[I 221225 02:52:01 utils:77] Epoch: [158], Info: [{'num_test': 100, 'len_tra': 9.09, 'R_tra': 10.36, 'ctr': '1.13971'}]
[I 221225 02:54:33 utils:77] Epoch: [159], Info: [{'num_test': 100, 'len_tra': 9.27, 'R_tra': 10.56, 'ctr': '1.13916'}]
[I 221225 02:57:12 utils:77] Epoch: [160], Info: [{'num_test': 100, 'len_tra': 9.1, 'R_tra': 11.39, 'ctr': '1.25165'}]
[I 221225 02:59:53 utils:77] Epoch: [161], Info: [{'num_test': 100, 'len_tra': 8.82, 'R_tra': 10.24, 'ctr': '1.16100'}]
[I 221225 03:02:30 utils:77] Epoch: [162], Info: [{'num_test': 100, 'len_tra': 9.06, 'R_tra': 10.98, 'ctr': '1.21192'}]
[I 221225 03:05:41 utils:77] Epoch: [163], Info: [{'num_test': 100, 'len_tra': 9.36, 'R_tra': 9.68, 'ctr': '1.03419'}]
[I 221225 03:08:26 utils:77] Epoch: [164], Info: [{'num_test': 100, 'len_tra': 9.44, 'R_tra': 9.3, 'ctr': '0.98517'}]
[I 221225 03:11:06 utils:77] Epoch: [165], Info: [{'num_test': 100, 'len_tra': 9.45, 'R_tra': 10.51, 'ctr': '1.11217'}]
[I 221225 03:14:08 utils:77] Epoch: [166], Info: [{'num_test': 100, 'len_tra': 9.13, 'R_tra': 10.64, 'ctr': '1.16539'}]
[I 221225 03:17:03 utils:77] Epoch: [167], Info: [{'num_test': 100, 'len_tra': 8.97, 'R_tra': 10.42, 'ctr': '1.16165'}]
[I 221225 03:19:42 utils:77] Epoch: [168], Info: [{'num_test': 100, 'len_tra': 9.11, 'R_tra': 10.6, 'ctr': '1.16356'}]
[I 221225 03:22:18 utils:77] Epoch: [169], Info: [{'num_test': 100, 'len_tra': 9.14, 'R_tra': 10.99, 'ctr': '1.20241'}]
[I 221225 03:24:58 utils:77] Epoch: [170], Info: [{'num_test': 100, 'len_tra': 9.09, 'R_tra': 9.85, 'ctr': '1.08361'}]
[I 221225 03:27:39 utils:77] Epoch: [171], Info: [{'num_test': 100, 'len_tra': 8.96, 'R_tra': 9.89, 'ctr': '1.10379'}]
[I 221225 03:30:16 utils:77] Epoch: [172], Info: [{'num_test': 100, 'len_tra': 9.21, 'R_tra': 10.54, 'ctr': '1.14441'}]
[I 221225 03:32:50 utils:77] Epoch: [173], Info: [{'num_test': 100, 'len_tra': 9.21, 'R_tra': 10.61, 'ctr': '1.15201'}]
[I 221225 03:36:03 utils:77] Epoch: [174], Info: [{'num_test': 100, 'len_tra': 9.41, 'R_tra': 10.19, 'ctr': '1.08289'}]
[I 221225 03:39:14 utils:77] Epoch: [175], Info: [{'num_test': 100, 'len_tra': 8.96, 'R_tra': 10.32, 'ctr': '1.15179'}]
[I 221225 03:42:16 utils:77] Epoch: [176], Info: [{'num_test': 100, 'len_tra': 9.1, 'R_tra': 9.85, 'ctr': '1.08242'}]
[I 221225 03:45:08 utils:77] Epoch: [177], Info: [{'num_test': 100, 'len_tra': 8.99, 'R_tra': 10.27, 'ctr': '1.14238'}]
[I 221225 03:48:14 utils:77] Epoch: [178], Info: [{'num_test': 100, 'len_tra': 9.26, 'R_tra': 10.83, 'ctr': '1.16955'}]
[I 221225 03:51:29 utils:77] Epoch: [179], Info: [{'num_test': 100, 'len_tra': 8.96, 'R_tra': 9.81, 'ctr': '1.09487'}]
[I 221225 03:54:43 utils:77] Epoch: [180], Info: [{'num_test': 100, 'len_tra': 9.31, 'R_tra': 10.14, 'ctr': '1.08915'}]
[I 221225 03:58:03 utils:77] Epoch: [181], Info: [{'num_test': 100, 'len_tra': 9.09, 'R_tra': 9.98, 'ctr': '1.09791'}]
[I 221225 04:01:23 utils:77] Epoch: [182], Info: [{'num_test': 100, 'len_tra': 9.18, 'R_tra': 10.21, 'ctr': '1.11220'}]
[I 221225 04:04:33 utils:77] Epoch: [183], Info: [{'num_test': 100, 'len_tra': 9.27, 'R_tra': 9.81, 'ctr': '1.05825'}]
[I 221225 04:07:45 utils:77] Epoch: [184], Info: [{'num_test': 100, 'len_tra': 9.09, 'R_tra': 10.43, 'ctr': '1.14741'}]
[I 221225 04:10:58 utils:77] Epoch: [185], Info: [{'num_test': 100, 'len_tra': 8.94, 'R_tra': 10.13, 'ctr': '1.13311'}]
[I 221225 04:14:10 utils:77] Epoch: [186], Info: [{'num_test': 100, 'len_tra': 8.83, 'R_tra': 11.33, 'ctr': '1.28313'}]
[I 221225 04:17:07 utils:77] Epoch: [187], Info: [{'num_test': 100, 'len_tra': 9.41, 'R_tra': 11.59, 'ctr': '1.23167'}]
[I 221225 04:20:11 utils:77] Epoch: [188], Info: [{'num_test': 100, 'len_tra': 9.01, 'R_tra': 10.78, 'ctr': '1.19645'}]
[I 221225 04:23:14 utils:77] Epoch: [189], Info: [{'num_test': 100, 'len_tra': 9.03, 'R_tra': 11.78, 'ctr': '1.30454'}]
[I 221225 04:27:19 utils:77] Epoch: [190], Info: [{'num_test': 100, 'len_tra': 9.17, 'R_tra': 11.29, 'ctr': '1.23119'}]
[I 221225 04:30:32 utils:77] Epoch: [191], Info: [{'num_test': 100, 'len_tra': 9.37, 'R_tra': 10.14, 'ctr': '1.08218'}]
[I 221225 04:33:37 utils:77] Epoch: [192], Info: [{'num_test': 100, 'len_tra': 9.44, 'R_tra': 9.32, 'ctr': '0.98729'}]
[I 221225 04:36:55 utils:77] Epoch: [193], Info: [{'num_test': 100, 'len_tra': 9.19, 'R_tra': 10.21, 'ctr': '1.11099'}]
[I 221225 04:40:07 utils:77] Epoch: [194], Info: [{'num_test': 100, 'len_tra': 9.07, 'R_tra': 11.85, 'ctr': '1.30650'}]
[I 221225 04:43:03 utils:77] Epoch: [195], Info: [{'num_test': 100, 'len_tra': 9.04, 'R_tra': 11.0, 'ctr': '1.21681'}]
[I 221225 04:46:05 utils:77] Epoch: [196], Info: [{'num_test': 100, 'len_tra': 9.19, 'R_tra': 10.32, 'ctr': '1.12296'}]
[I 221225 04:49:07 utils:77] Epoch: [197], Info: [{'num_test': 100, 'len_tra': 9.16, 'R_tra': 9.5, 'ctr': '1.03712'}]
[I 221225 04:52:14 utils:77] Epoch: [198], Info: [{'num_test': 100, 'len_tra': 9.12, 'R_tra': 9.57, 'ctr': '1.04934'}]
[I 221225 04:55:33 utils:77] Epoch: [199], Info: [{'num_test': 100, 'len_tra': 9.14, 'R_tra': 9.94, 'ctr': '1.08753'}]
[I 221225 04:59:44 utils:77] Epoch: [200], Info: [{'num_test': 100, 'len_tra': 9.24, 'R_tra': 10.66, 'ctr': '1.15368'}]
