[I 221225 08:47:35 CIRS-RL-taobao:133] {
      "env": "VirtualTB-v0",
      "user_model_name": "MLP",
      "model_name": "CIRS",
      "seed": 2022,
      "cuda": 0,
      "cpu": false,
      "is_save": false,
      "version": "v1",
      "tau": 0.0,
      "gamma_exposure": 10,
      "leave_threshold": 4.0,
      "num_leave_compute": 5,
      "max_turn": 10,
      "dim_state": 20,
      "dim_model": 27,
      "nhead": 3,
      "buffer_size": 11000,
      "lr": 0.001,
      "gamma": 0.95,
      "epoch": 200,
      "step_per_epoch": 15000,
      "repeat_per_collect": 2,
      "batch_size": 2048,
      "hidden_sizes": [
        64,
        64
      ],
      "episode_per_collect": 100,
      "training_num": 100,
      "test_num": 100,
      "render": 0.0,
      "vf_coef": 0.25,
      "ent_coef": 0.0,
      "eps_clip": 0.2,
      "max_grad_norm": 0.5,
      "gae_lambda": 0.95,
      "rew_norm": 1,
      "dual_clip": null,
      "value_clip": 1,
      "norm_adv": 1,
      "recompute_adv": 0,
      "resume": false,
      "save_interval": 1000,
      "read_message": "taobao tau 0",
      "message": "CIRS w_o CI-leave4"
    }
[I 221225 08:50:40 utils:67] Epoch: [1], Info: [{'num_test': 100, 'len_tra': 6.91, 'R_tra': 6.29, 'ctr': '0.910'}]
[I 221225 08:53:47 utils:67] Epoch: [2], Info: [{'num_test': 100, 'len_tra': 7.29, 'R_tra': 7.29, 'ctr': '1.000'}]
[I 221225 08:56:48 utils:67] Epoch: [3], Info: [{'num_test': 100, 'len_tra': 7.56, 'R_tra': 6.38, 'ctr': '0.844'}]
[I 221225 08:59:52 utils:67] Epoch: [4], Info: [{'num_test': 100, 'len_tra': 7.32, 'R_tra': 7.21, 'ctr': '0.985'}]
[I 221225 09:02:55 utils:67] Epoch: [5], Info: [{'num_test': 100, 'len_tra': 7.58, 'R_tra': 6.9, 'ctr': '0.910'}]
[I 221225 09:05:52 utils:67] Epoch: [6], Info: [{'num_test': 100, 'len_tra': 8.02, 'R_tra': 8.13, 'ctr': '1.014'}]
[I 221225 09:08:54 utils:67] Epoch: [7], Info: [{'num_test': 100, 'len_tra': 7.52, 'R_tra': 7.5, 'ctr': '0.997'}]
[I 221225 09:11:49 utils:67] Epoch: [8], Info: [{'num_test': 100, 'len_tra': 8.1, 'R_tra': 7.27, 'ctr': '0.898'}]
[I 221225 09:14:45 utils:67] Epoch: [9], Info: [{'num_test': 100, 'len_tra': 8.12, 'R_tra': 7.33, 'ctr': '0.903'}]
[I 221225 09:17:47 utils:67] Epoch: [10], Info: [{'num_test': 100, 'len_tra': 8.07, 'R_tra': 8.35, 'ctr': '1.035'}]
[I 221225 09:20:43 utils:67] Epoch: [11], Info: [{'num_test': 100, 'len_tra': 8.36, 'R_tra': 7.42, 'ctr': '0.888'}]
[I 221225 09:23:41 utils:67] Epoch: [12], Info: [{'num_test': 100, 'len_tra': 8.25, 'R_tra': 7.37, 'ctr': '0.893'}]
[I 221225 09:26:37 utils:67] Epoch: [13], Info: [{'num_test': 100, 'len_tra': 8.46, 'R_tra': 8.87, 'ctr': '1.048'}]
[I 221225 09:29:29 utils:67] Epoch: [14], Info: [{'num_test': 100, 'len_tra': 8.97, 'R_tra': 7.33, 'ctr': '0.817'}]
[I 221225 09:32:21 utils:67] Epoch: [15], Info: [{'num_test': 100, 'len_tra': 8.78, 'R_tra': 9.23, 'ctr': '1.051'}]
[I 221225 09:35:19 utils:67] Epoch: [16], Info: [{'num_test': 100, 'len_tra': 8.04, 'R_tra': 10.79, 'ctr': '1.342'}]
[I 221225 09:38:10 utils:67] Epoch: [17], Info: [{'num_test': 100, 'len_tra': 8.29, 'R_tra': 10.03, 'ctr': '1.210'}]
[I 221225 09:41:03 utils:67] Epoch: [18], Info: [{'num_test': 100, 'len_tra': 8.61, 'R_tra': 9.25, 'ctr': '1.074'}]
[I 221225 09:43:56 utils:67] Epoch: [19], Info: [{'num_test': 100, 'len_tra': 8.47, 'R_tra': 8.67, 'ctr': '1.024'}]
[I 221225 09:46:48 utils:67] Epoch: [20], Info: [{'num_test': 100, 'len_tra': 8.31, 'R_tra': 9.11, 'ctr': '1.096'}]
[I 221225 09:49:38 utils:67] Epoch: [21], Info: [{'num_test': 100, 'len_tra': 9.03, 'R_tra': 8.14, 'ctr': '0.901'}]
[I 221225 09:52:31 utils:67] Epoch: [22], Info: [{'num_test': 100, 'len_tra': 8.15, 'R_tra': 9.73, 'ctr': '1.194'}]
[I 221225 09:55:20 utils:67] Epoch: [23], Info: [{'num_test': 100, 'len_tra': 8.48, 'R_tra': 10.07, 'ctr': '1.188'}]
[I 221225 09:58:12 utils:67] Epoch: [24], Info: [{'num_test': 100, 'len_tra': 8.82, 'R_tra': 8.52, 'ctr': '0.966'}]
[I 221225 10:00:56 utils:67] Epoch: [25], Info: [{'num_test': 100, 'len_tra': 8.88, 'R_tra': 10.56, 'ctr': '1.189'}]
[I 221225 10:03:50 utils:67] Epoch: [26], Info: [{'num_test': 100, 'len_tra': 8.63, 'R_tra': 10.03, 'ctr': '1.162'}]
[I 221225 10:06:42 utils:67] Epoch: [27], Info: [{'num_test': 100, 'len_tra': 9.03, 'R_tra': 9.73, 'ctr': '1.078'}]
[I 221225 10:09:35 utils:67] Epoch: [28], Info: [{'num_test': 100, 'len_tra': 8.81, 'R_tra': 10.2, 'ctr': '1.158'}]
[I 221225 10:12:28 utils:67] Epoch: [29], Info: [{'num_test': 100, 'len_tra': 8.87, 'R_tra': 11.35, 'ctr': '1.280'}]
[I 221225 10:15:13 utils:67] Epoch: [30], Info: [{'num_test': 100, 'len_tra': 8.79, 'R_tra': 11.3, 'ctr': '1.286'}]
[I 221225 10:18:05 utils:67] Epoch: [31], Info: [{'num_test': 100, 'len_tra': 8.89, 'R_tra': 11.39, 'ctr': '1.281'}]
[I 221225 10:20:50 utils:67] Epoch: [32], Info: [{'num_test': 100, 'len_tra': 8.83, 'R_tra': 9.62, 'ctr': '1.089'}]
[I 221225 10:23:36 utils:67] Epoch: [33], Info: [{'num_test': 100, 'len_tra': 9.09, 'R_tra': 9.44, 'ctr': '1.039'}]
[I 221225 10:26:21 utils:67] Epoch: [34], Info: [{'num_test': 100, 'len_tra': 8.77, 'R_tra': 9.95, 'ctr': '1.135'}]
[I 221225 10:29:06 utils:67] Epoch: [35], Info: [{'num_test': 100, 'len_tra': 9.1, 'R_tra': 9.52, 'ctr': '1.046'}]
[I 221225 10:31:52 utils:67] Epoch: [36], Info: [{'num_test': 100, 'len_tra': 8.36, 'R_tra': 11.47, 'ctr': '1.372'}]
[I 221225 10:34:44 utils:67] Epoch: [37], Info: [{'num_test': 100, 'len_tra': 8.85, 'R_tra': 10.35, 'ctr': '1.169'}]
[I 221225 10:37:36 utils:67] Epoch: [38], Info: [{'num_test': 100, 'len_tra': 8.76, 'R_tra': 11.72, 'ctr': '1.338'}]
[I 221225 10:40:29 utils:67] Epoch: [39], Info: [{'num_test': 100, 'len_tra': 8.78, 'R_tra': 11.4, 'ctr': '1.298'}]
[I 221225 10:43:16 utils:67] Epoch: [40], Info: [{'num_test': 100, 'len_tra': 9.42, 'R_tra': 10.35, 'ctr': '1.099'}]
[I 221225 10:46:01 utils:67] Epoch: [41], Info: [{'num_test': 100, 'len_tra': 9.05, 'R_tra': 9.81, 'ctr': '1.084'}]
[I 221225 10:48:55 utils:67] Epoch: [42], Info: [{'num_test': 100, 'len_tra': 8.94, 'R_tra': 9.65, 'ctr': '1.079'}]
[I 221225 10:51:41 utils:67] Epoch: [43], Info: [{'num_test': 100, 'len_tra': 9.21, 'R_tra': 10.59, 'ctr': '1.150'}]
[I 221225 10:54:27 utils:67] Epoch: [44], Info: [{'num_test': 100, 'len_tra': 8.85, 'R_tra': 9.31, 'ctr': '1.052'}]
[I 221225 10:57:13 utils:67] Epoch: [45], Info: [{'num_test': 100, 'len_tra': 9.11, 'R_tra': 9.58, 'ctr': '1.052'}]
[I 221225 11:00:05 utils:67] Epoch: [46], Info: [{'num_test': 100, 'len_tra': 8.24, 'R_tra': 8.91, 'ctr': '1.081'}]
[I 221225 11:03:14 utils:67] Epoch: [47], Info: [{'num_test': 100, 'len_tra': 8.04, 'R_tra': 9.18, 'ctr': '1.142'}]
[I 221225 11:06:08 utils:67] Epoch: [48], Info: [{'num_test': 100, 'len_tra': 8.85, 'R_tra': 12.13, 'ctr': '1.371'}]
[I 221225 11:08:54 utils:67] Epoch: [49], Info: [{'num_test': 100, 'len_tra': 8.66, 'R_tra': 10.23, 'ctr': '1.181'}]
[I 221225 11:11:39 utils:67] Epoch: [50], Info: [{'num_test': 100, 'len_tra': 9.03, 'R_tra': 11.5, 'ctr': '1.274'}]
[I 221225 11:14:24 utils:67] Epoch: [51], Info: [{'num_test': 100, 'len_tra': 9.04, 'R_tra': 10.31, 'ctr': '1.140'}]
[I 221225 11:17:12 utils:67] Epoch: [52], Info: [{'num_test': 100, 'len_tra': 9.15, 'R_tra': 10.7, 'ctr': '1.169'}]
[I 221225 11:20:00 utils:67] Epoch: [53], Info: [{'num_test': 100, 'len_tra': 9.27, 'R_tra': 11.24, 'ctr': '1.213'}]
[I 221225 11:22:48 utils:67] Epoch: [54], Info: [{'num_test': 100, 'len_tra': 8.66, 'R_tra': 10.48, 'ctr': '1.210'}]
[I 221225 11:25:38 utils:67] Epoch: [55], Info: [{'num_test': 100, 'len_tra': 9.07, 'R_tra': 9.93, 'ctr': '1.095'}]
[I 221225 11:28:27 utils:67] Epoch: [56], Info: [{'num_test': 100, 'len_tra': 8.37, 'R_tra': 9.2, 'ctr': '1.099'}]
[I 221225 11:31:17 utils:67] Epoch: [57], Info: [{'num_test': 100, 'len_tra': 9.21, 'R_tra': 7.86, 'ctr': '0.853'}]
[I 221225 11:34:06 utils:67] Epoch: [58], Info: [{'num_test': 100, 'len_tra': 8.76, 'R_tra': 9.78, 'ctr': '1.116'}]
[I 221225 11:36:55 utils:67] Epoch: [59], Info: [{'num_test': 100, 'len_tra': 9.0, 'R_tra': 9.59, 'ctr': '1.066'}]
[I 221225 11:39:42 utils:67] Epoch: [60], Info: [{'num_test': 100, 'len_tra': 9.09, 'R_tra': 9.29, 'ctr': '1.022'}]
[I 221225 11:42:30 utils:67] Epoch: [61], Info: [{'num_test': 100, 'len_tra': 8.96, 'R_tra': 10.1, 'ctr': '1.127'}]
[I 221225 11:45:17 utils:67] Epoch: [62], Info: [{'num_test': 100, 'len_tra': 8.79, 'R_tra': 9.94, 'ctr': '1.131'}]
[I 221225 11:48:06 utils:67] Epoch: [63], Info: [{'num_test': 100, 'len_tra': 8.82, 'R_tra': 11.38, 'ctr': '1.290'}]
[I 221225 11:51:00 utils:67] Epoch: [64], Info: [{'num_test': 100, 'len_tra': 7.94, 'R_tra': 10.76, 'ctr': '1.355'}]
[I 221225 11:53:56 utils:67] Epoch: [65], Info: [{'num_test': 100, 'len_tra': 8.36, 'R_tra': 9.8, 'ctr': '1.172'}]
[I 221225 11:56:46 utils:67] Epoch: [66], Info: [{'num_test': 100, 'len_tra': 9.15, 'R_tra': 10.26, 'ctr': '1.121'}]
[I 221225 11:59:36 utils:67] Epoch: [67], Info: [{'num_test': 100, 'len_tra': 8.79, 'R_tra': 11.39, 'ctr': '1.296'}]
[I 221225 12:02:23 utils:67] Epoch: [68], Info: [{'num_test': 100, 'len_tra': 9.09, 'R_tra': 11.07, 'ctr': '1.218'}]
[I 221225 12:05:10 utils:67] Epoch: [69], Info: [{'num_test': 100, 'len_tra': 8.69, 'R_tra': 9.98, 'ctr': '1.148'}]
[I 221225 12:08:00 utils:67] Epoch: [70], Info: [{'num_test': 100, 'len_tra': 9.2, 'R_tra': 9.6, 'ctr': '1.043'}]
[I 221225 12:10:49 utils:67] Epoch: [71], Info: [{'num_test': 100, 'len_tra': 9.06, 'R_tra': 11.85, 'ctr': '1.308'}]
[I 221225 12:13:36 utils:67] Epoch: [72], Info: [{'num_test': 100, 'len_tra': 9.36, 'R_tra': 10.38, 'ctr': '1.109'}]
[I 221225 12:16:24 utils:67] Epoch: [73], Info: [{'num_test': 100, 'len_tra': 9.23, 'R_tra': 11.32, 'ctr': '1.226'}]
[I 221225 12:19:11 utils:67] Epoch: [74], Info: [{'num_test': 100, 'len_tra': 9.03, 'R_tra': 11.33, 'ctr': '1.255'}]
[I 221225 12:21:58 utils:67] Epoch: [75], Info: [{'num_test': 100, 'len_tra': 8.77, 'R_tra': 10.8, 'ctr': '1.231'}]
[I 221225 12:24:45 utils:67] Epoch: [76], Info: [{'num_test': 100, 'len_tra': 8.62, 'R_tra': 11.72, 'ctr': '1.360'}]
[I 221225 12:27:35 utils:67] Epoch: [77], Info: [{'num_test': 100, 'len_tra': 8.72, 'R_tra': 10.71, 'ctr': '1.228'}]
[I 221225 12:30:23 utils:67] Epoch: [78], Info: [{'num_test': 100, 'len_tra': 8.85, 'R_tra': 10.64, 'ctr': '1.202'}]
[I 221225 12:33:12 utils:67] Epoch: [79], Info: [{'num_test': 100, 'len_tra': 8.99, 'R_tra': 10.68, 'ctr': '1.188'}]
[I 221225 12:36:01 utils:67] Epoch: [80], Info: [{'num_test': 100, 'len_tra': 8.64, 'R_tra': 10.01, 'ctr': '1.159'}]
[I 221225 12:38:50 utils:67] Epoch: [81], Info: [{'num_test': 100, 'len_tra': 8.94, 'R_tra': 11.82, 'ctr': '1.322'}]
[I 221225 12:41:38 utils:67] Epoch: [82], Info: [{'num_test': 100, 'len_tra': 8.95, 'R_tra': 10.67, 'ctr': '1.192'}]
[I 221225 12:44:28 utils:67] Epoch: [83], Info: [{'num_test': 100, 'len_tra': 8.74, 'R_tra': 10.75, 'ctr': '1.230'}]
[I 221225 12:47:23 utils:67] Epoch: [84], Info: [{'num_test': 100, 'len_tra': 8.83, 'R_tra': 10.69, 'ctr': '1.211'}]
[I 221225 12:50:19 utils:67] Epoch: [85], Info: [{'num_test': 100, 'len_tra': 8.82, 'R_tra': 10.37, 'ctr': '1.176'}]
[I 221225 12:53:10 utils:67] Epoch: [86], Info: [{'num_test': 100, 'len_tra': 9.47, 'R_tra': 10.17, 'ctr': '1.074'}]
[I 221225 12:56:00 utils:67] Epoch: [87], Info: [{'num_test': 100, 'len_tra': 9.12, 'R_tra': 10.94, 'ctr': '1.200'}]
[I 221225 12:58:51 utils:67] Epoch: [88], Info: [{'num_test': 100, 'len_tra': 9.13, 'R_tra': 9.69, 'ctr': '1.061'}]
[I 221225 13:01:42 utils:67] Epoch: [89], Info: [{'num_test': 100, 'len_tra': 8.76, 'R_tra': 9.82, 'ctr': '1.121'}]
[I 221225 13:04:33 utils:67] Epoch: [90], Info: [{'num_test': 100, 'len_tra': 9.18, 'R_tra': 10.11, 'ctr': '1.101'}]
[I 221225 13:07:23 utils:67] Epoch: [91], Info: [{'num_test': 100, 'len_tra': 9.1, 'R_tra': 11.19, 'ctr': '1.230'}]
[I 221225 13:10:11 utils:67] Epoch: [92], Info: [{'num_test': 100, 'len_tra': 9.19, 'R_tra': 11.37, 'ctr': '1.237'}]
[I 221225 13:13:09 utils:67] Epoch: [93], Info: [{'num_test': 100, 'len_tra': 8.94, 'R_tra': 10.9, 'ctr': '1.219'}]
[I 221225 13:15:58 utils:67] Epoch: [94], Info: [{'num_test': 100, 'len_tra': 8.86, 'R_tra': 10.55, 'ctr': '1.191'}]
[I 221225 13:18:48 utils:67] Epoch: [95], Info: [{'num_test': 100, 'len_tra': 9.24, 'R_tra': 10.6, 'ctr': '1.147'}]
[I 221225 13:21:36 utils:67] Epoch: [96], Info: [{'num_test': 100, 'len_tra': 8.92, 'R_tra': 10.55, 'ctr': '1.183'}]
[I 221225 13:24:23 utils:67] Epoch: [97], Info: [{'num_test': 100, 'len_tra': 8.9, 'R_tra': 9.81, 'ctr': '1.102'}]
[I 221225 13:27:08 utils:67] Epoch: [98], Info: [{'num_test': 100, 'len_tra': 9.08, 'R_tra': 11.17, 'ctr': '1.230'}]
[I 221225 13:29:53 utils:67] Epoch: [99], Info: [{'num_test': 100, 'len_tra': 8.69, 'R_tra': 9.52, 'ctr': '1.096'}]
[I 221225 13:32:38 utils:67] Epoch: [100], Info: [{'num_test': 100, 'len_tra': 9.1, 'R_tra': 11.15, 'ctr': '1.225'}]
[I 221225 13:35:26 utils:67] Epoch: [101], Info: [{'num_test': 100, 'len_tra': 9.41, 'R_tra': 10.86, 'ctr': '1.154'}]
[I 221225 13:38:12 utils:67] Epoch: [102], Info: [{'num_test': 100, 'len_tra': 8.69, 'R_tra': 10.09, 'ctr': '1.161'}]
[I 221225 13:40:58 utils:67] Epoch: [103], Info: [{'num_test': 100, 'len_tra': 9.26, 'R_tra': 10.94, 'ctr': '1.181'}]
[I 221225 13:43:44 utils:67] Epoch: [104], Info: [{'num_test': 100, 'len_tra': 9.11, 'R_tra': 11.16, 'ctr': '1.225'}]
[I 221225 13:46:31 utils:67] Epoch: [105], Info: [{'num_test': 100, 'len_tra': 9.26, 'R_tra': 11.05, 'ctr': '1.193'}]
[I 221225 13:49:18 utils:67] Epoch: [106], Info: [{'num_test': 100, 'len_tra': 8.94, 'R_tra': 10.46, 'ctr': '1.170'}]
[I 221225 13:52:04 utils:67] Epoch: [107], Info: [{'num_test': 100, 'len_tra': 8.9, 'R_tra': 10.73, 'ctr': '1.206'}]
[I 221225 13:54:50 utils:67] Epoch: [108], Info: [{'num_test': 100, 'len_tra': 8.8, 'R_tra': 10.93, 'ctr': '1.242'}]
[I 221225 13:57:37 utils:67] Epoch: [109], Info: [{'num_test': 100, 'len_tra': 8.59, 'R_tra': 9.85, 'ctr': '1.147'}]
[I 221225 14:00:23 utils:67] Epoch: [110], Info: [{'num_test': 100, 'len_tra': 8.9, 'R_tra': 10.15, 'ctr': '1.140'}]
[I 221225 14:03:10 utils:67] Epoch: [111], Info: [{'num_test': 100, 'len_tra': 9.02, 'R_tra': 10.94, 'ctr': '1.213'}]
[I 221225 14:05:57 utils:67] Epoch: [112], Info: [{'num_test': 100, 'len_tra': 8.9, 'R_tra': 10.01, 'ctr': '1.125'}]
[I 221225 14:08:44 utils:67] Epoch: [113], Info: [{'num_test': 100, 'len_tra': 8.91, 'R_tra': 11.4, 'ctr': '1.279'}]
[I 221225 14:11:31 utils:67] Epoch: [114], Info: [{'num_test': 100, 'len_tra': 9.16, 'R_tra': 12.42, 'ctr': '1.356'}]
[I 221225 14:14:18 utils:67] Epoch: [115], Info: [{'num_test': 100, 'len_tra': 9.18, 'R_tra': 11.86, 'ctr': '1.292'}]
[I 221225 14:17:04 utils:67] Epoch: [116], Info: [{'num_test': 100, 'len_tra': 9.02, 'R_tra': 11.15, 'ctr': '1.236'}]
[I 221225 14:19:51 utils:67] Epoch: [117], Info: [{'num_test': 100, 'len_tra': 8.81, 'R_tra': 11.67, 'ctr': '1.325'}]
[I 221225 14:22:37 utils:67] Epoch: [118], Info: [{'num_test': 100, 'len_tra': 9.21, 'R_tra': 10.81, 'ctr': '1.174'}]
[I 221225 14:25:24 utils:67] Epoch: [119], Info: [{'num_test': 100, 'len_tra': 8.81, 'R_tra': 10.98, 'ctr': '1.246'}]
[I 221225 14:28:12 utils:67] Epoch: [120], Info: [{'num_test': 100, 'len_tra': 9.12, 'R_tra': 10.74, 'ctr': '1.178'}]
[I 221225 14:30:58 utils:67] Epoch: [121], Info: [{'num_test': 100, 'len_tra': 8.92, 'R_tra': 11.19, 'ctr': '1.254'}]
[I 221225 14:33:47 utils:67] Epoch: [122], Info: [{'num_test': 100, 'len_tra': 9.03, 'R_tra': 11.71, 'ctr': '1.297'}]
[I 221225 14:36:36 utils:67] Epoch: [123], Info: [{'num_test': 100, 'len_tra': 8.47, 'R_tra': 11.02, 'ctr': '1.301'}]
[I 221225 14:39:26 utils:67] Epoch: [124], Info: [{'num_test': 100, 'len_tra': 9.24, 'R_tra': 11.28, 'ctr': '1.221'}]
[I 221225 14:42:16 utils:67] Epoch: [125], Info: [{'num_test': 100, 'len_tra': 9.39, 'R_tra': 11.01, 'ctr': '1.173'}]
[I 221225 14:45:06 utils:67] Epoch: [126], Info: [{'num_test': 100, 'len_tra': 8.94, 'R_tra': 11.12, 'ctr': '1.244'}]
[I 221225 14:47:55 utils:67] Epoch: [127], Info: [{'num_test': 100, 'len_tra': 9.11, 'R_tra': 11.21, 'ctr': '1.231'}]
[I 221225 14:50:45 utils:67] Epoch: [128], Info: [{'num_test': 100, 'len_tra': 9.19, 'R_tra': 12.34, 'ctr': '1.343'}]
[I 221225 14:53:33 utils:67] Epoch: [129], Info: [{'num_test': 100, 'len_tra': 8.96, 'R_tra': 11.29, 'ctr': '1.260'}]
[I 221225 14:56:23 utils:67] Epoch: [130], Info: [{'num_test': 100, 'len_tra': 9.04, 'R_tra': 10.9, 'ctr': '1.206'}]
[I 221225 14:59:12 utils:67] Epoch: [131], Info: [{'num_test': 100, 'len_tra': 9.09, 'R_tra': 10.7, 'ctr': '1.177'}]
[I 221225 15:02:01 utils:67] Epoch: [132], Info: [{'num_test': 100, 'len_tra': 9.16, 'R_tra': 10.97, 'ctr': '1.198'}]
[I 221225 15:04:51 utils:67] Epoch: [133], Info: [{'num_test': 100, 'len_tra': 9.18, 'R_tra': 11.17, 'ctr': '1.217'}]
[I 221225 15:07:40 utils:67] Epoch: [134], Info: [{'num_test': 100, 'len_tra': 9.17, 'R_tra': 12.15, 'ctr': '1.325'}]
[I 221225 15:10:28 utils:67] Epoch: [135], Info: [{'num_test': 100, 'len_tra': 8.8, 'R_tra': 10.81, 'ctr': '1.228'}]
[I 221225 15:13:18 utils:67] Epoch: [136], Info: [{'num_test': 100, 'len_tra': 9.17, 'R_tra': 12.26, 'ctr': '1.337'}]
[I 221225 15:16:08 utils:67] Epoch: [137], Info: [{'num_test': 100, 'len_tra': 8.87, 'R_tra': 10.62, 'ctr': '1.197'}]
[I 221225 15:18:57 utils:67] Epoch: [138], Info: [{'num_test': 100, 'len_tra': 8.77, 'R_tra': 12.4, 'ctr': '1.414'}]
[I 221225 15:21:47 utils:67] Epoch: [139], Info: [{'num_test': 100, 'len_tra': 9.11, 'R_tra': 11.95, 'ctr': '1.312'}]
[I 221225 15:24:35 utils:67] Epoch: [140], Info: [{'num_test': 100, 'len_tra': 8.79, 'R_tra': 12.27, 'ctr': '1.396'}]
[I 221225 15:27:26 utils:67] Epoch: [141], Info: [{'num_test': 100, 'len_tra': 9.08, 'R_tra': 11.1, 'ctr': '1.222'}]
[I 221225 15:30:16 utils:67] Epoch: [142], Info: [{'num_test': 100, 'len_tra': 9.19, 'R_tra': 10.57, 'ctr': '1.150'}]
[I 221225 15:33:07 utils:67] Epoch: [143], Info: [{'num_test': 100, 'len_tra': 8.88, 'R_tra': 9.84, 'ctr': '1.108'}]
[I 221225 15:35:57 utils:67] Epoch: [144], Info: [{'num_test': 100, 'len_tra': 9.03, 'R_tra': 11.24, 'ctr': '1.245'}]
[I 221225 15:38:48 utils:67] Epoch: [145], Info: [{'num_test': 100, 'len_tra': 8.92, 'R_tra': 10.61, 'ctr': '1.189'}]
[I 221225 15:41:40 utils:67] Epoch: [146], Info: [{'num_test': 100, 'len_tra': 9.01, 'R_tra': 11.13, 'ctr': '1.235'}]
[I 221225 15:44:30 utils:67] Epoch: [147], Info: [{'num_test': 100, 'len_tra': 8.78, 'R_tra': 11.86, 'ctr': '1.351'}]
[I 221225 15:47:20 utils:67] Epoch: [148], Info: [{'num_test': 100, 'len_tra': 9.32, 'R_tra': 10.19, 'ctr': '1.093'}]
[I 221225 15:50:09 utils:67] Epoch: [149], Info: [{'num_test': 100, 'len_tra': 9.43, 'R_tra': 11.27, 'ctr': '1.195'}]
[I 221225 15:52:57 utils:67] Epoch: [150], Info: [{'num_test': 100, 'len_tra': 9.36, 'R_tra': 10.52, 'ctr': '1.124'}]
[I 221225 15:55:46 utils:67] Epoch: [151], Info: [{'num_test': 100, 'len_tra': 8.98, 'R_tra': 11.2, 'ctr': '1.247'}]
[I 221225 15:58:33 utils:67] Epoch: [152], Info: [{'num_test': 100, 'len_tra': 9.09, 'R_tra': 11.24, 'ctr': '1.237'}]
[I 221225 16:01:21 utils:67] Epoch: [153], Info: [{'num_test': 100, 'len_tra': 9.23, 'R_tra': 10.14, 'ctr': '1.099'}]
[I 221225 16:04:10 utils:67] Epoch: [154], Info: [{'num_test': 100, 'len_tra': 9.11, 'R_tra': 9.97, 'ctr': '1.094'}]
[I 221225 16:06:57 utils:67] Epoch: [155], Info: [{'num_test': 100, 'len_tra': 8.87, 'R_tra': 10.24, 'ctr': '1.154'}]
[I 221225 16:09:47 utils:67] Epoch: [156], Info: [{'num_test': 100, 'len_tra': 9.28, 'R_tra': 10.37, 'ctr': '1.117'}]
[I 221225 16:12:39 utils:67] Epoch: [157], Info: [{'num_test': 100, 'len_tra': 9.19, 'R_tra': 11.39, 'ctr': '1.239'}]
[I 221225 16:15:31 utils:67] Epoch: [158], Info: [{'num_test': 100, 'len_tra': 9.25, 'R_tra': 10.72, 'ctr': '1.159'}]
[I 221225 16:18:23 utils:67] Epoch: [159], Info: [{'num_test': 100, 'len_tra': 8.86, 'R_tra': 11.67, 'ctr': '1.317'}]
[I 221225 16:21:14 utils:67] Epoch: [160], Info: [{'num_test': 100, 'len_tra': 8.84, 'R_tra': 10.97, 'ctr': '1.241'}]
[I 221225 16:24:06 utils:67] Epoch: [161], Info: [{'num_test': 100, 'len_tra': 8.55, 'R_tra': 11.25, 'ctr': '1.316'}]
[I 221225 16:26:54 utils:67] Epoch: [162], Info: [{'num_test': 100, 'len_tra': 8.91, 'R_tra': 11.08, 'ctr': '1.244'}]
[I 221225 16:29:45 utils:67] Epoch: [163], Info: [{'num_test': 100, 'len_tra': 9.24, 'R_tra': 11.74, 'ctr': '1.271'}]
[I 221225 16:32:35 utils:67] Epoch: [164], Info: [{'num_test': 100, 'len_tra': 9.35, 'R_tra': 11.31, 'ctr': '1.210'}]
[I 221225 16:35:27 utils:67] Epoch: [165], Info: [{'num_test': 100, 'len_tra': 9.29, 'R_tra': 11.66, 'ctr': '1.255'}]
[I 221225 16:38:18 utils:67] Epoch: [166], Info: [{'num_test': 100, 'len_tra': 9.15, 'R_tra': 11.92, 'ctr': '1.303'}]
[I 221225 16:41:09 utils:67] Epoch: [167], Info: [{'num_test': 100, 'len_tra': 8.6, 'R_tra': 10.6, 'ctr': '1.233'}]
[I 221225 16:44:00 utils:67] Epoch: [168], Info: [{'num_test': 100, 'len_tra': 9.2, 'R_tra': 12.53, 'ctr': '1.362'}]
[I 221225 16:46:53 utils:67] Epoch: [169], Info: [{'num_test': 100, 'len_tra': 9.13, 'R_tra': 10.98, 'ctr': '1.203'}]
[I 221225 16:49:44 utils:67] Epoch: [170], Info: [{'num_test': 100, 'len_tra': 9.01, 'R_tra': 10.62, 'ctr': '1.179'}]
[I 221225 16:52:37 utils:67] Epoch: [171], Info: [{'num_test': 100, 'len_tra': 9.4, 'R_tra': 10.93, 'ctr': '1.163'}]
[I 221225 16:55:28 utils:67] Epoch: [172], Info: [{'num_test': 100, 'len_tra': 9.38, 'R_tra': 12.38, 'ctr': '1.320'}]
[I 221225 16:58:20 utils:67] Epoch: [173], Info: [{'num_test': 100, 'len_tra': 9.53, 'R_tra': 11.12, 'ctr': '1.167'}]
[I 221225 17:01:12 utils:67] Epoch: [174], Info: [{'num_test': 100, 'len_tra': 9.19, 'R_tra': 12.38, 'ctr': '1.347'}]
[I 221225 17:04:04 utils:67] Epoch: [175], Info: [{'num_test': 100, 'len_tra': 9.05, 'R_tra': 11.53, 'ctr': '1.274'}]
[I 221225 17:06:55 utils:67] Epoch: [176], Info: [{'num_test': 100, 'len_tra': 9.37, 'R_tra': 11.53, 'ctr': '1.231'}]
[I 221225 17:09:47 utils:67] Epoch: [177], Info: [{'num_test': 100, 'len_tra': 9.25, 'R_tra': 11.74, 'ctr': '1.269'}]
[I 221225 17:12:37 utils:67] Epoch: [178], Info: [{'num_test': 100, 'len_tra': 9.49, 'R_tra': 11.48, 'ctr': '1.210'}]
[I 221225 17:15:28 utils:67] Epoch: [179], Info: [{'num_test': 100, 'len_tra': 8.88, 'R_tra': 11.84, 'ctr': '1.333'}]
[I 221225 17:18:19 utils:67] Epoch: [180], Info: [{'num_test': 100, 'len_tra': 9.15, 'R_tra': 11.9, 'ctr': '1.301'}]
[I 221225 17:21:11 utils:67] Epoch: [181], Info: [{'num_test': 100, 'len_tra': 9.27, 'R_tra': 12.12, 'ctr': '1.307'}]
[I 221225 17:24:03 utils:67] Epoch: [182], Info: [{'num_test': 100, 'len_tra': 9.21, 'R_tra': 12.21, 'ctr': '1.326'}]
[I 221225 17:26:55 utils:67] Epoch: [183], Info: [{'num_test': 100, 'len_tra': 9.2, 'R_tra': 11.78, 'ctr': '1.280'}]
[I 221225 17:29:46 utils:67] Epoch: [184], Info: [{'num_test': 100, 'len_tra': 9.01, 'R_tra': 11.69, 'ctr': '1.297'}]
[I 221225 17:32:38 utils:67] Epoch: [185], Info: [{'num_test': 100, 'len_tra': 9.25, 'R_tra': 11.59, 'ctr': '1.253'}]
[I 221225 17:35:29 utils:67] Epoch: [186], Info: [{'num_test': 100, 'len_tra': 8.72, 'R_tra': 12.07, 'ctr': '1.384'}]
[I 221225 17:38:20 utils:67] Epoch: [187], Info: [{'num_test': 100, 'len_tra': 8.94, 'R_tra': 12.64, 'ctr': '1.414'}]
[I 221225 17:41:11 utils:67] Epoch: [188], Info: [{'num_test': 100, 'len_tra': 9.41, 'R_tra': 13.63, 'ctr': '1.448'}]
[I 221225 17:44:03 utils:67] Epoch: [189], Info: [{'num_test': 100, 'len_tra': 9.15, 'R_tra': 11.1, 'ctr': '1.213'}]
[I 221225 17:46:54 utils:67] Epoch: [190], Info: [{'num_test': 100, 'len_tra': 8.84, 'R_tra': 12.02, 'ctr': '1.360'}]
[I 221225 17:49:44 utils:67] Epoch: [191], Info: [{'num_test': 100, 'len_tra': 9.06, 'R_tra': 11.88, 'ctr': '1.311'}]
[I 221225 17:52:33 utils:67] Epoch: [192], Info: [{'num_test': 100, 'len_tra': 9.21, 'R_tra': 12.58, 'ctr': '1.366'}]
[I 221225 17:55:22 utils:67] Epoch: [193], Info: [{'num_test': 100, 'len_tra': 8.9, 'R_tra': 12.99, 'ctr': '1.460'}]
[I 221225 17:58:14 utils:67] Epoch: [194], Info: [{'num_test': 100, 'len_tra': 9.42, 'R_tra': 11.0, 'ctr': '1.168'}]
[I 221225 18:01:05 utils:67] Epoch: [195], Info: [{'num_test': 100, 'len_tra': 9.29, 'R_tra': 11.62, 'ctr': '1.251'}]
[I 221225 18:03:56 utils:67] Epoch: [196], Info: [{'num_test': 100, 'len_tra': 8.89, 'R_tra': 11.57, 'ctr': '1.301'}]
[I 221225 18:06:47 utils:67] Epoch: [197], Info: [{'num_test': 100, 'len_tra': 9.21, 'R_tra': 12.06, 'ctr': '1.309'}]
[I 221225 18:09:39 utils:67] Epoch: [198], Info: [{'num_test': 100, 'len_tra': 9.09, 'R_tra': 11.54, 'ctr': '1.270'}]
[I 221225 18:12:30 utils:67] Epoch: [199], Info: [{'num_test': 100, 'len_tra': 9.15, 'R_tra': 11.54, 'ctr': '1.261'}]
[I 221225 18:15:21 utils:67] Epoch: [200], Info: [{'num_test': 100, 'len_tra': 9.43, 'R_tra': 12.28, 'ctr': '1.302'}]
