[I 221225 09:36:29 CIRS-RL-taobao:134] {
      "env": "VirtualTB-v0",
      "user_model_name": "MLP",
      "model_name": "CIRS",
      "seed": 2022,
      "cuda": 0,
      "cpu": false,
      "is_save": false,
      "version": "v1",
      "tau": 0.1,
      "gamma_exposure": 10.0,
      "leave_threshold": 3.0,
      "num_leave_compute": 5,
      "max_turn": 10,
      "dim_state": 20,
      "dim_model": 27,
      "nhead": 3,
      "buffer_size": 11000,
      "lr": 0.001,
      "gamma": 0.95,
      "epoch": 200,
      "step_per_epoch": 15000,
      "repeat_per_collect": 2,
      "batch_size": 2048,
      "hidden_sizes": [
        64,
        64
      ],
      "episode_per_collect": 100,
      "training_num": 100,
      "test_num": 100,
      "render": 0.0,
      "vf_coef": 0.25,
      "ent_coef": 0.0,
      "eps_clip": 0.2,
      "max_grad_norm": 0.5,
      "gae_lambda": 0.95,
      "rew_norm": 1,
      "dual_clip": null,
      "value_clip": 1,
      "norm_adv": 1,
      "recompute_adv": 0,
      "resume": false,
      "save_interval": 1000,
      "read_message": "taobao tau 1",
      "message": "CIRS-leave3"
    }
[I 221225 09:39:44 utils:77] Epoch: [1], Info: [{'num_test': 100, 'len_tra': 9.92, 'R_tra': 10.3, 'ctr': '1.03831'}]
[I 221225 09:42:46 utils:77] Epoch: [2], Info: [{'num_test': 100, 'len_tra': 9.31, 'R_tra': 14.25, 'ctr': '1.53061'}]
[I 221225 09:45:46 utils:77] Epoch: [3], Info: [{'num_test': 100, 'len_tra': 9.27, 'R_tra': 16.46, 'ctr': '1.77562'}]
[I 221225 09:48:52 utils:77] Epoch: [4], Info: [{'num_test': 100, 'len_tra': 9.32, 'R_tra': 18.55, 'ctr': '1.99034'}]
[I 221225 09:52:02 utils:77] Epoch: [5], Info: [{'num_test': 100, 'len_tra': 9.33, 'R_tra': 18.3, 'ctr': '1.96141'}]
[I 221225 09:55:08 utils:77] Epoch: [6], Info: [{'num_test': 100, 'len_tra': 8.79, 'R_tra': 18.22, 'ctr': '2.07281'}]
[I 221225 09:58:07 utils:77] Epoch: [7], Info: [{'num_test': 100, 'len_tra': 9.55, 'R_tra': 18.86, 'ctr': '1.97487'}]
[I 221225 10:01:05 utils:77] Epoch: [8], Info: [{'num_test': 100, 'len_tra': 9.61, 'R_tra': 17.63, 'ctr': '1.83455'}]
[I 221225 10:04:03 utils:77] Epoch: [9], Info: [{'num_test': 100, 'len_tra': 9.53, 'R_tra': 16.23, 'ctr': '1.70304'}]
[I 221225 10:07:01 utils:77] Epoch: [10], Info: [{'num_test': 100, 'len_tra': 9.22, 'R_tra': 17.84, 'ctr': '1.93492'}]
[I 221225 10:09:58 utils:77] Epoch: [11], Info: [{'num_test': 100, 'len_tra': 9.71, 'R_tra': 17.16, 'ctr': '1.76725'}]
[I 221225 10:13:08 utils:77] Epoch: [12], Info: [{'num_test': 100, 'len_tra': 9.51, 'R_tra': 16.36, 'ctr': '1.72029'}]
[I 221225 10:16:16 utils:77] Epoch: [13], Info: [{'num_test': 100, 'len_tra': 9.34, 'R_tra': 17.98, 'ctr': '1.92505'}]
[I 221225 10:19:25 utils:77] Epoch: [14], Info: [{'num_test': 100, 'len_tra': 9.31, 'R_tra': 18.21, 'ctr': '1.95596'}]
[I 221225 10:22:33 utils:77] Epoch: [15], Info: [{'num_test': 100, 'len_tra': 9.36, 'R_tra': 16.09, 'ctr': '1.71902'}]
[I 221225 10:25:41 utils:77] Epoch: [16], Info: [{'num_test': 100, 'len_tra': 9.5, 'R_tra': 18.45, 'ctr': '1.94211'}]
[I 221225 10:28:41 utils:77] Epoch: [17], Info: [{'num_test': 100, 'len_tra': 9.92, 'R_tra': 18.28, 'ctr': '1.84274'}]
[I 221225 10:31:42 utils:77] Epoch: [18], Info: [{'num_test': 100, 'len_tra': 9.53, 'R_tra': 18.42, 'ctr': '1.93284'}]
[I 221225 10:34:42 utils:77] Epoch: [19], Info: [{'num_test': 100, 'len_tra': 9.51, 'R_tra': 19.13, 'ctr': '2.01157'}]
[I 221225 10:37:41 utils:77] Epoch: [20], Info: [{'num_test': 100, 'len_tra': 9.75, 'R_tra': 19.63, 'ctr': '2.01333'}]
[I 221225 10:40:40 utils:77] Epoch: [21], Info: [{'num_test': 100, 'len_tra': 9.37, 'R_tra': 17.75, 'ctr': '1.89434'}]
[I 221225 10:43:40 utils:77] Epoch: [22], Info: [{'num_test': 100, 'len_tra': 9.68, 'R_tra': 17.75, 'ctr': '1.83368'}]
[I 221225 10:46:38 utils:77] Epoch: [23], Info: [{'num_test': 100, 'len_tra': 9.31, 'R_tra': 18.61, 'ctr': '1.99893'}]
[I 221225 10:49:37 utils:77] Epoch: [24], Info: [{'num_test': 100, 'len_tra': 9.53, 'R_tra': 18.37, 'ctr': '1.92760'}]
[I 221225 10:52:36 utils:77] Epoch: [25], Info: [{'num_test': 100, 'len_tra': 9.3, 'R_tra': 19.33, 'ctr': '2.07849'}]
[I 221225 10:55:34 utils:77] Epoch: [26], Info: [{'num_test': 100, 'len_tra': 9.6, 'R_tra': 18.89, 'ctr': '1.96771'}]
[I 221225 10:58:35 utils:77] Epoch: [27], Info: [{'num_test': 100, 'len_tra': 9.66, 'R_tra': 17.21, 'ctr': '1.78157'}]
[I 221225 11:01:34 utils:77] Epoch: [28], Info: [{'num_test': 100, 'len_tra': 9.19, 'R_tra': 18.19, 'ctr': '1.97933'}]
[I 221225 11:04:34 utils:77] Epoch: [29], Info: [{'num_test': 100, 'len_tra': 9.34, 'R_tra': 17.1, 'ctr': '1.83084'}]
[I 221225 11:07:34 utils:77] Epoch: [30], Info: [{'num_test': 100, 'len_tra': 9.27, 'R_tra': 18.37, 'ctr': '1.98166'}]
[I 221225 11:10:34 utils:77] Epoch: [31], Info: [{'num_test': 100, 'len_tra': 9.6, 'R_tra': 18.58, 'ctr': '1.93542'}]
[I 221225 11:13:34 utils:77] Epoch: [32], Info: [{'num_test': 100, 'len_tra': 9.46, 'R_tra': 19.87, 'ctr': '2.10042'}]
[I 221225 11:16:33 utils:77] Epoch: [33], Info: [{'num_test': 100, 'len_tra': 9.21, 'R_tra': 18.98, 'ctr': '2.06080'}]
[I 221225 11:19:32 utils:77] Epoch: [34], Info: [{'num_test': 100, 'len_tra': 9.55, 'R_tra': 18.1, 'ctr': '1.89529'}]
[I 221225 11:22:32 utils:77] Epoch: [35], Info: [{'num_test': 100, 'len_tra': 9.48, 'R_tra': 18.14, 'ctr': '1.91350'}]
[I 221225 11:25:34 utils:77] Epoch: [36], Info: [{'num_test': 100, 'len_tra': 9.46, 'R_tra': 18.4, 'ctr': '1.94503'}]
[I 221225 11:28:33 utils:77] Epoch: [37], Info: [{'num_test': 100, 'len_tra': 9.54, 'R_tra': 19.68, 'ctr': '2.06289'}]
[I 221225 11:31:32 utils:77] Epoch: [38], Info: [{'num_test': 100, 'len_tra': 9.16, 'R_tra': 19.29, 'ctr': '2.10590'}]
[I 221225 11:34:30 utils:77] Epoch: [39], Info: [{'num_test': 100, 'len_tra': 9.56, 'R_tra': 19.89, 'ctr': '2.08054'}]
[I 221225 11:37:29 utils:77] Epoch: [40], Info: [{'num_test': 100, 'len_tra': 9.75, 'R_tra': 19.9, 'ctr': '2.04103'}]
[I 221225 11:40:30 utils:77] Epoch: [41], Info: [{'num_test': 100, 'len_tra': 9.65, 'R_tra': 19.77, 'ctr': '2.04870'}]
[I 221225 11:43:28 utils:77] Epoch: [42], Info: [{'num_test': 100, 'len_tra': 9.74, 'R_tra': 20.27, 'ctr': '2.08111'}]
[I 221225 11:46:31 utils:77] Epoch: [43], Info: [{'num_test': 100, 'len_tra': 9.59, 'R_tra': 16.37, 'ctr': '1.70699'}]
[I 221225 11:49:31 utils:77] Epoch: [44], Info: [{'num_test': 100, 'len_tra': 9.55, 'R_tra': 18.04, 'ctr': '1.88901'}]
[I 221225 11:52:31 utils:77] Epoch: [45], Info: [{'num_test': 100, 'len_tra': 9.64, 'R_tra': 21.0, 'ctr': '2.17842'}]
[I 221225 11:55:31 utils:77] Epoch: [46], Info: [{'num_test': 100, 'len_tra': 9.56, 'R_tra': 18.26, 'ctr': '1.91004'}]
[I 221225 11:58:32 utils:77] Epoch: [47], Info: [{'num_test': 100, 'len_tra': 9.53, 'R_tra': 18.01, 'ctr': '1.88982'}]
[I 221225 12:01:32 utils:77] Epoch: [48], Info: [{'num_test': 100, 'len_tra': 9.68, 'R_tra': 19.29, 'ctr': '1.99277'}]
[I 221225 12:04:32 utils:77] Epoch: [49], Info: [{'num_test': 100, 'len_tra': 9.48, 'R_tra': 17.82, 'ctr': '1.87975'}]
[I 221225 12:07:32 utils:77] Epoch: [50], Info: [{'num_test': 100, 'len_tra': 9.58, 'R_tra': 19.01, 'ctr': '1.98434'}]
[I 221225 12:10:34 utils:77] Epoch: [51], Info: [{'num_test': 100, 'len_tra': 9.48, 'R_tra': 17.3, 'ctr': '1.82489'}]
[I 221225 12:13:34 utils:77] Epoch: [52], Info: [{'num_test': 100, 'len_tra': 9.5, 'R_tra': 16.27, 'ctr': '1.71263'}]
[I 221225 12:16:36 utils:77] Epoch: [53], Info: [{'num_test': 100, 'len_tra': 9.49, 'R_tra': 17.97, 'ctr': '1.89357'}]
[I 221225 12:19:38 utils:77] Epoch: [54], Info: [{'num_test': 100, 'len_tra': 9.53, 'R_tra': 18.51, 'ctr': '1.94229'}]
[I 221225 12:22:38 utils:77] Epoch: [55], Info: [{'num_test': 100, 'len_tra': 9.63, 'R_tra': 18.3, 'ctr': '1.90031'}]
[I 221225 12:25:38 utils:77] Epoch: [56], Info: [{'num_test': 100, 'len_tra': 9.65, 'R_tra': 19.78, 'ctr': '2.04974'}]
[I 221225 12:28:40 utils:77] Epoch: [57], Info: [{'num_test': 100, 'len_tra': 9.66, 'R_tra': 19.56, 'ctr': '2.02484'}]
[I 221225 12:31:38 utils:77] Epoch: [58], Info: [{'num_test': 100, 'len_tra': 9.19, 'R_tra': 18.24, 'ctr': '1.98477'}]
[I 221225 12:34:40 utils:77] Epoch: [59], Info: [{'num_test': 100, 'len_tra': 9.58, 'R_tra': 20.11, 'ctr': '2.09916'}]
[I 221225 12:37:38 utils:77] Epoch: [60], Info: [{'num_test': 100, 'len_tra': 9.6, 'R_tra': 19.79, 'ctr': '2.06146'}]
[I 221225 12:40:38 utils:77] Epoch: [61], Info: [{'num_test': 100, 'len_tra': 9.72, 'R_tra': 20.08, 'ctr': '2.06584'}]
[I 221225 12:43:37 utils:77] Epoch: [62], Info: [{'num_test': 100, 'len_tra': 9.33, 'R_tra': 18.88, 'ctr': '2.02358'}]
[I 221225 12:46:35 utils:77] Epoch: [63], Info: [{'num_test': 100, 'len_tra': 9.76, 'R_tra': 21.0, 'ctr': '2.15164'}]
[I 221225 12:49:35 utils:77] Epoch: [64], Info: [{'num_test': 100, 'len_tra': 9.48, 'R_tra': 19.75, 'ctr': '2.08333'}]
[I 221225 12:52:36 utils:77] Epoch: [65], Info: [{'num_test': 100, 'len_tra': 9.61, 'R_tra': 19.77, 'ctr': '2.05723'}]
[I 221225 12:55:36 utils:77] Epoch: [66], Info: [{'num_test': 100, 'len_tra': 9.41, 'R_tra': 20.87, 'ctr': '2.21785'}]
[I 221225 12:58:36 utils:77] Epoch: [67], Info: [{'num_test': 100, 'len_tra': 9.67, 'R_tra': 20.27, 'ctr': '2.09617'}]
[I 221225 13:01:37 utils:77] Epoch: [68], Info: [{'num_test': 100, 'len_tra': 9.83, 'R_tra': 20.16, 'ctr': '2.05086'}]
[I 221225 13:04:37 utils:77] Epoch: [69], Info: [{'num_test': 100, 'len_tra': 9.79, 'R_tra': 20.33, 'ctr': '2.07661'}]
[I 221225 13:07:37 utils:77] Epoch: [70], Info: [{'num_test': 100, 'len_tra': 9.39, 'R_tra': 18.8, 'ctr': '2.00213'}]
[I 221225 13:10:36 utils:77] Epoch: [71], Info: [{'num_test': 100, 'len_tra': 9.71, 'R_tra': 18.72, 'ctr': '1.92791'}]
[I 221225 13:13:36 utils:77] Epoch: [72], Info: [{'num_test': 100, 'len_tra': 9.45, 'R_tra': 21.2, 'ctr': '2.24339'}]
[I 221225 13:16:35 utils:77] Epoch: [73], Info: [{'num_test': 100, 'len_tra': 9.62, 'R_tra': 21.17, 'ctr': '2.20062'}]
[I 221225 13:19:37 utils:77] Epoch: [74], Info: [{'num_test': 100, 'len_tra': 9.68, 'R_tra': 20.05, 'ctr': '2.07128'}]
[I 221225 13:22:36 utils:77] Epoch: [75], Info: [{'num_test': 100, 'len_tra': 9.67, 'R_tra': 19.07, 'ctr': '1.97208'}]
[I 221225 13:25:36 utils:77] Epoch: [76], Info: [{'num_test': 100, 'len_tra': 9.65, 'R_tra': 18.53, 'ctr': '1.92021'}]
[I 221225 13:28:37 utils:77] Epoch: [77], Info: [{'num_test': 100, 'len_tra': 9.56, 'R_tra': 19.18, 'ctr': '2.00628'}]
[I 221225 13:31:37 utils:77] Epoch: [78], Info: [{'num_test': 100, 'len_tra': 9.6, 'R_tra': 19.82, 'ctr': '2.06458'}]
[I 221225 13:34:37 utils:77] Epoch: [79], Info: [{'num_test': 100, 'len_tra': 9.42, 'R_tra': 18.57, 'ctr': '1.97134'}]
[I 221225 13:37:36 utils:77] Epoch: [80], Info: [{'num_test': 100, 'len_tra': 9.43, 'R_tra': 18.81, 'ctr': '1.99470'}]
[I 221225 13:40:37 utils:77] Epoch: [81], Info: [{'num_test': 100, 'len_tra': 9.62, 'R_tra': 17.94, 'ctr': '1.86486'}]
[I 221225 13:43:38 utils:77] Epoch: [82], Info: [{'num_test': 100, 'len_tra': 9.72, 'R_tra': 18.18, 'ctr': '1.87037'}]
[I 221225 13:46:37 utils:77] Epoch: [83], Info: [{'num_test': 100, 'len_tra': 9.48, 'R_tra': 19.44, 'ctr': '2.05063'}]
[I 221225 13:49:36 utils:77] Epoch: [84], Info: [{'num_test': 100, 'len_tra': 9.42, 'R_tra': 19.86, 'ctr': '2.10828'}]
[I 221225 13:52:36 utils:77] Epoch: [85], Info: [{'num_test': 100, 'len_tra': 9.42, 'R_tra': 20.5, 'ctr': '2.17622'}]
[I 221225 13:55:35 utils:77] Epoch: [86], Info: [{'num_test': 100, 'len_tra': 9.44, 'R_tra': 19.2, 'ctr': '2.03390'}]
[I 221225 13:58:35 utils:77] Epoch: [87], Info: [{'num_test': 100, 'len_tra': 9.35, 'R_tra': 19.62, 'ctr': '2.09840'}]
[I 221225 14:01:33 utils:77] Epoch: [88], Info: [{'num_test': 100, 'len_tra': 9.67, 'R_tra': 20.19, 'ctr': '2.08790'}]
[I 221225 14:04:34 utils:77] Epoch: [89], Info: [{'num_test': 100, 'len_tra': 9.47, 'R_tra': 20.4, 'ctr': '2.15417'}]
[I 221225 14:07:33 utils:77] Epoch: [90], Info: [{'num_test': 100, 'len_tra': 9.24, 'R_tra': 17.83, 'ctr': '1.92965'}]
[I 221225 14:10:31 utils:77] Epoch: [91], Info: [{'num_test': 100, 'len_tra': 9.88, 'R_tra': 19.45, 'ctr': '1.96862'}]
[I 221225 14:13:33 utils:77] Epoch: [92], Info: [{'num_test': 100, 'len_tra': 9.67, 'R_tra': 19.7, 'ctr': '2.03723'}]
[I 221225 14:16:33 utils:77] Epoch: [93], Info: [{'num_test': 100, 'len_tra': 9.64, 'R_tra': 19.71, 'ctr': '2.04461'}]
[I 221225 14:19:35 utils:77] Epoch: [94], Info: [{'num_test': 100, 'len_tra': 9.69, 'R_tra': 22.52, 'ctr': '2.32405'}]
[I 221225 14:22:35 utils:77] Epoch: [95], Info: [{'num_test': 100, 'len_tra': 9.58, 'R_tra': 22.29, 'ctr': '2.32672'}]
[I 221225 14:25:35 utils:77] Epoch: [96], Info: [{'num_test': 100, 'len_tra': 9.7, 'R_tra': 20.38, 'ctr': '2.10103'}]
[I 221225 14:28:35 utils:77] Epoch: [97], Info: [{'num_test': 100, 'len_tra': 9.52, 'R_tra': 21.08, 'ctr': '2.21429'}]
[I 221225 14:31:36 utils:77] Epoch: [98], Info: [{'num_test': 100, 'len_tra': 9.53, 'R_tra': 21.47, 'ctr': '2.25289'}]
[I 221225 14:34:36 utils:77] Epoch: [99], Info: [{'num_test': 100, 'len_tra': 9.54, 'R_tra': 21.46, 'ctr': '2.24948'}]
[I 221225 14:37:36 utils:77] Epoch: [100], Info: [{'num_test': 100, 'len_tra': 9.52, 'R_tra': 20.72, 'ctr': '2.17647'}]
[I 221225 14:40:36 utils:77] Epoch: [101], Info: [{'num_test': 100, 'len_tra': 9.36, 'R_tra': 19.29, 'ctr': '2.06090'}]
[I 221225 14:43:38 utils:77] Epoch: [102], Info: [{'num_test': 100, 'len_tra': 9.78, 'R_tra': 20.81, 'ctr': '2.12781'}]
[I 221225 14:46:38 utils:77] Epoch: [103], Info: [{'num_test': 100, 'len_tra': 9.42, 'R_tra': 20.95, 'ctr': '2.22399'}]
[I 221225 14:49:37 utils:77] Epoch: [104], Info: [{'num_test': 100, 'len_tra': 9.3, 'R_tra': 19.61, 'ctr': '2.10860'}]
[I 221225 14:52:36 utils:77] Epoch: [105], Info: [{'num_test': 100, 'len_tra': 9.51, 'R_tra': 18.45, 'ctr': '1.94006'}]
[I 221225 14:55:36 utils:77] Epoch: [106], Info: [{'num_test': 100, 'len_tra': 9.69, 'R_tra': 19.7, 'ctr': '2.03302'}]
[I 221225 14:58:36 utils:77] Epoch: [107], Info: [{'num_test': 100, 'len_tra': 9.71, 'R_tra': 19.36, 'ctr': '1.99382'}]
[I 221225 15:01:37 utils:77] Epoch: [108], Info: [{'num_test': 100, 'len_tra': 9.6, 'R_tra': 18.85, 'ctr': '1.96354'}]
[I 221225 15:04:39 utils:77] Epoch: [109], Info: [{'num_test': 100, 'len_tra': 9.49, 'R_tra': 20.65, 'ctr': '2.17597'}]
[I 221225 15:07:39 utils:77] Epoch: [110], Info: [{'num_test': 100, 'len_tra': 9.79, 'R_tra': 22.29, 'ctr': '2.27681'}]
[I 221225 15:10:40 utils:77] Epoch: [111], Info: [{'num_test': 100, 'len_tra': 9.54, 'R_tra': 20.3, 'ctr': '2.12788'}]
[I 221225 15:13:39 utils:77] Epoch: [112], Info: [{'num_test': 100, 'len_tra': 9.59, 'R_tra': 19.59, 'ctr': '2.04275'}]
[I 221225 15:16:39 utils:77] Epoch: [113], Info: [{'num_test': 100, 'len_tra': 9.63, 'R_tra': 19.02, 'ctr': '1.97508'}]
[I 221225 15:19:39 utils:77] Epoch: [114], Info: [{'num_test': 100, 'len_tra': 9.48, 'R_tra': 20.04, 'ctr': '2.11392'}]
[I 221225 15:22:40 utils:77] Epoch: [115], Info: [{'num_test': 100, 'len_tra': 9.37, 'R_tra': 20.17, 'ctr': '2.15261'}]
[I 221225 15:25:40 utils:77] Epoch: [116], Info: [{'num_test': 100, 'len_tra': 9.58, 'R_tra': 20.98, 'ctr': '2.18998'}]
[I 221225 15:28:39 utils:77] Epoch: [117], Info: [{'num_test': 100, 'len_tra': 9.43, 'R_tra': 22.04, 'ctr': '2.33722'}]
[I 221225 15:31:39 utils:77] Epoch: [118], Info: [{'num_test': 100, 'len_tra': 9.44, 'R_tra': 20.68, 'ctr': '2.19068'}]
[I 221225 15:34:39 utils:77] Epoch: [119], Info: [{'num_test': 100, 'len_tra': 9.88, 'R_tra': 21.73, 'ctr': '2.19939'}]
[I 221225 15:37:38 utils:77] Epoch: [120], Info: [{'num_test': 100, 'len_tra': 9.68, 'R_tra': 22.33, 'ctr': '2.30682'}]
[I 221225 15:40:39 utils:77] Epoch: [121], Info: [{'num_test': 100, 'len_tra': 9.69, 'R_tra': 20.97, 'ctr': '2.16409'}]
[I 221225 15:43:38 utils:77] Epoch: [122], Info: [{'num_test': 100, 'len_tra': 9.58, 'R_tra': 20.84, 'ctr': '2.17537'}]
[I 221225 15:46:37 utils:77] Epoch: [123], Info: [{'num_test': 100, 'len_tra': 9.47, 'R_tra': 20.83, 'ctr': '2.19958'}]
[I 221225 15:49:38 utils:77] Epoch: [124], Info: [{'num_test': 100, 'len_tra': 9.44, 'R_tra': 19.43, 'ctr': '2.05826'}]
[I 221225 15:52:39 utils:77] Epoch: [125], Info: [{'num_test': 100, 'len_tra': 9.58, 'R_tra': 19.64, 'ctr': '2.05010'}]
[I 221225 15:55:39 utils:77] Epoch: [126], Info: [{'num_test': 100, 'len_tra': 9.68, 'R_tra': 19.9, 'ctr': '2.05579'}]
[I 221225 15:58:40 utils:77] Epoch: [127], Info: [{'num_test': 100, 'len_tra': 9.3, 'R_tra': 19.17, 'ctr': '2.06129'}]
[I 221225 16:01:39 utils:77] Epoch: [128], Info: [{'num_test': 100, 'len_tra': 9.64, 'R_tra': 20.9, 'ctr': '2.16805'}]
[I 221225 16:04:41 utils:77] Epoch: [129], Info: [{'num_test': 100, 'len_tra': 9.73, 'R_tra': 20.87, 'ctr': '2.14491'}]
[I 221225 16:07:40 utils:77] Epoch: [130], Info: [{'num_test': 100, 'len_tra': 9.52, 'R_tra': 20.04, 'ctr': '2.10504'}]
[I 221225 16:10:40 utils:77] Epoch: [131], Info: [{'num_test': 100, 'len_tra': 9.26, 'R_tra': 19.42, 'ctr': '2.09719'}]
[I 221225 16:13:39 utils:77] Epoch: [132], Info: [{'num_test': 100, 'len_tra': 9.61, 'R_tra': 20.46, 'ctr': '2.12903'}]
[I 221225 16:16:39 utils:77] Epoch: [133], Info: [{'num_test': 100, 'len_tra': 9.55, 'R_tra': 19.69, 'ctr': '2.06178'}]
[I 221225 16:19:37 utils:77] Epoch: [134], Info: [{'num_test': 100, 'len_tra': 9.52, 'R_tra': 19.38, 'ctr': '2.03571'}]
[I 221225 16:22:36 utils:77] Epoch: [135], Info: [{'num_test': 100, 'len_tra': 9.48, 'R_tra': 18.85, 'ctr': '1.98840'}]
[I 221225 16:25:34 utils:77] Epoch: [136], Info: [{'num_test': 100, 'len_tra': 9.59, 'R_tra': 20.33, 'ctr': '2.11992'}]
[I 221225 16:28:35 utils:77] Epoch: [137], Info: [{'num_test': 100, 'len_tra': 9.67, 'R_tra': 20.49, 'ctr': '2.11892'}]
[I 221225 16:31:36 utils:77] Epoch: [138], Info: [{'num_test': 100, 'len_tra': 9.67, 'R_tra': 21.41, 'ctr': '2.21406'}]
[I 221225 16:34:38 utils:77] Epoch: [139], Info: [{'num_test': 100, 'len_tra': 9.48, 'R_tra': 20.66, 'ctr': '2.17932'}]
[I 221225 16:37:38 utils:77] Epoch: [140], Info: [{'num_test': 100, 'len_tra': 9.66, 'R_tra': 20.0, 'ctr': '2.07039'}]
[I 221225 16:40:38 utils:77] Epoch: [141], Info: [{'num_test': 100, 'len_tra': 9.38, 'R_tra': 21.0, 'ctr': '2.23881'}]
[I 221225 16:43:38 utils:77] Epoch: [142], Info: [{'num_test': 100, 'len_tra': 9.66, 'R_tra': 21.61, 'ctr': '2.23706'}]
[I 221225 16:46:39 utils:77] Epoch: [143], Info: [{'num_test': 100, 'len_tra': 9.41, 'R_tra': 20.43, 'ctr': '2.17109'}]
[I 221225 16:49:40 utils:77] Epoch: [144], Info: [{'num_test': 100, 'len_tra': 9.62, 'R_tra': 20.43, 'ctr': '2.12370'}]
[I 221225 16:52:41 utils:77] Epoch: [145], Info: [{'num_test': 100, 'len_tra': 9.68, 'R_tra': 22.48, 'ctr': '2.32231'}]
[I 221225 16:55:43 utils:77] Epoch: [146], Info: [{'num_test': 100, 'len_tra': 9.51, 'R_tra': 23.3, 'ctr': '2.45005'}]
[I 221225 16:58:45 utils:77] Epoch: [147], Info: [{'num_test': 100, 'len_tra': 9.54, 'R_tra': 23.28, 'ctr': '2.44025'}]
[I 221225 17:01:47 utils:77] Epoch: [148], Info: [{'num_test': 100, 'len_tra': 9.58, 'R_tra': 23.22, 'ctr': '2.42380'}]
[I 221225 17:04:47 utils:77] Epoch: [149], Info: [{'num_test': 100, 'len_tra': 9.53, 'R_tra': 22.46, 'ctr': '2.35677'}]
[I 221225 17:07:43 utils:77] Epoch: [150], Info: [{'num_test': 100, 'len_tra': 9.34, 'R_tra': 21.81, 'ctr': '2.33512'}]
[I 221225 17:10:39 utils:77] Epoch: [151], Info: [{'num_test': 100, 'len_tra': 9.54, 'R_tra': 22.91, 'ctr': '2.40147'}]
[I 221225 17:13:37 utils:77] Epoch: [152], Info: [{'num_test': 100, 'len_tra': 9.53, 'R_tra': 22.18, 'ctr': '2.32739'}]
[I 221225 17:16:36 utils:77] Epoch: [153], Info: [{'num_test': 100, 'len_tra': 9.66, 'R_tra': 22.38, 'ctr': '2.31677'}]
[I 221225 17:19:35 utils:77] Epoch: [154], Info: [{'num_test': 100, 'len_tra': 9.84, 'R_tra': 23.63, 'ctr': '2.40142'}]
[I 221225 17:22:31 utils:77] Epoch: [155], Info: [{'num_test': 100, 'len_tra': 9.45, 'R_tra': 22.38, 'ctr': '2.36825'}]
[I 221225 17:25:28 utils:77] Epoch: [156], Info: [{'num_test': 100, 'len_tra': 9.66, 'R_tra': 21.25, 'ctr': '2.19979'}]
[I 221225 17:28:24 utils:77] Epoch: [157], Info: [{'num_test': 100, 'len_tra': 9.31, 'R_tra': 22.89, 'ctr': '2.45865'}]
[I 221225 17:31:21 utils:77] Epoch: [158], Info: [{'num_test': 100, 'len_tra': 9.79, 'R_tra': 23.6, 'ctr': '2.41062'}]
[I 221225 17:34:18 utils:77] Epoch: [159], Info: [{'num_test': 100, 'len_tra': 9.44, 'R_tra': 20.95, 'ctr': '2.21928'}]
[I 221225 17:37:14 utils:77] Epoch: [160], Info: [{'num_test': 100, 'len_tra': 9.72, 'R_tra': 20.46, 'ctr': '2.10494'}]
[I 221225 17:40:14 utils:77] Epoch: [161], Info: [{'num_test': 100, 'len_tra': 9.68, 'R_tra': 21.14, 'ctr': '2.18388'}]
[I 221225 17:43:17 utils:77] Epoch: [162], Info: [{'num_test': 100, 'len_tra': 9.7, 'R_tra': 21.4, 'ctr': '2.20619'}]
[I 221225 17:46:15 utils:77] Epoch: [163], Info: [{'num_test': 100, 'len_tra': 9.55, 'R_tra': 20.87, 'ctr': '2.18534'}]
[I 221225 17:49:11 utils:77] Epoch: [164], Info: [{'num_test': 100, 'len_tra': 9.52, 'R_tra': 21.06, 'ctr': '2.21218'}]
[I 221225 17:52:13 utils:77] Epoch: [165], Info: [{'num_test': 100, 'len_tra': 9.53, 'R_tra': 19.44, 'ctr': '2.03987'}]
[I 221225 17:55:08 utils:77] Epoch: [166], Info: [{'num_test': 100, 'len_tra': 9.52, 'R_tra': 19.91, 'ctr': '2.09139'}]
[I 221225 17:58:04 utils:77] Epoch: [167], Info: [{'num_test': 100, 'len_tra': 9.65, 'R_tra': 19.95, 'ctr': '2.06736'}]
[I 221225 18:01:03 utils:77] Epoch: [168], Info: [{'num_test': 100, 'len_tra': 9.48, 'R_tra': 21.0, 'ctr': '2.21519'}]
[I 221225 18:04:00 utils:77] Epoch: [169], Info: [{'num_test': 100, 'len_tra': 9.65, 'R_tra': 21.75, 'ctr': '2.25389'}]
[I 221225 18:06:58 utils:77] Epoch: [170], Info: [{'num_test': 100, 'len_tra': 9.19, 'R_tra': 19.34, 'ctr': '2.10446'}]
[I 221225 18:09:53 utils:77] Epoch: [171], Info: [{'num_test': 100, 'len_tra': 9.32, 'R_tra': 19.32, 'ctr': '2.07296'}]
[I 221225 18:12:48 utils:77] Epoch: [172], Info: [{'num_test': 100, 'len_tra': 9.46, 'R_tra': 21.34, 'ctr': '2.25581'}]
[I 221225 18:15:46 utils:77] Epoch: [173], Info: [{'num_test': 100, 'len_tra': 9.55, 'R_tra': 20.51, 'ctr': '2.14764'}]
[I 221225 18:18:45 utils:77] Epoch: [174], Info: [{'num_test': 100, 'len_tra': 9.49, 'R_tra': 20.64, 'ctr': '2.17492'}]
[I 221225 18:21:42 utils:77] Epoch: [175], Info: [{'num_test': 100, 'len_tra': 9.39, 'R_tra': 20.08, 'ctr': '2.13845'}]
[I 221225 18:24:38 utils:77] Epoch: [176], Info: [{'num_test': 100, 'len_tra': 9.6, 'R_tra': 20.36, 'ctr': '2.12083'}]
[I 221225 18:27:36 utils:77] Epoch: [177], Info: [{'num_test': 100, 'len_tra': 9.65, 'R_tra': 19.72, 'ctr': '2.04352'}]
[I 221225 18:30:34 utils:77] Epoch: [178], Info: [{'num_test': 100, 'len_tra': 9.55, 'R_tra': 19.63, 'ctr': '2.05550'}]
[I 221225 18:33:31 utils:77] Epoch: [179], Info: [{'num_test': 100, 'len_tra': 9.42, 'R_tra': 19.44, 'ctr': '2.06369'}]
[I 221225 18:36:31 utils:77] Epoch: [180], Info: [{'num_test': 100, 'len_tra': 9.63, 'R_tra': 20.41, 'ctr': '2.11942'}]
[I 221225 18:39:29 utils:77] Epoch: [181], Info: [{'num_test': 100, 'len_tra': 9.75, 'R_tra': 20.57, 'ctr': '2.10974'}]
[I 221225 18:42:25 utils:77] Epoch: [182], Info: [{'num_test': 100, 'len_tra': 9.51, 'R_tra': 19.35, 'ctr': '2.03470'}]
[I 221225 18:45:23 utils:77] Epoch: [183], Info: [{'num_test': 100, 'len_tra': 9.4, 'R_tra': 21.26, 'ctr': '2.26170'}]
[I 221225 18:48:22 utils:77] Epoch: [184], Info: [{'num_test': 100, 'len_tra': 9.59, 'R_tra': 21.07, 'ctr': '2.19708'}]
[I 221225 18:51:18 utils:77] Epoch: [185], Info: [{'num_test': 100, 'len_tra': 9.33, 'R_tra': 20.85, 'ctr': '2.23473'}]
[I 221225 18:54:15 utils:77] Epoch: [186], Info: [{'num_test': 100, 'len_tra': 9.7, 'R_tra': 22.07, 'ctr': '2.27526'}]
[I 221225 18:57:11 utils:77] Epoch: [187], Info: [{'num_test': 100, 'len_tra': 9.5, 'R_tra': 20.11, 'ctr': '2.11684'}]
[I 221225 19:00:09 utils:77] Epoch: [188], Info: [{'num_test': 100, 'len_tra': 9.55, 'R_tra': 19.7, 'ctr': '2.06283'}]
[I 221225 19:03:07 utils:77] Epoch: [189], Info: [{'num_test': 100, 'len_tra': 9.42, 'R_tra': 18.04, 'ctr': '1.91507'}]
[I 221225 19:06:04 utils:77] Epoch: [190], Info: [{'num_test': 100, 'len_tra': 9.51, 'R_tra': 18.94, 'ctr': '1.99159'}]
[I 221225 19:09:03 utils:77] Epoch: [191], Info: [{'num_test': 100, 'len_tra': 9.89, 'R_tra': 20.84, 'ctr': '2.10718'}]
[I 221225 19:12:01 utils:77] Epoch: [192], Info: [{'num_test': 100, 'len_tra': 9.11, 'R_tra': 20.33, 'ctr': '2.23161'}]
[I 221225 19:14:58 utils:77] Epoch: [193], Info: [{'num_test': 100, 'len_tra': 9.39, 'R_tra': 21.77, 'ctr': '2.31842'}]
[I 221225 19:17:55 utils:77] Epoch: [194], Info: [{'num_test': 100, 'len_tra': 9.69, 'R_tra': 20.48, 'ctr': '2.11352'}]
[I 221225 19:20:51 utils:77] Epoch: [195], Info: [{'num_test': 100, 'len_tra': 9.72, 'R_tra': 19.17, 'ctr': '1.97222'}]
[I 221225 19:23:48 utils:77] Epoch: [196], Info: [{'num_test': 100, 'len_tra': 9.72, 'R_tra': 20.64, 'ctr': '2.12346'}]
[I 221225 19:26:43 utils:77] Epoch: [197], Info: [{'num_test': 100, 'len_tra': 9.62, 'R_tra': 20.64, 'ctr': '2.14553'}]
[I 221225 19:29:38 utils:77] Epoch: [198], Info: [{'num_test': 100, 'len_tra': 9.43, 'R_tra': 20.33, 'ctr': '2.15589'}]
[I 221225 19:32:44 utils:77] Epoch: [199], Info: [{'num_test': 100, 'len_tra': 9.3, 'R_tra': 19.03, 'ctr': '2.04624'}]
[I 221225 19:35:41 utils:77] Epoch: [200], Info: [{'num_test': 100, 'len_tra': 9.27, 'R_tra': 19.14, 'ctr': '2.06472'}]
