[I 221224 15:48:20 CIRS-RL-taobao:133] {
      "env": "VirtualTB-v0",
      "user_model_name": "MLP",
      "model_name": "CIRS",
      "seed": 2022,
      "cuda": 0,
      "cpu": false,
      "is_save": false,
      "version": "v1",
      "tau": 0.0,
      "gamma_exposure": 10,
      "leave_threshold": 5.0,
      "num_leave_compute": 5,
      "max_turn": 10,
      "dim_state": 20,
      "dim_model": 27,
      "nhead": 3,
      "buffer_size": 11000,
      "lr": 0.001,
      "gamma": 0.95,
      "epoch": 200,
      "step_per_epoch": 15000,
      "repeat_per_collect": 2,
      "batch_size": 2048,
      "hidden_sizes": [
        64,
        64
      ],
      "episode_per_collect": 100,
      "training_num": 100,
      "test_num": 100,
      "render": 0.0,
      "vf_coef": 0.25,
      "ent_coef": 0.0,
      "eps_clip": 0.2,
      "max_grad_norm": 0.5,
      "gae_lambda": 0.95,
      "rew_norm": 1,
      "dual_clip": null,
      "value_clip": 1,
      "norm_adv": 1,
      "recompute_adv": 0,
      "resume": false,
      "save_interval": 1000,
      "read_message": "taobao tau 0",
      "message": "CIRS w_o CI-leave5"
    }
[I 221224 15:53:39 utils:67] Epoch: [1], Info: [{'num_test': 100, 'len_tra': 2.47, 'R_tra': 3.7, 'ctr': '1.498'}]
[I 221224 15:58:24 utils:67] Epoch: [2], Info: [{'num_test': 100, 'len_tra': 3.28, 'R_tra': 3.9, 'ctr': '1.189'}]
[I 221224 16:02:34 utils:67] Epoch: [3], Info: [{'num_test': 100, 'len_tra': 3.7, 'R_tra': 3.89, 'ctr': '1.051'}]
[I 221224 16:06:34 utils:67] Epoch: [4], Info: [{'num_test': 100, 'len_tra': 4.13, 'R_tra': 3.98, 'ctr': '0.964'}]
[I 221224 16:10:26 utils:67] Epoch: [5], Info: [{'num_test': 100, 'len_tra': 4.03, 'R_tra': 3.47, 'ctr': '0.861'}]
[I 221224 16:14:18 utils:67] Epoch: [6], Info: [{'num_test': 100, 'len_tra': 4.49, 'R_tra': 3.02, 'ctr': '0.673'}]
[I 221224 16:18:01 utils:67] Epoch: [7], Info: [{'num_test': 100, 'len_tra': 4.74, 'R_tra': 3.92, 'ctr': '0.827'}]
[I 221224 16:21:43 utils:67] Epoch: [8], Info: [{'num_test': 100, 'len_tra': 4.66, 'R_tra': 3.98, 'ctr': '0.854'}]
[I 221224 16:25:24 utils:67] Epoch: [9], Info: [{'num_test': 100, 'len_tra': 4.68, 'R_tra': 4.19, 'ctr': '0.895'}]
[I 221224 16:29:03 utils:67] Epoch: [10], Info: [{'num_test': 100, 'len_tra': 4.62, 'R_tra': 3.53, 'ctr': '0.764'}]
[I 221224 16:32:43 utils:67] Epoch: [11], Info: [{'num_test': 100, 'len_tra': 4.99, 'R_tra': 3.83, 'ctr': '0.768'}]
[I 221224 16:36:19 utils:67] Epoch: [12], Info: [{'num_test': 100, 'len_tra': 5.26, 'R_tra': 4.26, 'ctr': '0.810'}]
[I 221224 16:39:58 utils:67] Epoch: [13], Info: [{'num_test': 100, 'len_tra': 5.02, 'R_tra': 4.32, 'ctr': '0.861'}]
[I 221224 16:43:38 utils:67] Epoch: [14], Info: [{'num_test': 100, 'len_tra': 5.05, 'R_tra': 4.86, 'ctr': '0.962'}]
[I 221224 16:47:09 utils:67] Epoch: [15], Info: [{'num_test': 100, 'len_tra': 5.24, 'R_tra': 3.82, 'ctr': '0.729'}]
[I 221224 16:50:36 utils:67] Epoch: [16], Info: [{'num_test': 100, 'len_tra': 5.5, 'R_tra': 3.7, 'ctr': '0.673'}]
[I 221224 16:53:58 utils:67] Epoch: [17], Info: [{'num_test': 100, 'len_tra': 5.5, 'R_tra': 4.38, 'ctr': '0.796'}]
[I 221224 16:57:25 utils:67] Epoch: [18], Info: [{'num_test': 100, 'len_tra': 5.7, 'R_tra': 4.55, 'ctr': '0.798'}]
[I 221224 17:00:46 utils:67] Epoch: [19], Info: [{'num_test': 100, 'len_tra': 5.88, 'R_tra': 4.06, 'ctr': '0.690'}]
[I 221224 17:04:06 utils:67] Epoch: [20], Info: [{'num_test': 100, 'len_tra': 5.87, 'R_tra': 4.39, 'ctr': '0.748'}]
[I 221224 17:07:25 utils:67] Epoch: [21], Info: [{'num_test': 100, 'len_tra': 6.25, 'R_tra': 3.98, 'ctr': '0.637'}]
[I 221224 17:10:36 utils:67] Epoch: [22], Info: [{'num_test': 100, 'len_tra': 6.49, 'R_tra': 4.91, 'ctr': '0.757'}]
[I 221224 17:13:51 utils:67] Epoch: [23], Info: [{'num_test': 100, 'len_tra': 6.73, 'R_tra': 4.49, 'ctr': '0.667'}]
[I 221224 17:17:00 utils:67] Epoch: [24], Info: [{'num_test': 100, 'len_tra': 6.61, 'R_tra': 4.09, 'ctr': '0.619'}]
[I 221224 17:20:12 utils:67] Epoch: [25], Info: [{'num_test': 100, 'len_tra': 6.72, 'R_tra': 4.26, 'ctr': '0.634'}]
[I 221224 17:23:26 utils:67] Epoch: [26], Info: [{'num_test': 100, 'len_tra': 6.57, 'R_tra': 4.75, 'ctr': '0.723'}]
[I 221224 17:26:41 utils:67] Epoch: [27], Info: [{'num_test': 100, 'len_tra': 6.29, 'R_tra': 4.63, 'ctr': '0.736'}]
[I 221224 17:29:51 utils:67] Epoch: [28], Info: [{'num_test': 100, 'len_tra': 6.96, 'R_tra': 4.54, 'ctr': '0.652'}]
[I 221224 17:33:03 utils:67] Epoch: [29], Info: [{'num_test': 100, 'len_tra': 7.08, 'R_tra': 5.21, 'ctr': '0.736'}]
[I 221224 17:36:13 utils:67] Epoch: [30], Info: [{'num_test': 100, 'len_tra': 6.8, 'R_tra': 4.48, 'ctr': '0.659'}]
[I 221224 17:39:18 utils:67] Epoch: [31], Info: [{'num_test': 100, 'len_tra': 6.99, 'R_tra': 4.89, 'ctr': '0.700'}]
[I 221224 17:42:25 utils:67] Epoch: [32], Info: [{'num_test': 100, 'len_tra': 6.87, 'R_tra': 4.34, 'ctr': '0.632'}]
[I 221224 17:45:35 utils:67] Epoch: [33], Info: [{'num_test': 100, 'len_tra': 6.92, 'R_tra': 4.88, 'ctr': '0.705'}]
[I 221224 17:48:42 utils:67] Epoch: [34], Info: [{'num_test': 100, 'len_tra': 7.4, 'R_tra': 4.66, 'ctr': '0.630'}]
[I 221224 17:51:43 utils:67] Epoch: [35], Info: [{'num_test': 100, 'len_tra': 7.11, 'R_tra': 4.97, 'ctr': '0.699'}]
[I 221224 17:54:51 utils:67] Epoch: [36], Info: [{'num_test': 100, 'len_tra': 6.78, 'R_tra': 4.8, 'ctr': '0.708'}]
[I 221224 17:57:52 utils:67] Epoch: [37], Info: [{'num_test': 100, 'len_tra': 7.0, 'R_tra': 5.2, 'ctr': '0.743'}]
[I 221224 18:00:54 utils:67] Epoch: [38], Info: [{'num_test': 100, 'len_tra': 7.2, 'R_tra': 5.43, 'ctr': '0.754'}]
[I 221224 18:03:55 utils:67] Epoch: [39], Info: [{'num_test': 100, 'len_tra': 7.15, 'R_tra': 3.85, 'ctr': '0.538'}]
[I 221224 18:06:58 utils:67] Epoch: [40], Info: [{'num_test': 100, 'len_tra': 7.42, 'R_tra': 4.85, 'ctr': '0.654'}]
[I 221224 18:10:02 utils:67] Epoch: [41], Info: [{'num_test': 100, 'len_tra': 7.37, 'R_tra': 5.18, 'ctr': '0.703'}]
[I 221224 18:13:07 utils:67] Epoch: [42], Info: [{'num_test': 100, 'len_tra': 7.44, 'R_tra': 4.82, 'ctr': '0.648'}]
[I 221224 18:16:10 utils:67] Epoch: [43], Info: [{'num_test': 100, 'len_tra': 7.65, 'R_tra': 5.25, 'ctr': '0.686'}]
[I 221224 18:19:14 utils:67] Epoch: [44], Info: [{'num_test': 100, 'len_tra': 7.49, 'R_tra': 6.09, 'ctr': '0.813'}]
[I 221224 18:22:13 utils:67] Epoch: [45], Info: [{'num_test': 100, 'len_tra': 7.57, 'R_tra': 5.16, 'ctr': '0.682'}]
[I 221224 18:25:18 utils:67] Epoch: [46], Info: [{'num_test': 100, 'len_tra': 7.29, 'R_tra': 5.06, 'ctr': '0.694'}]
[I 221224 18:28:16 utils:67] Epoch: [47], Info: [{'num_test': 100, 'len_tra': 7.19, 'R_tra': 5.18, 'ctr': '0.720'}]
[I 221224 18:31:16 utils:67] Epoch: [48], Info: [{'num_test': 100, 'len_tra': 7.8, 'R_tra': 5.4, 'ctr': '0.692'}]
[I 221224 18:34:14 utils:67] Epoch: [49], Info: [{'num_test': 100, 'len_tra': 7.48, 'R_tra': 4.99, 'ctr': '0.667'}]
[I 221224 18:37:13 utils:67] Epoch: [50], Info: [{'num_test': 100, 'len_tra': 7.65, 'R_tra': 5.05, 'ctr': '0.660'}]
[I 221224 18:40:14 utils:67] Epoch: [51], Info: [{'num_test': 100, 'len_tra': 7.7, 'R_tra': 5.82, 'ctr': '0.756'}]
[I 221224 18:43:14 utils:67] Epoch: [52], Info: [{'num_test': 100, 'len_tra': 7.26, 'R_tra': 4.67, 'ctr': '0.643'}]
[I 221224 18:46:16 utils:67] Epoch: [53], Info: [{'num_test': 100, 'len_tra': 7.59, 'R_tra': 5.32, 'ctr': '0.701'}]
[I 221224 18:49:20 utils:67] Epoch: [54], Info: [{'num_test': 100, 'len_tra': 7.25, 'R_tra': 4.42, 'ctr': '0.610'}]
[I 221224 18:52:25 utils:67] Epoch: [55], Info: [{'num_test': 100, 'len_tra': 7.64, 'R_tra': 4.93, 'ctr': '0.645'}]
[I 221224 18:55:28 utils:67] Epoch: [56], Info: [{'num_test': 100, 'len_tra': 6.43, 'R_tra': 4.93, 'ctr': '0.767'}]
[I 221224 18:58:41 utils:67] Epoch: [57], Info: [{'num_test': 100, 'len_tra': 7.73, 'R_tra': 5.37, 'ctr': '0.695'}]
[I 221224 19:01:39 utils:67] Epoch: [58], Info: [{'num_test': 100, 'len_tra': 7.76, 'R_tra': 5.0, 'ctr': '0.644'}]
[I 221224 19:04:38 utils:67] Epoch: [59], Info: [{'num_test': 100, 'len_tra': 7.47, 'R_tra': 5.14, 'ctr': '0.688'}]
[I 221224 19:07:35 utils:67] Epoch: [60], Info: [{'num_test': 100, 'len_tra': 7.59, 'R_tra': 5.35, 'ctr': '0.705'}]
[I 221224 19:10:36 utils:67] Epoch: [61], Info: [{'num_test': 100, 'len_tra': 6.63, 'R_tra': 4.72, 'ctr': '0.712'}]
[I 221224 19:13:37 utils:67] Epoch: [62], Info: [{'num_test': 100, 'len_tra': 7.99, 'R_tra': 5.45, 'ctr': '0.682'}]
[I 221224 19:16:40 utils:67] Epoch: [63], Info: [{'num_test': 100, 'len_tra': 6.93, 'R_tra': 4.46, 'ctr': '0.644'}]
[I 221224 19:20:50 utils:67] Epoch: [64], Info: [{'num_test': 100, 'len_tra': 4.51, 'R_tra': 2.43, 'ctr': '0.539'}]
[I 221224 19:25:11 utils:67] Epoch: [65], Info: [{'num_test': 100, 'len_tra': 4.56, 'R_tra': 3.17, 'ctr': '0.695'}]
[I 221224 19:28:56 utils:67] Epoch: [66], Info: [{'num_test': 100, 'len_tra': 4.19, 'R_tra': 3.43, 'ctr': '0.819'}]
[I 221224 19:32:56 utils:67] Epoch: [67], Info: [{'num_test': 100, 'len_tra': 3.49, 'R_tra': 2.43, 'ctr': '0.696'}]
[I 221224 19:37:38 utils:67] Epoch: [68], Info: [{'num_test': 100, 'len_tra': 3.05, 'R_tra': 1.79, 'ctr': '0.587'}]
[I 221224 19:42:07 utils:67] Epoch: [69], Info: [{'num_test': 100, 'len_tra': 3.6, 'R_tra': 3.49, 'ctr': '0.969'}]
[I 221224 19:46:21 utils:67] Epoch: [70], Info: [{'num_test': 100, 'len_tra': 3.75, 'R_tra': 3.98, 'ctr': '1.061'}]
[I 221224 19:50:39 utils:67] Epoch: [71], Info: [{'num_test': 100, 'len_tra': 3.14, 'R_tra': 2.12, 'ctr': '0.675'}]
[I 221224 19:54:59 utils:67] Epoch: [72], Info: [{'num_test': 100, 'len_tra': 3.45, 'R_tra': 3.13, 'ctr': '0.907'}]
[I 221224 19:59:47 utils:67] Epoch: [73], Info: [{'num_test': 100, 'len_tra': 2.05, 'R_tra': 3.32, 'ctr': '1.620'}]
[I 221224 20:05:48 utils:67] Epoch: [74], Info: [{'num_test': 100, 'len_tra': 2.02, 'R_tra': 2.53, 'ctr': '1.252'}]
[I 221224 20:11:52 utils:67] Epoch: [75], Info: [{'num_test': 100, 'len_tra': 2.02, 'R_tra': 2.37, 'ctr': '1.173'}]
[I 221224 20:17:56 utils:67] Epoch: [76], Info: [{'num_test': 100, 'len_tra': 2.0, 'R_tra': 2.44, 'ctr': '1.220'}]
[I 221224 20:24:00 utils:67] Epoch: [77], Info: [{'num_test': 100, 'len_tra': 2.0, 'R_tra': 2.38, 'ctr': '1.190'}]
[I 221224 20:30:03 utils:67] Epoch: [78], Info: [{'num_test': 100, 'len_tra': 2.0, 'R_tra': 2.4, 'ctr': '1.200'}]
[I 221224 20:36:05 utils:67] Epoch: [79], Info: [{'num_test': 100, 'len_tra': 2.0, 'R_tra': 2.43, 'ctr': '1.215'}]
[I 221224 20:42:06 utils:67] Epoch: [80], Info: [{'num_test': 100, 'len_tra': 2.0, 'R_tra': 2.36, 'ctr': '1.180'}]
[I 221224 20:48:08 utils:67] Epoch: [81], Info: [{'num_test': 100, 'len_tra': 2.0, 'R_tra': 2.53, 'ctr': '1.265'}]
[I 221224 20:54:10 utils:67] Epoch: [82], Info: [{'num_test': 100, 'len_tra': 2.0, 'R_tra': 2.98, 'ctr': '1.490'}]
[I 221224 21:00:12 utils:67] Epoch: [83], Info: [{'num_test': 100, 'len_tra': 2.0, 'R_tra': 3.21, 'ctr': '1.605'}]
[I 221224 21:06:16 utils:67] Epoch: [84], Info: [{'num_test': 100, 'len_tra': 2.01, 'R_tra': 2.94, 'ctr': '1.463'}]
[I 221224 21:12:19 utils:67] Epoch: [85], Info: [{'num_test': 100, 'len_tra': 2.0, 'R_tra': 3.1, 'ctr': '1.550'}]
[I 221224 21:18:22 utils:67] Epoch: [86], Info: [{'num_test': 100, 'len_tra': 2.01, 'R_tra': 3.39, 'ctr': '1.687'}]
[I 221224 21:24:24 utils:67] Epoch: [87], Info: [{'num_test': 100, 'len_tra': 2.0, 'R_tra': 3.14, 'ctr': '1.570'}]
[I 221224 21:30:25 utils:67] Epoch: [88], Info: [{'num_test': 100, 'len_tra': 2.0, 'R_tra': 2.88, 'ctr': '1.440'}]
[I 221224 21:36:27 utils:67] Epoch: [89], Info: [{'num_test': 100, 'len_tra': 2.0, 'R_tra': 3.34, 'ctr': '1.670'}]
[I 221224 21:42:28 utils:67] Epoch: [90], Info: [{'num_test': 100, 'len_tra': 2.0, 'R_tra': 2.92, 'ctr': '1.460'}]
[I 221224 21:48:28 utils:67] Epoch: [91], Info: [{'num_test': 100, 'len_tra': 2.0, 'R_tra': 3.64, 'ctr': '1.820'}]
[I 221224 21:54:29 utils:67] Epoch: [92], Info: [{'num_test': 100, 'len_tra': 2.0, 'R_tra': 3.84, 'ctr': '1.920'}]
[I 221224 22:00:28 utils:67] Epoch: [93], Info: [{'num_test': 100, 'len_tra': 2.01, 'R_tra': 3.48, 'ctr': '1.731'}]
[I 221224 22:06:31 utils:67] Epoch: [94], Info: [{'num_test': 100, 'len_tra': 2.0, 'R_tra': 3.2, 'ctr': '1.600'}]
[I 221224 22:12:33 utils:67] Epoch: [95], Info: [{'num_test': 100, 'len_tra': 2.0, 'R_tra': 3.59, 'ctr': '1.795'}]
[I 221224 22:18:35 utils:67] Epoch: [96], Info: [{'num_test': 100, 'len_tra': 2.0, 'R_tra': 3.28, 'ctr': '1.640'}]
[I 221224 22:24:37 utils:67] Epoch: [97], Info: [{'num_test': 100, 'len_tra': 2.0, 'R_tra': 3.36, 'ctr': '1.680'}]
[I 221224 22:30:39 utils:67] Epoch: [98], Info: [{'num_test': 100, 'len_tra': 2.0, 'R_tra': 3.84, 'ctr': '1.920'}]
[I 221224 22:36:42 utils:67] Epoch: [99], Info: [{'num_test': 100, 'len_tra': 2.0, 'R_tra': 3.64, 'ctr': '1.820'}]
[I 221224 22:42:43 utils:67] Epoch: [100], Info: [{'num_test': 100, 'len_tra': 2.0, 'R_tra': 4.0, 'ctr': '2.000'}]
[I 221224 22:48:44 utils:67] Epoch: [101], Info: [{'num_test': 100, 'len_tra': 2.0, 'R_tra': 3.74, 'ctr': '1.870'}]
[I 221224 22:54:44 utils:67] Epoch: [102], Info: [{'num_test': 100, 'len_tra': 2.0, 'R_tra': 3.82, 'ctr': '1.910'}]
[I 221224 23:00:48 utils:67] Epoch: [103], Info: [{'num_test': 100, 'len_tra': 2.0, 'R_tra': 3.76, 'ctr': '1.880'}]
[I 221224 23:06:51 utils:67] Epoch: [104], Info: [{'num_test': 100, 'len_tra': 2.0, 'R_tra': 3.94, 'ctr': '1.970'}]
[I 221224 23:12:55 utils:67] Epoch: [105], Info: [{'num_test': 100, 'len_tra': 2.0, 'R_tra': 4.18, 'ctr': '2.090'}]
[I 221224 23:18:58 utils:67] Epoch: [106], Info: [{'num_test': 100, 'len_tra': 2.0, 'R_tra': 4.0, 'ctr': '2.000'}]
[I 221224 23:25:03 utils:67] Epoch: [107], Info: [{'num_test': 100, 'len_tra': 2.0, 'R_tra': 4.36, 'ctr': '2.180'}]
[I 221224 23:31:08 utils:67] Epoch: [108], Info: [{'num_test': 100, 'len_tra': 2.0, 'R_tra': 4.24, 'ctr': '2.120'}]
[I 221224 23:37:14 utils:67] Epoch: [109], Info: [{'num_test': 100, 'len_tra': 2.0, 'R_tra': 4.26, 'ctr': '2.130'}]
[I 221224 23:43:19 utils:67] Epoch: [110], Info: [{'num_test': 100, 'len_tra': 2.0, 'R_tra': 4.04, 'ctr': '2.020'}]
[I 221224 23:49:24 utils:67] Epoch: [111], Info: [{'num_test': 100, 'len_tra': 2.0, 'R_tra': 4.06, 'ctr': '2.030'}]
[I 221224 23:55:30 utils:67] Epoch: [112], Info: [{'num_test': 100, 'len_tra': 2.0, 'R_tra': 4.32, 'ctr': '2.160'}]
[I 221225 00:01:34 utils:67] Epoch: [113], Info: [{'num_test': 100, 'len_tra': 2.0, 'R_tra': 4.5, 'ctr': '2.250'}]
[I 221225 00:07:39 utils:67] Epoch: [114], Info: [{'num_test': 100, 'len_tra': 2.0, 'R_tra': 4.12, 'ctr': '2.060'}]
[I 221225 00:13:46 utils:67] Epoch: [115], Info: [{'num_test': 100, 'len_tra': 2.0, 'R_tra': 4.02, 'ctr': '2.010'}]
[I 221225 00:19:51 utils:67] Epoch: [116], Info: [{'num_test': 100, 'len_tra': 2.0, 'R_tra': 4.98, 'ctr': '2.490'}]
[I 221225 00:25:56 utils:67] Epoch: [117], Info: [{'num_test': 100, 'len_tra': 2.0, 'R_tra': 4.06, 'ctr': '2.030'}]
[I 221225 00:31:58 utils:67] Epoch: [118], Info: [{'num_test': 100, 'len_tra': 2.0, 'R_tra': 4.32, 'ctr': '2.160'}]
[I 221225 00:38:03 utils:67] Epoch: [119], Info: [{'num_test': 100, 'len_tra': 2.0, 'R_tra': 4.1, 'ctr': '2.050'}]
[I 221225 00:44:03 utils:67] Epoch: [120], Info: [{'num_test': 100, 'len_tra': 2.0, 'R_tra': 4.28, 'ctr': '2.140'}]
[I 221225 00:50:04 utils:67] Epoch: [121], Info: [{'num_test': 100, 'len_tra': 2.0, 'R_tra': 4.44, 'ctr': '2.220'}]
[I 221225 00:56:08 utils:67] Epoch: [122], Info: [{'num_test': 100, 'len_tra': 2.0, 'R_tra': 3.84, 'ctr': '1.920'}]
[I 221225 01:02:11 utils:67] Epoch: [123], Info: [{'num_test': 100, 'len_tra': 2.0, 'R_tra': 4.32, 'ctr': '2.160'}]
[I 221225 01:08:12 utils:67] Epoch: [124], Info: [{'num_test': 100, 'len_tra': 2.0, 'R_tra': 4.22, 'ctr': '2.110'}]
[I 221225 01:14:15 utils:67] Epoch: [125], Info: [{'num_test': 100, 'len_tra': 2.0, 'R_tra': 3.96, 'ctr': '1.980'}]
[I 221225 01:20:16 utils:67] Epoch: [126], Info: [{'num_test': 100, 'len_tra': 2.0, 'R_tra': 4.2, 'ctr': '2.100'}]
[I 221225 01:26:17 utils:67] Epoch: [127], Info: [{'num_test': 100, 'len_tra': 2.0, 'R_tra': 4.32, 'ctr': '2.160'}]
[I 221225 01:32:20 utils:67] Epoch: [128], Info: [{'num_test': 100, 'len_tra': 2.0, 'R_tra': 4.18, 'ctr': '2.090'}]
[I 221225 01:38:21 utils:67] Epoch: [129], Info: [{'num_test': 100, 'len_tra': 2.0, 'R_tra': 4.42, 'ctr': '2.210'}]
[I 221225 01:44:21 utils:67] Epoch: [130], Info: [{'num_test': 100, 'len_tra': 2.0, 'R_tra': 4.56, 'ctr': '2.280'}]
[I 221225 01:50:21 utils:67] Epoch: [131], Info: [{'num_test': 100, 'len_tra': 2.0, 'R_tra': 4.18, 'ctr': '2.090'}]
[I 221225 01:56:26 utils:67] Epoch: [132], Info: [{'num_test': 100, 'len_tra': 2.0, 'R_tra': 4.3, 'ctr': '2.150'}]
[I 221225 02:02:31 utils:67] Epoch: [133], Info: [{'num_test': 100, 'len_tra': 2.0, 'R_tra': 4.28, 'ctr': '2.140'}]
[I 221225 02:08:36 utils:67] Epoch: [134], Info: [{'num_test': 100, 'len_tra': 2.0, 'R_tra': 4.24, 'ctr': '2.120'}]
[I 221225 02:14:41 utils:67] Epoch: [135], Info: [{'num_test': 100, 'len_tra': 2.0, 'R_tra': 4.1, 'ctr': '2.050'}]
[I 221225 02:20:44 utils:67] Epoch: [136], Info: [{'num_test': 100, 'len_tra': 2.0, 'R_tra': 4.52, 'ctr': '2.260'}]
[I 221225 02:26:47 utils:67] Epoch: [137], Info: [{'num_test': 100, 'len_tra': 2.0, 'R_tra': 4.24, 'ctr': '2.120'}]
[I 221225 02:32:50 utils:67] Epoch: [138], Info: [{'num_test': 100, 'len_tra': 2.0, 'R_tra': 4.04, 'ctr': '2.020'}]
[I 221225 02:38:53 utils:67] Epoch: [139], Info: [{'num_test': 100, 'len_tra': 2.0, 'R_tra': 4.12, 'ctr': '2.060'}]
[I 221225 02:44:58 utils:67] Epoch: [140], Info: [{'num_test': 100, 'len_tra': 2.0, 'R_tra': 4.34, 'ctr': '2.170'}]
[I 221225 02:51:01 utils:67] Epoch: [141], Info: [{'num_test': 100, 'len_tra': 2.0, 'R_tra': 4.52, 'ctr': '2.260'}]
[I 221225 02:57:05 utils:67] Epoch: [142], Info: [{'num_test': 100, 'len_tra': 2.0, 'R_tra': 4.18, 'ctr': '2.090'}]
[I 221225 03:03:08 utils:67] Epoch: [143], Info: [{'num_test': 100, 'len_tra': 2.0, 'R_tra': 4.42, 'ctr': '2.210'}]
[I 221225 03:09:10 utils:67] Epoch: [144], Info: [{'num_test': 100, 'len_tra': 2.0, 'R_tra': 4.28, 'ctr': '2.140'}]
[I 221225 03:15:14 utils:67] Epoch: [145], Info: [{'num_test': 100, 'len_tra': 2.0, 'R_tra': 4.28, 'ctr': '2.140'}]
[I 221225 03:21:14 utils:67] Epoch: [146], Info: [{'num_test': 100, 'len_tra': 2.0, 'R_tra': 4.1, 'ctr': '2.050'}]
[I 221225 03:27:13 utils:67] Epoch: [147], Info: [{'num_test': 100, 'len_tra': 2.0, 'R_tra': 4.2, 'ctr': '2.100'}]
[I 221225 03:33:11 utils:67] Epoch: [148], Info: [{'num_test': 100, 'len_tra': 2.0, 'R_tra': 4.26, 'ctr': '2.130'}]
[I 221225 03:39:13 utils:67] Epoch: [149], Info: [{'num_test': 100, 'len_tra': 2.0, 'R_tra': 4.18, 'ctr': '2.090'}]
[I 221225 03:45:14 utils:67] Epoch: [150], Info: [{'num_test': 100, 'len_tra': 2.0, 'R_tra': 4.48, 'ctr': '2.240'}]
[I 221225 03:51:15 utils:67] Epoch: [151], Info: [{'num_test': 100, 'len_tra': 2.0, 'R_tra': 4.22, 'ctr': '2.110'}]
[I 221225 03:57:14 utils:67] Epoch: [152], Info: [{'num_test': 100, 'len_tra': 2.0, 'R_tra': 4.46, 'ctr': '2.230'}]
[I 221225 04:03:12 utils:67] Epoch: [153], Info: [{'num_test': 100, 'len_tra': 2.0, 'R_tra': 4.56, 'ctr': '2.280'}]
[I 221225 04:09:12 utils:67] Epoch: [154], Info: [{'num_test': 100, 'len_tra': 2.0, 'R_tra': 4.62, 'ctr': '2.310'}]
[I 221225 04:15:13 utils:67] Epoch: [155], Info: [{'num_test': 100, 'len_tra': 2.0, 'R_tra': 4.1, 'ctr': '2.050'}]
[I 221225 04:21:15 utils:67] Epoch: [156], Info: [{'num_test': 100, 'len_tra': 2.0, 'R_tra': 4.04, 'ctr': '2.020'}]
[I 221225 04:27:18 utils:67] Epoch: [157], Info: [{'num_test': 100, 'len_tra': 2.0, 'R_tra': 4.44, 'ctr': '2.220'}]
[I 221225 04:33:21 utils:67] Epoch: [158], Info: [{'num_test': 100, 'len_tra': 2.0, 'R_tra': 4.38, 'ctr': '2.190'}]
[I 221225 04:39:24 utils:67] Epoch: [159], Info: [{'num_test': 100, 'len_tra': 2.0, 'R_tra': 4.18, 'ctr': '2.090'}]
[I 221225 04:45:27 utils:67] Epoch: [160], Info: [{'num_test': 100, 'len_tra': 2.0, 'R_tra': 4.5, 'ctr': '2.250'}]
[I 221225 04:51:28 utils:67] Epoch: [161], Info: [{'num_test': 100, 'len_tra': 2.0, 'R_tra': 4.0, 'ctr': '2.000'}]
[I 221225 04:57:27 utils:67] Epoch: [162], Info: [{'num_test': 100, 'len_tra': 2.0, 'R_tra': 4.3, 'ctr': '2.150'}]
[I 221225 05:03:27 utils:67] Epoch: [163], Info: [{'num_test': 100, 'len_tra': 2.0, 'R_tra': 4.32, 'ctr': '2.160'}]
[I 221225 05:09:26 utils:67] Epoch: [164], Info: [{'num_test': 100, 'len_tra': 2.0, 'R_tra': 4.0, 'ctr': '2.000'}]
[I 221225 05:15:25 utils:67] Epoch: [165], Info: [{'num_test': 100, 'len_tra': 2.0, 'R_tra': 4.26, 'ctr': '2.130'}]
[I 221225 05:21:25 utils:67] Epoch: [166], Info: [{'num_test': 100, 'len_tra': 2.0, 'R_tra': 3.92, 'ctr': '1.960'}]
[I 221225 05:27:23 utils:67] Epoch: [167], Info: [{'num_test': 100, 'len_tra': 2.0, 'R_tra': 4.26, 'ctr': '2.130'}]
[I 221225 05:33:22 utils:67] Epoch: [168], Info: [{'num_test': 100, 'len_tra': 2.0, 'R_tra': 4.34, 'ctr': '2.170'}]
[I 221225 05:39:24 utils:67] Epoch: [169], Info: [{'num_test': 100, 'len_tra': 2.0, 'R_tra': 4.14, 'ctr': '2.070'}]
[I 221225 05:45:27 utils:67] Epoch: [170], Info: [{'num_test': 100, 'len_tra': 2.0, 'R_tra': 4.38, 'ctr': '2.190'}]
[I 221225 05:51:30 utils:67] Epoch: [171], Info: [{'num_test': 100, 'len_tra': 2.0, 'R_tra': 4.18, 'ctr': '2.090'}]
[I 221225 05:57:31 utils:67] Epoch: [172], Info: [{'num_test': 100, 'len_tra': 2.0, 'R_tra': 4.18, 'ctr': '2.090'}]
[I 221225 06:03:31 utils:67] Epoch: [173], Info: [{'num_test': 100, 'len_tra': 2.0, 'R_tra': 4.22, 'ctr': '2.110'}]
[I 221225 06:09:36 utils:67] Epoch: [174], Info: [{'num_test': 100, 'len_tra': 2.0, 'R_tra': 4.3, 'ctr': '2.150'}]
[I 221225 06:15:42 utils:67] Epoch: [175], Info: [{'num_test': 100, 'len_tra': 2.0, 'R_tra': 4.26, 'ctr': '2.130'}]
[I 221225 06:21:53 utils:67] Epoch: [176], Info: [{'num_test': 100, 'len_tra': 2.0, 'R_tra': 4.46, 'ctr': '2.230'}]
[I 221225 06:28:06 utils:67] Epoch: [177], Info: [{'num_test': 100, 'len_tra': 2.0, 'R_tra': 4.16, 'ctr': '2.080'}]
[I 221225 06:34:08 utils:67] Epoch: [178], Info: [{'num_test': 100, 'len_tra': 2.0, 'R_tra': 3.98, 'ctr': '1.990'}]
[I 221225 06:40:09 utils:67] Epoch: [179], Info: [{'num_test': 100, 'len_tra': 2.0, 'R_tra': 4.3, 'ctr': '2.150'}]
[I 221225 06:46:13 utils:67] Epoch: [180], Info: [{'num_test': 100, 'len_tra': 2.0, 'R_tra': 4.22, 'ctr': '2.110'}]
[I 221225 06:52:16 utils:67] Epoch: [181], Info: [{'num_test': 100, 'len_tra': 2.0, 'R_tra': 4.04, 'ctr': '2.020'}]
[I 221225 06:58:19 utils:67] Epoch: [182], Info: [{'num_test': 100, 'len_tra': 2.0, 'R_tra': 4.18, 'ctr': '2.090'}]
[I 221225 07:04:22 utils:67] Epoch: [183], Info: [{'num_test': 100, 'len_tra': 2.0, 'R_tra': 4.2, 'ctr': '2.100'}]
[I 221225 07:10:26 utils:67] Epoch: [184], Info: [{'num_test': 100, 'len_tra': 2.0, 'R_tra': 4.16, 'ctr': '2.080'}]
[I 221225 07:16:32 utils:67] Epoch: [185], Info: [{'num_test': 100, 'len_tra': 2.0, 'R_tra': 4.14, 'ctr': '2.070'}]
[I 221225 07:22:39 utils:67] Epoch: [186], Info: [{'num_test': 100, 'len_tra': 2.0, 'R_tra': 4.06, 'ctr': '2.030'}]
[I 221225 07:28:45 utils:67] Epoch: [187], Info: [{'num_test': 100, 'len_tra': 2.0, 'R_tra': 4.26, 'ctr': '2.130'}]
[I 221225 07:34:51 utils:67] Epoch: [188], Info: [{'num_test': 100, 'len_tra': 2.0, 'R_tra': 4.24, 'ctr': '2.120'}]
[I 221225 07:40:54 utils:67] Epoch: [189], Info: [{'num_test': 100, 'len_tra': 2.0, 'R_tra': 4.32, 'ctr': '2.160'}]
[I 221225 07:46:53 utils:67] Epoch: [190], Info: [{'num_test': 100, 'len_tra': 2.0, 'R_tra': 4.34, 'ctr': '2.170'}]
[I 221225 07:52:52 utils:67] Epoch: [191], Info: [{'num_test': 100, 'len_tra': 2.0, 'R_tra': 4.1, 'ctr': '2.050'}]
[I 221225 07:58:51 utils:67] Epoch: [192], Info: [{'num_test': 100, 'len_tra': 2.0, 'R_tra': 4.36, 'ctr': '2.180'}]
[I 221225 08:04:51 utils:67] Epoch: [193], Info: [{'num_test': 100, 'len_tra': 2.0, 'R_tra': 4.14, 'ctr': '2.070'}]
[I 221225 08:10:57 utils:67] Epoch: [194], Info: [{'num_test': 100, 'len_tra': 2.0, 'R_tra': 4.34, 'ctr': '2.170'}]
[I 221225 08:17:03 utils:67] Epoch: [195], Info: [{'num_test': 100, 'len_tra': 2.0, 'R_tra': 4.18, 'ctr': '2.090'}]
[I 221225 08:23:09 utils:67] Epoch: [196], Info: [{'num_test': 100, 'len_tra': 2.0, 'R_tra': 4.24, 'ctr': '2.120'}]
[I 221225 08:29:15 utils:67] Epoch: [197], Info: [{'num_test': 100, 'len_tra': 2.0, 'R_tra': 4.18, 'ctr': '2.090'}]
[I 221225 08:35:21 utils:67] Epoch: [198], Info: [{'num_test': 100, 'len_tra': 2.0, 'R_tra': 4.04, 'ctr': '2.020'}]
[I 221225 08:41:27 utils:67] Epoch: [199], Info: [{'num_test': 100, 'len_tra': 2.0, 'R_tra': 4.1, 'ctr': '2.050'}]
[I 221225 08:47:33 utils:67] Epoch: [200], Info: [{'num_test': 100, 'len_tra': 2.0, 'R_tra': 3.96, 'ctr': '1.980'}]
