[I 221225 09:09:53 CIRS-RL-taobao:134] {
      "env": "VirtualTB-v0",
      "user_model_name": "MLP",
      "model_name": "CIRS",
      "seed": 2022,
      "cuda": 0,
      "cpu": false,
      "is_save": false,
      "version": "v1",
      "tau": 0.0,
      "gamma_exposure": 10,
      "leave_threshold": 2.0,
      "num_leave_compute": 5,
      "max_turn": 10,
      "dim_state": 20,
      "dim_model": 27,
      "nhead": 3,
      "buffer_size": 11000,
      "lr": 0.001,
      "gamma": 0.95,
      "epoch": 200,
      "step_per_epoch": 15000,
      "repeat_per_collect": 2,
      "batch_size": 2048,
      "hidden_sizes": [
        64,
        64
      ],
      "episode_per_collect": 100,
      "training_num": 100,
      "test_num": 100,
      "render": 0.0,
      "vf_coef": 0.25,
      "ent_coef": 0.0,
      "eps_clip": 0.2,
      "max_grad_norm": 0.5,
      "gae_lambda": 0.95,
      "rew_norm": 1,
      "dual_clip": null,
      "value_clip": 1,
      "norm_adv": 1,
      "recompute_adv": 0,
      "resume": false,
      "save_interval": 1000,
      "read_message": "taobao tau 0",
      "message": "CIRS w_o CI-leave2"
    }
[I 221225 09:12:49 utils:77] Epoch: [1], Info: [{'num_test': 100, 'len_tra': 10.0, 'R_tra': 8.29, 'ctr': '0.82900'}]
[I 221225 09:15:36 utils:77] Epoch: [2], Info: [{'num_test': 100, 'len_tra': 10.0, 'R_tra': 18.5, 'ctr': '1.85000'}]
[I 221225 09:18:33 utils:77] Epoch: [3], Info: [{'num_test': 100, 'len_tra': 10.0, 'R_tra': 26.43, 'ctr': '2.64300'}]
[I 221225 09:21:29 utils:77] Epoch: [4], Info: [{'num_test': 100, 'len_tra': 10.0, 'R_tra': 28.0, 'ctr': '2.80000'}]
[I 221225 09:24:27 utils:77] Epoch: [5], Info: [{'num_test': 100, 'len_tra': 9.95, 'R_tra': 27.65, 'ctr': '2.77889'}]
[I 221225 09:27:23 utils:77] Epoch: [6], Info: [{'num_test': 100, 'len_tra': 10.0, 'R_tra': 27.42, 'ctr': '2.74200'}]
[I 221225 09:30:21 utils:77] Epoch: [7], Info: [{'num_test': 100, 'len_tra': 10.0, 'R_tra': 28.34, 'ctr': '2.83400'}]
[I 221225 09:33:19 utils:77] Epoch: [8], Info: [{'num_test': 100, 'len_tra': 10.0, 'R_tra': 25.48, 'ctr': '2.54800'}]
[I 221225 09:36:15 utils:77] Epoch: [9], Info: [{'num_test': 100, 'len_tra': 9.97, 'R_tra': 26.26, 'ctr': '2.63390'}]
[I 221225 09:39:13 utils:77] Epoch: [10], Info: [{'num_test': 100, 'len_tra': 9.97, 'R_tra': 27.05, 'ctr': '2.71314'}]
[I 221225 09:42:12 utils:77] Epoch: [11], Info: [{'num_test': 100, 'len_tra': 9.76, 'R_tra': 25.97, 'ctr': '2.66086'}]
[I 221225 09:45:10 utils:77] Epoch: [12], Info: [{'num_test': 100, 'len_tra': 10.0, 'R_tra': 25.19, 'ctr': '2.51900'}]
[I 221225 09:48:09 utils:77] Epoch: [13], Info: [{'num_test': 100, 'len_tra': 9.97, 'R_tra': 22.19, 'ctr': '2.22568'}]
[I 221225 09:51:08 utils:77] Epoch: [14], Info: [{'num_test': 100, 'len_tra': 10.0, 'R_tra': 23.81, 'ctr': '2.38100'}]
[I 221225 09:54:07 utils:77] Epoch: [15], Info: [{'num_test': 100, 'len_tra': 9.87, 'R_tra': 23.28, 'ctr': '2.35866'}]
[I 221225 09:57:04 utils:77] Epoch: [16], Info: [{'num_test': 100, 'len_tra': 9.92, 'R_tra': 23.96, 'ctr': '2.41532'}]
[I 221225 10:00:03 utils:77] Epoch: [17], Info: [{'num_test': 100, 'len_tra': 9.75, 'R_tra': 24.68, 'ctr': '2.53128'}]
[I 221225 10:03:01 utils:77] Epoch: [18], Info: [{'num_test': 100, 'len_tra': 10.0, 'R_tra': 25.86, 'ctr': '2.58600'}]
[I 221225 10:05:59 utils:77] Epoch: [19], Info: [{'num_test': 100, 'len_tra': 9.94, 'R_tra': 27.73, 'ctr': '2.78974'}]
[I 221225 10:08:56 utils:77] Epoch: [20], Info: [{'num_test': 100, 'len_tra': 9.92, 'R_tra': 28.94, 'ctr': '2.91734'}]
[I 221225 10:11:55 utils:77] Epoch: [21], Info: [{'num_test': 100, 'len_tra': 9.92, 'R_tra': 26.46, 'ctr': '2.66734'}]
[I 221225 10:14:54 utils:77] Epoch: [22], Info: [{'num_test': 100, 'len_tra': 9.98, 'R_tra': 25.29, 'ctr': '2.53407'}]
[I 221225 10:17:51 utils:77] Epoch: [23], Info: [{'num_test': 100, 'len_tra': 9.95, 'R_tra': 26.66, 'ctr': '2.67940'}]
[I 221225 10:20:49 utils:77] Epoch: [24], Info: [{'num_test': 100, 'len_tra': 9.88, 'R_tra': 25.52, 'ctr': '2.58300'}]
[I 221225 10:23:49 utils:77] Epoch: [25], Info: [{'num_test': 100, 'len_tra': 9.84, 'R_tra': 26.58, 'ctr': '2.70122'}]
[I 221225 10:26:47 utils:77] Epoch: [26], Info: [{'num_test': 100, 'len_tra': 9.97, 'R_tra': 27.87, 'ctr': '2.79539'}]
[I 221225 10:29:46 utils:77] Epoch: [27], Info: [{'num_test': 100, 'len_tra': 9.87, 'R_tra': 27.81, 'ctr': '2.81763'}]
[I 221225 10:32:42 utils:77] Epoch: [28], Info: [{'num_test': 100, 'len_tra': 9.92, 'R_tra': 26.41, 'ctr': '2.66230'}]
[I 221225 10:35:38 utils:77] Epoch: [29], Info: [{'num_test': 100, 'len_tra': 9.8, 'R_tra': 26.72, 'ctr': '2.72653'}]
[I 221225 10:38:36 utils:77] Epoch: [30], Info: [{'num_test': 100, 'len_tra': 9.93, 'R_tra': 27.47, 'ctr': '2.76636'}]
[I 221225 10:41:34 utils:77] Epoch: [31], Info: [{'num_test': 100, 'len_tra': 9.76, 'R_tra': 28.11, 'ctr': '2.88012'}]
[I 221225 10:44:31 utils:77] Epoch: [32], Info: [{'num_test': 100, 'len_tra': 9.82, 'R_tra': 28.76, 'ctr': '2.92872'}]
[I 221225 10:47:29 utils:77] Epoch: [33], Info: [{'num_test': 100, 'len_tra': 9.68, 'R_tra': 26.92, 'ctr': '2.78099'}]
[I 221225 10:50:25 utils:77] Epoch: [34], Info: [{'num_test': 100, 'len_tra': 9.83, 'R_tra': 29.03, 'ctr': '2.95320'}]
[I 221225 10:53:23 utils:77] Epoch: [35], Info: [{'num_test': 100, 'len_tra': 9.88, 'R_tra': 31.19, 'ctr': '3.15688'}]
[I 221225 10:56:20 utils:77] Epoch: [36], Info: [{'num_test': 100, 'len_tra': 9.66, 'R_tra': 26.63, 'ctr': '2.75673'}]
[I 221225 10:59:18 utils:77] Epoch: [37], Info: [{'num_test': 100, 'len_tra': 9.72, 'R_tra': 27.43, 'ctr': '2.82202'}]
[I 221225 11:02:15 utils:77] Epoch: [38], Info: [{'num_test': 100, 'len_tra': 9.67, 'R_tra': 28.57, 'ctr': '2.95450'}]
[I 221225 11:05:11 utils:77] Epoch: [39], Info: [{'num_test': 100, 'len_tra': 9.92, 'R_tra': 26.44, 'ctr': '2.66532'}]
[I 221225 11:08:07 utils:77] Epoch: [40], Info: [{'num_test': 100, 'len_tra': 9.9, 'R_tra': 26.27, 'ctr': '2.65354'}]
[I 221225 11:11:04 utils:77] Epoch: [41], Info: [{'num_test': 100, 'len_tra': 9.96, 'R_tra': 27.71, 'ctr': '2.78213'}]
[I 221225 11:14:02 utils:77] Epoch: [42], Info: [{'num_test': 100, 'len_tra': 9.92, 'R_tra': 27.53, 'ctr': '2.77520'}]
[I 221225 11:16:59 utils:77] Epoch: [43], Info: [{'num_test': 100, 'len_tra': 9.93, 'R_tra': 27.33, 'ctr': '2.75227'}]
[I 221225 11:19:56 utils:77] Epoch: [44], Info: [{'num_test': 100, 'len_tra': 9.72, 'R_tra': 27.38, 'ctr': '2.81687'}]
[I 221225 11:22:54 utils:77] Epoch: [45], Info: [{'num_test': 100, 'len_tra': 9.95, 'R_tra': 27.51, 'ctr': '2.76482'}]
[I 221225 11:25:52 utils:77] Epoch: [46], Info: [{'num_test': 100, 'len_tra': 9.79, 'R_tra': 28.99, 'ctr': '2.96118'}]
[I 221225 11:28:49 utils:77] Epoch: [47], Info: [{'num_test': 100, 'len_tra': 9.85, 'R_tra': 30.57, 'ctr': '3.10355'}]
[I 221225 11:31:46 utils:77] Epoch: [48], Info: [{'num_test': 100, 'len_tra': 9.93, 'R_tra': 29.4, 'ctr': '2.96073'}]
[I 221225 11:34:44 utils:77] Epoch: [49], Info: [{'num_test': 100, 'len_tra': 9.73, 'R_tra': 31.16, 'ctr': '3.20247'}]
[I 221225 11:37:41 utils:77] Epoch: [50], Info: [{'num_test': 100, 'len_tra': 9.77, 'R_tra': 34.23, 'ctr': '3.50358'}]
[I 221225 11:40:40 utils:77] Epoch: [51], Info: [{'num_test': 100, 'len_tra': 9.8, 'R_tra': 30.44, 'ctr': '3.10612'}]
[I 221225 11:43:37 utils:77] Epoch: [52], Info: [{'num_test': 100, 'len_tra': 9.46, 'R_tra': 29.17, 'ctr': '3.08351'}]
[I 221225 11:46:35 utils:77] Epoch: [53], Info: [{'num_test': 100, 'len_tra': 9.85, 'R_tra': 29.41, 'ctr': '2.98579'}]
[I 221225 11:49:33 utils:77] Epoch: [54], Info: [{'num_test': 100, 'len_tra': 9.91, 'R_tra': 31.78, 'ctr': '3.20686'}]
[I 221225 11:52:30 utils:77] Epoch: [55], Info: [{'num_test': 100, 'len_tra': 9.69, 'R_tra': 30.25, 'ctr': '3.12178'}]
[I 221225 11:55:27 utils:77] Epoch: [56], Info: [{'num_test': 100, 'len_tra': 9.79, 'R_tra': 28.99, 'ctr': '2.96118'}]
[I 221225 11:58:23 utils:77] Epoch: [57], Info: [{'num_test': 100, 'len_tra': 10.0, 'R_tra': 28.07, 'ctr': '2.80700'}]
[I 221225 12:01:21 utils:77] Epoch: [58], Info: [{'num_test': 100, 'len_tra': 10.0, 'R_tra': 29.22, 'ctr': '2.92200'}]
[I 221225 12:04:17 utils:77] Epoch: [59], Info: [{'num_test': 100, 'len_tra': 9.84, 'R_tra': 30.62, 'ctr': '3.11179'}]
[I 221225 12:07:14 utils:77] Epoch: [60], Info: [{'num_test': 100, 'len_tra': 9.7, 'R_tra': 31.66, 'ctr': '3.26392'}]
[I 221225 12:10:11 utils:77] Epoch: [61], Info: [{'num_test': 100, 'len_tra': 9.77, 'R_tra': 32.45, 'ctr': '3.32139'}]
[I 221225 12:13:09 utils:77] Epoch: [62], Info: [{'num_test': 100, 'len_tra': 9.74, 'R_tra': 28.91, 'ctr': '2.96817'}]
[I 221225 12:16:06 utils:77] Epoch: [63], Info: [{'num_test': 100, 'len_tra': 9.88, 'R_tra': 30.12, 'ctr': '3.04858'}]
[I 221225 12:19:05 utils:77] Epoch: [64], Info: [{'num_test': 100, 'len_tra': 9.7, 'R_tra': 26.83, 'ctr': '2.76598'}]
[I 221225 12:22:03 utils:77] Epoch: [65], Info: [{'num_test': 100, 'len_tra': 9.52, 'R_tra': 27.9, 'ctr': '2.93067'}]
[I 221225 12:25:00 utils:77] Epoch: [66], Info: [{'num_test': 100, 'len_tra': 9.74, 'R_tra': 30.3, 'ctr': '3.11088'}]
[I 221225 12:27:56 utils:77] Epoch: [67], Info: [{'num_test': 100, 'len_tra': 9.92, 'R_tra': 31.51, 'ctr': '3.17641'}]
[I 221225 12:30:54 utils:77] Epoch: [68], Info: [{'num_test': 100, 'len_tra': 9.72, 'R_tra': 29.95, 'ctr': '3.08128'}]
[I 221225 12:33:52 utils:77] Epoch: [69], Info: [{'num_test': 100, 'len_tra': 9.86, 'R_tra': 29.46, 'ctr': '2.98783'}]
[I 221225 12:36:50 utils:77] Epoch: [70], Info: [{'num_test': 100, 'len_tra': 9.92, 'R_tra': 28.24, 'ctr': '2.84677'}]
[I 221225 12:39:48 utils:77] Epoch: [71], Info: [{'num_test': 100, 'len_tra': 9.54, 'R_tra': 29.96, 'ctr': '3.14046'}]
[I 221225 12:42:44 utils:77] Epoch: [72], Info: [{'num_test': 100, 'len_tra': 9.98, 'R_tra': 29.64, 'ctr': '2.96994'}]
[I 221225 12:45:42 utils:77] Epoch: [73], Info: [{'num_test': 100, 'len_tra': 9.74, 'R_tra': 27.51, 'ctr': '2.82444'}]
[I 221225 12:48:38 utils:77] Epoch: [74], Info: [{'num_test': 100, 'len_tra': 9.89, 'R_tra': 31.26, 'ctr': '3.16077'}]
[I 221225 12:51:34 utils:77] Epoch: [75], Info: [{'num_test': 100, 'len_tra': 9.87, 'R_tra': 29.92, 'ctr': '3.03141'}]
[I 221225 12:54:30 utils:77] Epoch: [76], Info: [{'num_test': 100, 'len_tra': 9.81, 'R_tra': 29.11, 'ctr': '2.96738'}]
[I 221225 12:57:26 utils:77] Epoch: [77], Info: [{'num_test': 100, 'len_tra': 9.78, 'R_tra': 27.28, 'ctr': '2.78937'}]
[I 221225 13:00:22 utils:77] Epoch: [78], Info: [{'num_test': 100, 'len_tra': 9.83, 'R_tra': 26.57, 'ctr': '2.70295'}]
[I 221225 13:03:18 utils:77] Epoch: [79], Info: [{'num_test': 100, 'len_tra': 9.73, 'R_tra': 29.13, 'ctr': '2.99383'}]
[I 221225 13:06:17 utils:77] Epoch: [80], Info: [{'num_test': 100, 'len_tra': 9.76, 'R_tra': 28.45, 'ctr': '2.91496'}]
[I 221225 13:09:15 utils:77] Epoch: [81], Info: [{'num_test': 100, 'len_tra': 9.77, 'R_tra': 26.63, 'ctr': '2.72569'}]
[I 221225 13:12:12 utils:77] Epoch: [82], Info: [{'num_test': 100, 'len_tra': 9.53, 'R_tra': 27.42, 'ctr': '2.87723'}]
[I 221225 13:15:09 utils:77] Epoch: [83], Info: [{'num_test': 100, 'len_tra': 9.82, 'R_tra': 27.99, 'ctr': '2.85031'}]
[I 221225 13:18:06 utils:77] Epoch: [84], Info: [{'num_test': 100, 'len_tra': 9.87, 'R_tra': 28.79, 'ctr': '2.91692'}]
[I 221225 13:21:03 utils:77] Epoch: [85], Info: [{'num_test': 100, 'len_tra': 9.69, 'R_tra': 26.94, 'ctr': '2.78019'}]
[I 221225 13:24:00 utils:77] Epoch: [86], Info: [{'num_test': 100, 'len_tra': 9.77, 'R_tra': 27.12, 'ctr': '2.77584'}]
[I 221225 13:26:58 utils:77] Epoch: [87], Info: [{'num_test': 100, 'len_tra': 9.9, 'R_tra': 27.51, 'ctr': '2.77879'}]
[I 221225 13:29:55 utils:77] Epoch: [88], Info: [{'num_test': 100, 'len_tra': 9.85, 'R_tra': 27.1, 'ctr': '2.75127'}]
[I 221225 13:32:53 utils:77] Epoch: [89], Info: [{'num_test': 100, 'len_tra': 9.85, 'R_tra': 27.63, 'ctr': '2.80508'}]
[I 221225 13:35:50 utils:77] Epoch: [90], Info: [{'num_test': 100, 'len_tra': 9.88, 'R_tra': 24.79, 'ctr': '2.50911'}]
[I 221225 13:38:48 utils:77] Epoch: [91], Info: [{'num_test': 100, 'len_tra': 9.86, 'R_tra': 26.31, 'ctr': '2.66836'}]
[I 221225 13:41:46 utils:77] Epoch: [92], Info: [{'num_test': 100, 'len_tra': 9.71, 'R_tra': 27.6, 'ctr': '2.84243'}]
[I 221225 13:44:43 utils:77] Epoch: [93], Info: [{'num_test': 100, 'len_tra': 9.85, 'R_tra': 29.37, 'ctr': '2.98173'}]
[I 221225 13:47:40 utils:77] Epoch: [94], Info: [{'num_test': 100, 'len_tra': 9.92, 'R_tra': 27.02, 'ctr': '2.72379'}]
[I 221225 13:50:38 utils:77] Epoch: [95], Info: [{'num_test': 100, 'len_tra': 9.78, 'R_tra': 26.18, 'ctr': '2.67689'}]
[I 221225 13:53:38 utils:77] Epoch: [96], Info: [{'num_test': 100, 'len_tra': 9.8, 'R_tra': 26.29, 'ctr': '2.68265'}]
[I 221225 13:56:35 utils:77] Epoch: [97], Info: [{'num_test': 100, 'len_tra': 9.73, 'R_tra': 26.3, 'ctr': '2.70298'}]
[I 221225 13:59:32 utils:77] Epoch: [98], Info: [{'num_test': 100, 'len_tra': 9.8, 'R_tra': 26.74, 'ctr': '2.72857'}]
[I 221225 14:02:29 utils:77] Epoch: [99], Info: [{'num_test': 100, 'len_tra': 9.92, 'R_tra': 27.64, 'ctr': '2.78629'}]
[I 221225 14:05:27 utils:77] Epoch: [100], Info: [{'num_test': 100, 'len_tra': 9.82, 'R_tra': 28.85, 'ctr': '2.93788'}]
[I 221225 14:08:23 utils:77] Epoch: [101], Info: [{'num_test': 100, 'len_tra': 9.79, 'R_tra': 27.17, 'ctr': '2.77528'}]
[I 221225 14:11:22 utils:77] Epoch: [102], Info: [{'num_test': 100, 'len_tra': 9.89, 'R_tra': 26.29, 'ctr': '2.65824'}]
[I 221225 14:14:18 utils:77] Epoch: [103], Info: [{'num_test': 100, 'len_tra': 9.73, 'R_tra': 25.97, 'ctr': '2.66906'}]
[I 221225 14:17:14 utils:77] Epoch: [104], Info: [{'num_test': 100, 'len_tra': 9.75, 'R_tra': 27.27, 'ctr': '2.79692'}]
[I 221225 14:20:11 utils:77] Epoch: [105], Info: [{'num_test': 100, 'len_tra': 9.67, 'R_tra': 25.61, 'ctr': '2.64840'}]
[I 221225 14:23:08 utils:77] Epoch: [106], Info: [{'num_test': 100, 'len_tra': 9.83, 'R_tra': 28.13, 'ctr': '2.86165'}]
[I 221225 14:26:07 utils:77] Epoch: [107], Info: [{'num_test': 100, 'len_tra': 9.86, 'R_tra': 27.92, 'ctr': '2.83164'}]
[I 221225 14:29:04 utils:77] Epoch: [108], Info: [{'num_test': 100, 'len_tra': 9.77, 'R_tra': 25.04, 'ctr': '2.56295'}]
[I 221225 14:32:01 utils:77] Epoch: [109], Info: [{'num_test': 100, 'len_tra': 9.8, 'R_tra': 28.42, 'ctr': '2.90000'}]
[I 221225 14:34:58 utils:77] Epoch: [110], Info: [{'num_test': 100, 'len_tra': 9.94, 'R_tra': 27.13, 'ctr': '2.72938'}]
[I 221225 14:37:57 utils:77] Epoch: [111], Info: [{'num_test': 100, 'len_tra': 10.0, 'R_tra': 25.86, 'ctr': '2.58600'}]
[I 221225 14:40:55 utils:77] Epoch: [112], Info: [{'num_test': 100, 'len_tra': 9.57, 'R_tra': 24.11, 'ctr': '2.51933'}]
[I 221225 14:43:53 utils:77] Epoch: [113], Info: [{'num_test': 100, 'len_tra': 9.76, 'R_tra': 24.24, 'ctr': '2.48361'}]
[I 221225 14:46:51 utils:77] Epoch: [114], Info: [{'num_test': 100, 'len_tra': 9.74, 'R_tra': 25.42, 'ctr': '2.60986'}]
[I 221225 14:49:49 utils:77] Epoch: [115], Info: [{'num_test': 100, 'len_tra': 9.91, 'R_tra': 26.96, 'ctr': '2.72048'}]
[I 221225 14:52:49 utils:77] Epoch: [116], Info: [{'num_test': 100, 'len_tra': 9.72, 'R_tra': 26.72, 'ctr': '2.74897'}]
[I 221225 14:55:46 utils:77] Epoch: [117], Info: [{'num_test': 100, 'len_tra': 9.84, 'R_tra': 24.79, 'ctr': '2.51931'}]
[I 221225 14:58:41 utils:77] Epoch: [118], Info: [{'num_test': 100, 'len_tra': 9.61, 'R_tra': 23.88, 'ctr': '2.48491'}]
[I 221225 15:01:39 utils:77] Epoch: [119], Info: [{'num_test': 100, 'len_tra': 9.68, 'R_tra': 25.94, 'ctr': '2.67975'}]
[I 221225 15:04:37 utils:77] Epoch: [120], Info: [{'num_test': 100, 'len_tra': 9.51, 'R_tra': 24.66, 'ctr': '2.59306'}]
[I 221225 15:07:35 utils:77] Epoch: [121], Info: [{'num_test': 100, 'len_tra': 9.68, 'R_tra': 24.54, 'ctr': '2.53512'}]
[I 221225 15:10:32 utils:77] Epoch: [122], Info: [{'num_test': 100, 'len_tra': 9.67, 'R_tra': 26.52, 'ctr': '2.74250'}]
[I 221225 15:13:27 utils:77] Epoch: [123], Info: [{'num_test': 100, 'len_tra': 9.67, 'R_tra': 27.97, 'ctr': '2.89245'}]
[I 221225 15:16:24 utils:77] Epoch: [124], Info: [{'num_test': 100, 'len_tra': 9.51, 'R_tra': 25.95, 'ctr': '2.72871'}]
[I 221225 15:19:21 utils:77] Epoch: [125], Info: [{'num_test': 100, 'len_tra': 9.81, 'R_tra': 25.27, 'ctr': '2.57594'}]
[I 221225 15:22:19 utils:77] Epoch: [126], Info: [{'num_test': 100, 'len_tra': 9.85, 'R_tra': 27.29, 'ctr': '2.77056'}]
[I 221225 15:25:16 utils:77] Epoch: [127], Info: [{'num_test': 100, 'len_tra': 9.8, 'R_tra': 27.3, 'ctr': '2.78571'}]
[I 221225 15:28:13 utils:77] Epoch: [128], Info: [{'num_test': 100, 'len_tra': 9.65, 'R_tra': 27.51, 'ctr': '2.85078'}]
[I 221225 15:31:10 utils:77] Epoch: [129], Info: [{'num_test': 100, 'len_tra': 9.91, 'R_tra': 26.63, 'ctr': '2.68718'}]
[I 221225 15:34:07 utils:77] Epoch: [130], Info: [{'num_test': 100, 'len_tra': 9.86, 'R_tra': 27.72, 'ctr': '2.81136'}]
[I 221225 15:37:04 utils:77] Epoch: [131], Info: [{'num_test': 100, 'len_tra': 9.64, 'R_tra': 27.41, 'ctr': '2.84336'}]
[I 221225 15:40:01 utils:77] Epoch: [132], Info: [{'num_test': 100, 'len_tra': 9.69, 'R_tra': 27.12, 'ctr': '2.79876'}]
[I 221225 15:42:58 utils:77] Epoch: [133], Info: [{'num_test': 100, 'len_tra': 9.74, 'R_tra': 25.14, 'ctr': '2.58111'}]
[I 221225 15:45:55 utils:77] Epoch: [134], Info: [{'num_test': 100, 'len_tra': 9.65, 'R_tra': 25.92, 'ctr': '2.68601'}]
[I 221225 15:48:53 utils:77] Epoch: [135], Info: [{'num_test': 100, 'len_tra': 9.78, 'R_tra': 25.53, 'ctr': '2.61043'}]
[I 221225 15:51:51 utils:77] Epoch: [136], Info: [{'num_test': 100, 'len_tra': 9.8, 'R_tra': 25.48, 'ctr': '2.60000'}]
[I 221225 15:54:50 utils:77] Epoch: [137], Info: [{'num_test': 100, 'len_tra': 9.94, 'R_tra': 25.79, 'ctr': '2.59457'}]
[I 221225 15:57:47 utils:77] Epoch: [138], Info: [{'num_test': 100, 'len_tra': 9.69, 'R_tra': 25.63, 'ctr': '2.64499'}]
[I 221225 16:00:43 utils:77] Epoch: [139], Info: [{'num_test': 100, 'len_tra': 9.68, 'R_tra': 26.45, 'ctr': '2.73244'}]
[I 221225 16:03:40 utils:77] Epoch: [140], Info: [{'num_test': 100, 'len_tra': 9.8, 'R_tra': 26.71, 'ctr': '2.72551'}]
[I 221225 16:06:37 utils:77] Epoch: [141], Info: [{'num_test': 100, 'len_tra': 9.85, 'R_tra': 26.01, 'ctr': '2.64061'}]
[I 221225 16:09:32 utils:77] Epoch: [142], Info: [{'num_test': 100, 'len_tra': 9.77, 'R_tra': 27.91, 'ctr': '2.85670'}]
[I 221225 16:12:30 utils:77] Epoch: [143], Info: [{'num_test': 100, 'len_tra': 9.74, 'R_tra': 27.1, 'ctr': '2.78234'}]
[I 221225 16:15:28 utils:77] Epoch: [144], Info: [{'num_test': 100, 'len_tra': 9.74, 'R_tra': 27.23, 'ctr': '2.79569'}]
[I 221225 16:18:25 utils:77] Epoch: [145], Info: [{'num_test': 100, 'len_tra': 9.68, 'R_tra': 25.87, 'ctr': '2.67252'}]
[I 221225 16:21:24 utils:77] Epoch: [146], Info: [{'num_test': 100, 'len_tra': 9.71, 'R_tra': 25.38, 'ctr': '2.61380'}]
[I 221225 16:24:21 utils:77] Epoch: [147], Info: [{'num_test': 100, 'len_tra': 9.68, 'R_tra': 24.26, 'ctr': '2.50620'}]
[I 221225 16:27:19 utils:77] Epoch: [148], Info: [{'num_test': 100, 'len_tra': 9.66, 'R_tra': 27.02, 'ctr': '2.79710'}]
[I 221225 16:30:16 utils:77] Epoch: [149], Info: [{'num_test': 100, 'len_tra': 9.75, 'R_tra': 26.98, 'ctr': '2.76718'}]
[I 221225 16:33:14 utils:77] Epoch: [150], Info: [{'num_test': 100, 'len_tra': 9.79, 'R_tra': 27.31, 'ctr': '2.78958'}]
[I 221225 16:36:12 utils:77] Epoch: [151], Info: [{'num_test': 100, 'len_tra': 9.83, 'R_tra': 27.5, 'ctr': '2.79756'}]
[I 221225 16:39:09 utils:77] Epoch: [152], Info: [{'num_test': 100, 'len_tra': 9.79, 'R_tra': 27.85, 'ctr': '2.84474'}]
[I 221225 16:42:05 utils:77] Epoch: [153], Info: [{'num_test': 100, 'len_tra': 9.87, 'R_tra': 26.83, 'ctr': '2.71834'}]
[I 221225 16:45:02 utils:77] Epoch: [154], Info: [{'num_test': 100, 'len_tra': 9.53, 'R_tra': 26.97, 'ctr': '2.83001'}]
[I 221225 16:47:58 utils:77] Epoch: [155], Info: [{'num_test': 100, 'len_tra': 9.88, 'R_tra': 26.61, 'ctr': '2.69332'}]
[I 221225 16:50:56 utils:77] Epoch: [156], Info: [{'num_test': 100, 'len_tra': 9.81, 'R_tra': 26.37, 'ctr': '2.68807'}]
[I 221225 16:53:55 utils:77] Epoch: [157], Info: [{'num_test': 100, 'len_tra': 9.77, 'R_tra': 26.39, 'ctr': '2.70113'}]
[I 221225 16:56:53 utils:77] Epoch: [158], Info: [{'num_test': 100, 'len_tra': 9.74, 'R_tra': 25.41, 'ctr': '2.60883'}]
[I 221225 16:59:51 utils:77] Epoch: [159], Info: [{'num_test': 100, 'len_tra': 9.81, 'R_tra': 27.17, 'ctr': '2.76962'}]
[I 221225 17:02:48 utils:77] Epoch: [160], Info: [{'num_test': 100, 'len_tra': 9.93, 'R_tra': 28.67, 'ctr': '2.88721'}]
[I 221225 17:05:47 utils:77] Epoch: [161], Info: [{'num_test': 100, 'len_tra': 9.81, 'R_tra': 27.61, 'ctr': '2.81448'}]
[I 221225 17:08:47 utils:77] Epoch: [162], Info: [{'num_test': 100, 'len_tra': 9.69, 'R_tra': 26.05, 'ctr': '2.68834'}]
[I 221225 17:11:49 utils:77] Epoch: [163], Info: [{'num_test': 100, 'len_tra': 9.93, 'R_tra': 26.74, 'ctr': '2.69285'}]
[I 221225 17:14:51 utils:77] Epoch: [164], Info: [{'num_test': 100, 'len_tra': 9.96, 'R_tra': 26.37, 'ctr': '2.64759'}]
[I 221225 17:17:53 utils:77] Epoch: [165], Info: [{'num_test': 100, 'len_tra': 9.78, 'R_tra': 26.75, 'ctr': '2.73517'}]
[I 221225 17:20:54 utils:77] Epoch: [166], Info: [{'num_test': 100, 'len_tra': 9.56, 'R_tra': 25.81, 'ctr': '2.69979'}]
[I 221225 17:23:55 utils:77] Epoch: [167], Info: [{'num_test': 100, 'len_tra': 9.92, 'R_tra': 25.8, 'ctr': '2.60081'}]
[I 221225 17:26:56 utils:77] Epoch: [168], Info: [{'num_test': 100, 'len_tra': 9.67, 'R_tra': 27.26, 'ctr': '2.81903'}]
[I 221225 17:29:56 utils:77] Epoch: [169], Info: [{'num_test': 100, 'len_tra': 9.77, 'R_tra': 27.53, 'ctr': '2.81781'}]
[I 221225 17:32:58 utils:77] Epoch: [170], Info: [{'num_test': 100, 'len_tra': 9.86, 'R_tra': 27.87, 'ctr': '2.82657'}]
[I 221225 17:35:59 utils:77] Epoch: [171], Info: [{'num_test': 100, 'len_tra': 9.8, 'R_tra': 28.75, 'ctr': '2.93367'}]
[I 221225 17:39:00 utils:77] Epoch: [172], Info: [{'num_test': 100, 'len_tra': 9.78, 'R_tra': 28.01, 'ctr': '2.86401'}]
[I 221225 17:42:02 utils:77] Epoch: [173], Info: [{'num_test': 100, 'len_tra': 9.73, 'R_tra': 27.51, 'ctr': '2.82734'}]
[I 221225 17:45:04 utils:77] Epoch: [174], Info: [{'num_test': 100, 'len_tra': 9.79, 'R_tra': 29.58, 'ctr': '3.02145'}]
[I 221225 17:48:05 utils:77] Epoch: [175], Info: [{'num_test': 100, 'len_tra': 9.9, 'R_tra': 31.24, 'ctr': '3.15556'}]
[I 221225 17:51:07 utils:77] Epoch: [176], Info: [{'num_test': 100, 'len_tra': 9.82, 'R_tra': 29.69, 'ctr': '3.02342'}]
[I 221225 17:54:06 utils:77] Epoch: [177], Info: [{'num_test': 100, 'len_tra': 9.84, 'R_tra': 29.21, 'ctr': '2.96850'}]
[I 221225 17:57:07 utils:77] Epoch: [178], Info: [{'num_test': 100, 'len_tra': 9.81, 'R_tra': 29.02, 'ctr': '2.95821'}]
[I 221225 18:00:07 utils:77] Epoch: [179], Info: [{'num_test': 100, 'len_tra': 9.72, 'R_tra': 28.1, 'ctr': '2.89095'}]
[I 221225 18:03:09 utils:77] Epoch: [180], Info: [{'num_test': 100, 'len_tra': 9.83, 'R_tra': 27.92, 'ctr': '2.84028'}]
[I 221225 18:06:10 utils:77] Epoch: [181], Info: [{'num_test': 100, 'len_tra': 9.68, 'R_tra': 28.84, 'ctr': '2.97934'}]
[I 221225 18:09:10 utils:77] Epoch: [182], Info: [{'num_test': 100, 'len_tra': 9.78, 'R_tra': 28.77, 'ctr': '2.94172'}]
[I 221225 18:12:11 utils:77] Epoch: [183], Info: [{'num_test': 100, 'len_tra': 9.81, 'R_tra': 29.06, 'ctr': '2.96228'}]
[I 221225 18:15:13 utils:77] Epoch: [184], Info: [{'num_test': 100, 'len_tra': 9.68, 'R_tra': 27.9, 'ctr': '2.88223'}]
[I 221225 18:18:15 utils:77] Epoch: [185], Info: [{'num_test': 100, 'len_tra': 9.84, 'R_tra': 29.17, 'ctr': '2.96443'}]
[I 221225 18:21:16 utils:77] Epoch: [186], Info: [{'num_test': 100, 'len_tra': 9.87, 'R_tra': 28.4, 'ctr': '2.87741'}]
[I 221225 18:24:16 utils:77] Epoch: [187], Info: [{'num_test': 100, 'len_tra': 9.79, 'R_tra': 27.38, 'ctr': '2.79673'}]
[I 221225 18:27:16 utils:77] Epoch: [188], Info: [{'num_test': 100, 'len_tra': 9.54, 'R_tra': 27.42, 'ctr': '2.87421'}]
[I 221225 18:30:18 utils:77] Epoch: [189], Info: [{'num_test': 100, 'len_tra': 9.7, 'R_tra': 26.49, 'ctr': '2.73093'}]
[I 221225 18:33:19 utils:77] Epoch: [190], Info: [{'num_test': 100, 'len_tra': 9.4, 'R_tra': 25.58, 'ctr': '2.72128'}]
[I 221225 18:36:20 utils:77] Epoch: [191], Info: [{'num_test': 100, 'len_tra': 9.93, 'R_tra': 26.75, 'ctr': '2.69386'}]
[I 221225 18:39:20 utils:77] Epoch: [192], Info: [{'num_test': 100, 'len_tra': 9.68, 'R_tra': 26.95, 'ctr': '2.78409'}]
[I 221225 18:42:21 utils:77] Epoch: [193], Info: [{'num_test': 100, 'len_tra': 9.89, 'R_tra': 27.38, 'ctr': '2.76845'}]
[I 221225 18:45:23 utils:77] Epoch: [194], Info: [{'num_test': 100, 'len_tra': 9.74, 'R_tra': 26.06, 'ctr': '2.67556'}]
[I 221225 18:48:24 utils:77] Epoch: [195], Info: [{'num_test': 100, 'len_tra': 9.67, 'R_tra': 26.76, 'ctr': '2.76732'}]
[I 221225 18:51:24 utils:77] Epoch: [196], Info: [{'num_test': 100, 'len_tra': 9.4, 'R_tra': 27.27, 'ctr': '2.90106'}]
[I 221225 18:54:24 utils:77] Epoch: [197], Info: [{'num_test': 100, 'len_tra': 9.86, 'R_tra': 28.62, 'ctr': '2.90264'}]
[I 221225 18:57:26 utils:77] Epoch: [198], Info: [{'num_test': 100, 'len_tra': 9.87, 'R_tra': 27.55, 'ctr': '2.79129'}]
[I 221225 19:00:28 utils:77] Epoch: [199], Info: [{'num_test': 100, 'len_tra': 9.84, 'R_tra': 27.71, 'ctr': '2.81606'}]
[I 221225 19:03:30 utils:77] Epoch: [200], Info: [{'num_test': 100, 'len_tra': 9.68, 'R_tra': 26.68, 'ctr': '2.75620'}]
