[I 221223 14:27:08 MLP-epsilonGreedy-taobao:97] {
      "resume": false,
      "env": "VirtualTB-v0",
      "feature_dim": 4,
      "model_name": "MLP-RL-epsilon",
      "dnn": [
        256,
        256
      ],
      "batch_size": 100,
      "epoch": 10,
      "cuda": 7,
      "epsilon": 0.1,
      "leave_threshold": 4.0,
      "num_leave_compute": 5,
      "max_turn": 50,
      "message": "Epsilon-greedy leave=4"
    }
[I 221223 14:33:47 utils:48] Epoch: [-1], Info: [{'CTR': 0.015, 'click_loss': 0.15507497422397137, 'trajectory_len': 2.0, 'trajectory_reward': 0.03}]
[I 221223 14:38:51 utils:48] Epoch: [0], Info: [{'loss': 0.5306839514732361, 'CTR': 3.885, 'click_loss': 2.32937765089795, 'trajectory_len': 2.0, 'trajectory_reward': 7.77}]
[I 221223 14:44:08 utils:48] Epoch: [1], Info: [{'loss': 0.11382007270812988, 'CTR': 3.94, 'click_loss': 2.6419776299316435, 'trajectory_len': 2.0, 'trajectory_reward': 7.88}]
[I 221223 14:49:23 utils:48] Epoch: [2], Info: [{'loss': 0.02358684132516384, 'CTR': 3.49, 'click_loss': 2.2633253813534977, 'trajectory_len': 2.0, 'trajectory_reward': 6.98}]
[I 221223 14:54:34 utils:48] Epoch: [3], Info: [{'loss': 0.005921615672707558, 'CTR': 3.615, 'click_loss': 2.3836366921197625, 'trajectory_len': 2.0, 'trajectory_reward': 7.23}]
[I 221223 14:59:48 utils:48] Epoch: [4], Info: [{'loss': 0.0029920550241321325, 'CTR': 4.01, 'click_loss': 2.471479615913704, 'trajectory_len': 2.0, 'trajectory_reward': 8.02}]
[I 221223 15:05:01 utils:48] Epoch: [5], Info: [{'loss': 0.00257848567713052, 'CTR': 3.745, 'click_loss': 2.427385909324512, 'trajectory_len': 2.0, 'trajectory_reward': 7.49}]
[I 221223 15:10:10 utils:48] Epoch: [6], Info: [{'loss': 0.002542600310984999, 'CTR': 3.78, 'click_loss': 2.2786223708372564, 'trajectory_len': 2.0, 'trajectory_reward': 7.56}]
[I 221223 15:15:26 utils:48] Epoch: [7], Info: [{'loss': 0.0025406443644687532, 'CTR': 3.905, 'click_loss': 2.1690377690060996, 'trajectory_len': 2.0, 'trajectory_reward': 7.81}]
[I 221223 15:21:28 utils:48] Epoch: [8], Info: [{'loss': 0.002540247675385326, 'CTR': 3.915, 'click_loss': 2.4326056646555663, 'trajectory_len': 2.0, 'trajectory_reward': 7.83}]
[I 221223 15:25:29 utils:48] Epoch: [9], Info: [{'loss': 0.0025404366873949765, 'CTR': 3.525, 'click_loss': 2.2101982818730175, 'trajectory_len': 2.0, 'trajectory_reward': 7.05}]
[I 221223 15:25:29 MLP-epsilonGreedy-taobao:146] {}
