[I 221223 15:15:48 MLP-epsilonGreedy-taobao:97] {
      "resume": false,
      "env": "VirtualTB-v0",
      "feature_dim": 4,
      "model_name": "MLP-RL-epsilon",
      "dnn": [
        256,
        256
      ],
      "batch_size": 100,
      "epoch": 10,
      "cuda": 6,
      "epsilon": 1.0,
      "leave_threshold": 1.0,
      "num_leave_compute": 5,
      "max_turn": 50,
      "message": "Random-leave1"
    }
[I 221223 15:26:30 utils:48] Epoch: [-1], Info: [{'CTR': 0.0288, 'click_loss': 0.1709713990151882, 'trajectory_len': 50.0, 'trajectory_reward': 1.44}]
[I 221223 15:28:06 utils:48] Epoch: [0], Info: [{'loss': 0.5303531189727784, 'CTR': 0.0252, 'click_loss': 0.0774785534562543, 'trajectory_len': 50.0, 'trajectory_reward': 1.26}]
[I 221223 15:29:41 utils:48] Epoch: [1], Info: [{'loss': 0.11377927496910095, 'CTR': 0.0216, 'click_loss': 0.066276955444552, 'trajectory_len': 50.0, 'trajectory_reward': 1.08}]
[I 221223 15:31:16 utils:48] Epoch: [2], Info: [{'loss': 0.023612744747400286, 'CTR': 0.026, 'click_loss': 0.07686923289000988, 'trajectory_len': 50.0, 'trajectory_reward': 1.3}]
[I 221223 15:33:03 utils:48] Epoch: [3], Info: [{'loss': 0.005916244046390057, 'CTR': 0.0328, 'click_loss': 0.09458513277936727, 'trajectory_len': 50.0, 'trajectory_reward': 1.64}]
[I 221223 15:34:37 utils:48] Epoch: [4], Info: [{'loss': 0.002961948287412524, 'CTR': 0.0202, 'click_loss': 0.060691286604199556, 'trajectory_len': 50.0, 'trajectory_reward': 1.01}]
[I 221223 15:36:15 utils:48] Epoch: [5], Info: [{'loss': 0.0025745287882164123, 'CTR': 0.0254, 'click_loss': 0.0882366380462423, 'trajectory_len': 50.0, 'trajectory_reward': 1.27}]
[I 221223 15:37:53 utils:48] Epoch: [6], Info: [{'loss': 0.002540929317995906, 'CTR': 0.0264, 'click_loss': 0.17350589780164882, 'trajectory_len': 50.0, 'trajectory_reward': 1.32}]
[I 221223 15:39:29 utils:48] Epoch: [7], Info: [{'loss': 0.0025408133059367536, 'CTR': 0.028, 'click_loss': 0.09880557005116716, 'trajectory_len': 50.0, 'trajectory_reward': 1.4}]
[I 221223 15:41:05 utils:48] Epoch: [8], Info: [{'loss': 0.0025400674225389956, 'CTR': 0.0238, 'click_loss': 0.07475316415429115, 'trajectory_len': 50.0, 'trajectory_reward': 1.19}]
[I 221223 15:42:38 utils:48] Epoch: [9], Info: [{'loss': 0.002540397555511445, 'CTR': 0.0282, 'click_loss': 0.08794371979236602, 'trajectory_len': 50.0, 'trajectory_reward': 1.41}]
[I 221223 15:42:38 MLP-epsilonGreedy-taobao:146] {}
