[I 221223 15:42:41 MLP-epsilonGreedy-taobao:97] {
      "resume": false,
      "env": "VirtualTB-v0",
      "feature_dim": 4,
      "model_name": "MLP-RL-epsilon",
      "dnn": [
        256,
        256
      ],
      "batch_size": 100,
      "epoch": 10,
      "cuda": 6,
      "epsilon": 1.0,
      "leave_threshold": 2.0,
      "num_leave_compute": 5,
      "max_turn": 50,
      "message": "Random-leave2"
    }
[I 221223 15:43:11 utils:48] Epoch: [-1], Info: [{'CTR': 0.06705539358600583, 'click_loss': 0.20715736387074862, 'trajectory_len': 3.43, 'trajectory_reward': 0.23}]
[I 221223 15:43:31 utils:48] Epoch: [0], Info: [{'loss': 0.530678292503357, 'CTR': 0.052307692307692305, 'click_loss': 0.1339587174843137, 'trajectory_len': 3.25, 'trajectory_reward': 0.17}]
[I 221223 15:43:52 utils:48] Epoch: [1], Info: [{'loss': 0.11382646217346191, 'CTR': 0.04375, 'click_loss': 0.12285850392654538, 'trajectory_len': 3.2, 'trajectory_reward': 0.14}]
[I 221223 15:44:12 utils:48] Epoch: [2], Info: [{'loss': 0.02359729939699173, 'CTR': 0.06472491909385113, 'click_loss': 0.11793990823829058, 'trajectory_len': 3.09, 'trajectory_reward': 0.2}]
[I 221223 15:44:33 utils:48] Epoch: [3], Info: [{'loss': 0.005945213973373175, 'CTR': 0.050955414012738856, 'click_loss': 0.11990453821316266, 'trajectory_len': 3.14, 'trajectory_reward': 0.16}]
[I 221223 15:44:52 utils:48] Epoch: [4], Info: [{'loss': 0.003016202955804765, 'CTR': 0.05864197530864197, 'click_loss': 0.13935691009586057, 'trajectory_len': 3.24, 'trajectory_reward': 0.19}]
[I 221223 15:45:12 utils:48] Epoch: [5], Info: [{'loss': 0.002581856287419796, 'CTR': 0.04057971014492753, 'click_loss': 0.11432364627287007, 'trajectory_len': 3.45, 'trajectory_reward': 0.14}]
[I 221223 15:45:32 utils:48] Epoch: [6], Info: [{'loss': 0.002542478646188974, 'CTR': 0.038834951456310676, 'click_loss': 0.1300198337406788, 'trajectory_len': 3.09, 'trajectory_reward': 0.12}]
[I 221223 15:45:52 utils:48] Epoch: [7], Info: [{'loss': 0.0025397420167177914, 'CTR': 0.05063291139240506, 'click_loss': 0.1377767153361317, 'trajectory_len': 3.16, 'trajectory_reward': 0.16}]
[I 221223 15:46:13 utils:48] Epoch: [8], Info: [{'loss': 0.002540514542981982, 'CTR': 0.03785488958990536, 'click_loss': 0.08562338764100609, 'trajectory_len': 3.17, 'trajectory_reward': 0.12}]
[I 221223 15:46:34 utils:48] Epoch: [9], Info: [{'loss': 0.0025405892373248935, 'CTR': 0.03333333333333333, 'click_loss': 0.12427383637563749, 'trajectory_len': 3.3, 'trajectory_reward': 0.11}]
[I 221223 15:46:34 MLP-epsilonGreedy-taobao:146] {}
