[I 221224 06:23:46 CIRS-UserModel-kuaishou:170] {
      "resume": false,
      "env": "KuaishouEnv-v0",
      "is_softmax": true,
      "l2_reg_dnn": 0.1,
      "lambda_ab": 10,
      "epsilon": 0,
      "is_ucb": false,
      "num_trajectory": 200,
      "force_length": 10,
      "top_rate": 0.6,
      "feature_dim": 16,
      "entity_dim": 16,
      "user_model_name": "DeepFM",
      "dnn": [
        64,
        64
      ],
      "batch_size": 2048,
      "epoch": 10,
      "cuda": 6,
      "leave_threshold": 0.0,
      "num_leave_compute": 3,
      "tau": 0.0,
      "is_ab": false,
      "message": "DeepFM-leave3"
    }
[I 221224 06:25:00 utils:48] Epoch: [-1], Info: [{'mae': 0.8658588094033238, 'mse': 1.1853112927361438, 'click_loss': 0.9232351500950593, 'CV': '0.24346', 'CV_turn': '0.86817', 'ctr': 0.8964906075863887, 'len_tra': 4.665, 'R_tra': 4.182128684390503, 'ifeat_feat': 0.6387995712754555, 'NX_0_click_loss': 0.9240493799549722, 'NX_0_CV': '0.25338', 'NX_0_CV_turn': '0.87087', 'NX_0_ctr': 0.897141232500233, 'NX_0_len_tra': 4.84, 'NX_0_R_tra': 4.342163565301128, 'NX_0_ifeat_feat': 0.6363636363636364, 'NX_10_click_loss': 0.8785678081664785, 'NX_10_CV': '0.45386', 'NX_10_CV_turn': '0.75500', 'NX_10_ctr': 0.8500039895035851, 'NX_10_len_tra': 10.0, 'NX_10_R_tra': 8.500039895035851, 'NX_10_ifeat_feat': 0.639}]
[I 221224 06:27:11 utils:48] Epoch: [0], Info: [{'loss': 0.0003192951612493762, 'mae': 0.41854912098313113, 'mse': 0.3949451840935824, 'click_loss': 31.317413868770164, 'CV': '0.00421', 'CV_turn': '0.01825', 'ctr': 2.448373868222671, 'len_tra': 3.835, 'R_tra': 9.389513784633943, 'ifeat_feat': 0.20078226857887874, 'NX_0_click_loss': 31.65008419442202, 'NX_0_CV': '0.00481', 'NX_0_CV_turn': '0.01511', 'NX_0_ctr': 2.4215302693571807, 'NX_0_len_tra': 5.295, 'NX_0_R_tra': 12.822002776246272, 'NX_0_ifeat_feat': 0.25401322001888577, 'NX_10_click_loss': 32.08673720238355, 'NX_10_CV': '0.00481', 'NX_10_CV_turn': '0.00800', 'NX_10_ctr': 2.4057298505082247, 'NX_10_len_tra': 10.0, 'NX_10_R_tra': 24.057298505082247, 'NX_10_ifeat_feat': 0.3275}]
[I 221224 06:29:28 utils:48] Epoch: [1], Info: [{'loss': 0.0003133450622494838, 'mae': 0.4149147207805408, 'mse': 0.3947205408908689, 'click_loss': 32.06695154705076, 'CV': '0.00391', 'CV_turn': '0.01637', 'ctr': 2.553829500126081, 'len_tra': 3.97, 'R_tra': 10.13870311550054, 'ifeat_feat': 0.22921914357682618, 'NX_0_click_loss': 32.25772988434116, 'NX_0_CV': '0.00451', 'NX_0_CV_turn': '0.01426', 'NX_0_ctr': 2.3442388709556607, 'NX_0_len_tra': 5.26, 'NX_0_R_tra': 12.330696461226776, 'NX_0_ifeat_feat': 0.25475285171102663, 'NX_10_click_loss': 32.776623777806016, 'NX_10_CV': '0.00541', 'NX_10_CV_turn': '0.00900', 'NX_10_ctr': 2.431517711102211, 'NX_10_len_tra': 10.0, 'NX_10_R_tra': 24.31517711102211, 'NX_10_ifeat_feat': 0.3375}]
[I 221224 06:31:42 utils:48] Epoch: [2], Info: [{'loss': 0.00031338351883555734, 'mae': 0.4170015924473023, 'mse': 0.39460391109324927, 'click_loss': 32.402835514381216, 'CV': '0.00421', 'CV_turn': '0.01790', 'ctr': 2.4826752378756263, 'len_tra': 3.91, 'R_tra': 9.707260180093698, 'ifeat_feat': 0.23273657289002558, 'NX_0_click_loss': 32.86216325395141, 'NX_0_CV': '0.00481', 'NX_0_CV_turn': '0.01473', 'NX_0_ctr': 2.5173046242435344, 'NX_0_len_tra': 5.43, 'NX_0_R_tra': 13.66896410964239, 'NX_0_ifeat_feat': 0.26335174953959484, 'NX_10_click_loss': 33.14051473643583, 'NX_10_CV': '0.00541', 'NX_10_CV_turn': '0.00900', 'NX_10_ctr': 2.35521799971866, 'NX_10_len_tra': 10.0, 'NX_10_R_tra': 23.5521799971866, 'NX_10_ifeat_feat': 0.336}]
[I 221224 06:34:00 utils:48] Epoch: [3], Info: [{'loss': 0.00031338802308479016, 'mae': 0.41431420665866014, 'mse': 0.3951776144937024, 'click_loss': 33.554892892995724, 'CV': '0.00421', 'CV_turn': '0.01816', 'ctr': 2.3582600302861874, 'len_tra': 3.855, 'R_tra': 9.091092416753252, 'ifeat_feat': 0.21660181582360571, 'NX_0_click_loss': 34.01841889980376, 'NX_0_CV': '0.00481', 'NX_0_CV_turn': '0.01484', 'NX_0_ctr': 2.4495222682196, 'NX_0_len_tra': 5.39, 'NX_0_R_tra': 13.202925025703644, 'NX_0_ifeat_feat': 0.2569573283858998, 'NX_10_click_loss': 34.50499246286412, 'NX_10_CV': '0.00511', 'NX_10_CV_turn': '0.00850', 'NX_10_ctr': 2.45789663099309, 'NX_10_len_tra': 10.0, 'NX_10_R_tra': 24.5789663099309, 'NX_10_ifeat_feat': 0.338}]
[I 221224 06:36:13 utils:48] Epoch: [4], Info: [{'loss': 0.0003133862182266822, 'mae': 0.41732488688060176, 'mse': 0.39489415469213196, 'click_loss': 30.919958498872006, 'CV': '0.00451', 'CV_turn': '0.02000', 'ctr': 2.3747698519197487, 'len_tra': 3.75, 'R_tra': 8.905386944699057, 'ifeat_feat': 0.22133333333333333, 'NX_0_click_loss': 31.39404054028166, 'NX_0_CV': '0.00481', 'NX_0_CV_turn': '0.01519', 'NX_0_ctr': 2.4857359001375414, 'NX_0_len_tra': 5.265, 'NX_0_R_tra': 13.087399514224154, 'NX_0_ifeat_feat': 0.26495726495726496, 'NX_10_click_loss': 31.699021406878813, 'NX_10_CV': '0.00511', 'NX_10_CV_turn': '0.00850', 'NX_10_ctr': 2.3481063887971185, 'NX_10_len_tra': 10.0, 'NX_10_R_tra': 23.481063887971185, 'NX_10_ifeat_feat': 0.3345}]
[I 221224 06:38:29 utils:48] Epoch: [5], Info: [{'loss': 0.0003133797094708947, 'mae': 0.41463520091416334, 'mse': 0.3951117447894832, 'click_loss': 33.572317870852046, 'CV': '0.00451', 'CV_turn': '0.02052', 'ctr': 2.5008352946566275, 'len_tra': 3.655, 'R_tra': 9.140553001969973, 'ifeat_feat': 0.19835841313269495, 'NX_0_click_loss': 33.96038237444717, 'NX_0_CV': '0.00451', 'NX_0_CV_turn': '0.01397', 'NX_0_ctr': 2.4417377609645117, 'NX_0_len_tra': 5.37, 'NX_0_R_tra': 13.112131776379428, 'NX_0_ifeat_feat': 0.2532588454376164, 'NX_10_click_loss': 34.358354851279074, 'NX_10_CV': '0.00451', 'NX_10_CV_turn': '0.00750', 'NX_10_ctr': 2.379610785994273, 'NX_10_len_tra': 10.0, 'NX_10_R_tra': 23.796107859942726, 'NX_10_ifeat_feat': 0.335}]
[I 221224 06:40:57 utils:48] Epoch: [6], Info: [{'loss': 0.0003133877072599504, 'mae': 0.41562578223544044, 'mse': 0.3949544959145996, 'click_loss': 34.57769107269681, 'CV': '0.00451', 'CV_turn': '0.02107', 'ctr': 2.438999880434192, 'len_tra': 3.56, 'R_tra': 8.682839574345724, 'ifeat_feat': 0.2148876404494382, 'NX_0_click_loss': 35.15096886529968, 'NX_0_CV': '0.00481', 'NX_0_CV_turn': '0.01422', 'NX_0_ctr': 2.46449947273513, 'NX_0_len_tra': 5.625, 'NX_0_R_tra': 13.862809534135108, 'NX_0_ifeat_feat': 0.2551111111111111, 'NX_10_click_loss': 35.4793771638294, 'NX_10_CV': '0.00511', 'NX_10_CV_turn': '0.00850', 'NX_10_ctr': 2.3365338172336907, 'NX_10_len_tra': 10.0, 'NX_10_R_tra': 23.365338172336905, 'NX_10_ifeat_feat': 0.3345}]
[I 221224 06:43:40 utils:48] Epoch: [7], Info: [{'loss': 0.0003133768638722739, 'mae': 0.41791318943878175, 'mse': 0.3943487172317907, 'click_loss': 31.47737575569663, 'CV': '0.00481', 'CV_turn': '0.02010', 'ctr': 2.4120477830736795, 'len_tra': 3.98, 'R_tra': 9.599950176633245, 'ifeat_feat': 0.20351758793969849, 'NX_0_click_loss': 31.731358998530887, 'NX_0_CV': '0.00451', 'NX_0_CV_turn': '0.01524', 'NX_0_ctr': 2.3472914301783145, 'NX_0_len_tra': 4.92, 'NX_0_R_tra': 11.548673836477308, 'NX_0_ifeat_feat': 0.2459349593495935, 'NX_10_click_loss': 32.1963156678261, 'NX_10_CV': '0.00511', 'NX_10_CV_turn': '0.00850', 'NX_10_ctr': 2.3590528199257275, 'NX_10_len_tra': 10.0, 'NX_10_R_tra': 23.590528199257275, 'NX_10_ifeat_feat': 0.329}]
[I 221224 06:46:26 utils:48] Epoch: [8], Info: [{'loss': 0.00031338394164694453, 'mae': 0.4188139451201977, 'mse': 0.39480736632334684, 'click_loss': 30.95682106978233, 'CV': '0.00421', 'CV_turn': '0.01835', 'ctr': 2.397952939057117, 'len_tra': 3.815, 'R_tra': 9.148190462502901, 'ifeat_feat': 0.20576671035386632, 'NX_0_click_loss': 31.37291421495966, 'NX_0_CV': '0.00481', 'NX_0_CV_turn': '0.01479', 'NX_0_ctr': 2.43152357454574, 'NX_0_len_tra': 5.41, 'NX_0_R_tra': 13.154542538292455, 'NX_0_ifeat_feat': 0.25970425138632164, 'NX_10_click_loss': 31.743723182422535, 'NX_10_CV': '0.00541', 'NX_10_CV_turn': '0.00900', 'NX_10_ctr': 2.3842951152151834, 'NX_10_len_tra': 10.0, 'NX_10_R_tra': 23.842951152151837, 'NX_10_ifeat_feat': 0.333}]
[I 221224 06:49:11 utils:48] Epoch: [9], Info: [{'loss': 0.0003133818386848923, 'mae': 0.4169211162766215, 'mse': 0.3947318462725451, 'click_loss': 33.37487302626167, 'CV': '0.00451', 'CV_turn': '0.01982', 'ctr': 2.6209971955748417, 'len_tra': 3.785, 'R_tra': 9.920474385250776, 'ifeat_feat': 0.23249669749009247, 'NX_0_click_loss': 33.60943269673047, 'NX_0_CV': '0.00481', 'NX_0_CV_turn': '0.01495', 'NX_0_ctr': 2.467236371232276, 'NX_0_len_tra': 5.35, 'NX_0_R_tra': 13.199714586092675, 'NX_0_ifeat_feat': 0.2523364485981308, 'NX_10_click_loss': 34.021650799852836, 'NX_10_CV': '0.00541', 'NX_10_CV_turn': '0.00900', 'NX_10_ctr': 2.42104200564045, 'NX_10_len_tra': 10.0, 'NX_10_R_tra': 24.210420056404494, 'NX_10_ifeat_feat': 0.3335}]
[I 221224 06:49:11 CIRS-UserModel-kuaishou:230] {}
