[I 221224 12:57:04 CIRS-UserModel-kuaishou:170] {
      "resume": false,
      "env": "KuaishouEnv-v0",
      "is_softmax": true,
      "l2_reg_dnn": 0.1,
      "lambda_ab": 10,
      "epsilon": 0,
      "is_ucb": false,
      "num_trajectory": 200,
      "force_length": 10,
      "top_rate": 0.6,
      "feature_dim": 16,
      "entity_dim": 16,
      "user_model_name": "DeepFM",
      "dnn": [
        64,
        64
      ],
      "batch_size": 2048,
      "epoch": 10,
      "cuda": 6,
      "leave_threshold": 0.0,
      "num_leave_compute": 5,
      "tau": 0.0,
      "is_ab": false,
      "message": "DeepFM-leave5"
    }
[I 221224 12:58:12 utils:48] Epoch: [-1], Info: [{'mae': 0.8658588094033238, 'mse': 1.1853112927361438, 'click_loss': 0.8569244970774719, 'CV': '0.23775', 'CV_turn': '0.87115', 'ctr': 0.8302687541409383, 'len_tra': 4.54, 'R_tra': 3.7694201437998593, 'ifeat_feat': 0.6442731277533039, 'NX_0_click_loss': 0.9104636021442969, 'NX_0_CV': '0.25639', 'NX_0_CV_turn': '0.88394', 'NX_0_ctr': 0.8850236586475609, 'NX_0_len_tra': 4.825, 'NX_0_R_tra': 4.270239152974481, 'NX_0_ifeat_feat': 0.6217616580310881, 'NX_10_click_loss': 0.9406334699121806, 'NX_10_CV': '0.45717', 'NX_10_CV_turn': '0.76050', 'NX_10_ctr': 0.9157384715666566, 'NX_10_len_tra': 10.0, 'NX_10_R_tra': 9.157384715666566, 'NX_10_ifeat_feat': 0.6475}]
[I 221224 13:00:47 utils:48] Epoch: [0], Info: [{'loss': 0.0003192951612493762, 'mae': 0.41854912098313113, 'mse': 0.3949451840935824, 'click_loss': 31.326871748659944, 'CV': '0.00421', 'CV_turn': '0.01832', 'ctr': 2.4695748424433135, 'len_tra': 3.82, 'R_tra': 9.433775898133458, 'ifeat_feat': 0.20026178010471204, 'NX_0_click_loss': 31.670118422846084, 'NX_0_CV': '0.00451', 'NX_0_CV_turn': '0.01484', 'NX_0_ctr': 2.492981225308191, 'NX_0_len_tra': 5.055, 'NX_0_R_tra': 12.602020093932905, 'NX_0_ifeat_feat': 0.26904055390702275, 'NX_10_click_loss': 32.059256594430934, 'NX_10_CV': '0.00601', 'NX_10_CV_turn': '0.01000', 'NX_10_ctr': 2.3488228452320765, 'NX_10_len_tra': 10.0, 'NX_10_R_tra': 23.488228452320765, 'NX_10_ifeat_feat': 0.339}]
[I 221224 13:03:24 utils:48] Epoch: [1], Info: [{'loss': 0.0003133450622494838, 'mae': 0.4149147207805408, 'mse': 0.3947205408908689, 'click_loss': 31.873321604645003, 'CV': '0.00421', 'CV_turn': '0.01872', 'ctr': 2.33642897890772, 'len_tra': 3.74, 'R_tra': 8.738244381114873, 'ifeat_feat': 0.21657754010695188, 'NX_0_click_loss': 32.28905811482587, 'NX_0_CV': '0.00451', 'NX_0_CV_turn': '0.01475', 'NX_0_ctr': 2.4047624852851417, 'NX_0_len_tra': 5.085, 'NX_0_R_tra': 12.228217237674947, 'NX_0_ifeat_feat': 0.25958702064896755, 'NX_10_click_loss': 32.675127098009284, 'NX_10_CV': '0.00511', 'NX_10_CV_turn': '0.00850', 'NX_10_ctr': 2.3323120774480364, 'NX_10_len_tra': 10.0, 'NX_10_R_tra': 23.323120774480362, 'NX_10_ifeat_feat': 0.337}]
[I 221224 13:06:01 utils:48] Epoch: [2], Info: [{'loss': 0.00031338351883555734, 'mae': 0.4170015924473023, 'mse': 0.39460391109324927, 'click_loss': 32.30823082574439, 'CV': '0.00451', 'CV_turn': '0.02033', 'ctr': 2.3699392036962266, 'len_tra': 3.69, 'R_tra': 8.745075661639076, 'ifeat_feat': 0.23983739837398374, 'NX_0_click_loss': 32.822040062873555, 'NX_0_CV': '0.00481', 'NX_0_CV_turn': '0.01461', 'NX_0_ctr': 2.4709496604010313, 'NX_0_len_tra': 5.475, 'NX_0_R_tra': 13.528449390695647, 'NX_0_ifeat_feat': 0.25753424657534246, 'NX_10_click_loss': 33.185240893734175, 'NX_10_CV': '0.00481', 'NX_10_CV_turn': '0.00800', 'NX_10_ctr': 2.405418225658629, 'NX_10_len_tra': 10.0, 'NX_10_R_tra': 24.05418225658629, 'NX_10_ifeat_feat': 0.335}]
[I 221224 13:08:37 utils:48] Epoch: [3], Info: [{'loss': 0.00031338802308479016, 'mae': 0.41431420665866014, 'mse': 0.3951776144937024, 'click_loss': 33.67149878000647, 'CV': '0.00451', 'CV_turn': '0.02000', 'ctr': 2.480099831337021, 'len_tra': 3.75, 'R_tra': 9.300374367513829, 'ifeat_feat': 0.19866666666666666, 'NX_0_click_loss': 33.94317557936313, 'NX_0_CV': '0.00481', 'NX_0_CV_turn': '0.01549', 'NX_0_ctr': 2.427554626708985, 'NX_0_len_tra': 5.165, 'NX_0_R_tra': 12.538319646951907, 'NX_0_ifeat_feat': 0.24975798644724104, 'NX_10_click_loss': 34.415704134871426, 'NX_10_CV': '0.00511', 'NX_10_CV_turn': '0.00850', 'NX_10_ctr': 2.366985004355429, 'NX_10_len_tra': 10.0, 'NX_10_R_tra': 23.669850043554288, 'NX_10_ifeat_feat': 0.335}]
[I 221224 13:11:16 utils:48] Epoch: [4], Info: [{'loss': 0.0003133862182266822, 'mae': 0.41732488688060176, 'mse': 0.39489415469213196, 'click_loss': 31.016883992843802, 'CV': '0.00421', 'CV_turn': '0.01905', 'ctr': 2.478341747484922, 'len_tra': 3.675, 'R_tra': 9.107905922007086, 'ifeat_feat': 0.21224489795918366, 'NX_0_click_loss': 31.3739688651899, 'NX_0_CV': '0.00481', 'NX_0_CV_turn': '0.01515', 'NX_0_ctr': 2.4713714739457098, 'NX_0_len_tra': 5.28, 'NX_0_R_tra': 13.048841382433347, 'NX_0_ifeat_feat': 0.2566287878787879, 'NX_10_click_loss': 31.75187980436832, 'NX_10_CV': '0.00571', 'NX_10_CV_turn': '0.00950', 'NX_10_ctr': 2.390707893128695, 'NX_10_len_tra': 10.0, 'NX_10_R_tra': 23.90707893128695, 'NX_10_ifeat_feat': 0.3335}]
[I 221224 13:13:51 utils:48] Epoch: [5], Info: [{'loss': 0.0003133797094708947, 'mae': 0.41463520091416334, 'mse': 0.3951117447894832, 'click_loss': 33.523889486310495, 'CV': '0.00451', 'CV_turn': '0.02019', 'ctr': 2.455913565398416, 'len_tra': 3.715, 'R_tra': 9.123718895455115, 'ifeat_feat': 0.18304172274562583, 'NX_0_click_loss': 33.955325633808904, 'NX_0_CV': '0.00451', 'NX_0_CV_turn': '0.01422', 'NX_0_ctr': 2.4666798361517164, 'NX_0_len_tra': 5.275, 'NX_0_R_tra': 13.011736135700303, 'NX_0_ifeat_feat': 0.2559241706161137, 'NX_10_click_loss': 34.3948969278969, 'NX_10_CV': '0.00481', 'NX_10_CV_turn': '0.00800', 'NX_10_ctr': 2.4075100317633864, 'NX_10_len_tra': 10.0, 'NX_10_R_tra': 24.075100317633865, 'NX_10_ifeat_feat': 0.336}]
[I 221224 13:16:29 utils:48] Epoch: [6], Info: [{'loss': 0.0003133877072599504, 'mae': 0.41562578223544044, 'mse': 0.3949544959145996, 'click_loss': 34.65314932055143, 'CV': '0.00421', 'CV_turn': '0.01964', 'ctr': 2.4693182246887257, 'len_tra': 3.565, 'R_tra': 8.803119471015307, 'ifeat_feat': 0.20476858345021037, 'NX_0_click_loss': 35.142969871876986, 'NX_0_CV': '0.00481', 'NX_0_CV_turn': '0.01493', 'NX_0_ctr': 2.484440841134051, 'NX_0_len_tra': 5.36, 'NX_0_R_tra': 13.316602908478515, 'NX_0_ifeat_feat': 0.2733208955223881, 'NX_10_click_loss': 35.50974926033707, 'NX_10_CV': '0.00541', 'NX_10_CV_turn': '0.00900', 'NX_10_ctr': 2.368380221755195, 'NX_10_len_tra': 10.0, 'NX_10_R_tra': 23.683802217551946, 'NX_10_ifeat_feat': 0.34}]
[I 221224 13:19:06 utils:48] Epoch: [7], Info: [{'loss': 0.0003133768638722739, 'mae': 0.41791318943878175, 'mse': 0.3943487172317907, 'click_loss': 31.52051834663691, 'CV': '0.00451', 'CV_turn': '0.02011', 'ctr': 2.467080604868973, 'len_tra': 3.73, 'R_tra': 9.202210656161268, 'ifeat_feat': 0.20509383378016086, 'NX_0_click_loss': 31.853896843290002, 'NX_0_CV': '0.00481', 'NX_0_CV_turn': '0.01530', 'NX_0_ctr': 2.4589128970386347, 'NX_0_len_tra': 5.23, 'NX_0_R_tra': 12.86011445151206, 'NX_0_ifeat_feat': 0.26290630975143403, 'NX_10_click_loss': 32.235955728765255, 'NX_10_CV': '0.00541', 'NX_10_CV_turn': '0.00900', 'NX_10_ctr': 2.3946408598382747, 'NX_10_len_tra': 10.0, 'NX_10_R_tra': 23.946408598382746, 'NX_10_ifeat_feat': 0.328}]
[I 221224 13:21:43 utils:48] Epoch: [8], Info: [{'loss': 0.00031338394164694453, 'mae': 0.4188139451201977, 'mse': 0.39480736632334684, 'click_loss': 30.999293511952466, 'CV': '0.00421', 'CV_turn': '0.01931', 'ctr': 2.454034115169222, 'len_tra': 3.625, 'R_tra': 8.89587366748843, 'ifeat_feat': 0.20413793103448277, 'NX_0_click_loss': 31.336063573962164, 'NX_0_CV': '0.00511', 'NX_0_CV_turn': '0.01522', 'NX_0_ctr': 2.381475685372586, 'NX_0_len_tra': 5.585, 'NX_0_R_tra': 13.300541702805893, 'NX_0_ifeat_feat': 0.2811101163831692, 'NX_10_click_loss': 31.733716535517516, 'NX_10_CV': '0.00571', 'NX_10_CV_turn': '0.00950', 'NX_10_ctr': 2.376182410189443, 'NX_10_len_tra': 10.0, 'NX_10_R_tra': 23.76182410189443, 'NX_10_ifeat_feat': 0.336}]
[I 221224 13:24:16 utils:48] Epoch: [9], Info: [{'loss': 0.0003133818386848923, 'mae': 0.4169211162766215, 'mse': 0.3947318462725451, 'click_loss': 33.12378721651612, 'CV': '0.00421', 'CV_turn': '0.01813', 'ctr': 2.40188359343919, 'len_tra': 3.86, 'R_tra': 9.271270670675273, 'ifeat_feat': 0.23056994818652848, 'NX_0_click_loss': 33.58185189902102, 'NX_0_CV': '0.00511', 'NX_0_CV_turn': '0.01631', 'NX_0_ctr': 2.4506422473155687, 'NX_0_len_tra': 5.21, 'NX_0_R_tra': 12.767846108514114, 'NX_0_ifeat_feat': 0.2591170825335892, 'NX_10_click_loss': 33.95673603091262, 'NX_10_CV': '0.00511', 'NX_10_CV_turn': '0.00850', 'NX_10_ctr': 2.3742026246549965, 'NX_10_len_tra': 10.0, 'NX_10_R_tra': 23.74202624654997, 'NX_10_ifeat_feat': 0.3365}]
[I 221224 13:24:16 CIRS-UserModel-kuaishou:230] {}
