[I 221224 03:02:11 CIRS-UserModel-kuaishou:170] {
      "resume": false,
      "env": "KuaishouEnv-v0",
      "is_softmax": true,
      "l2_reg_dnn": 0.1,
      "lambda_ab": 10,
      "epsilon": 0,
      "is_ucb": false,
      "num_trajectory": 200,
      "force_length": 10,
      "top_rate": 0.6,
      "feature_dim": 16,
      "entity_dim": 16,
      "user_model_name": "DeepFM",
      "dnn": [
        64,
        64
      ],
      "batch_size": 2048,
      "epoch": 10,
      "cuda": 6,
      "leave_threshold": 0.0,
      "num_leave_compute": 2,
      "tau": 0.0,
      "is_ab": false,
      "message": "DeepFM-leave2"
    }
[I 221224 03:03:21 utils:48] Epoch: [-1], Info: [{'mae': 0.8658588094033238, 'mse': 1.1853112927361438, 'click_loss': 0.8780540304727982, 'CV': '0.26721', 'CV_turn': '0.86732', 'ctr': 0.8512847517700401, 'len_tra': 5.125, 'R_tra': 4.362834352821456, 'ifeat_feat': 0.6302439024390244, 'NX_0_click_loss': 0.8878104779502008, 'NX_0_CV': '0.28013', 'NX_0_CV_turn': '0.85348', 'NX_0_ctr': 0.8593879367544969, 'NX_0_len_tra': 5.46, 'NX_0_R_tra': 4.692258134679553, 'NX_0_ifeat_feat': 0.6309523809523809, 'NX_10_click_loss': 0.8861695233822353, 'NX_10_CV': '0.45416', 'NX_10_CV_turn': '0.75550', 'NX_10_ctr': 0.8591599737053295, 'NX_10_len_tra': 10.0, 'NX_10_R_tra': 8.591599737053293, 'NX_10_ifeat_feat': 0.642}]
[I 221224 03:05:58 utils:48] Epoch: [0], Info: [{'loss': 0.0003192951612493762, 'mae': 0.41854912098313113, 'mse': 0.3949451840935824, 'click_loss': 31.360973891967177, 'CV': '0.00421', 'CV_turn': '0.01821', 'ctr': 2.500158657727071, 'len_tra': 3.845, 'R_tra': 9.613110038960588, 'ifeat_feat': 0.20416124837451236, 'NX_0_click_loss': 31.857144328473247, 'NX_0_CV': '0.00601', 'NX_0_CV_turn': '0.01661', 'NX_0_ctr': 2.3337383916078807, 'NX_0_len_tra': 6.02, 'NX_0_R_tra': 14.049105117479442, 'NX_0_ifeat_feat': 0.2757475083056478, 'NX_10_click_loss': 32.037338109324, 'NX_10_CV': '0.00511', 'NX_10_CV_turn': '0.00850', 'NX_10_ctr': 2.354983816454433, 'NX_10_len_tra': 10.0, 'NX_10_R_tra': 23.54983816454433, 'NX_10_ifeat_feat': 0.3335}]
[I 221224 03:08:39 utils:48] Epoch: [1], Info: [{'loss': 0.0003133450622494838, 'mae': 0.4149147207805408, 'mse': 0.3947205408908689, 'click_loss': 32.04639681368631, 'CV': '0.00391', 'CV_turn': '0.01637', 'ctr': 2.5525131330495987, 'len_tra': 3.97, 'R_tra': 10.133477138206906, 'ifeat_feat': 0.20654911838790932, 'NX_0_click_loss': 32.58760816041982, 'NX_0_CV': '0.00631', 'NX_0_CV_turn': '0.01762', 'NX_0_ctr': 2.4026634235422697, 'NX_0_len_tra': 5.96, 'NX_0_R_tra': 14.319874004311927, 'NX_0_ifeat_feat': 0.25838926174496646, 'NX_10_click_loss': 32.736839286049445, 'NX_10_CV': '0.00511', 'NX_10_CV_turn': '0.00850', 'NX_10_ctr': 2.3782699386678425, 'NX_10_len_tra': 10.0, 'NX_10_R_tra': 23.782699386678424, 'NX_10_ifeat_feat': 0.3295}]
[I 221224 03:11:16 utils:48] Epoch: [2], Info: [{'loss': 0.00031338351883555734, 'mae': 0.4170015924473023, 'mse': 0.39460391109324927, 'click_loss': 32.40769606474015, 'CV': '0.00421', 'CV_turn': '0.01673', 'ctr': 2.4797814783368204, 'len_tra': 4.185, 'R_tra': 10.377885486839594, 'ifeat_feat': 0.2126642771804062, 'NX_0_click_loss': 33.050119075954335, 'NX_0_CV': '0.00781', 'NX_0_CV_turn': '0.02078', 'NX_0_ctr': 2.367054253093404, 'NX_0_len_tra': 6.255, 'NX_0_R_tra': 14.805924353099241, 'NX_0_ifeat_feat': 0.2741806554756195, 'NX_10_click_loss': 33.161316988778005, 'NX_10_CV': '0.00541', 'NX_10_CV_turn': '0.00900', 'NX_10_ctr': 2.356659872841764, 'NX_10_len_tra': 10.0, 'NX_10_R_tra': 23.566598728417638, 'NX_10_ifeat_feat': 0.325}]
[I 221224 03:13:56 utils:48] Epoch: [3], Info: [{'loss': 0.00031338802308479016, 'mae': 0.41431420665866014, 'mse': 0.3951776144937024, 'click_loss': 33.66627646811877, 'CV': '0.00391', 'CV_turn': '0.01726', 'ctr': 2.558846474855338, 'len_tra': 3.765, 'R_tra': 9.634056977830348, 'ifeat_feat': 0.20185922974767595, 'NX_0_click_loss': 34.241632828878835, 'NX_0_CV': '0.00571', 'NX_0_CV_turn': '0.01510', 'NX_0_ctr': 2.4261002249099883, 'NX_0_len_tra': 6.29, 'NX_0_R_tra': 15.260170414683827, 'NX_0_ifeat_feat': 0.2702702702702703, 'NX_10_click_loss': 34.43760142039904, 'NX_10_CV': '0.00451', 'NX_10_CV_turn': '0.00750', 'NX_10_ctr': 2.390088036533659, 'NX_10_len_tra': 10.0, 'NX_10_R_tra': 23.900880365336594, 'NX_10_ifeat_feat': 0.3305}]
[I 221224 03:16:43 utils:48] Epoch: [4], Info: [{'loss': 0.0003133862182266822, 'mae': 0.41732488688060176, 'mse': 0.39489415469213196, 'click_loss': 30.931237960771632, 'CV': '0.00451', 'CV_turn': '0.01884', 'ctr': 2.3652072835321047, 'len_tra': 3.98, 'R_tra': 9.413524988457777, 'ifeat_feat': 0.23115577889447236, 'NX_0_click_loss': 31.6695298287454, 'NX_0_CV': '0.00781', 'NX_0_CV_turn': '0.02117', 'NX_0_ctr': 2.41604727263534, 'NX_0_len_tra': 6.14, 'NX_0_R_tra': 14.834530253980988, 'NX_0_ifeat_feat': 0.28827361563517917, 'NX_10_click_loss': 31.69799180490033, 'NX_10_CV': '0.00571', 'NX_10_CV_turn': '0.00950', 'NX_10_ctr': 2.3497321365501356, 'NX_10_len_tra': 10.0, 'NX_10_R_tra': 23.497321365501357, 'NX_10_ifeat_feat': 0.3345}]
[I 221224 03:19:24 utils:48] Epoch: [5], Info: [{'loss': 0.0003133797094708947, 'mae': 0.41463520091416334, 'mse': 0.3951117447894832, 'click_loss': 33.50954678523721, 'CV': '0.00361', 'CV_turn': '0.01622', 'ctr': 2.4581254573885496, 'len_tra': 3.7, 'R_tra': 9.095064192337635, 'ifeat_feat': 0.2, 'NX_0_click_loss': 34.245948487528885, 'NX_0_CV': '0.00842', 'NX_0_CV_turn': '0.02416', 'NX_0_ctr': 2.434405275480882, 'NX_0_len_tra': 5.795, 'NX_0_R_tra': 14.107378571411711, 'NX_0_ifeat_feat': 0.26747195858498707, 'NX_10_click_loss': 34.373420320165216, 'NX_10_CV': '0.00511', 'NX_10_CV_turn': '0.00850', 'NX_10_ctr': 2.3753182569861653, 'NX_10_len_tra': 10.0, 'NX_10_R_tra': 23.75318256986165, 'NX_10_ifeat_feat': 0.3315}]
[I 221224 03:22:03 utils:48] Epoch: [6], Info: [{'loss': 0.0003133877072599504, 'mae': 0.41562578223544044, 'mse': 0.3949544959145996, 'click_loss': 34.73415712236475, 'CV': '0.00451', 'CV_turn': '0.02060', 'ctr': 2.5310267880765296, 'len_tra': 3.64, 'R_tra': 9.212937508598568, 'ifeat_feat': 0.2032967032967033, 'NX_0_click_loss': 35.29619810175291, 'NX_0_CV': '0.00571', 'NX_0_CV_turn': '0.01503', 'NX_0_ctr': 2.4016872516311865, 'NX_0_len_tra': 6.32, 'NX_0_R_tra': 15.178663430309097, 'NX_0_ifeat_feat': 0.27689873417721517, 'NX_10_click_loss': 35.49635988367243, 'NX_10_CV': '0.00511', 'NX_10_CV_turn': '0.00850', 'NX_10_ctr': 2.369627405530597, 'NX_10_len_tra': 10.0, 'NX_10_R_tra': 23.69627405530597, 'NX_10_ifeat_feat': 0.329}]
[I 221224 03:24:40 utils:48] Epoch: [7], Info: [{'loss': 0.0003133768638722739, 'mae': 0.41791318943878175, 'mse': 0.3943487172317907, 'click_loss': 31.47813913390118, 'CV': '0.00421', 'CV_turn': '0.01731', 'ctr': 2.444976704506564, 'len_tra': 4.045, 'R_tra': 9.889930769729052, 'ifeat_feat': 0.23980222496909764, 'NX_0_click_loss': 32.02688820463826, 'NX_0_CV': '0.00601', 'NX_0_CV_turn': '0.01669', 'NX_0_ctr': 2.3906239401541836, 'NX_0_len_tra': 5.99, 'NX_0_R_tra': 14.319837401523559, 'NX_0_ifeat_feat': 0.2629382303839733, 'NX_10_click_loss': 32.23967219456152, 'NX_10_CV': '0.00481', 'NX_10_CV_turn': '0.00800', 'NX_10_ctr': 2.383882536015106, 'NX_10_len_tra': 10.0, 'NX_10_R_tra': 23.83882536015106, 'NX_10_ifeat_feat': 0.328}]
[I 221224 03:27:19 utils:48] Epoch: [8], Info: [{'loss': 0.00031338394164694453, 'mae': 0.4188139451201977, 'mse': 0.39480736632334684, 'click_loss': 31.070738498382667, 'CV': '0.00391', 'CV_turn': '0.01555', 'ctr': 2.4542569911588785, 'len_tra': 4.18, 'R_tra': 10.258794223044113, 'ifeat_feat': 0.25, 'NX_0_click_loss': 31.476892033260118, 'NX_0_CV': '0.00571', 'NX_0_CV_turn': '0.01605', 'NX_0_ctr': 2.369886055307326, 'NX_0_len_tra': 5.92, 'NX_0_R_tra': 14.029725447419368, 'NX_0_ifeat_feat': 0.27702702702702703, 'NX_10_click_loss': 31.74038269334495, 'NX_10_CV': '0.00541', 'NX_10_CV_turn': '0.00900', 'NX_10_ctr': 2.390279187256714, 'NX_10_len_tra': 10.0, 'NX_10_R_tra': 23.90279187256714, 'NX_10_ifeat_feat': 0.3365}]
[I 221224 03:29:57 utils:48] Epoch: [9], Info: [{'loss': 0.0003133818386848923, 'mae': 0.4169211162766215, 'mse': 0.3947318462725451, 'click_loss': 33.160829387188045, 'CV': '0.00361', 'CV_turn': '0.01609', 'ctr': 2.470826273351893, 'len_tra': 3.73, 'R_tra': 9.216181999602561, 'ifeat_feat': 0.2064343163538874, 'NX_0_click_loss': 33.79324043672797, 'NX_0_CV': '0.00601', 'NX_0_CV_turn': '0.01621', 'NX_0_ctr': 2.4629762030352387, 'NX_0_len_tra': 6.17, 'NX_0_R_tra': 15.196563172727425, 'NX_0_ifeat_feat': 0.26580226904376014, 'NX_10_click_loss': 34.02858514375682, 'NX_10_CV': '0.00451', 'NX_10_CV_turn': '0.00750', 'NX_10_ctr': 2.438436374378192, 'NX_10_len_tra': 10.0, 'NX_10_R_tra': 24.38436374378192, 'NX_10_ifeat_feat': 0.331}]
[I 221224 03:29:57 CIRS-UserModel-kuaishou:230] {}
