[I 221224 09:43:50 CIRS-UserModel-kuaishou:170] {
      "resume": false,
      "env": "KuaishouEnv-v0",
      "is_softmax": true,
      "l2_reg_dnn": 0.1,
      "lambda_ab": 10,
      "epsilon": 0,
      "is_ucb": false,
      "num_trajectory": 200,
      "force_length": 10,
      "top_rate": 0.6,
      "feature_dim": 16,
      "entity_dim": 16,
      "user_model_name": "DeepFM",
      "dnn": [
        64,
        64
      ],
      "batch_size": 2048,
      "epoch": 10,
      "cuda": 6,
      "leave_threshold": 0.0,
      "num_leave_compute": 4,
      "tau": 0.0,
      "is_ab": false,
      "message": "DeepFM-leave4"
    }
[I 221224 09:45:03 utils:48] Epoch: [-1], Info: [{'mae': 0.8658588094033238, 'mse': 1.1853112927361438, 'click_loss': 0.8723609388802792, 'CV': '0.23745', 'CV_turn': '0.87196', 'ctr': 0.8460578839262696, 'len_tra': 4.53, 'R_tra': 3.8326422141860013, 'ifeat_feat': 0.6434878587196468, 'NX_0_click_loss': 0.9718322190996992, 'NX_0_CV': '0.25488', 'NX_0_CV_turn': '0.87243', 'NX_0_ctr': 0.943995726143861, 'NX_0_len_tra': 4.86, 'NX_0_R_tra': 4.587819229059164, 'NX_0_ifeat_feat': 0.6193415637860082, 'NX_10_click_loss': 0.9094749074023739, 'NX_10_CV': '0.45056', 'NX_10_CV_turn': '0.74950', 'NX_10_ctr': 0.8825468565132057, 'NX_10_len_tra': 10.0, 'NX_10_R_tra': 8.825468565132057, 'NX_10_ifeat_feat': 0.639}]
[I 221224 09:47:15 utils:48] Epoch: [0], Info: [{'loss': 0.0003192951612493762, 'mae': 0.41854912098313113, 'mse': 0.3949451840935824, 'click_loss': 31.355501944717442, 'CV': '0.00421', 'CV_turn': '0.01872', 'ctr': 2.4916046007095596, 'len_tra': 3.74, 'R_tra': 9.318601206653753, 'ifeat_feat': 0.2018716577540107, 'NX_0_click_loss': 31.622695669853925, 'NX_0_CV': '0.00451', 'NX_0_CV_turn': '0.01496', 'NX_0_ctr': 2.434780485886191, 'NX_0_len_tra': 5.015, 'NX_0_R_tra': 12.210424136719245, 'NX_0_ifeat_feat': 0.2452642073778664, 'NX_10_click_loss': 32.1073978800281, 'NX_10_CV': '0.00631', 'NX_10_CV_turn': '0.01050', 'NX_10_ctr': 2.413757443855608, 'NX_10_len_tra': 10.0, 'NX_10_R_tra': 24.13757443855608, 'NX_10_ifeat_feat': 0.339}]
[I 221224 09:49:30 utils:48] Epoch: [1], Info: [{'loss': 0.0003133450622494838, 'mae': 0.4149147207805408, 'mse': 0.3947205408908689, 'click_loss': 31.97180771717917, 'CV': '0.00421', 'CV_turn': '0.01864', 'ctr': 2.442225082749832, 'len_tra': 3.755, 'R_tra': 9.17055518572562, 'ifeat_feat': 0.21438082556591212, 'NX_0_click_loss': 32.26022570559158, 'NX_0_CV': '0.00451', 'NX_0_CV_turn': '0.01488', 'NX_0_ctr': 2.4349750515980895, 'NX_0_len_tra': 5.04, 'NX_0_R_tra': 12.27227426005437, 'NX_0_ifeat_feat': 0.2509920634920635, 'NX_10_click_loss': 32.727574696467045, 'NX_10_CV': '0.00511', 'NX_10_CV_turn': '0.00850', 'NX_10_ctr': 2.378868662760371, 'NX_10_len_tra': 10.0, 'NX_10_R_tra': 23.788686627603706, 'NX_10_ifeat_feat': 0.322}]
[I 221224 09:51:43 utils:48] Epoch: [2], Info: [{'loss': 0.00031338351883555734, 'mae': 0.4170015924473023, 'mse': 0.39460391109324927, 'click_loss': 32.38223642092276, 'CV': '0.00451', 'CV_turn': '0.02003', 'ctr': 2.4495503473240783, 'len_tra': 3.745, 'R_tra': 9.173566050728674, 'ifeat_feat': 0.24032042723631508, 'NX_0_click_loss': 32.67976839971268, 'NX_0_CV': '0.00481', 'NX_0_CV_turn': '0.01475', 'NX_0_ctr': 2.3663873646154885, 'NX_0_len_tra': 5.425, 'NX_0_R_tra': 12.837651453039024, 'NX_0_ifeat_feat': 0.2608294930875576, 'NX_10_click_loss': 33.17267575042432, 'NX_10_CV': '0.00481', 'NX_10_CV_turn': '0.00800', 'NX_10_ctr': 2.4166459938783302, 'NX_10_len_tra': 10.0, 'NX_10_R_tra': 24.1664599387833, 'NX_10_ifeat_feat': 0.3215}]
[I 221224 09:54:01 utils:48] Epoch: [3], Info: [{'loss': 0.00031338802308479016, 'mae': 0.41431420665866014, 'mse': 0.3951776144937024, 'click_loss': 33.632771041717646, 'CV': '0.00451', 'CV_turn': '0.02033', 'ctr': 2.4512199458015993, 'len_tra': 3.69, 'R_tra': 9.045001600007902, 'ifeat_feat': 0.1897018970189702, 'NX_0_click_loss': 33.94280606817182, 'NX_0_CV': '0.00511', 'NX_0_CV_turn': '0.01636', 'NX_0_ctr': 2.447404248816, 'NX_0_len_tra': 5.195, 'NX_0_R_tra': 12.714265072599119, 'NX_0_ifeat_feat': 0.2627526467757459, 'NX_10_click_loss': 34.46991109759729, 'NX_10_CV': '0.00511', 'NX_10_CV_turn': '0.00850', 'NX_10_ctr': 2.4209290915242847, 'NX_10_len_tra': 10.0, 'NX_10_R_tra': 24.209290915242846, 'NX_10_ifeat_feat': 0.3335}]
[I 221224 09:56:13 utils:48] Epoch: [4], Info: [{'loss': 0.0003133862182266822, 'mae': 0.41732488688060176, 'mse': 0.39489415469213196, 'click_loss': 31.167590895857373, 'CV': '0.00421', 'CV_turn': '0.01872', 'ctr': 2.6354891448460647, 'len_tra': 3.74, 'R_tra': 9.856729401724282, 'ifeat_feat': 0.21256684491978609, 'NX_0_click_loss': 31.38985308885408, 'NX_0_CV': '0.00481', 'NX_0_CV_turn': '0.01511', 'NX_0_ctr': 2.479177326796387, 'NX_0_len_tra': 5.295, 'NX_0_R_tra': 13.127243945386867, 'NX_0_ifeat_feat': 0.2530689329556185, 'NX_10_click_loss': 31.783330547732753, 'NX_10_CV': '0.00511', 'NX_10_CV_turn': '0.00850', 'NX_10_ctr': 2.409947491092104, 'NX_10_len_tra': 10.0, 'NX_10_R_tra': 24.09947491092104, 'NX_10_ifeat_feat': 0.3345}]
[I 221224 09:58:29 utils:48] Epoch: [5], Info: [{'loss': 0.0003133797094708947, 'mae': 0.41463520091416334, 'mse': 0.3951117447894832, 'click_loss': 33.531649921440085, 'CV': '0.00451', 'CV_turn': '0.02027', 'ctr': 2.456101197858446, 'len_tra': 3.7, 'R_tra': 9.08757443207625, 'ifeat_feat': 0.1837837837837838, 'NX_0_click_loss': 33.95511888102037, 'NX_0_CV': '0.00451', 'NX_0_CV_turn': '0.01391', 'NX_0_ctr': 2.489963498917107, 'NX_0_len_tra': 5.39, 'NX_0_R_tra': 13.420903259163207, 'NX_0_ifeat_feat': 0.2625231910946197, 'NX_10_click_loss': 34.39554353852, 'NX_10_CV': '0.00511', 'NX_10_CV_turn': '0.00850', 'NX_10_ctr': 2.3984270042868845, 'NX_10_len_tra': 10.0, 'NX_10_R_tra': 23.984270042868843, 'NX_10_ifeat_feat': 0.336}]
[I 221224 10:00:44 utils:48] Epoch: [6], Info: [{'loss': 0.0003133877072599504, 'mae': 0.41562578223544044, 'mse': 0.3949544959145996, 'click_loss': 34.69994056750717, 'CV': '0.00421', 'CV_turn': '0.02003', 'ctr': 2.520997634745204, 'len_tra': 3.495, 'R_tra': 8.810886733434488, 'ifeat_feat': 0.20457796852646637, 'NX_0_click_loss': 34.94421778265614, 'NX_0_CV': '0.00451', 'NX_0_CV_turn': '0.01407', 'NX_0_ctr': 2.3577691078546743, 'NX_0_len_tra': 5.33, 'NX_0_R_tra': 12.566909344865415, 'NX_0_ifeat_feat': 0.26454033771106944, 'NX_10_click_loss': 35.56381022186078, 'NX_10_CV': '0.00541', 'NX_10_CV_turn': '0.00900', 'NX_10_ctr': 2.436465087125692, 'NX_10_len_tra': 10.0, 'NX_10_R_tra': 24.364650871256924, 'NX_10_ifeat_feat': 0.3375}]
[I 221224 10:03:00 utils:48] Epoch: [7], Info: [{'loss': 0.0003133768638722739, 'mae': 0.41791318943878175, 'mse': 0.3943487172317907, 'click_loss': 31.604633351867705, 'CV': '0.00481', 'CV_turn': '0.02156', 'ctr': 2.546401568825957, 'len_tra': 3.71, 'R_tra': 9.4471498203443, 'ifeat_feat': 0.20619946091644206, 'NX_0_click_loss': 31.75108974849209, 'NX_0_CV': '0.00481', 'NX_0_CV_turn': '0.01575', 'NX_0_ctr': 2.3979267502025214, 'NX_0_len_tra': 5.08, 'NX_0_R_tra': 12.181467891028808, 'NX_0_ifeat_feat': 0.24015748031496062, 'NX_10_click_loss': 32.20458981508268, 'NX_10_CV': '0.00511', 'NX_10_CV_turn': '0.00850', 'NX_10_ctr': 2.3615071286583893, 'NX_10_len_tra': 10.0, 'NX_10_R_tra': 23.615071286583895, 'NX_10_ifeat_feat': 0.3325}]
[I 221224 10:05:27 utils:48] Epoch: [8], Info: [{'loss': 0.00031338394164694453, 'mae': 0.4188139451201977, 'mse': 0.39480736632334684, 'click_loss': 30.982643460588104, 'CV': '0.00421', 'CV_turn': '0.01887', 'ctr': 2.43730633368405, 'len_tra': 3.71, 'R_tra': 9.042406497967825, 'ifeat_feat': 0.20889487870619947, 'NX_0_click_loss': 31.357598197563927, 'NX_0_CV': '0.00451', 'NX_0_CV_turn': '0.01434', 'NX_0_ctr': 2.4079607079533534, 'NX_0_len_tra': 5.23, 'NX_0_R_tra': 12.593634502596037, 'NX_0_ifeat_feat': 0.26290630975143403, 'NX_10_click_loss': 31.804422046863948, 'NX_10_CV': '0.00541', 'NX_10_CV_turn': '0.00900', 'NX_10_ctr': 2.4493792535900183, 'NX_10_len_tra': 10.0, 'NX_10_R_tra': 24.493792535900184, 'NX_10_ifeat_feat': 0.331}]
[I 221224 10:07:39 utils:48] Epoch: [9], Info: [{'loss': 0.0003133818386848923, 'mae': 0.4169211162766215, 'mse': 0.3947318462725451, 'click_loss': 33.20311928232157, 'CV': '0.00391', 'CV_turn': '0.01778', 'ctr': 2.4906902174261356, 'len_tra': 3.655, 'R_tra': 9.103472744692526, 'ifeat_feat': 0.22298221614227087, 'NX_0_click_loss': 33.57605239776529, 'NX_0_CV': '0.00481', 'NX_0_CV_turn': '0.01509', 'NX_0_ctr': 2.485362560507534, 'NX_0_len_tra': 5.3, 'NX_0_R_tra': 13.17242157068993, 'NX_0_ifeat_feat': 0.2622641509433962, 'NX_10_click_loss': 33.979583339619715, 'NX_10_CV': '0.00541', 'NX_10_CV_turn': '0.00900', 'NX_10_ctr': 2.381981799054222, 'NX_10_len_tra': 10.0, 'NX_10_R_tra': 23.81981799054222, 'NX_10_ifeat_feat': 0.338}]
[I 221224 10:07:39 CIRS-UserModel-kuaishou:230] {}
