[I 221223 23:35:36 CIRS-UserModel-kuaishou:170] {
      "resume": false,
      "env": "KuaishouEnv-v0",
      "is_softmax": true,
      "l2_reg_dnn": 0.1,
      "lambda_ab": 10,
      "epsilon": 0,
      "is_ucb": false,
      "num_trajectory": 200,
      "force_length": 10,
      "top_rate": 0.6,
      "feature_dim": 16,
      "entity_dim": 16,
      "user_model_name": "DeepFM",
      "dnn": [
        64,
        64
      ],
      "batch_size": 2048,
      "epoch": 10,
      "cuda": 6,
      "leave_threshold": 0.0,
      "num_leave_compute": 1,
      "tau": 0.0,
      "is_ab": false,
      "message": "DeepFM-leave1"
    }
[I 221223 23:36:49 utils:48] Epoch: [-1], Info: [{'mae': 0.8658588094033238, 'mse': 1.1853112927361438, 'click_loss': 0.9377997050570493, 'CV': '0.36038', 'CV_turn': '0.80362', 'ctr': 0.9096716366254417, 'len_tra': 7.46, 'R_tra': 6.786150409225795, 'ifeat_feat': 0.636058981233244, 'NX_0_click_loss': 0.8851472355540819, 'NX_0_CV': '0.37030', 'NX_0_CV_turn': '0.79844', 'NX_0_ctr': 0.8586029552165484, 'NX_0_len_tra': 7.715, 'NX_0_R_tra': 6.624121799495671, 'NX_0_ifeat_feat': 0.62799740764744, 'NX_10_click_loss': 0.8873583944563603, 'NX_10_CV': '0.44635', 'NX_10_CV_turn': '0.74250', 'NX_10_ctr': 0.8615988092271462, 'NX_10_len_tra': 10.0, 'NX_10_R_tra': 8.615988092271461, 'NX_10_ifeat_feat': 0.6355}]
[I 221223 23:39:22 utils:48] Epoch: [0], Info: [{'loss': 0.0003192951612493762, 'mae': 0.41854912098313113, 'mse': 0.3949451840935824, 'click_loss': 31.292187799468078, 'CV': '0.00481', 'CV_turn': '0.01397', 'ctr': 2.369352720125068, 'len_tra': 5.725, 'R_tra': 13.564544322716015, 'ifeat_feat': 0.2541484716157205, 'NX_0_click_loss': 33.33709752723837, 'NX_0_CV': '0.00992', 'NX_0_CV_turn': '0.01626', 'NX_0_ctr': 2.2501727760694465, 'NX_0_len_tra': 10.15, 'NX_0_R_tra': 22.839253677104885, 'NX_0_ifeat_feat': 0.33793103448275863, 'NX_10_click_loss': 32.054029117133055, 'NX_10_CV': '0.00451', 'NX_10_CV_turn': '0.00750', 'NX_10_ctr': 2.3865640511769195, 'NX_10_len_tra': 10.0, 'NX_10_R_tra': 23.865640511769193, 'NX_10_ifeat_feat': 0.346}]
[I 221223 23:42:02 utils:48] Epoch: [1], Info: [{'loss': 0.0003133450622494838, 'mae': 0.4149147207805408, 'mse': 0.3947205408908689, 'click_loss': 31.982679520432484, 'CV': '0.00421', 'CV_turn': '0.01337', 'ctr': 2.503860175211503, 'len_tra': 5.235, 'R_tra': 13.10770801723222, 'ifeat_feat': 0.22731614135625597, 'NX_0_click_loss': 33.739781221382486, 'NX_0_CV': '0.00992', 'NX_0_CV_turn': '0.01702', 'NX_0_ctr': 2.381964498656237, 'NX_0_len_tra': 9.695, 'NX_0_R_tra': 23.09314581447222, 'NX_0_ifeat_feat': 0.3280041258380609, 'NX_10_click_loss': 32.78636572768898, 'NX_10_CV': '0.00511', 'NX_10_CV_turn': '0.00850', 'NX_10_ctr': 2.4460043585559936, 'NX_10_len_tra': 10.0, 'NX_10_R_tra': 24.460043585559937, 'NX_10_ifeat_feat': 0.335}]
[I 221223 23:44:39 utils:48] Epoch: [2], Info: [{'loss': 0.00031338351883555734, 'mae': 0.4170015924473023, 'mse': 0.39460391109324927, 'click_loss': 32.5286091703547, 'CV': '0.00451', 'CV_turn': '0.01342', 'ctr': 2.5745908368376855, 'len_tra': 5.59, 'R_tra': 14.391962777922663, 'ifeat_feat': 0.2075134168157424, 'NX_0_click_loss': 34.664600592404746, 'NX_0_CV': '0.01052', 'NX_0_CV_turn': '0.01748', 'NX_0_ctr': 2.3088627881100257, 'NX_0_len_tra': 10.01, 'NX_0_R_tra': 23.11171650898136, 'NX_0_ifeat_feat': 0.34115884115884115, 'NX_10_click_loss': 33.102179281383826, 'NX_10_CV': '0.00511', 'NX_10_CV_turn': '0.00850', 'NX_10_ctr': 2.322651835590679, 'NX_10_len_tra': 10.0, 'NX_10_R_tra': 23.226518355906787, 'NX_10_ifeat_feat': 0.336}]
[I 221223 23:47:17 utils:48] Epoch: [3], Info: [{'loss': 0.00031338802308479016, 'mae': 0.41431420665866014, 'mse': 0.3951776144937024, 'click_loss': 33.56376919491369, 'CV': '0.00451', 'CV_turn': '0.01401', 'ctr': 2.4551672445611628, 'len_tra': 5.355, 'R_tra': 13.147420594625025, 'ifeat_feat': 0.2184873949579832, 'NX_0_click_loss': 35.815002082444764, 'NX_0_CV': '0.00962', 'NX_0_CV_turn': '0.01500', 'NX_0_ctr': 2.3402562256564563, 'NX_0_len_tra': 10.67, 'NX_0_R_tra': 24.970533927754392, 'NX_0_ifeat_feat': 0.34208059981255856, 'NX_10_click_loss': 34.49005566647128, 'NX_10_CV': '0.00511', 'NX_10_CV_turn': '0.00850', 'NX_10_ctr': 2.4422731566674694, 'NX_10_len_tra': 10.0, 'NX_10_R_tra': 24.422731566674692, 'NX_10_ifeat_feat': 0.3305}]
[I 221223 23:49:50 utils:48] Epoch: [4], Info: [{'loss': 0.0003133862182266822, 'mae': 0.41732488688060176, 'mse': 0.39489415469213196, 'click_loss': 30.980596892293676, 'CV': '0.00421', 'CV_turn': '0.01256', 'ctr': 2.416162679981112, 'len_tra': 5.575, 'R_tra': 13.470106940894699, 'ifeat_feat': 0.20986547085201793, 'NX_0_click_loss': 33.13587012709486, 'NX_0_CV': '0.01142', 'NX_0_CV_turn': '0.01829', 'NX_0_ctr': 2.3226379117421776, 'NX_0_len_tra': 10.39, 'NX_0_R_tra': 24.132207903001227, 'NX_0_ifeat_feat': 0.34456207892204044, 'NX_10_click_loss': 31.74505434066735, 'NX_10_CV': '0.00571', 'NX_10_CV_turn': '0.00950', 'NX_10_ctr': 2.388146609611128, 'NX_10_len_tra': 10.0, 'NX_10_R_tra': 23.881466096111282, 'NX_10_ifeat_feat': 0.334}]
[I 221223 23:52:25 utils:48] Epoch: [5], Info: [{'loss': 0.0003133797094708947, 'mae': 0.41463520091416334, 'mse': 0.3951117447894832, 'click_loss': 33.621361303335405, 'CV': '0.00481', 'CV_turn': '0.01375', 'ctr': 2.520517880324543, 'len_tra': 5.82, 'R_tra': 14.669414063488839, 'ifeat_feat': 0.20017182130584193, 'NX_0_click_loss': 35.589118808504026, 'NX_0_CV': '0.01052', 'NX_0_CV_turn': '0.01887', 'NX_0_ctr': 2.3128220222189, 'NX_0_len_tra': 9.275, 'NX_0_R_tra': 21.4514242560803, 'NX_0_ifeat_feat': 0.32075471698113206, 'NX_10_click_loss': 34.38482459930299, 'NX_10_CV': '0.00511', 'NX_10_CV_turn': '0.00850', 'NX_10_ctr': 2.370856029547412, 'NX_10_len_tra': 10.0, 'NX_10_R_tra': 23.70856029547412, 'NX_10_ifeat_feat': 0.3295}]
[I 221223 23:54:59 utils:48] Epoch: [6], Info: [{'loss': 0.0003133877072599504, 'mae': 0.41562578223544044, 'mse': 0.3949544959145996, 'click_loss': 34.75071828470234, 'CV': '0.00421', 'CV_turn': '0.01221', 'ctr': 2.5109315995136803, 'len_tra': 5.735, 'R_tra': 14.400192723210955, 'ifeat_feat': 0.23888404533565824, 'NX_0_click_loss': 36.96696693367269, 'NX_0_CV': '0.01172', 'NX_0_CV_turn': '0.01962', 'NX_0_ctr': 2.2736984810609906, 'NX_0_len_tra': 9.94, 'NX_0_R_tra': 22.600562901746247, 'NX_0_ifeat_feat': 0.3365191146881288, 'NX_10_click_loss': 35.54526995825308, 'NX_10_CV': '0.00511', 'NX_10_CV_turn': '0.00850', 'NX_10_ctr': 2.4055305640650952, 'NX_10_len_tra': 10.0, 'NX_10_R_tra': 24.055305640650953, 'NX_10_ifeat_feat': 0.338}]
[I 221223 23:57:33 utils:48] Epoch: [7], Info: [{'loss': 0.0003133768638722739, 'mae': 0.41791318943878175, 'mse': 0.3943487172317907, 'click_loss': 31.58661579777395, 'CV': '0.00451', 'CV_turn': '0.01323', 'ctr': 2.5076436995058624, 'len_tra': 5.67, 'R_tra': 14.21833977619824, 'ifeat_feat': 0.21957671957671956, 'NX_0_click_loss': 33.22300159836509, 'NX_0_CV': '0.00992', 'NX_0_CV_turn': '0.01775', 'NX_0_ctr': 2.3185647297211385, 'NX_0_len_tra': 9.295, 'NX_0_R_tra': 21.551059162757984, 'NX_0_ifeat_feat': 0.31629908552985475, 'NX_10_click_loss': 32.22285915855115, 'NX_10_CV': '0.00511', 'NX_10_CV_turn': '0.00850', 'NX_10_ctr': 2.373218068158097, 'NX_10_len_tra': 10.0, 'NX_10_R_tra': 23.73218068158097, 'NX_10_ifeat_feat': 0.3325}]
[I 221224 00:00:07 utils:48] Epoch: [8], Info: [{'loss': 0.00031338394164694453, 'mae': 0.4188139451201977, 'mse': 0.39480736632334684, 'click_loss': 30.94144303164799, 'CV': '0.00481', 'CV_turn': '0.01350', 'ctr': 2.4052357182713426, 'len_tra': 5.925, 'R_tra': 14.251021630757705, 'ifeat_feat': 0.23881856540084387, 'NX_0_click_loss': 32.917220253213394, 'NX_0_CV': '0.00992', 'NX_0_CV_turn': '0.01677', 'NX_0_ctr': 2.4243960127847037, 'NX_0_len_tra': 9.84, 'NX_0_R_tra': 23.856056765801487, 'NX_0_ifeat_feat': 0.32215447154471544, 'NX_10_click_loss': 31.728238821508487, 'NX_10_CV': '0.00511', 'NX_10_CV_turn': '0.00850', 'NX_10_ctr': 2.371314217092574, 'NX_10_len_tra': 10.0, 'NX_10_R_tra': 23.71314217092574, 'NX_10_ifeat_feat': 0.324}]
[I 221224 00:02:44 utils:48] Epoch: [9], Info: [{'loss': 0.0003133818386848923, 'mae': 0.4169211162766215, 'mse': 0.3947318462725451, 'click_loss': 33.124259412921226, 'CV': '0.00391', 'CV_turn': '0.01139', 'ctr': 2.4394090929493295, 'len_tra': 5.705, 'R_tra': 13.916828875275925, 'ifeat_feat': 0.22085889570552147, 'NX_0_click_loss': 35.28172581583715, 'NX_0_CV': '0.00992', 'NX_0_CV_turn': '0.01586', 'NX_0_ctr': 2.3344841257254085, 'NX_0_len_tra': 10.405, 'NX_0_R_tra': 24.290307328172876, 'NX_0_ifeat_feat': 0.3431042767900048, 'NX_10_click_loss': 33.99216701105904, 'NX_10_CV': '0.00541', 'NX_10_CV_turn': '0.00900', 'NX_10_ctr': 2.3891757600671846, 'NX_10_len_tra': 10.0, 'NX_10_R_tra': 23.891757600671845, 'NX_10_ifeat_feat': 0.328}]
[I 221224 00:02:44 CIRS-UserModel-kuaishou:230] {}
