[I 221224 12:15:13 DICE:205] {
      "resume": false,
      "env": "KuaishouEnv-v0",
      "is_softmax": true,
      "l2_reg_dnn": 0.1,
      "num_trajectory": 200,
      "force_length": 10,
      "epsilon": 0,
      "top_rate": 0.6,
      "feature_dim": 16,
      "entity_dim": 16,
      "user_model_name": "DICE",
      "dnn": [
        64,
        64
      ],
      "batch_size": 2048,
      "epoch": 10,
      "cuda": 6,
      "leave_threshold": 0.0,
      "num_leave_compute": 5,
      "message": "DICE-leave5"
    }
[I 221224 12:16:35 utils:48] Epoch: [-1], Info: [{'mae': 0.878591487133746, 'mse': 1.207872925418107, 'click_loss': 0.9229224118888286, 'CV': '0.24166', 'CV_turn': '0.81874', 'ctr': 0.789975941919662, 'len_tra': 4.91, 'R_tra': 3.8787818748255405, 'ifeat_feat': 0.630346232179226, 'NX_0_click_loss': 0.8896664346179166, 'NX_0_CV': '0.23475', 'NX_0_CV_turn': '0.84432', 'NX_0_ctr': 0.7918721774641101, 'NX_0_len_tra': 4.625, 'NX_0_R_tra': 3.662408820771509, 'NX_0_ifeat_feat': 0.6367567567567568, 'NX_10_click_loss': 0.9101534164691586, 'NX_10_CV': '0.43342', 'NX_10_CV_turn': '0.72100', 'NX_10_ctr': 0.7801617625389446, 'NX_10_len_tra': 10.0, 'NX_10_R_tra': 7.801617625389447, 'NX_10_ifeat_feat': 0.64}]
[I 221224 12:20:35 utils:48] Epoch: [0], Info: [{'loss': 0.0006182764092483347, 'mae': 0.41683865494611727, 'mse': 0.39443433071456907, 'click_loss': 31.850355271040296, 'CV': '0.00421', 'CV_turn': '0.01902', 'ctr': 2.4220991325289267, 'len_tra': 3.68, 'R_tra': 8.91332480770645, 'ifeat_feat': 0.22010869565217392, 'NX_0_click_loss': 32.255779211288036, 'NX_0_CV': '0.00541', 'NX_0_CV_turn': '0.01682', 'NX_0_ctr': 2.411016262993359, 'NX_0_len_tra': 5.35, 'NX_0_R_tra': 12.898937007014473, 'NX_0_ifeat_feat': 0.2719626168224299, 'NX_10_click_loss': 32.69015320696668, 'NX_10_CV': '0.00511', 'NX_10_CV_turn': '0.00850', 'NX_10_ctr': 2.3898117848856635, 'NX_10_len_tra': 10.0, 'NX_10_R_tra': 23.898117848856636, 'NX_10_ifeat_feat': 0.3375}]
[I 221224 12:24:34 utils:48] Epoch: [1], Info: [{'loss': 0.0006118137095618124, 'mae': 0.41625239678806153, 'mse': 0.39414663119060395, 'click_loss': 31.496517913060654, 'CV': '0.00451', 'CV_turn': '0.02131', 'ctr': 2.4428112454206534, 'len_tra': 3.52, 'R_tra': 8.5986955838807, 'ifeat_feat': 0.19886363636363635, 'NX_0_click_loss': 31.878634757456208, 'NX_0_CV': '0.00481', 'NX_0_CV_turn': '0.01598', 'NX_0_ctr': 2.4229744052351467, 'NX_0_len_tra': 5.005, 'NX_0_R_tra': 12.12698689820191, 'NX_0_ifeat_feat': 0.25274725274725274, 'NX_10_click_loss': 32.338804243176995, 'NX_10_CV': '0.00511', 'NX_10_CV_turn': '0.00850', 'NX_10_ctr': 2.420543800443252, 'NX_10_len_tra': 10.0, 'NX_10_R_tra': 24.205438004432523, 'NX_10_ifeat_feat': 0.3325}]
[I 221224 12:28:34 utils:48] Epoch: [2], Info: [{'loss': 0.0006118579922127727, 'mae': 0.4160407979668117, 'mse': 0.39445009371502215, 'click_loss': 31.470329010201638, 'CV': '0.00451', 'CV_turn': '0.02035', 'ctr': 2.4656360112404303, 'len_tra': 3.685, 'R_tra': 9.085868701420985, 'ifeat_feat': 0.2510176390773406, 'NX_0_click_loss': 31.81052761447689, 'NX_0_CV': '0.00511', 'NX_0_CV_turn': '0.01564', 'NX_0_ctr': 2.44936643249092, 'NX_0_len_tra': 5.435, 'NX_0_R_tra': 13.31230656058815, 'NX_0_ifeat_feat': 0.24103035878564857, 'NX_10_click_loss': 32.16816744079897, 'NX_10_CV': '0.00541', 'NX_10_CV_turn': '0.00900', 'NX_10_ctr': 2.3379441646605983, 'NX_10_len_tra': 10.0, 'NX_10_R_tra': 23.379441646605983, 'NX_10_ifeat_feat': 0.3345}]
[I 221224 12:32:33 utils:48] Epoch: [3], Info: [{'loss': 0.0006118497609840366, 'mae': 0.41637200823618364, 'mse': 0.39399565373429996, 'click_loss': 31.572480090384826, 'CV': '0.00421', 'CV_turn': '0.01874', 'ctr': 2.3957704441828045, 'len_tra': 3.735, 'R_tra': 8.948202609022776, 'ifeat_feat': 0.22623828647925034, 'NX_0_click_loss': 32.007677715029935, 'NX_0_CV': '0.00511', 'NX_0_CV_turn': '0.01646', 'NX_0_ctr': 2.427826488814146, 'NX_0_len_tra': 5.165, 'NX_0_R_tra': 12.539723814725065, 'NX_0_ifeat_feat': 0.2633107454017425, 'NX_10_click_loss': 32.422185437197705, 'NX_10_CV': '0.00511', 'NX_10_CV_turn': '0.00850', 'NX_10_ctr': 2.432497970576322, 'NX_10_len_tra': 10.0, 'NX_10_R_tra': 24.324979705763223, 'NX_10_ifeat_feat': 0.329}]
[I 221224 12:36:34 utils:48] Epoch: [4], Info: [{'loss': 0.000611861752001262, 'mae': 0.41563908224678103, 'mse': 0.39436893562996234, 'click_loss': 32.25501175637889, 'CV': '0.00481', 'CV_turn': '0.02332', 'ctr': 2.4751421512950125, 'len_tra': 3.43, 'R_tra': 8.489737578941892, 'ifeat_feat': 0.19533527696793002, 'NX_0_click_loss': 32.61494251460362, 'NX_0_CV': '0.00451', 'NX_0_CV_turn': '0.01398', 'NX_0_ctr': 2.4045935267576155, 'NX_0_len_tra': 5.365, 'NX_0_R_tra': 12.900644271054608, 'NX_0_ifeat_feat': 0.26281453867660765, 'NX_10_click_loss': 33.0339960605047, 'NX_10_CV': '0.00571', 'NX_10_CV_turn': '0.00950', 'NX_10_ctr': 2.3790696908376083, 'NX_10_len_tra': 10.0, 'NX_10_R_tra': 23.790696908376084, 'NX_10_ifeat_feat': 0.333}]
[I 221224 12:40:33 utils:48] Epoch: [5], Info: [{'loss': 0.0006118581982612905, 'mae': 0.4184776911388703, 'mse': 0.39450542532105454, 'click_loss': 30.057795989388648, 'CV': '0.00421', 'CV_turn': '0.01928', 'ctr': 2.4248213306012265, 'len_tra': 3.63, 'R_tra': 8.802101430082452, 'ifeat_feat': 0.21349862258953167, 'NX_0_click_loss': 30.381135356771285, 'NX_0_CV': '0.00451', 'NX_0_CV_turn': '0.01448', 'NX_0_ctr': 2.40865524378969, 'NX_0_len_tra': 5.18, 'NX_0_R_tra': 12.476834162830595, 'NX_0_ifeat_feat': 0.2799227799227799, 'NX_10_click_loss': 30.803070979631094, 'NX_10_CV': '0.00511', 'NX_10_CV_turn': '0.00850', 'NX_10_ctr': 2.4146356664063218, 'NX_10_len_tra': 10.0, 'NX_10_R_tra': 24.14635666406322, 'NX_10_ifeat_feat': 0.3245}]
[I 221224 12:44:31 utils:48] Epoch: [6], Info: [{'loss': 0.0006118479899599723, 'mae': 0.4159489631660334, 'mse': 0.3942172232599049, 'click_loss': 31.660619497392286, 'CV': '0.00451', 'CV_turn': '0.01926', 'ctr': 2.4600940470836434, 'len_tra': 3.895, 'R_tra': 9.58206631339079, 'ifeat_feat': 0.20667522464698332, 'NX_0_click_loss': 32.04447910504404, 'NX_0_CV': '0.00511', 'NX_0_CV_turn': '0.01578', 'NX_0_ctr': 2.4211540918594796, 'NX_0_len_tra': 5.385, 'NX_0_R_tra': 13.037914784663299, 'NX_0_ifeat_feat': 0.2683379758588672, 'NX_10_click_loss': 32.48169137695782, 'NX_10_CV': '0.00511', 'NX_10_CV_turn': '0.00850', 'NX_10_ctr': 2.4493407786224903, 'NX_10_len_tra': 10.0, 'NX_10_R_tra': 24.493407786224903, 'NX_10_ifeat_feat': 0.3295}]
[I 221224 12:48:32 utils:48] Epoch: [7], Info: [{'loss': 0.0006118524854117829, 'mae': 0.41467827760909076, 'mse': 0.39452432528893167, 'click_loss': 33.78534778098869, 'CV': '0.00451', 'CV_turn': '0.01882', 'ctr': 2.535881486811287, 'len_tra': 3.985, 'R_tra': 10.105487724942979, 'ifeat_feat': 0.2120451693851945, 'NX_0_click_loss': 34.22460974658741, 'NX_0_CV': '0.00511', 'NX_0_CV_turn': '0.01558', 'NX_0_ctr': 2.5238152381542593, 'NX_0_len_tra': 5.455, 'NX_0_R_tra': 13.767412124131486, 'NX_0_ifeat_feat': 0.27864344637946836, 'NX_10_click_loss': 34.58104330401939, 'NX_10_CV': '0.00541', 'NX_10_CV_turn': '0.00900', 'NX_10_ctr': 2.3884748263887783, 'NX_10_len_tra': 10.0, 'NX_10_R_tra': 23.884748263887783, 'NX_10_ifeat_feat': 0.3375}]
[I 221224 12:52:31 utils:48] Epoch: [8], Info: [{'loss': 0.0006118496783039651, 'mae': 0.41247082493815984, 'mse': 0.39493878465660415, 'click_loss': 31.963710173666882, 'CV': '0.00421', 'CV_turn': '0.01777', 'ctr': 2.4945628956992816, 'len_tra': 3.94, 'R_tra': 9.828577809055169, 'ifeat_feat': 0.2182741116751269, 'NX_0_click_loss': 32.24683508491366, 'NX_0_CV': '0.00451', 'NX_0_CV_turn': '0.01461', 'NX_0_ctr': 2.428063146875688, 'NX_0_len_tra': 5.135, 'NX_0_R_tra': 12.468104259206656, 'NX_0_ifeat_feat': 0.25219084712755596, 'NX_10_click_loss': 32.60717854725544, 'NX_10_CV': '0.00541', 'NX_10_CV_turn': '0.00900', 'NX_10_ctr': 2.3066088765782458, 'NX_10_len_tra': 10.0, 'NX_10_R_tra': 23.066088765782457, 'NX_10_ifeat_feat': 0.33}]
[I 221224 12:56:30 utils:48] Epoch: [9], Info: [{'loss': 0.0006118602066801888, 'mae': 0.4144255121822574, 'mse': 0.3945623083665298, 'click_loss': 33.387414653280636, 'CV': '0.00391', 'CV_turn': '0.01654', 'ctr': 2.3929585465074945, 'len_tra': 3.93, 'R_tra': 9.404327087774453, 'ifeat_feat': 0.22519083969465647, 'NX_0_click_loss': 33.78473595455128, 'NX_0_CV': '0.00451', 'NX_0_CV_turn': '0.01382', 'NX_0_ctr': 2.3652899568823775, 'NX_0_len_tra': 5.425, 'NX_0_R_tra': 12.831698016086898, 'NX_0_ifeat_feat': 0.2543778801843318, 'NX_10_click_loss': 34.24937424224824, 'NX_10_CV': '0.00541', 'NX_10_CV_turn': '0.00900', 'NX_10_ctr': 2.306809849204682, 'NX_10_len_tra': 10.0, 'NX_10_R_tra': 23.06809849204682, 'NX_10_ifeat_feat': 0.33}]
[I 221224 12:56:30 DICE:259] {}
