[I 221223 23:00:03 DICE:205] {
      "resume": false,
      "env": "KuaishouEnv-v0",
      "is_softmax": true,
      "l2_reg_dnn": 0.1,
      "num_trajectory": 200,
      "force_length": 10,
      "epsilon": 0,
      "top_rate": 0.6,
      "feature_dim": 16,
      "entity_dim": 16,
      "user_model_name": "DICE",
      "dnn": [
        64,
        64
      ],
      "batch_size": 2048,
      "epoch": 10,
      "cuda": 6,
      "leave_threshold": 0.0,
      "num_leave_compute": 1,
      "message": "DICE-leave1"
    }
[I 221223 23:01:28 utils:48] Epoch: [-1], Info: [{'mae': 0.878591487133746, 'mse': 1.207872925418107, 'click_loss': 0.9210684193878187, 'CV': '0.37601', 'CV_turn': '0.75135', 'ctr': 0.8014759530068802, 'len_tra': 8.325, 'R_tra': 6.672287308782278, 'ifeat_feat': 0.6294294294294295, 'NX_0_click_loss': 0.8894557440204658, 'NX_0_CV': '0.34806', 'NX_0_CV_turn': '0.79044', 'NX_0_ctr': 0.7787796240648055, 'NX_0_len_tra': 7.325, 'NX_0_R_tra': 5.7045607462747, 'NX_0_ifeat_feat': 0.6505119453924915, 'NX_10_click_loss': 0.8555388100239496, 'NX_10_CV': '0.44094', 'NX_10_CV_turn': '0.73350', 'NX_10_ctr': 0.7740723540984128, 'NX_10_len_tra': 10.0, 'NX_10_R_tra': 7.740723540984128, 'NX_10_ifeat_feat': 0.617}]
[I 221223 23:05:35 utils:48] Epoch: [0], Info: [{'loss': 0.0006182764092483347, 'mae': 0.41683865494611727, 'mse': 0.39443433071456907, 'click_loss': 31.831359392262996, 'CV': '0.00451', 'CV_turn': '0.01351', 'ctr': 2.384899113434137, 'len_tra': 5.55, 'R_tra': 13.23619007955946, 'ifeat_feat': 0.24414414414414415, 'NX_0_click_loss': 33.86297308179939, 'NX_0_CV': '0.01172', 'NX_0_CV_turn': '0.02011', 'NX_0_ctr': 2.303220573731377, 'NX_0_len_tra': 9.695, 'NX_0_R_tra': 22.329723462325703, 'NX_0_ifeat_feat': 0.33935018050541516, 'NX_10_click_loss': 32.707015681521426, 'NX_10_CV': '0.00511', 'NX_10_CV_turn': '0.00850', 'NX_10_ctr': 2.4194539692564243, 'NX_10_len_tra': 10.0, 'NX_10_R_tra': 24.194539692564245, 'NX_10_ifeat_feat': 0.331}]
[I 221223 23:09:45 utils:48] Epoch: [1], Info: [{'loss': 0.0006118137095618124, 'mae': 0.41625239678806153, 'mse': 0.39414663119060395, 'click_loss': 31.592252501114636, 'CV': '0.00451', 'CV_turn': '0.01318', 'ctr': 2.4712521072823392, 'len_tra': 5.69, 'R_tra': 14.061424490436512, 'ifeat_feat': 0.20298769771529, 'NX_0_click_loss': 33.44812824193896, 'NX_0_CV': '0.01112', 'NX_0_CV_turn': '0.01985', 'NX_0_ctr': 2.2815117171893258, 'NX_0_len_tra': 9.32, 'NX_0_R_tra': 21.263689204204514, 'NX_0_ifeat_feat': 0.3272532188841202, 'NX_10_click_loss': 32.280786964610385, 'NX_10_CV': '0.00511', 'NX_10_CV_turn': '0.00850', 'NX_10_ctr': 2.363165415957801, 'NX_10_len_tra': 10.0, 'NX_10_R_tra': 23.631654159578012, 'NX_10_ifeat_feat': 0.325}]
[I 221223 23:13:47 utils:48] Epoch: [2], Info: [{'loss': 0.0006118579922127727, 'mae': 0.4160407979668117, 'mse': 0.39445009371502215, 'click_loss': 31.459503146899554, 'CV': '0.00451', 'CV_turn': '0.01296', 'ctr': 2.4548410230438833, 'len_tra': 5.785, 'R_tra': 14.201255318308865, 'ifeat_feat': 0.22212618841832324, 'NX_0_click_loss': 33.51387159711583, 'NX_0_CV': '0.01082', 'NX_0_CV_turn': '0.01840', 'NX_0_ctr': 2.301844897683026, 'NX_0_len_tra': 9.78, 'NX_0_R_tra': 22.512043099339994, 'NX_0_ifeat_feat': 0.32975460122699385, 'NX_10_click_loss': 32.273430327726125, 'NX_10_CV': '0.00511', 'NX_10_CV_turn': '0.00850', 'NX_10_ctr': 2.4617107556588325, 'NX_10_len_tra': 10.0, 'NX_10_R_tra': 24.617107556588326, 'NX_10_ifeat_feat': 0.3375}]
[I 221223 23:17:49 utils:48] Epoch: [3], Info: [{'loss': 0.0006118497609840366, 'mae': 0.41637200823618364, 'mse': 0.39399565373429996, 'click_loss': 31.548164179633723, 'CV': '0.00421', 'CV_turn': '0.01304', 'ctr': 2.3710122812016925, 'len_tra': 5.37, 'R_tra': 12.73233595005309, 'ifeat_feat': 0.21135940409683426, 'NX_0_click_loss': 33.59462099890453, 'NX_0_CV': '0.01082', 'NX_0_CV_turn': '0.01827', 'NX_0_ctr': 2.3065603100530727, 'NX_0_len_tra': 9.85, 'NX_0_R_tra': 22.719619054022765, 'NX_0_ifeat_feat': 0.34060913705583756, 'NX_10_click_loss': 32.41696172824278, 'NX_10_CV': '0.00511', 'NX_10_CV_turn': '0.00850', 'NX_10_ctr': 2.4199622870959026, 'NX_10_len_tra': 10.0, 'NX_10_R_tra': 24.199622870959026, 'NX_10_ifeat_feat': 0.326}]
[I 221223 23:21:49 utils:48] Epoch: [4], Info: [{'loss': 0.000611861752001262, 'mae': 0.41563908224678103, 'mse': 0.39436893562996234, 'click_loss': 32.19686821900931, 'CV': '0.00481', 'CV_turn': '0.01481', 'ctr': 2.4086747547301273, 'len_tra': 5.4, 'R_tra': 13.006843675542687, 'ifeat_feat': 0.22314814814814815, 'NX_0_click_loss': 34.18641812528462, 'NX_0_CV': '0.01022', 'NX_0_CV_turn': '0.01671', 'NX_0_ctr': 2.3473960732601666, 'NX_0_len_tra': 10.175, 'NX_0_R_tra': 23.884755045422192, 'NX_0_ifeat_feat': 0.3331695331695332, 'NX_10_click_loss': 32.98778239427393, 'NX_10_CV': '0.00511', 'NX_10_CV_turn': '0.00850', 'NX_10_ctr': 2.3470063160497436, 'NX_10_len_tra': 10.0, 'NX_10_R_tra': 23.470063160497435, 'NX_10_ifeat_feat': 0.3465}]
[I 221223 23:25:50 utils:48] Epoch: [5], Info: [{'loss': 0.0006118581982612905, 'mae': 0.4184776911388703, 'mse': 0.39450542532105454, 'click_loss': 30.03530146853714, 'CV': '0.00451', 'CV_turn': '0.01227', 'ctr': 2.4371556854920224, 'len_tra': 6.11, 'R_tra': 14.891021238356256, 'ifeat_feat': 0.22013093289689034, 'NX_0_click_loss': 32.04914218957053, 'NX_0_CV': '0.01022', 'NX_0_CV_turn': '0.01768', 'NX_0_ctr': 2.3400635004952557, 'NX_0_len_tra': 9.615, 'NX_0_R_tra': 22.49971055726188, 'NX_0_ifeat_feat': 0.3369734789391576, 'NX_10_click_loss': 30.758496539570928, 'NX_10_CV': '0.00541', 'NX_10_CV_turn': '0.00900', 'NX_10_ctr': 2.381382185437339, 'NX_10_len_tra': 10.0, 'NX_10_R_tra': 23.81382185437339, 'NX_10_ifeat_feat': 0.3385}]
[I 221223 23:29:48 utils:48] Epoch: [6], Info: [{'loss': 0.0006118479899599723, 'mae': 0.4159489631660334, 'mse': 0.3942172232599049, 'click_loss': 31.717171127855067, 'CV': '0.00421', 'CV_turn': '0.01170', 'ctr': 2.5083431761577453, 'len_tra': 5.985, 'R_tra': 15.012433909304107, 'ifeat_feat': 0.23141186299081035, 'NX_0_click_loss': 33.59279234320667, 'NX_0_CV': '0.01022', 'NX_0_CV_turn': '0.01796', 'NX_0_ctr': 2.375119325143611, 'NX_0_len_tra': 9.465, 'NX_0_R_tra': 22.48050441248428, 'NX_0_ifeat_feat': 0.3312202852614897, 'NX_10_click_loss': 32.471523431109425, 'NX_10_CV': '0.00601', 'NX_10_CV_turn': '0.01000', 'NX_10_ctr': 2.4044600956907325, 'NX_10_len_tra': 10.0, 'NX_10_R_tra': 24.044600956907324, 'NX_10_ifeat_feat': 0.336}]
[I 221223 23:33:53 utils:48] Epoch: [7], Info: [{'loss': 0.0006118524854117829, 'mae': 0.41467827760909076, 'mse': 0.39452432528893167, 'click_loss': 33.76257001606768, 'CV': '0.00391', 'CV_turn': '0.01186', 'ctr': 2.522410382681852, 'len_tra': 5.48, 'R_tra': 13.822808897096547, 'ifeat_feat': 0.21350364963503649, 'NX_0_click_loss': 36.210306668840595, 'NX_0_CV': '0.01142', 'NX_0_CV_turn': '0.01845', 'NX_0_ctr': 2.272234526285853, 'NX_0_len_tra': 10.3, 'NX_0_R_tra': 23.40401562074429, 'NX_0_ifeat_feat': 0.3422330097087379, 'NX_10_click_loss': 34.51587920769208, 'NX_10_CV': '0.00511', 'NX_10_CV_turn': '0.00850', 'NX_10_ctr': 2.32957822140209, 'NX_10_len_tra': 10.0, 'NX_10_R_tra': 23.2957822140209, 'NX_10_ifeat_feat': 0.319}]
[I 221223 23:37:58 utils:48] Epoch: [8], Info: [{'loss': 0.0006118496783039651, 'mae': 0.41247082493815984, 'mse': 0.39493878465660415, 'click_loss': 31.96166087027705, 'CV': '0.00451', 'CV_turn': '0.01268', 'ctr': 2.497031088355711, 'len_tra': 5.915, 'R_tra': 14.76993888762403, 'ifeat_feat': 0.21132713440405748, 'NX_0_click_loss': 33.84835821809113, 'NX_0_CV': '0.01052', 'NX_0_CV_turn': '0.01825', 'NX_0_ctr': 2.3086324440680013, 'NX_0_len_tra': 9.59, 'NX_0_R_tra': 22.139785138612133, 'NX_0_ifeat_feat': 0.3222106360792492, 'NX_10_click_loss': 32.713492045299034, 'NX_10_CV': '0.00601', 'NX_10_CV_turn': '0.01000', 'NX_10_ctr': 2.4069821127809856, 'NX_10_len_tra': 10.0, 'NX_10_R_tra': 24.069821127809856, 'NX_10_ifeat_feat': 0.3475}]
[I 221223 23:42:00 utils:48] Epoch: [9], Info: [{'loss': 0.0006118602066801888, 'mae': 0.4144255121822574, 'mse': 0.3945623083665298, 'click_loss': 33.43977025138588, 'CV': '0.00451', 'CV_turn': '0.01398', 'ctr': 2.451794234049851, 'len_tra': 5.365, 'R_tra': 13.15387606567745, 'ifeat_feat': 0.2255358807082945, 'NX_0_click_loss': 35.845614566571584, 'NX_0_CV': '0.00962', 'NX_0_CV_turn': '0.01455', 'NX_0_ctr': 2.373522295015769, 'NX_0_len_tra': 10.995, 'NX_0_R_tra': 26.096877633698384, 'NX_0_ifeat_feat': 0.33469758981355163, 'NX_10_click_loss': 34.2589910226009, 'NX_10_CV': '0.00481', 'NX_10_CV_turn': '0.00800', 'NX_10_ctr': 2.3500240168712128, 'NX_10_len_tra': 10.0, 'NX_10_R_tra': 23.500240168712125, 'NX_10_ifeat_feat': 0.3275}]
[I 221223 23:42:00 DICE:259] {}
