[I 221224 08:54:35 DICE:205] {
      "resume": false,
      "env": "KuaishouEnv-v0",
      "is_softmax": true,
      "l2_reg_dnn": 0.1,
      "num_trajectory": 200,
      "force_length": 10,
      "epsilon": 0,
      "top_rate": 0.6,
      "feature_dim": 16,
      "entity_dim": 16,
      "user_model_name": "DICE",
      "dnn": [
        64,
        64
      ],
      "batch_size": 2048,
      "epoch": 10,
      "cuda": 6,
      "leave_threshold": 0.0,
      "num_leave_compute": 4,
      "message": "DICE-leave4"
    }
[I 221224 08:55:56 utils:48] Epoch: [-1], Info: [{'mae': 0.878591487133746, 'mse': 1.207872925418107, 'click_loss': 0.9347223657538225, 'CV': '0.23264', 'CV_turn': '0.82253', 'ctr': 0.793023945039314, 'len_tra': 4.705, 'R_tra': 3.7311776614099723, 'ifeat_feat': 0.6333687566418703, 'NX_0_click_loss': 0.9025867166861274, 'NX_0_CV': '0.22994', 'NX_0_CV_turn': '0.84812', 'NX_0_ctr': 0.7975926236494589, 'NX_0_len_tra': 4.51, 'NX_0_R_tra': 3.59714273265906, 'NX_0_ifeat_feat': 0.6352549889135255, 'NX_10_click_loss': 0.87524649433699, 'NX_10_CV': '0.43282', 'NX_10_CV_turn': '0.72000', 'NX_10_ctr': 0.7592711837343774, 'NX_10_len_tra': 10.0, 'NX_10_R_tra': 7.592711837343773, 'NX_10_ifeat_feat': 0.639}]
[I 221224 08:59:55 utils:48] Epoch: [0], Info: [{'loss': 0.0006182764092483347, 'mae': 0.41683865494611727, 'mse': 0.39443433071456907, 'click_loss': 31.85899122092373, 'CV': '0.00421', 'CV_turn': '0.01837', 'ctr': 2.4271556483730823, 'len_tra': 3.81, 'R_tra': 9.247463020301444, 'ifeat_feat': 0.21916010498687663, 'NX_0_click_loss': 32.225202377841946, 'NX_0_CV': '0.00511', 'NX_0_CV_turn': '0.01550', 'NX_0_ctr': 2.372802317068262, 'NX_0_len_tra': 5.485, 'NX_0_R_tra': 13.014820709119418, 'NX_0_ifeat_feat': 0.2643573381950775, 'NX_10_click_loss': 32.680924269383155, 'NX_10_CV': '0.00541', 'NX_10_CV_turn': '0.00900', 'NX_10_ctr': 2.3728052508284674, 'NX_10_len_tra': 10.0, 'NX_10_R_tra': 23.728052508284673, 'NX_10_ifeat_feat': 0.3315}]
[I 221224 09:03:51 utils:48] Epoch: [1], Info: [{'loss': 0.0006118137095618124, 'mae': 0.41625239678806153, 'mse': 0.39414663119060395, 'click_loss': 31.592269762345087, 'CV': '0.00451', 'CV_turn': '0.02116', 'ctr': 2.5240121143989667, 'len_tra': 3.545, 'R_tra': 8.947622945544337, 'ifeat_feat': 0.2016925246826516, 'NX_0_click_loss': 31.8486646252161, 'NX_0_CV': '0.00451', 'NX_0_CV_turn': '0.01468', 'NX_0_ctr': 2.3935560218301064, 'NX_0_len_tra': 5.11, 'NX_0_R_tra': 12.231071271551844, 'NX_0_ifeat_feat': 0.24168297455968688, 'NX_10_click_loss': 32.28625865446775, 'NX_10_CV': '0.00511', 'NX_10_CV_turn': '0.00850', 'NX_10_ctr': 2.3669959562942684, 'NX_10_len_tra': 10.0, 'NX_10_R_tra': 23.669959562942687, 'NX_10_ifeat_feat': 0.331}]
[I 221224 09:07:48 utils:48] Epoch: [2], Info: [{'loss': 0.0006118579922127727, 'mae': 0.4160407979668117, 'mse': 0.39445009371502215, 'click_loss': 31.467408909026513, 'CV': '0.00451', 'CV_turn': '0.02008', 'ctr': 2.4657296583527555, 'len_tra': 3.735, 'R_tra': 9.20950027394754, 'ifeat_feat': 0.2463186077643909, 'NX_0_click_loss': 31.768290909703296, 'NX_0_CV': '0.00451', 'NX_0_CV_turn': '0.01418', 'NX_0_ctr': 2.4306812760970895, 'NX_0_len_tra': 5.29, 'NX_0_R_tra': 12.858303950553605, 'NX_0_ifeat_feat': 0.2570888468809074, 'NX_10_click_loss': 32.22292476152054, 'NX_10_CV': '0.00541', 'NX_10_CV_turn': '0.00900', 'NX_10_ctr': 2.4022887523042535, 'NX_10_len_tra': 10.0, 'NX_10_R_tra': 24.022887523042538, 'NX_10_ifeat_feat': 0.341}]
[I 221224 09:11:43 utils:48] Epoch: [3], Info: [{'loss': 0.0006118497609840366, 'mae': 0.41637200823618364, 'mse': 0.39399565373429996, 'click_loss': 31.701478732027297, 'CV': '0.00421', 'CV_turn': '0.01852', 'ctr': 2.5224388954667, 'len_tra': 3.78, 'R_tra': 9.534819024864127, 'ifeat_feat': 0.2275132275132275, 'NX_0_click_loss': 32.08772108000263, 'NX_0_CV': '0.00481', 'NX_0_CV_turn': '0.01540', 'NX_0_ctr': 2.5026058143170236, 'NX_0_len_tra': 5.195, 'NX_0_R_tra': 13.001037205376939, 'NX_0_ifeat_feat': 0.25601539942252166, 'NX_10_click_loss': 32.400121088862605, 'NX_10_CV': '0.00541', 'NX_10_CV_turn': '0.00900', 'NX_10_ctr': 2.4059631165267765, 'NX_10_len_tra': 10.0, 'NX_10_R_tra': 24.059631165267763, 'NX_10_ifeat_feat': 0.3355}]
[I 221224 09:15:43 utils:48] Epoch: [4], Info: [{'loss': 0.000611861752001262, 'mae': 0.41563908224678103, 'mse': 0.39436893562996234, 'click_loss': 32.16540858888213, 'CV': '0.00481', 'CV_turn': '0.02270', 'ctr': 2.3939067285002555, 'len_tra': 3.525, 'R_tra': 8.4385212179634, 'ifeat_feat': 0.1971631205673759, 'NX_0_click_loss': 32.65704742944194, 'NX_0_CV': '0.00451', 'NX_0_CV_turn': '0.01386', 'NX_0_ctr': 2.467943171199036, 'NX_0_len_tra': 5.41, 'NX_0_R_tra': 13.351572556186785, 'NX_0_ifeat_feat': 0.27264325323475047, 'NX_10_click_loss': 33.069415233634075, 'NX_10_CV': '0.00481', 'NX_10_CV_turn': '0.00800', 'NX_10_ctr': 2.394764203093581, 'NX_10_len_tra': 10.0, 'NX_10_R_tra': 23.947642030935807, 'NX_10_ifeat_feat': 0.3335}]
[I 221224 09:19:45 utils:48] Epoch: [5], Info: [{'loss': 0.0006118581982612905, 'mae': 0.4184776911388703, 'mse': 0.39450542532105454, 'click_loss': 30.134556556018126, 'CV': '0.00421', 'CV_turn': '0.01958', 'ctr': 2.5091349092597417, 'len_tra': 3.575, 'R_tra': 8.970157300603576, 'ifeat_feat': 0.2125874125874126, 'NX_0_click_loss': 30.39097347539532, 'NX_0_CV': '0.00481', 'NX_0_CV_turn': '0.01561', 'NX_0_ctr': 2.3837864852621493, 'NX_0_len_tra': 5.125, 'NX_0_R_tra': 12.216905736968515, 'NX_0_ifeat_feat': 0.2653658536585366, 'NX_10_click_loss': 30.81101610990096, 'NX_10_CV': '0.00571', 'NX_10_CV_turn': '0.00950', 'NX_10_ctr': 2.425988434272324, 'NX_10_len_tra': 10.0, 'NX_10_R_tra': 24.25988434272324, 'NX_10_ifeat_feat': 0.3245}]
[I 221224 09:23:48 utils:48] Epoch: [6], Info: [{'loss': 0.0006118479899599723, 'mae': 0.4159489631660334, 'mse': 0.3942172232599049, 'click_loss': 31.695252635443936, 'CV': '0.00451', 'CV_turn': '0.01951', 'ctr': 2.485175302551657, 'len_tra': 3.845, 'R_tra': 9.55549903831112, 'ifeat_feat': 0.2093628088426528, 'NX_0_click_loss': 31.990987708056984, 'NX_0_CV': '0.00511', 'NX_0_CV_turn': '0.01611', 'NX_0_ctr': 2.4078573606107048, 'NX_0_len_tra': 5.275, 'NX_0_R_tra': 12.701447577221467, 'NX_0_ifeat_feat': 0.2672985781990521, 'NX_10_click_loss': 32.38264518037711, 'NX_10_CV': '0.00481', 'NX_10_CV_turn': '0.00800', 'NX_10_ctr': 2.3490533119765478, 'NX_10_len_tra': 10.0, 'NX_10_R_tra': 23.490533119765477, 'NX_10_ifeat_feat': 0.3355}]
[I 221224 09:27:51 utils:48] Epoch: [7], Info: [{'loss': 0.0006118524854117829, 'mae': 0.41467827760909076, 'mse': 0.39452432528893167, 'click_loss': 33.666480366729985, 'CV': '0.00421', 'CV_turn': '0.01862', 'ctr': 2.4245614833047986, 'len_tra': 3.76, 'R_tra': 9.116351177226043, 'ifeat_feat': 0.2127659574468085, 'NX_0_click_loss': 34.03148338392632, 'NX_0_CV': '0.00481', 'NX_0_CV_turn': '0.01483', 'NX_0_ctr': 2.383683838129135, 'NX_0_len_tra': 5.395, 'NX_0_R_tra': 12.859974306706683, 'NX_0_ifeat_feat': 0.25023169601482853, 'NX_10_click_loss': 34.61624928935908, 'NX_10_CV': '0.00541', 'NX_10_CV_turn': '0.00900', 'NX_10_ctr': 2.431084182585694, 'NX_10_len_tra': 10.0, 'NX_10_R_tra': 24.310841825856937, 'NX_10_ifeat_feat': 0.3455}]
[I 221224 09:31:55 utils:48] Epoch: [8], Info: [{'loss': 0.0006118496783039651, 'mae': 0.41247082493815984, 'mse': 0.39493878465660415, 'click_loss': 31.991179180070432, 'CV': '0.00421', 'CV_turn': '0.01795', 'ctr': 2.5248695910757686, 'len_tra': 3.9, 'R_tra': 9.846991405195498, 'ifeat_feat': 0.21923076923076923, 'NX_0_click_loss': 32.180755022352685, 'NX_0_CV': '0.00451', 'NX_0_CV_turn': '0.01442', 'NX_0_ctr': 2.4014359707568524, 'NX_0_len_tra': 5.2, 'NX_0_R_tra': 12.487467047935633, 'NX_0_ifeat_feat': 0.2625, 'NX_10_click_loss': 32.70906159817455, 'NX_10_CV': '0.00511', 'NX_10_CV_turn': '0.00850', 'NX_10_ctr': 2.409199857108624, 'NX_10_len_tra': 10.0, 'NX_10_R_tra': 24.091998571086243, 'NX_10_ifeat_feat': 0.336}]
[I 221224 09:35:55 utils:48] Epoch: [9], Info: [{'loss': 0.0006118602066801888, 'mae': 0.4144255121822574, 'mse': 0.3945623083665298, 'click_loss': 33.61642337139181, 'CV': '0.00421', 'CV_turn': '0.01857', 'ctr': 2.6079927968381105, 'len_tra': 3.77, 'R_tra': 9.832132844079677, 'ifeat_feat': 0.22148541114058357, 'NX_0_click_loss': 33.81066494570027, 'NX_0_CV': '0.00421', 'NX_0_CV_turn': '0.01302', 'NX_0_ctr': 2.4136430958239607, 'NX_0_len_tra': 5.375, 'NX_0_R_tra': 12.97333164005379, 'NX_0_ifeat_feat': 0.27348837209302324, 'NX_10_click_loss': 34.272027973648285, 'NX_10_CV': '0.00511', 'NX_10_CV_turn': '0.00850', 'NX_10_ctr': 2.373354611870039, 'NX_10_len_tra': 10.0, 'NX_10_R_tra': 23.733546118700392, 'NX_10_ifeat_feat': 0.34}]
[I 221224 09:35:55 DICE:259] {}
