[I 221224 02:22:57 DICE:205] {
      "resume": false,
      "env": "KuaishouEnv-v0",
      "is_softmax": true,
      "l2_reg_dnn": 0.1,
      "num_trajectory": 200,
      "force_length": 10,
      "epsilon": 0,
      "top_rate": 0.6,
      "feature_dim": 16,
      "entity_dim": 16,
      "user_model_name": "DICE",
      "dnn": [
        64,
        64
      ],
      "batch_size": 2048,
      "epoch": 10,
      "cuda": 6,
      "leave_threshold": 0.0,
      "num_leave_compute": 2,
      "message": "DICE-leave2"
    }
[I 221224 02:24:30 utils:48] Epoch: [-1], Info: [{'mae': 0.878591487133746, 'mse': 1.207872925418107, 'click_loss': 0.9087577160883066, 'CV': '0.27472', 'CV_turn': '0.80742', 'ctr': 0.7832187895154538, 'len_tra': 5.66, 'R_tra': 4.433018348657468, 'ifeat_feat': 0.6219081272084805, 'NX_0_click_loss': 0.9107129359430977, 'NX_0_CV': '0.25458', 'NX_0_CV_turn': '0.83778', 'NX_0_ctr': 0.7821768881624535, 'NX_0_len_tra': 5.055, 'NX_0_R_tra': 3.953904169661202, 'NX_0_ifeat_feat': 0.6429277942631059, 'NX_10_click_loss': 0.8935139449643246, 'NX_10_CV': '0.43072', 'NX_10_CV_turn': '0.71650', 'NX_10_ctr': 0.7662484749316835, 'NX_10_len_tra': 10.0, 'NX_10_R_tra': 7.662484749316835, 'NX_10_ifeat_feat': 0.6355}]
[I 221224 02:27:57 utils:48] Epoch: [0], Info: [{'loss': 0.0006182764092483347, 'mae': 0.41683865494611727, 'mse': 0.39443433071456907, 'click_loss': 31.843415150394087, 'CV': '0.00391', 'CV_turn': '0.01738', 'ctr': 2.4063792914442352, 'len_tra': 3.74, 'R_tra': 8.99985855000144, 'ifeat_feat': 0.22593582887700533, 'NX_0_click_loss': 32.57506602765049, 'NX_0_CV': '0.00781', 'NX_0_CV_turn': '0.02044', 'NX_0_ctr': 2.4051832997815747, 'NX_0_len_tra': 6.36, 'NX_0_R_tra': 15.296965786610816, 'NX_0_ifeat_feat': 0.279874213836478, 'NX_10_click_loss': 32.64669875536763, 'NX_10_CV': '0.00541', 'NX_10_CV_turn': '0.00900', 'NX_10_ctr': 2.3470778857311303, 'NX_10_len_tra': 10.0, 'NX_10_R_tra': 23.470778857311302, 'NX_10_ifeat_feat': 0.3435}]
[I 221224 02:31:28 utils:48] Epoch: [1], Info: [{'loss': 0.0006118137095618124, 'mae': 0.41625239678806153, 'mse': 0.39414663119060395, 'click_loss': 31.585541676210415, 'CV': '0.00451', 'CV_turn': '0.01953', 'ctr': 2.47327146006327, 'len_tra': 3.84, 'R_tra': 9.497362406642958, 'ifeat_feat': 0.20052083333333334, 'NX_0_click_loss': 31.922678068568505, 'NX_0_CV': '0.00451', 'NX_0_CV_turn': '0.01323', 'NX_0_ctr': 2.331597584632326, 'NX_0_len_tra': 5.67, 'NX_0_R_tra': 13.220158304865288, 'NX_0_ifeat_feat': 0.2566137566137566, 'NX_10_click_loss': 32.31057111550514, 'NX_10_CV': '0.00511', 'NX_10_CV_turn': '0.00850', 'NX_10_ctr': 2.378995036136509, 'NX_10_len_tra': 10.0, 'NX_10_R_tra': 23.78995036136509, 'NX_10_ifeat_feat': 0.341}]
[I 221224 02:34:51 utils:48] Epoch: [2], Info: [{'loss': 0.0006118579922127727, 'mae': 0.4160407979668117, 'mse': 0.39445009371502215, 'click_loss': 31.52383978573729, 'CV': '0.00451', 'CV_turn': '0.01916', 'ctr': 2.5329164608211236, 'len_tra': 3.915, 'R_tra': 9.9163679441147, 'ifeat_feat': 0.21583652618135377, 'NX_0_click_loss': 32.012066777143474, 'NX_0_CV': '0.00601', 'NX_0_CV_turn': '0.01581', 'NX_0_ctr': 2.3588661059135365, 'NX_0_len_tra': 6.325, 'NX_0_R_tra': 14.919828119903118, 'NX_0_ifeat_feat': 0.2774703557312253, 'NX_10_click_loss': 32.19538235250959, 'NX_10_CV': '0.00481', 'NX_10_CV_turn': '0.00800', 'NX_10_ctr': 2.376151278176354, 'NX_10_len_tra': 10.0, 'NX_10_R_tra': 23.76151278176354, 'NX_10_ifeat_feat': 0.3245}]
[I 221224 02:38:17 utils:48] Epoch: [3], Info: [{'loss': 0.0006118497609840366, 'mae': 0.41637200823618364, 'mse': 0.39399565373429996, 'click_loss': 31.571918377448025, 'CV': '0.00451', 'CV_turn': '0.02019', 'ctr': 2.36326380690056, 'len_tra': 3.715, 'R_tra': 8.77952504263558, 'ifeat_feat': 0.20861372812920592, 'NX_0_click_loss': 32.29620932768684, 'NX_0_CV': '0.00691', 'NX_0_CV_turn': '0.01801', 'NX_0_ctr': 2.401694325250219, 'NX_0_len_tra': 6.385, 'NX_0_R_tra': 15.33481826672265, 'NX_0_ifeat_feat': 0.27564604541895066, 'NX_10_click_loss': 32.387811133527116, 'NX_10_CV': '0.00541', 'NX_10_CV_turn': '0.00900', 'NX_10_ctr': 2.385687218808449, 'NX_10_len_tra': 10.0, 'NX_10_R_tra': 23.85687218808449, 'NX_10_ifeat_feat': 0.3315}]
[I 221224 02:41:42 utils:48] Epoch: [4], Info: [{'loss': 0.000611861752001262, 'mae': 0.41563908224678103, 'mse': 0.39436893562996234, 'click_loss': 32.229768397093515, 'CV': '0.00421', 'CV_turn': '0.01835', 'ctr': 2.421522459491114, 'len_tra': 3.815, 'R_tra': 9.2381081829586, 'ifeat_feat': 0.20314547837483618, 'NX_0_click_loss': 32.946340369945574, 'NX_0_CV': '0.00661', 'NX_0_CV_turn': '0.01773', 'NX_0_ctr': 2.4094019938992823, 'NX_0_len_tra': 6.205, 'NX_0_R_tra': 14.950339372145047, 'NX_0_ifeat_feat': 0.27880741337630943, 'NX_10_click_loss': 33.03339535288311, 'NX_10_CV': '0.00511', 'NX_10_CV_turn': '0.00850', 'NX_10_ctr': 2.3541721787878838, 'NX_10_len_tra': 10.0, 'NX_10_R_tra': 23.54172178787884, 'NX_10_ifeat_feat': 0.332}]
[I 221224 02:45:12 utils:48] Epoch: [5], Info: [{'loss': 0.0006118581982612905, 'mae': 0.4184776911388703, 'mse': 0.39450542532105454, 'click_loss': 30.00310042434671, 'CV': '0.00481', 'CV_turn': '0.02010', 'ctr': 2.3833836482703954, 'len_tra': 3.98, 'R_tra': 9.485866920116173, 'ifeat_feat': 0.23492462311557788, 'NX_0_click_loss': 30.59568640616159, 'NX_0_CV': '0.00631', 'NX_0_CV_turn': '0.01762', 'NX_0_ctr': 2.4273514692259477, 'NX_0_len_tra': 5.96, 'NX_0_R_tra': 14.467014756586648, 'NX_0_ifeat_feat': 0.2726510067114094, 'NX_10_click_loss': 30.801553497280374, 'NX_10_CV': '0.00601', 'NX_10_CV_turn': '0.01000', 'NX_10_ctr': 2.4147721042292396, 'NX_10_len_tra': 10.0, 'NX_10_R_tra': 24.147721042292396, 'NX_10_ifeat_feat': 0.3345}]
[I 221224 02:48:36 utils:48] Epoch: [6], Info: [{'loss': 0.0006118479899599723, 'mae': 0.4159489631660334, 'mse': 0.3942172232599049, 'click_loss': 31.74771494520236, 'CV': '0.00451', 'CV_turn': '0.01863', 'ctr': 2.542786763868061, 'len_tra': 4.025, 'R_tra': 10.234716724568944, 'ifeat_feat': 0.23850931677018633, 'NX_0_click_loss': 32.206934027291226, 'NX_0_CV': '0.00601', 'NX_0_CV_turn': '0.01674', 'NX_0_ctr': 2.430561842378205, 'NX_0_len_tra': 5.975, 'NX_0_R_tra': 14.522607008209775, 'NX_0_ifeat_feat': 0.2769874476987448, 'NX_10_click_loss': 32.43339058590863, 'NX_10_CV': '0.00511', 'NX_10_CV_turn': '0.00850', 'NX_10_ctr': 2.401865132341138, 'NX_10_len_tra': 10.0, 'NX_10_R_tra': 24.018651323411383, 'NX_10_ifeat_feat': 0.333}]
[I 221224 02:52:03 utils:48] Epoch: [7], Info: [{'loss': 0.0006118524854117829, 'mae': 0.41467827760909076, 'mse': 0.39452432528893167, 'click_loss': 33.699686039698605, 'CV': '0.00421', 'CV_turn': '0.01887', 'ctr': 2.4418610802392404, 'len_tra': 3.71, 'R_tra': 9.059304607687581, 'ifeat_feat': 0.20754716981132076, 'NX_0_click_loss': 34.29641592831913, 'NX_0_CV': '0.00661', 'NX_0_CV_turn': '0.01853', 'NX_0_ctr': 2.358784599251057, 'NX_0_len_tra': 5.935, 'NX_0_R_tra': 13.999386596555025, 'NX_0_ifeat_feat': 0.2805391743892165, 'NX_10_click_loss': 34.617852209892305, 'NX_10_CV': '0.00511', 'NX_10_CV_turn': '0.00850', 'NX_10_ctr': 2.4513680332565424, 'NX_10_len_tra': 10.0, 'NX_10_R_tra': 24.51368033256542, 'NX_10_ifeat_feat': 0.336}]
[I 221224 02:55:31 utils:48] Epoch: [8], Info: [{'loss': 0.0006118496783039651, 'mae': 0.41247082493815984, 'mse': 0.39493878465660415, 'click_loss': 31.911592489657398, 'CV': '0.00391', 'CV_turn': '0.01557', 'ctr': 2.452844808627851, 'len_tra': 4.175, 'R_tra': 10.240627076021278, 'ifeat_feat': 0.2155688622754491, 'NX_0_click_loss': 32.65860739331608, 'NX_0_CV': '0.00751', 'NX_0_CV_turn': '0.01992', 'NX_0_ctr': 2.470183628657903, 'NX_0_len_tra': 6.275, 'NX_0_R_tra': 15.500402269828342, 'NX_0_ifeat_feat': 0.2764940239043825, 'NX_10_click_loss': 32.737865733308006, 'NX_10_CV': '0.00511', 'NX_10_CV_turn': '0.00850', 'NX_10_ctr': 2.4233838655177995, 'NX_10_len_tra': 10.0, 'NX_10_R_tra': 24.233838655177998, 'NX_10_ifeat_feat': 0.3325}]
[I 221224 02:58:58 utils:48] Epoch: [9], Info: [{'loss': 0.0006118602066801888, 'mae': 0.4144255121822574, 'mse': 0.3945623083665298, 'click_loss': 33.47116929600043, 'CV': '0.00421', 'CV_turn': '0.01781', 'ctr': 2.4507765189481976, 'len_tra': 3.93, 'R_tra': 9.631551719466417, 'ifeat_feat': 0.23536895674300254, 'NX_0_click_loss': 34.06493134577794, 'NX_0_CV': '0.00571', 'NX_0_CV_turn': '0.01535', 'NX_0_ctr': 2.4042309390733, 'NX_0_len_tra': 6.19, 'NX_0_R_tra': 14.882189512863727, 'NX_0_ifeat_feat': 0.28109854604200324, 'NX_10_click_loss': 34.29449785894401, 'NX_10_CV': '0.00481', 'NX_10_CV_turn': '0.00800', 'NX_10_ctr': 2.369126734676457, 'NX_10_len_tra': 10.0, 'NX_10_R_tra': 23.691267346764572, 'NX_10_ifeat_feat': 0.3295}]
[I 221224 02:58:58 DICE:259] {}
