[I 221224 05:32:46 DICE:205] {
      "resume": false,
      "env": "KuaishouEnv-v0",
      "is_softmax": true,
      "l2_reg_dnn": 0.1,
      "num_trajectory": 200,
      "force_length": 10,
      "epsilon": 0,
      "top_rate": 0.6,
      "feature_dim": 16,
      "entity_dim": 16,
      "user_model_name": "DICE",
      "dnn": [
        64,
        64
      ],
      "batch_size": 2048,
      "epoch": 10,
      "cuda": 6,
      "leave_threshold": 0.0,
      "num_leave_compute": 3,
      "message": "DICE-leave3"
    }
[I 221224 05:34:09 utils:48] Epoch: [-1], Info: [{'mae': 0.878591487133746, 'mse': 1.207872925418107, 'click_loss': 0.882332087372585, 'CV': '0.25098', 'CV_turn': '0.81623', 'ctr': 0.7550148437777601, 'len_tra': 5.115, 'R_tra': 3.861900925923243, 'ifeat_feat': 0.6304985337243402, 'NX_0_click_loss': 0.8538558461191028, 'NX_0_CV': '0.23565', 'NX_0_CV_turn': '0.84030', 'NX_0_ctr': 0.7362447300597836, 'NX_0_len_tra': 4.665, 'NX_0_R_tra': 3.434581665728891, 'NX_0_ifeat_feat': 0.6495176848874598, 'NX_10_click_loss': 0.917226238165531, 'NX_10_CV': '0.43493', 'NX_10_CV_turn': '0.72350', 'NX_10_ctr': 0.7787676914650054, 'NX_10_len_tra': 10.0, 'NX_10_R_tra': 7.787676914650053, 'NX_10_ifeat_feat': 0.6185}]
[I 221224 05:38:14 utils:48] Epoch: [0], Info: [{'loss': 0.0006182764092483347, 'mae': 0.41683865494611727, 'mse': 0.39443433071456907, 'click_loss': 31.808359217332267, 'CV': '0.00421', 'CV_turn': '0.01781', 'ctr': 2.389010170571667, 'len_tra': 3.93, 'R_tra': 9.388809970346651, 'ifeat_feat': 0.21882951653944022, 'NX_0_click_loss': 32.32486138187956, 'NX_0_CV': '0.00511', 'NX_0_CV_turn': '0.01540', 'NX_0_ctr': 2.427126093701879, 'NX_0_len_tra': 5.52, 'NX_0_R_tra': 13.397736037234372, 'NX_0_ifeat_feat': 0.26358695652173914, 'NX_10_click_loss': 32.696817055476316, 'NX_10_CV': '0.00571', 'NX_10_CV_turn': '0.00950', 'NX_10_ctr': 2.39090866161642, 'NX_10_len_tra': 10.0, 'NX_10_R_tra': 23.9090866161642, 'NX_10_ifeat_feat': 0.3435}]
[I 221224 05:42:13 utils:48] Epoch: [1], Info: [{'loss': 0.0006118137095618124, 'mae': 0.41625239678806153, 'mse': 0.39414663119060395, 'click_loss': 31.655647189221032, 'CV': '0.00451', 'CV_turn': '0.02019', 'ctr': 2.5602322484267788, 'len_tra': 3.715, 'R_tra': 9.511262802905483, 'ifeat_feat': 0.20053835800807537, 'NX_0_click_loss': 31.997117514152418, 'NX_0_CV': '0.00481', 'NX_0_CV_turn': '0.01553', 'NX_0_ctr': 2.486821216616083, 'NX_0_len_tra': 5.15, 'NX_0_R_tra': 12.807129265572826, 'NX_0_ifeat_feat': 0.25922330097087376, 'NX_10_click_loss': 32.31824282007598, 'NX_10_CV': '0.00571', 'NX_10_CV_turn': '0.00950', 'NX_10_ctr': 2.3793484824218005, 'NX_10_len_tra': 10.0, 'NX_10_R_tra': 23.793484824218, 'NX_10_ifeat_feat': 0.3285}]
[I 221224 05:46:15 utils:48] Epoch: [2], Info: [{'loss': 0.0006118579922127727, 'mae': 0.4160407979668117, 'mse': 0.39445009371502215, 'click_loss': 31.5017166576908, 'CV': '0.00481', 'CV_turn': '0.02038', 'ctr': 2.509304229047513, 'len_tra': 3.925, 'R_tra': 9.849019099011489, 'ifeat_feat': 0.22802547770700637, 'NX_0_click_loss': 31.808930945043098, 'NX_0_CV': '0.00511', 'NX_0_CV_turn': '0.01558', 'NX_0_ctr': 2.3708859153635427, 'NX_0_len_tra': 5.455, 'NX_0_R_tra': 12.933182668308126, 'NX_0_ifeat_feat': 0.2621448212648946, 'NX_10_click_loss': 32.20513269656331, 'NX_10_CV': '0.00571', 'NX_10_CV_turn': '0.00950', 'NX_10_ctr': 2.3795534242931287, 'NX_10_len_tra': 10.0, 'NX_10_R_tra': 23.795534242931286, 'NX_10_ifeat_feat': 0.3305}]
[I 221224 05:50:15 utils:48] Epoch: [3], Info: [{'loss': 0.0006118497609840366, 'mae': 0.41637200823618364, 'mse': 0.39399565373429996, 'click_loss': 31.634016446236295, 'CV': '0.00421', 'CV_turn': '0.01777', 'ctr': 2.4613906237720586, 'len_tra': 3.94, 'R_tra': 9.697879057661911, 'ifeat_feat': 0.23223350253807107, 'NX_0_click_loss': 32.05605843814118, 'NX_0_CV': '0.00511', 'NX_0_CV_turn': '0.01545', 'NX_0_ctr': 2.446645613683806, 'NX_0_len_tra': 5.5, 'NX_0_R_tra': 13.456550875260934, 'NX_0_ifeat_feat': 0.25727272727272726, 'NX_10_click_loss': 32.437456628348386, 'NX_10_CV': '0.00511', 'NX_10_CV_turn': '0.00850', 'NX_10_ctr': 2.443027191664758, 'NX_10_len_tra': 10.0, 'NX_10_R_tra': 24.43027191664758, 'NX_10_ifeat_feat': 0.3355}]
[I 221224 05:54:19 utils:48] Epoch: [4], Info: [{'loss': 0.000611861752001262, 'mae': 0.41563908224678103, 'mse': 0.39436893562996234, 'click_loss': 32.32557412670643, 'CV': '0.00451', 'CV_turn': '0.01940', 'ctr': 2.5281251603481936, 'len_tra': 3.865, 'R_tra': 9.771203744745769, 'ifeat_feat': 0.19922380336351875, 'NX_0_click_loss': 32.67664744872937, 'NX_0_CV': '0.00481', 'NX_0_CV_turn': '0.01494', 'NX_0_ctr': 2.406145230050141, 'NX_0_len_tra': 5.355, 'NX_0_R_tra': 12.884907706918506, 'NX_0_ifeat_feat': 0.2707749766573296, 'NX_10_click_loss': 33.0540482893756, 'NX_10_CV': '0.00511', 'NX_10_CV_turn': '0.00850', 'NX_10_ctr': 2.398638261871642, 'NX_10_len_tra': 10.0, 'NX_10_R_tra': 23.98638261871642, 'NX_10_ifeat_feat': 0.3365}]
[I 221224 05:58:20 utils:48] Epoch: [5], Info: [{'loss': 0.0006118581982612905, 'mae': 0.4184776911388703, 'mse': 0.39450542532105454, 'click_loss': 30.11588419380464, 'CV': '0.00451', 'CV_turn': '0.01901', 'ctr': 2.4631510618447674, 'len_tra': 3.945, 'R_tra': 9.717130938977608, 'ifeat_feat': 0.2332065906210393, 'NX_0_click_loss': 30.397972004153484, 'NX_0_CV': '0.00511', 'NX_0_CV_turn': '0.01622', 'NX_0_ctr': 2.406438233337468, 'NX_0_len_tra': 5.24, 'NX_0_R_tra': 12.609736342688334, 'NX_0_ifeat_feat': 0.26145038167938933, 'NX_10_click_loss': 30.763355115775656, 'NX_10_CV': '0.00541', 'NX_10_CV_turn': '0.00900', 'NX_10_ctr': 2.3794481514736208, 'NX_10_len_tra': 10.0, 'NX_10_R_tra': 23.79448151473621, 'NX_10_ifeat_feat': 0.3215}]
[I 221224 06:02:20 utils:48] Epoch: [6], Info: [{'loss': 0.0006118479899599723, 'mae': 0.4159489631660334, 'mse': 0.3942172232599049, 'click_loss': 31.673634899914777, 'CV': '0.00421', 'CV_turn': '0.01795', 'ctr': 2.4447733112165917, 'len_tra': 3.9, 'R_tra': 9.534615913744709, 'ifeat_feat': 0.21666666666666667, 'NX_0_click_loss': 32.00359212455598, 'NX_0_CV': '0.00451', 'NX_0_CV_turn': '0.01351', 'NX_0_ctr': 2.4037153358409746, 'NX_0_len_tra': 5.55, 'NX_0_R_tra': 13.34062011391741, 'NX_0_ifeat_feat': 0.2693693693693694, 'NX_10_click_loss': 32.415969082500304, 'NX_10_CV': '0.00481', 'NX_10_CV_turn': '0.00800', 'NX_10_ctr': 2.3787059599416986, 'NX_10_len_tra': 10.0, 'NX_10_R_tra': 23.787059599416985, 'NX_10_ifeat_feat': 0.3345}]
[I 221224 06:06:20 utils:48] Epoch: [7], Info: [{'loss': 0.0006118524854117829, 'mae': 0.41467827760909076, 'mse': 0.39452432528893167, 'click_loss': 33.696797541828275, 'CV': '0.00391', 'CV_turn': '0.01688', 'ctr': 2.4300441816249396, 'len_tra': 3.85, 'R_tra': 9.355670099256017, 'ifeat_feat': 0.22987012987012986, 'NX_0_click_loss': 34.17249655245272, 'NX_0_CV': '0.00541', 'NX_0_CV_turn': '0.01601', 'NX_0_ctr': 2.418243772502239, 'NX_0_len_tra': 5.62, 'NX_0_R_tra': 13.590530001462582, 'NX_0_ifeat_feat': 0.26512455516014233, 'NX_10_click_loss': 34.47810025102676, 'NX_10_CV': '0.00481', 'NX_10_CV_turn': '0.00800', 'NX_10_ctr': 2.309839444943039, 'NX_10_len_tra': 10.0, 'NX_10_R_tra': 23.098394449430387, 'NX_10_ifeat_feat': 0.33}]
[I 221224 06:10:20 utils:48] Epoch: [8], Info: [{'loss': 0.0006118496783039651, 'mae': 0.41247082493815984, 'mse': 0.39493878465660415, 'click_loss': 31.90041083791409, 'CV': '0.00481', 'CV_turn': '0.02065', 'ctr': 2.4617085856184033, 'len_tra': 3.875, 'R_tra': 9.539120769271314, 'ifeat_feat': 0.24387096774193548, 'NX_0_click_loss': 32.293106849403785, 'NX_0_CV': '0.00481', 'NX_0_CV_turn': '0.01440', 'NX_0_ctr': 2.390803280767182, 'NX_0_len_tra': 5.555, 'NX_0_R_tra': 13.280912224661694, 'NX_0_ifeat_feat': 0.2565256525652565, 'NX_10_click_loss': 32.694148920043645, 'NX_10_CV': '0.00511', 'NX_10_CV_turn': '0.00850', 'NX_10_ctr': 2.3988668145978025, 'NX_10_len_tra': 10.0, 'NX_10_R_tra': 23.988668145978025, 'NX_10_ifeat_feat': 0.336}]
[I 221224 06:14:22 utils:48] Epoch: [9], Info: [{'loss': 0.0006118602066801888, 'mae': 0.4144255121822574, 'mse': 0.3945623083665298, 'click_loss': 33.454313292050365, 'CV': '0.00421', 'CV_turn': '0.01892', 'ctr': 2.438116945767407, 'len_tra': 3.7, 'R_tra': 9.021032699339406, 'ifeat_feat': 0.20540540540540542, 'NX_0_click_loss': 33.84177834347424, 'NX_0_CV': '0.00511', 'NX_0_CV_turn': '0.01595', 'NX_0_ctr': 2.362373530792054, 'NX_0_len_tra': 5.33, 'NX_0_R_tra': 12.591450919121648, 'NX_0_ifeat_feat': 0.2551594746716698, 'NX_10_click_loss': 34.32795767779507, 'NX_10_CV': '0.00541', 'NX_10_CV_turn': '0.00900', 'NX_10_ctr': 2.3995189990536665, 'NX_10_len_tra': 10.0, 'NX_10_R_tra': 23.995189990536666, 'NX_10_ifeat_feat': 0.331}]
[I 221224 06:14:22 DICE:259] {}
