[I 221224 11:20:43 CIRS-UserModel-kuaishou:170] {
      "resume": false,
      "env": "KuaishouEnv-v0",
      "is_softmax": false,
      "l2_reg_dnn": 0.1,
      "lambda_ab": 10,
      "epsilon": 0.1,
      "is_ucb": false,
      "num_trajectory": 200,
      "force_length": 10,
      "top_rate": 0.6,
      "feature_dim": 16,
      "entity_dim": 16,
      "user_model_name": "DeepFM",
      "dnn": [
        64,
        64
      ],
      "batch_size": 2048,
      "epoch": 10,
      "cuda": 6,
      "leave_threshold": 0.0,
      "num_leave_compute": 4,
      "tau": 0.0,
      "is_ab": false,
      "message": "Epsilon-greedy-leave4"
    }
[I 221224 11:21:48 utils:48] Epoch: [-1], Info: [{'mae': 0.8658588094033238, 'mse': 1.1853112927361438, 'click_loss': 2.28540016078145, 'CV': '0.01292', 'CV_turn': '0.09795', 'ctr': 2.2839218933763954, 'len_tra': 2.195, 'R_tra': 5.013208555961188, 'ifeat_feat': 0.05922551252847381, 'NX_0_click_loss': 2.2240369490420235, 'NX_0_CV': '0.02375', 'NX_0_CV_turn': '0.10300', 'NX_0_ctr': 2.2229882763612063, 'NX_0_len_tra': 3.835, 'NX_0_R_tra': 8.525160039845225, 'NX_0_ifeat_feat': 0.11734028683181226, 'NX_10_click_loss': 2.242798256035774, 'NX_10_CV': '0.06312', 'NX_10_CV_turn': '0.10500', 'NX_10_ctr': 2.2408898224298572, 'NX_10_len_tra': 10.0, 'NX_10_R_tra': 22.40889822429857, 'NX_10_ifeat_feat': 0.3345}]
[I 221224 11:24:23 utils:48] Epoch: [0], Info: [{'loss': 0.0003192663689942508, 'mae': 0.414858253040206, 'mse': 0.3947393951447611, 'click_loss': 41.11082757136016, 'CV': '0.01202', 'CV_turn': '0.09091', 'ctr': 2.4489526268466513, 'len_tra': 2.2, 'R_tra': 5.387695779062633, 'ifeat_feat': 0.04772727272727273, 'NX_0_click_loss': 42.21794632437938, 'NX_0_CV': '0.03697', 'NX_0_CV_turn': '0.10380', 'NX_0_ctr': 2.3566132966081543, 'NX_0_len_tra': 5.925, 'NX_0_R_tra': 13.962933782403315, 'NX_0_ifeat_feat': 0.29282700421940927, 'NX_10_click_loss': 42.06044405717901, 'NX_10_CV': '0.05981', 'NX_10_CV_turn': '0.09950', 'NX_10_ctr': 2.22056173772863, 'NX_10_len_tra': 10.0, 'NX_10_R_tra': 22.205617377286302, 'NX_10_ifeat_feat': 0.384}]
[I 221224 11:27:01 utils:48] Epoch: [1], Info: [{'loss': 0.00031334205276290286, 'mae': 0.41672462627760576, 'mse': 0.394743743960814, 'click_loss': 48.67901687895413, 'CV': '0.01112', 'CV_turn': '0.08585', 'ctr': 2.309780266966103, 'len_tra': 2.155, 'R_tra': 4.977576475311952, 'ifeat_feat': 0.05336426914153132, 'NX_0_click_loss': 44.141307834748865, 'NX_0_CV': '0.03366', 'NX_0_CV_turn': '0.09748', 'NX_0_ctr': 2.3356471819042652, 'NX_0_len_tra': 5.745, 'NX_0_R_tra': 13.418293060040005, 'NX_0_ifeat_feat': 0.2819843342036554, 'NX_10_click_loss': 42.35386776291913, 'NX_10_CV': '0.05831', 'NX_10_CV_turn': '0.09700', 'NX_10_ctr': 2.2210210069376886, 'NX_10_len_tra': 10.0, 'NX_10_R_tra': 22.210210069376885, 'NX_10_ifeat_feat': 0.3905}]
[I 221224 11:29:38 utils:48] Epoch: [2], Info: [{'loss': 0.0003133920430001387, 'mae': 0.41895627991049816, 'mse': 0.39499809583073536, 'click_loss': 39.09500705998341, 'CV': '0.01593', 'CV_turn': '0.11572', 'ctr': 2.289593376554361, 'len_tra': 2.29, 'R_tra': 5.243168832309486, 'ifeat_feat': 0.06550218340611354, 'NX_0_click_loss': 37.85533550430132, 'NX_0_CV': '0.02885', 'NX_0_CV_turn': '0.09031', 'NX_0_ctr': 2.3192062606784556, 'NX_0_len_tra': 5.315, 'NX_0_R_tra': 12.326581275505992, 'NX_0_ifeat_feat': 0.23424270931326435, 'NX_10_click_loss': 38.67774066581301, 'NX_10_CV': '0.05951', 'NX_10_CV_turn': '0.09900', 'NX_10_ctr': 2.2691700071292553, 'NX_10_len_tra': 10.0, 'NX_10_R_tra': 22.69170007129255, 'NX_10_ifeat_feat': 0.388}]
[I 221224 11:32:16 utils:48] Epoch: [3], Info: [{'loss': 0.00031338578895338744, 'mae': 0.41952248810515025, 'mse': 0.3955178990119309, 'click_loss': 41.59682153987371, 'CV': '0.01413', 'CV_turn': '0.10491', 'ctr': 2.2570087885464525, 'len_tra': 2.24, 'R_tra': 5.055699686344053, 'ifeat_feat': 0.078125, 'NX_0_click_loss': 39.0421358067502, 'NX_0_CV': '0.03066', 'NX_0_CV_turn': '0.09560', 'NX_0_ctr': 2.3609187311269952, 'NX_0_len_tra': 5.335, 'NX_0_R_tra': 12.59550143056252, 'NX_0_ifeat_feat': 0.2492970946579194, 'NX_10_click_loss': 38.30933444809789, 'NX_10_CV': '0.06342', 'NX_10_CV_turn': '0.10550', 'NX_10_ctr': 2.2542913973319743, 'NX_10_len_tra': 10.0, 'NX_10_R_tra': 22.54291397331974, 'NX_10_ifeat_feat': 0.3805}]
[I 221224 11:34:52 utils:48] Epoch: [4], Info: [{'loss': 0.0003133826570473117, 'mae': 0.4178257525633499, 'mse': 0.39483538581845284, 'click_loss': 47.169679291373626, 'CV': '0.01653', 'CV_turn': '0.12061', 'ctr': 2.4356442804501306, 'len_tra': 2.28, 'R_tra': 5.553268959426298, 'ifeat_feat': 0.08333333333333333, 'NX_0_click_loss': 41.20856342122508, 'NX_0_CV': '0.03336', 'NX_0_CV_turn': '0.09431', 'NX_0_ctr': 2.268252789875741, 'NX_0_len_tra': 5.885, 'NX_0_R_tra': 13.348667668418736, 'NX_0_ifeat_feat': 0.2829226847918437, 'NX_10_click_loss': 42.99359482025867, 'NX_10_CV': '0.05410', 'NX_10_CV_turn': '0.09000', 'NX_10_ctr': 2.2246170179819917, 'NX_10_len_tra': 10.0, 'NX_10_R_tra': 22.24617017981992, 'NX_10_ifeat_feat': 0.3925}]
[I 221224 11:37:32 utils:48] Epoch: [5], Info: [{'loss': 0.00031338929478676945, 'mae': 0.418097005545662, 'mse': 0.39464606049523804, 'click_loss': 40.513652315314076, 'CV': '0.00962', 'CV_turn': '0.07477', 'ctr': 2.393869163384412, 'len_tra': 2.14, 'R_tra': 5.122880009642642, 'ifeat_feat': 0.04672897196261682, 'NX_0_click_loss': 44.81857895433264, 'NX_0_CV': '0.03547', 'NX_0_CV_turn': '0.09908', 'NX_0_ctr': 2.3311258411578346, 'NX_0_len_tra': 5.955, 'NX_0_R_tra': 13.881854384094904, 'NX_0_ifeat_feat': 0.28883291351805207, 'NX_10_click_loss': 44.338834373801724, 'NX_10_CV': '0.06432', 'NX_10_CV_turn': '0.10700', 'NX_10_ctr': 2.2253561671672326, 'NX_10_len_tra': 10.0, 'NX_10_R_tra': 22.25356167167233, 'NX_10_ifeat_feat': 0.3935}]
[I 221224 11:40:06 utils:48] Epoch: [6], Info: [{'loss': 0.00031338120588410377, 'mae': 0.4166412175631883, 'mse': 0.39458885073253797, 'click_loss': 42.41513826949021, 'CV': '0.01353', 'CV_turn': '0.10158', 'ctr': 2.2453064962618483, 'len_tra': 2.215, 'R_tra': 4.973353889219994, 'ifeat_feat': 0.05417607223476298, 'NX_0_click_loss': 44.64958803156662, 'NX_0_CV': '0.03937', 'NX_0_CV_turn': '0.10899', 'NX_0_ctr': 2.2372929328572324, 'NX_0_len_tra': 6.01, 'NX_0_R_tra': 13.446130526471968, 'NX_0_ifeat_feat': 0.2945091514143095, 'NX_10_click_loss': 43.27981470323993, 'NX_10_CV': '0.05801', 'NX_10_CV_turn': '0.09650', 'NX_10_ctr': 2.181222760452733, 'NX_10_len_tra': 10.0, 'NX_10_R_tra': 21.81222760452733, 'NX_10_ifeat_feat': 0.397}]
[I 221224 11:42:37 utils:48] Epoch: [7], Info: [{'loss': 0.0003133859198135558, 'mae': 0.41641725871084767, 'mse': 0.39450374098862734, 'click_loss': 35.51411838063874, 'CV': '0.01202', 'CV_turn': '0.09302', 'ctr': 2.4181137526125127, 'len_tra': 2.15, 'R_tra': 5.198944568116903, 'ifeat_feat': 0.06279069767441861, 'NX_0_click_loss': 42.651939300637125, 'NX_0_CV': '0.03727', 'NX_0_CV_turn': '0.10535', 'NX_0_ctr': 2.2878242783812937, 'NX_0_len_tra': 5.885, 'NX_0_R_tra': 13.463845878273915, 'NX_0_ifeat_feat': 0.2854715378079864, 'NX_10_click_loss': 42.79885900523915, 'NX_10_CV': '0.06102', 'NX_10_CV_turn': '0.10150', 'NX_10_ctr': 2.2393403666282516, 'NX_10_len_tra': 10.0, 'NX_10_R_tra': 22.393403666282516, 'NX_10_ifeat_feat': 0.383}]
[I 221224 11:45:14 utils:48] Epoch: [8], Info: [{'loss': 0.00031338711045510257, 'mae': 0.41485219519932376, 'mse': 0.39483881291773965, 'click_loss': 44.04070400405237, 'CV': '0.01323', 'CV_turn': '0.10092', 'ctr': 2.340866704390429, 'len_tra': 2.18, 'R_tra': 5.103089415571136, 'ifeat_feat': 0.06880733944954129, 'NX_0_click_loss': 43.634028352977516, 'NX_0_CV': '0.03787', 'NX_0_CV_turn': '0.10696', 'NX_0_ctr': 2.2989288704007445, 'NX_0_len_tra': 5.89, 'NX_0_R_tra': 13.540691046660383, 'NX_0_ifeat_feat': 0.28522920203735147, 'NX_10_click_loss': 48.09143634303075, 'NX_10_CV': '0.06282', 'NX_10_CV_turn': '0.10450', 'NX_10_ctr': 2.2893611620234777, 'NX_10_len_tra': 10.0, 'NX_10_R_tra': 22.89361162023478, 'NX_10_ifeat_feat': 0.396}]
[I 221224 11:47:56 utils:48] Epoch: [9], Info: [{'loss': 0.0003133837425788091, 'mae': 0.414761549200411, 'mse': 0.3947864596558349, 'click_loss': 41.16486494390601, 'CV': '0.01323', 'CV_turn': '0.10115', 'ctr': 2.377618923819144, 'len_tra': 2.175, 'R_tra': 5.171321159306638, 'ifeat_feat': 0.059770114942528735, 'NX_0_click_loss': 44.901835469837856, 'NX_0_CV': '0.03607', 'NX_0_CV_turn': '0.10239', 'NX_0_ctr': 2.290056652351745, 'NX_0_len_tra': 5.86, 'NX_0_R_tra': 13.419731982781224, 'NX_0_ifeat_feat': 0.2901023890784983, 'NX_10_click_loss': 44.46379709415848, 'NX_10_CV': '0.06222', 'NX_10_CV_turn': '0.10350', 'NX_10_ctr': 2.233854564480161, 'NX_10_len_tra': 10.0, 'NX_10_R_tra': 22.338545644801606, 'NX_10_ifeat_feat': 0.3945}]
[I 221224 11:47:56 CIRS-UserModel-kuaishou:230] {}
