[I 221224 08:00:20 CIRS-UserModel-kuaishou:170] {
      "resume": false,
      "env": "KuaishouEnv-v0",
      "is_softmax": false,
      "l2_reg_dnn": 0.1,
      "lambda_ab": 10,
      "epsilon": 0.1,
      "is_ucb": false,
      "num_trajectory": 200,
      "force_length": 10,
      "top_rate": 0.6,
      "feature_dim": 16,
      "entity_dim": 16,
      "user_model_name": "DeepFM",
      "dnn": [
        64,
        64
      ],
      "batch_size": 2048,
      "epoch": 10,
      "cuda": 6,
      "leave_threshold": 0.0,
      "num_leave_compute": 3,
      "tau": 0.0,
      "is_ab": false,
      "message": "Epsilon-greedy-leave3"
    }
[I 221224 08:01:27 utils:48] Epoch: [-1], Info: [{'mae': 0.8658588094033238, 'mse': 1.1853112927361438, 'click_loss': 2.4086923948869363, 'CV': '0.01503', 'CV_turn': '0.10776', 'ctr': 2.4071881724460176, 'len_tra': 2.32, 'R_tra': 5.584676560074761, 'ifeat_feat': 0.0668103448275862, 'NX_0_click_loss': 2.2713211358618164, 'NX_0_CV': '0.04148', 'NX_0_CV_turn': '0.10632', 'NX_0_ctr': 2.270106393578702, 'NX_0_len_tra': 6.49, 'NX_0_R_tra': 14.732990494325774, 'NX_0_ifeat_feat': 0.24114021571648692, 'NX_10_click_loss': 2.281172084325869, 'NX_10_CV': '0.06312', 'NX_10_CV_turn': '0.10500', 'NX_10_ctr': 2.2799813346904148, 'NX_10_len_tra': 10.0, 'NX_10_R_tra': 22.79981334690415, 'NX_10_ifeat_feat': 0.3275}]
[I 221224 08:04:02 utils:48] Epoch: [0], Info: [{'loss': 0.00031927817986529024, 'mae': 0.41543121883042833, 'mse': 0.39476481562826166, 'click_loss': 46.421881162136316, 'CV': '0.01803', 'CV_turn': '0.12685', 'ctr': 2.368031818870703, 'len_tra': 2.365, 'R_tra': 5.600395251629212, 'ifeat_feat': 0.08668076109936575, 'NX_0_click_loss': 39.617139640693345, 'NX_0_CV': '0.04148', 'NX_0_CV_turn': '0.08394', 'NX_0_ctr': 2.2711413268080887, 'NX_0_len_tra': 8.22, 'NX_0_R_tra': 18.66878170636249, 'NX_0_ifeat_feat': 0.3905109489051095, 'NX_10_click_loss': 42.28368896996391, 'NX_10_CV': '0.06432', 'NX_10_CV_turn': '0.10700', 'NX_10_ctr': 2.2166112712563186, 'NX_10_len_tra': 10.0, 'NX_10_R_tra': 22.166112712563187, 'NX_10_ifeat_feat': 0.392}]
[I 221224 08:06:35 utils:48] Epoch: [1], Info: [{'loss': 0.00031334113409940613, 'mae': 0.41772938241173446, 'mse': 0.394631662794717, 'click_loss': 40.74776009929303, 'CV': '0.01383', 'CV_turn': '0.10000', 'ctr': 2.3812777170576975, 'len_tra': 2.3, 'R_tra': 5.476938749232704, 'ifeat_feat': 0.06521739130434782, 'NX_0_click_loss': 42.37325301775057, 'NX_0_CV': '0.05230', 'NX_0_CV_turn': '0.10999', 'NX_0_ctr': 2.2267246664285545, 'NX_0_len_tra': 7.91, 'NX_0_R_tra': 17.613392111449865, 'NX_0_ifeat_feat': 0.37926675094816686, 'NX_10_click_loss': 41.5470992719202, 'NX_10_CV': '0.06011', 'NX_10_CV_turn': '0.10000', 'NX_10_ctr': 2.2381198283700714, 'NX_10_len_tra': 10.0, 'NX_10_R_tra': 22.381198283700716, 'NX_10_ifeat_feat': 0.3945}]
[I 221224 08:09:12 utils:48] Epoch: [2], Info: [{'loss': 0.000313381587412535, 'mae': 0.41238664048557566, 'mse': 0.39556279644098036, 'click_loss': 46.38893957368899, 'CV': '0.01713', 'CV_turn': '0.12076', 'ctr': 2.223120284368405, 'len_tra': 2.36, 'R_tra': 5.246563871109435, 'ifeat_feat': 0.07627118644067797, 'NX_0_click_loss': 48.96014068971119, 'NX_0_CV': '0.05050', 'NX_0_CV_turn': '0.10377', 'NX_0_ctr': 2.2608854032053007, 'NX_0_len_tra': 8.095, 'NX_0_R_tra': 18.30186733894691, 'NX_0_ifeat_feat': 0.39468807906114883, 'NX_10_click_loss': 48.07270354809334, 'NX_10_CV': '0.06132', 'NX_10_CV_turn': '0.10200', 'NX_10_ctr': 2.195521945615366, 'NX_10_len_tra': 10.0, 'NX_10_R_tra': 21.95521945615366, 'NX_10_ifeat_feat': 0.3885}]
[I 221224 08:11:46 utils:48] Epoch: [3], Info: [{'loss': 0.00031338522032454947, 'mae': 0.414672726360972, 'mse': 0.3949070812237389, 'click_loss': 42.729362410736, 'CV': '0.01082', 'CV_turn': '0.08163', 'ctr': 2.4097273006291124, 'len_tra': 2.205, 'R_tra': 5.313448697887193, 'ifeat_feat': 0.049886621315192746, 'NX_0_click_loss': 42.293840658218144, 'NX_0_CV': '0.05350', 'NX_0_CV_turn': '0.10967', 'NX_0_ctr': 2.226919653251249, 'NX_0_len_tra': 8.115, 'NX_0_R_tra': 18.071452986133885, 'NX_0_ifeat_feat': 0.38570548367221197, 'NX_10_click_loss': 44.72139380979898, 'NX_10_CV': '0.06222', 'NX_10_CV_turn': '0.10350', 'NX_10_ctr': 2.292178815368455, 'NX_10_len_tra': 10.0, 'NX_10_R_tra': 22.921788153684545, 'NX_10_ifeat_feat': 0.3885}]
[I 221224 08:14:19 utils:48] Epoch: [4], Info: [{'loss': 0.00031338601925605804, 'mae': 0.41622454550310106, 'mse': 0.39460653847834104, 'click_loss': 49.45282803167891, 'CV': '0.01262', 'CV_turn': '0.09292', 'ctr': 2.3299676126671938, 'len_tra': 2.26, 'R_tra': 5.265726804627858, 'ifeat_feat': 0.046460176991150445, 'NX_0_click_loss': 41.536369167810555, 'NX_0_CV': '0.03427', 'NX_0_CV_turn': '0.09744', 'NX_0_ctr': 2.3131160383242264, 'NX_0_len_tra': 5.85, 'NX_0_R_tra': 13.531728824196726, 'NX_0_ifeat_feat': 0.28888888888888886, 'NX_10_click_loss': 46.22317905108085, 'NX_10_CV': '0.06793', 'NX_10_CV_turn': '0.11300', 'NX_10_ctr': 2.177903305688965, 'NX_10_len_tra': 10.0, 'NX_10_R_tra': 21.77903305688965, 'NX_10_ifeat_feat': 0.3925}]
[I 221224 08:16:54 utils:48] Epoch: [5], Info: [{'loss': 0.0003133900470341472, 'mae': 0.41744774845389954, 'mse': 0.39468456839118987, 'click_loss': 43.23119675756026, 'CV': '0.01713', 'CV_turn': '0.11875', 'ctr': 2.4133962833933915, 'len_tra': 2.4, 'R_tra': 5.79215108014414, 'ifeat_feat': 0.07708333333333334, 'NX_0_click_loss': 43.68730030209494, 'NX_0_CV': '0.05110', 'NX_0_CV_turn': '0.10436', 'NX_0_ctr': 2.2890481708570958, 'NX_0_len_tra': 8.145, 'NX_0_R_tra': 18.644297351631042, 'NX_0_ifeat_feat': 0.38367096378146104, 'NX_10_click_loss': 43.85688597695727, 'NX_10_CV': '0.05891', 'NX_10_CV_turn': '0.09800', 'NX_10_ctr': 2.2158880712259994, 'NX_10_len_tra': 10.0, 'NX_10_R_tra': 22.158880712259993, 'NX_10_ifeat_feat': 0.3875}]
[I 221224 08:19:30 utils:48] Epoch: [6], Info: [{'loss': 0.00031338754429715855, 'mae': 0.4169398890366204, 'mse': 0.3944666865065533, 'click_loss': 36.451107411606635, 'CV': '0.01052', 'CV_turn': '0.07901', 'ctr': 2.330375312990637, 'len_tra': 2.215, 'R_tra': 5.161781318274262, 'ifeat_feat': 0.05191873589164785, 'NX_0_click_loss': 40.18869309575809, 'NX_0_CV': '0.03607', 'NX_0_CV_turn': '0.10110', 'NX_0_ctr': 2.3493434470728065, 'NX_0_len_tra': 5.935, 'NX_0_R_tra': 13.943353358377106, 'NX_0_ifeat_feat': 0.2847514743049705, 'NX_10_click_loss': 43.78182166664121, 'NX_10_CV': '0.06041', 'NX_10_CV_turn': '0.10050', 'NX_10_ctr': 2.2752301797104564, 'NX_10_len_tra': 10.0, 'NX_10_R_tra': 22.752301797104565, 'NX_10_ifeat_feat': 0.385}]
[I 221224 08:22:06 utils:48] Epoch: [7], Info: [{'loss': 0.00031338313752593197, 'mae': 0.416283498932813, 'mse': 0.39496867565158467, 'click_loss': 40.45212338916451, 'CV': '0.01172', 'CV_turn': '0.08686', 'ctr': 2.4292894906668936, 'len_tra': 2.245, 'R_tra': 5.453754906547176, 'ifeat_feat': 0.04899777282850779, 'NX_0_click_loss': 43.19035179290143, 'NX_0_CV': '0.05170', 'NX_0_CV_turn': '0.10559', 'NX_0_ctr': 2.292144343266545, 'NX_0_len_tra': 8.145, 'NX_0_R_tra': 18.66951567590601, 'NX_0_ifeat_feat': 0.38919582565991406, 'NX_10_click_loss': 41.10272395840984, 'NX_10_CV': '0.06041', 'NX_10_CV_turn': '0.10050', 'NX_10_ctr': 2.2654523395668065, 'NX_10_len_tra': 10.0, 'NX_10_R_tra': 22.654523395668065, 'NX_10_ifeat_feat': 0.387}]
[I 221224 08:24:43 utils:48] Epoch: [8], Info: [{'loss': 0.0003133843169441657, 'mae': 0.41610313060779525, 'mse': 0.3949677785004938, 'click_loss': 39.237675452912114, 'CV': '0.01232', 'CV_turn': '0.08972', 'ctr': 2.4315937687077573, 'len_tra': 2.285, 'R_tra': 5.556191761497225, 'ifeat_feat': 0.04157549234135667, 'NX_0_click_loss': 41.918931786976, 'NX_0_CV': '0.05170', 'NX_0_CV_turn': '0.10507', 'NX_0_ctr': 2.273350475722723, 'NX_0_len_tra': 8.185, 'NX_0_R_tra': 18.607373643790492, 'NX_0_ifeat_feat': 0.3836285888821014, 'NX_10_click_loss': 42.05904712452083, 'NX_10_CV': '0.05711', 'NX_10_CV_turn': '0.09500', 'NX_10_ctr': 2.2473179470457194, 'NX_10_len_tra': 10.0, 'NX_10_R_tra': 22.473179470457193, 'NX_10_ifeat_feat': 0.395}]
[I 221224 08:27:16 utils:48] Epoch: [9], Info: [{'loss': 0.0003133764379761999, 'mae': 0.4117982765835546, 'mse': 0.3957174163893629, 'click_loss': 53.40271270135168, 'CV': '0.01803', 'CV_turn': '0.12712', 'ctr': 2.3438013616402587, 'len_tra': 2.36, 'R_tra': 5.53137121347101, 'ifeat_feat': 0.08898305084745763, 'NX_0_click_loss': 45.06480955277622, 'NX_0_CV': '0.05080', 'NX_0_CV_turn': '0.10439', 'NX_0_ctr': 2.234831843378861, 'NX_0_len_tra': 8.095, 'NX_0_R_tra': 18.09096377215188, 'NX_0_ifeat_feat': 0.3804817788758493, 'NX_10_click_loss': 46.77895366035029, 'NX_10_CV': '0.05440', 'NX_10_CV_turn': '0.09050', 'NX_10_ctr': 2.3511324018053505, 'NX_10_len_tra': 10.0, 'NX_10_R_tra': 23.511324018053507, 'NX_10_ifeat_feat': 0.3965}]
[I 221224 08:27:16 CIRS-UserModel-kuaishou:230] {}
