[I 221224 01:34:02 CIRS-UserModel-kuaishou:170] {
      "resume": false,
      "env": "KuaishouEnv-v0",
      "is_softmax": false,
      "l2_reg_dnn": 0.1,
      "lambda_ab": 10,
      "epsilon": 0.1,
      "is_ucb": false,
      "num_trajectory": 200,
      "force_length": 10,
      "top_rate": 0.6,
      "feature_dim": 16,
      "entity_dim": 16,
      "user_model_name": "DeepFM",
      "dnn": [
        64,
        64
      ],
      "batch_size": 2048,
      "epoch": 10,
      "cuda": 6,
      "leave_threshold": 0.0,
      "num_leave_compute": 1,
      "tau": 0.0,
      "is_ab": false,
      "message": "Epsilon-greedy-leave1"
    }
[I 221224 01:35:18 utils:48] Epoch: [-1], Info: [{'mae': 0.8658588094033238, 'mse': 1.1853112927361438, 'click_loss': 2.4014215072271297, 'CV': '0.01833', 'CV_turn': '0.12603', 'ctr': 2.3995619423272547, 'len_tra': 2.42, 'R_tra': 5.806939900431956, 'ifeat_feat': 0.08057851239669421, 'NX_0_click_loss': 2.140785176655762, 'NX_0_CV': '0.07093', 'NX_0_CV_turn': '0.11080', 'NX_0_ctr': 2.138647882979542, 'NX_0_len_tra': 10.65, 'NX_0_R_tra': 22.776599953732124, 'NX_0_ifeat_feat': 0.36384976525821594, 'NX_10_click_loss': 2.245955861941774, 'NX_10_CV': '0.05951', 'NX_10_CV_turn': '0.09900', 'NX_10_ctr': 2.2435973959028273, 'NX_10_len_tra': 10.0, 'NX_10_R_tra': 22.435973959028274, 'NX_10_ifeat_feat': 0.3305}]
[I 221224 01:37:36 utils:48] Epoch: [0], Info: [{'loss': 0.0003192486428426175, 'mae': 0.4158949847563957, 'mse': 0.3945891420058378, 'click_loss': 42.734720804179325, 'CV': '0.01623', 'CV_turn': '0.11157', 'ctr': 2.4131157996243964, 'len_tra': 2.42, 'R_tra': 5.83974023509104, 'ifeat_feat': 0.06818181818181818, 'NX_0_click_loss': 45.714118672921224, 'NX_0_CV': '0.10941', 'NX_0_CV_turn': '0.10216', 'NX_0_ctr': 2.1781115773402386, 'NX_0_len_tra': 17.815, 'NX_0_R_tra': 38.80305775031635, 'NX_0_ifeat_feat': 0.3693516699410609, 'NX_10_click_loss': 41.648014939172455, 'NX_10_CV': '0.06252', 'NX_10_CV_turn': '0.10400', 'NX_10_ctr': 2.2140604513717785, 'NX_10_len_tra': 10.0, 'NX_10_R_tra': 22.140604513717786, 'NX_10_ifeat_feat': 0.3865}]
[I 221224 01:39:53 utils:48] Epoch: [1], Info: [{'loss': 0.00031333765461548076, 'mae': 0.41584495754460604, 'mse': 0.3945911824323198, 'click_loss': 39.92686047449909, 'CV': '0.01623', 'CV_turn': '0.11321', 'ctr': 2.376422727191515, 'len_tra': 2.385, 'R_tra': 5.667768204351763, 'ifeat_feat': 0.05450733752620545, 'NX_0_click_loss': 46.01770191721947, 'NX_0_CV': '0.11632', 'NX_0_CV_turn': '0.10519', 'NX_0_ctr': 2.1981935396424195, 'NX_0_len_tra': 18.395, 'NX_0_R_tra': 40.4357701617223, 'NX_0_ifeat_feat': 0.3751019298722479, 'NX_10_click_loss': 42.863934704915856, 'NX_10_CV': '0.05981', 'NX_10_CV_turn': '0.09950', 'NX_10_ctr': 2.2299818889063516, 'NX_10_len_tra': 10.0, 'NX_10_R_tra': 22.299818889063516, 'NX_10_ifeat_feat': 0.383}]
[I 221224 01:42:13 utils:48] Epoch: [2], Info: [{'loss': 0.00031338226191010793, 'mae': 0.4143251987060799, 'mse': 0.39463497634926537, 'click_loss': 45.513497625518724, 'CV': '0.01473', 'CV_turn': '0.10606', 'ctr': 2.4020800120144323, 'len_tra': 2.31, 'R_tra': 5.548804827753339, 'ifeat_feat': 0.07142857142857142, 'NX_0_click_loss': 44.95224099125427, 'NX_0_CV': '0.10730', 'NX_0_CV_turn': '0.09741', 'NX_0_ctr': 2.1122943360223854, 'NX_0_len_tra': 18.325, 'NX_0_R_tra': 38.70779370761021, 'NX_0_ifeat_feat': 0.37189631650750343, 'NX_10_click_loss': 41.009685032277346, 'NX_10_CV': '0.06613', 'NX_10_CV_turn': '0.11000', 'NX_10_ctr': 2.2024947017720433, 'NX_10_len_tra': 10.0, 'NX_10_R_tra': 22.024947017720432, 'NX_10_ifeat_feat': 0.393}]
[I 221224 01:44:32 utils:48] Epoch: [3], Info: [{'loss': 0.0003133914607506366, 'mae': 0.41452161018540584, 'mse': 0.3949070242423725, 'click_loss': 41.56036233782179, 'CV': '0.00962', 'CV_turn': '0.07256', 'ctr': 2.3488372100908768, 'len_tra': 2.205, 'R_tra': 5.179186048250383, 'ifeat_feat': 0.045351473922902494, 'NX_0_click_loss': 47.92762745605483, 'NX_0_CV': '0.11091', 'NX_0_CV_turn': '0.10290', 'NX_0_ctr': 2.170964297959336, 'NX_0_len_tra': 17.93, 'NX_0_R_tra': 38.925389862410896, 'NX_0_ifeat_feat': 0.38064696040156165, 'NX_10_click_loss': 47.4554313215011, 'NX_10_CV': '0.06102', 'NX_10_CV_turn': '0.10150', 'NX_10_ctr': 2.302692013143833, 'NX_10_len_tra': 10.0, 'NX_10_R_tra': 23.02692013143833, 'NX_10_ifeat_feat': 0.392}]
[I 221224 01:46:49 utils:48] Epoch: [4], Info: [{'loss': 0.00031337738952954555, 'mae': 0.4167358773457124, 'mse': 0.3946933355060543, 'click_loss': 38.217065121644495, 'CV': '0.01142', 'CV_turn': '0.08501', 'ctr': 2.4003488826882102, 'len_tra': 2.235, 'R_tra': 5.3647797528081504, 'ifeat_feat': 0.05145413870246085, 'NX_0_click_loss': 44.29297154644896, 'NX_0_CV': '0.11151', 'NX_0_CV_turn': '0.10218', 'NX_0_ctr': 2.1738664156784138, 'NX_0_len_tra': 18.155, 'NX_0_R_tra': 39.466544776641605, 'NX_0_ifeat_feat': 0.3737262462131644, 'NX_10_click_loss': 44.163646240972454, 'NX_10_CV': '0.06583', 'NX_10_CV_turn': '0.10950', 'NX_10_ctr': 2.2380473392236917, 'NX_10_len_tra': 10.0, 'NX_10_R_tra': 22.38047339223692, 'NX_10_ifeat_feat': 0.394}]
[I 221224 01:49:09 utils:48] Epoch: [5], Info: [{'loss': 0.00031338159128682555, 'mae': 0.414476664292316, 'mse': 0.3947019249896003, 'click_loss': 40.927893710172405, 'CV': '0.01383', 'CV_turn': '0.09914', 'ctr': 2.3773769403686447, 'len_tra': 2.32, 'R_tra': 5.515514501655256, 'ifeat_feat': 0.04525862068965517, 'NX_0_click_loss': 44.76064396837287, 'NX_0_CV': '0.09919', 'NX_0_CV_turn': '0.09036', 'NX_0_ctr': 2.1227494591085345, 'NX_0_len_tra': 18.26, 'NX_0_R_tra': 38.761405123321836, 'NX_0_ifeat_feat': 0.3647316538882804, 'NX_10_click_loss': 43.127585483328296, 'NX_10_CV': '0.06162', 'NX_10_CV_turn': '0.10250', 'NX_10_ctr': 2.295221198812966, 'NX_10_len_tra': 10.0, 'NX_10_R_tra': 22.95221198812966, 'NX_10_ifeat_feat': 0.388}]
[I 221224 01:51:28 utils:48] Epoch: [6], Info: [{'loss': 0.0003133838373954702, 'mae': 0.4164707663248422, 'mse': 0.3944871333642057, 'click_loss': 39.7627451029096, 'CV': '0.01473', 'CV_turn': '0.10403', 'ctr': 2.2302980452381918, 'len_tra': 2.355, 'R_tra': 5.2523518965359415, 'ifeat_feat': 0.07006369426751592, 'NX_0_click_loss': 44.48567182498285, 'NX_0_CV': '0.11482', 'NX_0_CV_turn': '0.10673', 'NX_0_ctr': 2.138251077380924, 'NX_0_len_tra': 17.895, 'NX_0_R_tra': 38.26400302973163, 'NX_0_ifeat_feat': 0.3763621123218776, 'NX_10_click_loss': 44.60773353088676, 'NX_10_CV': '0.06673', 'NX_10_CV_turn': '0.11100', 'NX_10_ctr': 2.2263640049772615, 'NX_10_len_tra': 10.0, 'NX_10_R_tra': 22.263640049772615, 'NX_10_ifeat_feat': 0.395}]
[I 221224 01:53:51 utils:48] Epoch: [7], Info: [{'loss': 0.0003133874414536524, 'mae': 0.4137042347232258, 'mse': 0.39528970186092205, 'click_loss': 46.26615953202664, 'CV': '0.01713', 'CV_turn': '0.11925', 'ctr': 2.3162960582860794, 'len_tra': 2.39, 'R_tra': 5.5359475793037305, 'ifeat_feat': 0.09832635983263599, 'NX_0_click_loss': 46.86514438308174, 'NX_0_CV': '0.11061', 'NX_0_CV_turn': '0.10357', 'NX_0_ctr': 2.104682070139204, 'NX_0_len_tra': 17.765, 'NX_0_R_tra': 37.38967697602296, 'NX_0_ifeat_feat': 0.37573881227132, 'NX_10_click_loss': 44.51847539940593, 'NX_10_CV': '0.06252', 'NX_10_CV_turn': '0.10400', 'NX_10_ctr': 2.282241313369228, 'NX_10_len_tra': 10.0, 'NX_10_R_tra': 22.82241313369228, 'NX_10_ifeat_feat': 0.395}]
[I 221224 01:56:12 utils:48] Epoch: [8], Info: [{'loss': 0.00031337775583670024, 'mae': 0.4173323497308331, 'mse': 0.39488568882284775, 'click_loss': 39.4582493675389, 'CV': '0.01142', 'CV_turn': '0.08426', 'ctr': 2.2729677324150965, 'len_tra': 2.255, 'R_tra': 5.1255422365960435, 'ifeat_feat': 0.057649667405764965, 'NX_0_click_loss': 43.92568546846235, 'NX_0_CV': '0.10640', 'NX_0_CV_turn': '0.10225', 'NX_0_ctr': 2.1649667762799805, 'NX_0_len_tra': 17.31, 'NX_0_R_tra': 37.47557489740646, 'NX_0_ifeat_feat': 0.37492778740612365, 'NX_10_click_loss': 43.44270329495328, 'NX_10_CV': '0.06072', 'NX_10_CV_turn': '0.10100', 'NX_10_ctr': 2.2643815242852754, 'NX_10_len_tra': 10.0, 'NX_10_R_tra': 22.643815242852753, 'NX_10_ifeat_feat': 0.3975}]
[I 221224 01:58:33 utils:48] Epoch: [9], Info: [{'loss': 0.00031339438415614205, 'mae': 0.4158342524974263, 'mse': 0.3945518087958994, 'click_loss': 39.543636217375486, 'CV': '0.01202', 'CV_turn': '0.08869', 'ctr': 2.3490242218222814, 'len_tra': 2.255, 'R_tra': 5.297049620209244, 'ifeat_feat': 0.06651884700665188, 'NX_0_click_loss': 44.215048421127044, 'NX_0_CV': '0.10430', 'NX_0_CV_turn': '0.10046', 'NX_0_ctr': 2.147227333154454, 'NX_0_len_tra': 17.27, 'NX_0_R_tra': 37.08261604357742, 'NX_0_ifeat_feat': 0.36971627099015636, 'NX_10_click_loss': 42.38582418114108, 'NX_10_CV': '0.06192', 'NX_10_CV_turn': '0.10300', 'NX_10_ctr': 2.269349279941797, 'NX_10_len_tra': 10.0, 'NX_10_R_tra': 22.693492799417967, 'NX_10_ifeat_feat': 0.3905}]
[I 221224 01:58:33 CIRS-UserModel-kuaishou:230] {}
