[I 221224 14:34:52 CIRS-UserModel-kuaishou:170] {
      "resume": false,
      "env": "KuaishouEnv-v0",
      "is_softmax": false,
      "l2_reg_dnn": 0.1,
      "lambda_ab": 10,
      "epsilon": 0.1,
      "is_ucb": false,
      "num_trajectory": 200,
      "force_length": 10,
      "top_rate": 0.6,
      "feature_dim": 16,
      "entity_dim": 16,
      "user_model_name": "DeepFM",
      "dnn": [
        64,
        64
      ],
      "batch_size": 2048,
      "epoch": 10,
      "cuda": 6,
      "leave_threshold": 0.0,
      "num_leave_compute": 5,
      "tau": 0.0,
      "is_ab": false,
      "message": "Epsilon-greedy-leave5"
    }
[I 221224 14:36:01 utils:48] Epoch: [-1], Info: [{'mae': 0.8658588094033238, 'mse': 1.1853112927361438, 'click_loss': 2.4198926545633515, 'CV': '0.01172', 'CV_turn': '0.08966', 'ctr': 2.4185165696463726, 'len_tra': 2.175, 'R_tra': 5.260273538980861, 'ifeat_feat': 0.052873563218390804, 'NX_0_click_loss': 2.356229205576725, 'NX_0_CV': '0.02375', 'NX_0_CV_turn': '0.10590', 'NX_0_ctr': 2.355380629007899, 'NX_0_len_tra': 3.73, 'NX_0_R_tra': 8.785569746199462, 'NX_0_ifeat_feat': 0.10589812332439678, 'NX_10_click_loss': 2.2444085084676586, 'NX_10_CV': '0.05500', 'NX_10_CV_turn': '0.09150', 'NX_10_ctr': 2.243314262531403, 'NX_10_len_tra': 10.0, 'NX_10_R_tra': 22.43314262531403, 'NX_10_ifeat_feat': 0.323}]
[I 221224 14:38:06 utils:48] Epoch: [0], Info: [{'loss': 0.00031921215452932546, 'mae': 0.41590817423498494, 'mse': 0.39481644316508946, 'click_loss': 38.18569086575613, 'CV': '0.01082', 'CV_turn': '0.08276', 'ctr': 2.453710298613231, 'len_tra': 2.175, 'R_tra': 5.336819899483778, 'ifeat_feat': 0.04367816091954023, 'NX_0_click_loss': 45.80401241961839, 'NX_0_CV': '0.04448', 'NX_0_CV_turn': '0.10000', 'NX_0_ctr': 2.262832747170964, 'NX_0_len_tra': 7.4, 'NX_0_R_tra': 16.744962329065135, 'NX_0_ifeat_feat': 0.35, 'NX_10_click_loss': 43.55825411867522, 'NX_10_CV': '0.05891', 'NX_10_CV_turn': '0.09800', 'NX_10_ctr': 2.251934051269498, 'NX_10_len_tra': 10.0, 'NX_10_R_tra': 22.51934051269498, 'NX_10_ifeat_feat': 0.3915}]
[I 221224 14:40:15 utils:48] Epoch: [1], Info: [{'loss': 0.0003133387361204748, 'mae': 0.4158651886504568, 'mse': 0.3946717854091919, 'click_loss': 51.61008381460049, 'CV': '0.01413', 'CV_turn': '0.10755', 'ctr': 2.3054116606823554, 'len_tra': 2.185, 'R_tra': 5.037324478590946, 'ifeat_feat': 0.07093821510297482, 'NX_0_click_loss': 42.46483354370142, 'NX_0_CV': '0.04388', 'NX_0_CV_turn': '0.09986', 'NX_0_ctr': 2.280142094993997, 'NX_0_len_tra': 7.31, 'NX_0_R_tra': 16.667838714406116, 'NX_0_ifeat_feat': 0.35499316005471954, 'NX_10_click_loss': 42.48413840860759, 'NX_10_CV': '0.06883', 'NX_10_CV_turn': '0.11450', 'NX_10_ctr': 2.1962837790910985, 'NX_10_len_tra': 10.0, 'NX_10_R_tra': 21.962837790910985, 'NX_10_ifeat_feat': 0.3995}]
[I 221224 14:42:23 utils:48] Epoch: [2], Info: [{'loss': 0.0003133816488589257, 'mae': 0.4151069758468464, 'mse': 0.3952000186696314, 'click_loss': 41.66517273156155, 'CV': '0.01353', 'CV_turn': '0.10251', 'ctr': 2.4330776692361558, 'len_tra': 2.195, 'R_tra': 5.340605483973362, 'ifeat_feat': 0.05011389521640091, 'NX_0_click_loss': 47.32690676702108, 'NX_0_CV': '0.04689', 'NX_0_CV_turn': '0.10803', 'NX_0_ctr': 2.319352140820323, 'NX_0_len_tra': 7.22, 'NX_0_R_tra': 16.74572245672273, 'NX_0_ifeat_feat': 0.3573407202216066, 'NX_10_click_loss': 45.12147611605711, 'NX_10_CV': '0.05981', 'NX_10_CV_turn': '0.09950', 'NX_10_ctr': 2.2211973561007676, 'NX_10_len_tra': 10.0, 'NX_10_R_tra': 22.211973561007675, 'NX_10_ifeat_feat': 0.393}]
[I 221224 14:44:29 utils:48] Epoch: [3], Info: [{'loss': 0.00031338647342089653, 'mae': 0.41494876618366117, 'mse': 0.3947033273113644, 'click_loss': 43.132505236624056, 'CV': '0.01563', 'CV_turn': '0.11479', 'ctr': 2.34902537765297, 'len_tra': 2.265, 'R_tra': 5.320542480383977, 'ifeat_feat': 0.0706401766004415, 'NX_0_click_loss': 43.256648391368095, 'NX_0_CV': '0.04388', 'NX_0_CV_turn': '0.10196', 'NX_0_ctr': 2.2794385130006414, 'NX_0_len_tra': 7.16, 'NX_0_R_tra': 16.320779753084594, 'NX_0_ifeat_feat': 0.35195530726256985, 'NX_10_click_loss': 45.871979255727446, 'NX_10_CV': '0.06763', 'NX_10_CV_turn': '0.11250', 'NX_10_ctr': 2.1909595947777776, 'NX_10_len_tra': 10.0, 'NX_10_R_tra': 21.909595947777774, 'NX_10_ifeat_feat': 0.3905}]
[I 221224 14:46:35 utils:48] Epoch: [4], Info: [{'loss': 0.0003133875867740334, 'mae': 0.4148274514028387, 'mse': 0.39473262352587113, 'click_loss': 47.35646647900913, 'CV': '0.01563', 'CV_turn': '0.11581', 'ctr': 2.2698882755401817, 'len_tra': 2.245, 'R_tra': 5.0958991785877075, 'ifeat_feat': 0.06904231625835189, 'NX_0_click_loss': 41.73978955365094, 'NX_0_CV': '0.04088', 'NX_0_CV_turn': '0.09373', 'NX_0_ctr': 2.256680098529145, 'NX_0_len_tra': 7.255, 'NX_0_R_tra': 16.372214114828946, 'NX_0_ifeat_feat': 0.35286009648518263, 'NX_10_click_loss': 43.474314150122765, 'NX_10_CV': '0.06312', 'NX_10_CV_turn': '0.10500', 'NX_10_ctr': 2.2450533345023485, 'NX_10_len_tra': 10.0, 'NX_10_R_tra': 22.450533345023487, 'NX_10_ifeat_feat': 0.3985}]
[I 221224 14:48:41 utils:48] Epoch: [5], Info: [{'loss': 0.00031338558219612904, 'mae': 0.41602156472857943, 'mse': 0.39459713724546935, 'click_loss': 35.29792902942747, 'CV': '0.00902', 'CV_turn': '0.06977', 'ctr': 2.4737033020799943, 'len_tra': 2.15, 'R_tra': 5.318462099471987, 'ifeat_feat': 0.044186046511627906, 'NX_0_click_loss': 39.90760441745416, 'NX_0_CV': '0.04088', 'NX_0_CV_turn': '0.09195', 'NX_0_ctr': 2.3083719288697035, 'NX_0_len_tra': 7.395, 'NX_0_R_tra': 17.070410413991457, 'NX_0_ifeat_feat': 0.3603786342123056, 'NX_10_click_loss': 40.11570129993177, 'NX_10_CV': '0.05260', 'NX_10_CV_turn': '0.08750', 'NX_10_ctr': 2.3038973124287385, 'NX_10_len_tra': 10.0, 'NX_10_R_tra': 23.038973124287384, 'NX_10_ifeat_feat': 0.3895}]
[I 221224 14:50:47 utils:48] Epoch: [6], Info: [{'loss': 0.00031337887493586904, 'mae': 0.41683895899708767, 'mse': 0.3947237511660654, 'click_loss': 40.75851897441702, 'CV': '0.01202', 'CV_turn': '0.09112', 'ctr': 2.4143877914444793, 'len_tra': 2.195, 'R_tra': 5.299581202220633, 'ifeat_feat': 0.06378132118451026, 'NX_0_click_loss': 42.949384724521934, 'NX_0_CV': '0.05050', 'NX_0_CV_turn': '0.11650', 'NX_0_ctr': 2.2290590958259386, 'NX_0_len_tra': 7.21, 'NX_0_R_tra': 16.071516080905017, 'NX_0_ifeat_feat': 0.3550624133148405, 'NX_10_click_loss': 41.410688439712175, 'NX_10_CV': '0.06041', 'NX_10_CV_turn': '0.10050', 'NX_10_ctr': 2.2238685840222003, 'NX_10_len_tra': 10.0, 'NX_10_R_tra': 22.238685840222, 'NX_10_ifeat_feat': 0.3905}]
[I 221224 14:52:53 utils:48] Epoch: [7], Info: [{'loss': 0.00031338956327819586, 'mae': 0.41334509875974995, 'mse': 0.39521900545324246, 'click_loss': 47.10297068992888, 'CV': '0.01323', 'CV_turn': '0.10023', 'ctr': 2.321750299452634, 'len_tra': 2.195, 'R_tra': 5.096241907298531, 'ifeat_feat': 0.05466970387243736, 'NX_0_click_loss': 47.614931615613436, 'NX_0_CV': '0.04509', 'NX_0_CV_turn': '0.10246', 'NX_0_ctr': 2.2836897565005, 'NX_0_len_tra': 7.32, 'NX_0_R_tra': 16.71660901758366, 'NX_0_ifeat_feat': 0.3551912568306011, 'NX_10_click_loss': 44.62750839394268, 'NX_10_CV': '0.06132', 'NX_10_CV_turn': '0.10200', 'NX_10_ctr': 2.253518303572441, 'NX_10_len_tra': 10.0, 'NX_10_R_tra': 22.535183035724412, 'NX_10_ifeat_feat': 0.396}]
[I 221224 14:54:59 utils:48] Epoch: [8], Info: [{'loss': 0.0003133834082458484, 'mae': 0.41643598455825614, 'mse': 0.3949555965915354, 'click_loss': 41.4220763314812, 'CV': '0.01533', 'CV_turn': '0.11308', 'ctr': 2.1626000102460394, 'len_tra': 2.255, 'R_tra': 4.876663023104819, 'ifeat_feat': 0.07317073170731707, 'NX_0_click_loss': 40.487858905382495, 'NX_0_CV': '0.04448', 'NX_0_CV_turn': '0.10242', 'NX_0_ctr': 2.233997713689044, 'NX_0_len_tra': 7.225, 'NX_0_R_tra': 16.14063348140334, 'NX_0_ifeat_feat': 0.34740484429065743, 'NX_10_click_loss': 44.23913993006163, 'NX_10_CV': '0.06192', 'NX_10_CV_turn': '0.10300', 'NX_10_ctr': 2.266008340172069, 'NX_10_len_tra': 10.0, 'NX_10_R_tra': 22.66008340172069, 'NX_10_ifeat_feat': 0.393}]
[I 221224 14:57:04 utils:48] Epoch: [9], Info: [{'loss': 0.0003133890950051367, 'mae': 0.4151645363464929, 'mse': 0.39510811037031013, 'click_loss': 47.73257426376732, 'CV': '0.01323', 'CV_turn': '0.10000', 'ctr': 2.3115746891060707, 'len_tra': 2.2, 'R_tra': 5.085464316033355, 'ifeat_feat': 0.05227272727272727, 'NX_0_click_loss': 42.8908575461618, 'NX_0_CV': '0.04088', 'NX_0_CV_turn': '0.09458', 'NX_0_ctr': 2.1940245099539517, 'NX_0_len_tra': 7.19, 'NX_0_R_tra': 15.775036226568911, 'NX_0_ifeat_feat': 0.3567454798331015, 'NX_10_click_loss': 45.44030502650189, 'NX_10_CV': '0.06162', 'NX_10_CV_turn': '0.10250', 'NX_10_ctr': 2.2000991358463815, 'NX_10_len_tra': 10.0, 'NX_10_R_tra': 22.000991358463818, 'NX_10_ifeat_feat': 0.3885}]
[I 221224 14:57:04 CIRS-UserModel-kuaishou:230] {}
