[I 221224 04:41:42 CIRS-UserModel-kuaishou:170] {
      "resume": false,
      "env": "KuaishouEnv-v0",
      "is_softmax": false,
      "l2_reg_dnn": 0.1,
      "lambda_ab": 10,
      "epsilon": 0.1,
      "is_ucb": false,
      "num_trajectory": 200,
      "force_length": 10,
      "top_rate": 0.6,
      "feature_dim": 16,
      "entity_dim": 16,
      "user_model_name": "DeepFM",
      "dnn": [
        64,
        64
      ],
      "batch_size": 2048,
      "epoch": 10,
      "cuda": 6,
      "leave_threshold": 0.0,
      "num_leave_compute": 2,
      "tau": 0.0,
      "is_ab": false,
      "message": "Epsilon-greedy-leave2"
    }
[I 221224 04:42:55 utils:48] Epoch: [-1], Info: [{'mae': 0.8658588094033238, 'mse': 1.1853112927361438, 'click_loss': 2.3243943389546944, 'CV': '0.01052', 'CV_turn': '0.08065', 'ctr': 2.323213256759809, 'len_tra': 2.17, 'R_tra': 5.041372767168785, 'ifeat_feat': 0.052995391705069124, 'NX_0_click_loss': 2.2167397031910254, 'NX_0_CV': '0.03547', 'NX_0_CV_turn': '0.12634', 'NX_0_ctr': 2.2160236346883107, 'NX_0_len_tra': 4.67, 'NX_0_R_tra': 10.34883037399441, 'NX_0_ifeat_feat': 0.20021413276231265, 'NX_10_click_loss': 2.2358085430057577, 'NX_10_CV': '0.06041', 'NX_10_CV_turn': '0.10050', 'NX_10_ctr': 2.2338696523581487, 'NX_10_len_tra': 10.0, 'NX_10_R_tra': 22.33869652358149, 'NX_10_ifeat_feat': 0.325}]
[I 221224 04:45:12 utils:48] Epoch: [0], Info: [{'loss': 0.00031934406851181346, 'mae': 0.41560146274641596, 'mse': 0.39456761161230897, 'click_loss': 43.425250690285836, 'CV': '0.01142', 'CV_turn': '0.08636', 'ctr': 2.3829238454635786, 'len_tra': 2.2, 'R_tra': 5.242432460019873, 'ifeat_feat': 0.05454545454545454, 'NX_0_click_loss': 47.240073879599876, 'NX_0_CV': '0.06492', 'NX_0_CV_turn': '0.11532', 'NX_0_ctr': 2.232229207221143, 'NX_0_len_tra': 9.365, 'NX_0_R_tra': 20.904826525626003, 'NX_0_ifeat_feat': 0.38547784303256805, 'NX_10_click_loss': 42.986803684821446, 'NX_10_CV': '0.06252', 'NX_10_CV_turn': '0.10400', 'NX_10_ctr': 2.2357159658578722, 'NX_10_len_tra': 10.0, 'NX_10_R_tra': 22.35715965857872, 'NX_10_ifeat_feat': 0.4015}]
[I 221224 04:47:26 utils:48] Epoch: [1], Info: [{'loss': 0.00031334729895185525, 'mae': 0.41659625124813554, 'mse': 0.39488981459835826, 'click_loss': 43.762758672301175, 'CV': '0.01292', 'CV_turn': '0.09707', 'ctr': 2.3773325191224624, 'len_tra': 2.215, 'R_tra': 5.265791529856255, 'ifeat_feat': 0.06320541760722348, 'NX_0_click_loss': 46.51478416311471, 'NX_0_CV': '0.06192', 'NX_0_CV_turn': '0.11413', 'NX_0_ctr': 2.229626921927451, 'NX_0_len_tra': 9.025, 'NX_0_R_tra': 20.122382970395243, 'NX_0_ifeat_feat': 0.3767313019390582, 'NX_10_click_loss': 45.895209150220545, 'NX_10_CV': '0.05531', 'NX_10_CV_turn': '0.09200', 'NX_10_ctr': 2.2746558951393903, 'NX_10_len_tra': 10.0, 'NX_10_R_tra': 22.746558951393904, 'NX_10_ifeat_feat': 0.391}]
[I 221224 04:49:43 utils:48] Epoch: [2], Info: [{'loss': 0.0003133912245639913, 'mae': 0.4156971274790201, 'mse': 0.39456681082351047, 'click_loss': 40.637836434718615, 'CV': '0.01202', 'CV_turn': '0.09132', 'ctr': 2.238256585301274, 'len_tra': 2.19, 'R_tra': 4.90178192180979, 'ifeat_feat': 0.05707762557077625, 'NX_0_click_loss': 44.064895866094986, 'NX_0_CV': '0.06583', 'NX_0_CV_turn': '0.11388', 'NX_0_ctr': 2.201282337712878, 'NX_0_len_tra': 9.615, 'NX_0_R_tra': 21.16532967710932, 'NX_0_ifeat_feat': 0.390535621424857, 'NX_10_click_loss': 44.24802073956863, 'NX_10_CV': '0.06643', 'NX_10_CV_turn': '0.11050', 'NX_10_ctr': 2.246222023977194, 'NX_10_len_tra': 10.0, 'NX_10_R_tra': 22.46222023977194, 'NX_10_ifeat_feat': 0.3925}]
[I 221224 04:51:59 utils:48] Epoch: [3], Info: [{'loss': 0.00031338340644307844, 'mae': 0.41670994118261767, 'mse': 0.3946727614260895, 'click_loss': 43.63375516386399, 'CV': '0.01112', 'CV_turn': '0.08506', 'ctr': 2.322998384050831, 'len_tra': 2.175, 'R_tra': 5.052521485310557, 'ifeat_feat': 0.04827586206896552, 'NX_0_click_loss': 40.81616966804838, 'NX_0_CV': '0.05020', 'NX_0_CV_turn': '0.09283', 'NX_0_ctr': 2.2829488669413296, 'NX_0_len_tra': 8.995, 'NX_0_R_tra': 20.53512505813726, 'NX_0_ifeat_feat': 0.3807670928293496, 'NX_10_click_loss': 42.443592009702634, 'NX_10_CV': '0.06222', 'NX_10_CV_turn': '0.10350', 'NX_10_ctr': 2.227274285474748, 'NX_10_len_tra': 10.0, 'NX_10_R_tra': 22.27274285474748, 'NX_10_ifeat_feat': 0.393}]
[I 221224 04:54:13 utils:48] Epoch: [4], Info: [{'loss': 0.0003133826688652059, 'mae': 0.4137436937288746, 'mse': 0.3950733159589205, 'click_loss': 52.07143922078771, 'CV': '0.01232', 'CV_turn': '0.09361', 'ctr': 2.3102806956604014, 'len_tra': 2.19, 'R_tra': 5.059514723496279, 'ifeat_feat': 0.0593607305936073, 'NX_0_click_loss': 45.1923330026478, 'NX_0_CV': '0.05290', 'NX_0_CV_turn': '0.10092', 'NX_0_ctr': 2.278054341208639, 'NX_0_len_tra': 8.72, 'NX_0_R_tra': 19.86463385533933, 'NX_0_ifeat_feat': 0.3893348623853211, 'NX_10_click_loss': 44.54899137939412, 'NX_10_CV': '0.05290', 'NX_10_CV_turn': '0.08800', 'NX_10_ctr': 2.2669346052547525, 'NX_10_len_tra': 10.0, 'NX_10_R_tra': 22.669346052547525, 'NX_10_ifeat_feat': 0.3855}]
[I 221224 04:56:30 utils:48] Epoch: [5], Info: [{'loss': 0.00031338163163509996, 'mae': 0.4150083206262277, 'mse': 0.39477462572662964, 'click_loss': 46.99480133058884, 'CV': '0.01503', 'CV_turn': '0.11211', 'ctr': 2.3431337827213983, 'len_tra': 2.23, 'R_tra': 5.225188335468719, 'ifeat_feat': 0.06726457399103139, 'NX_0_click_loss': 44.99726322041246, 'NX_0_CV': '0.05531', 'NX_0_CV_turn': '0.09967', 'NX_0_ctr': 2.2711565746692153, 'NX_0_len_tra': 9.23, 'NX_0_R_tra': 20.962775184196857, 'NX_0_ifeat_feat': 0.38461538461538464, 'NX_10_click_loss': 50.81333822634903, 'NX_10_CV': '0.06733', 'NX_10_CV_turn': '0.11200', 'NX_10_ctr': 2.2356278324434427, 'NX_10_len_tra': 10.0, 'NX_10_R_tra': 22.356278324434424, 'NX_10_ifeat_feat': 0.3915}]
[I 221224 04:58:45 utils:48] Epoch: [6], Info: [{'loss': 0.00031338390826002576, 'mae': 0.4143638444738049, 'mse': 0.3954708768043733, 'click_loss': 50.64926888496205, 'CV': '0.01773', 'CV_turn': '0.12939', 'ctr': 2.2829179162832576, 'len_tra': 2.28, 'R_tra': 5.205052849125828, 'ifeat_feat': 0.08114035087719298, 'NX_0_click_loss': 50.536910896240954, 'NX_0_CV': '0.06583', 'NX_0_CV_turn': '0.11300', 'NX_0_ctr': 2.2469839224590578, 'NX_0_len_tra': 9.69, 'NX_0_R_tra': 21.77327420862827, 'NX_0_ifeat_feat': 0.3828689370485036, 'NX_10_click_loss': 48.96886488434805, 'NX_10_CV': '0.06162', 'NX_10_CV_turn': '0.10250', 'NX_10_ctr': 2.148911503763329, 'NX_10_len_tra': 10.0, 'NX_10_R_tra': 21.489115037633287, 'NX_10_ifeat_feat': 0.3905}]
[I 221224 05:01:01 utils:48] Epoch: [7], Info: [{'loss': 0.0003133776503746588, 'mae': 0.4153967930080733, 'mse': 0.39448278797700287, 'click_loss': 42.73307138563108, 'CV': '0.01232', 'CV_turn': '0.09297', 'ctr': 2.3160218868459674, 'len_tra': 2.205, 'R_tra': 5.106828260495359, 'ifeat_feat': 0.05895691609977324, 'NX_0_click_loss': 42.02915252902661, 'NX_0_CV': '0.06673', 'NX_0_CV_turn': '0.11503', 'NX_0_ctr': 2.2319472790228465, 'NX_0_len_tra': 9.65, 'NX_0_R_tra': 21.538291242570466, 'NX_0_ifeat_feat': 0.3849740932642487, 'NX_10_click_loss': 46.64776310472291, 'NX_10_CV': '0.06943', 'NX_10_CV_turn': '0.11550', 'NX_10_ctr': 2.1802856209735655, 'NX_10_len_tra': 10.0, 'NX_10_R_tra': 21.802856209735655, 'NX_10_ifeat_feat': 0.396}]
[I 221224 05:03:16 utils:48] Epoch: [8], Info: [{'loss': 0.00031338090021470946, 'mae': 0.41812147645716924, 'mse': 0.39460964190349207, 'click_loss': 40.31468997573798, 'CV': '0.01383', 'CV_turn': '0.10407', 'ctr': 2.5782995986760366, 'len_tra': 2.21, 'R_tra': 5.698042113074041, 'ifeat_feat': 0.06334841628959276, 'NX_0_click_loss': 42.36297342638239, 'NX_0_CV': '0.06252', 'NX_0_CV_turn': '0.11404', 'NX_0_ctr': 2.2290608944292765, 'NX_0_len_tra': 9.12, 'NX_0_R_tra': 20.329035357195, 'NX_0_ifeat_feat': 0.375, 'NX_10_click_loss': 39.232521139971944, 'NX_10_CV': '0.05350', 'NX_10_CV_turn': '0.08900', 'NX_10_ctr': 2.2971184500381265, 'NX_10_len_tra': 10.0, 'NX_10_R_tra': 22.971184500381263, 'NX_10_ifeat_feat': 0.3865}]
[I 221224 05:05:29 utils:48] Epoch: [9], Info: [{'loss': 0.0003133847198632471, 'mae': 0.41533510796920636, 'mse': 0.39462988705388163, 'click_loss': 43.64997338026535, 'CV': '0.01353', 'CV_turn': '0.10227', 'ctr': 2.393305328458949, 'len_tra': 2.2, 'R_tra': 5.265271722609688, 'ifeat_feat': 0.07045454545454545, 'NX_0_click_loss': 46.55930694660149, 'NX_0_CV': '0.05591', 'NX_0_CV_turn': '0.10158', 'NX_0_ctr': 2.2766125107526602, 'NX_0_len_tra': 9.155, 'NX_0_R_tra': 20.842387535940606, 'NX_0_ifeat_feat': 0.3872200983069361, 'NX_10_click_loss': 44.2057031873961, 'NX_10_CV': '0.05831', 'NX_10_CV_turn': '0.09700', 'NX_10_ctr': 2.261381671359129, 'NX_10_len_tra': 10.0, 'NX_10_R_tra': 22.613816713591287, 'NX_10_ifeat_feat': 0.388}]
[I 221224 05:05:29 CIRS-UserModel-kuaishou:230] {}
