[I 221224 06:14:26 DeepFM-IPS-pairwise:163] {
      "resume": false,
      "env": "KuaishouEnv-v0",
      "is_softmax": true,
      "num_trajectory": 200,
      "force_length": 10,
      "epsilon": 0,
      "top_rate": 0.6,
      "l2_reg_dnn": 0.1,
      "feature_dim": 16,
      "entity_dim": 16,
      "user_model_name": "DeepFM-IPS-pairwise",
      "dnn": [
        64,
        64
      ],
      "batch_size": 2048,
      "epoch": 10,
      "cuda": 6,
      "leave_threshold": 0.0,
      "num_leave_compute": 3,
      "message": "IPS-leave3"
    }
[I 221224 06:15:39 utils:48] Epoch: [-1], Info: [{'mae': 0.8820643757842808, 'mse': 1.2130866519902068, 'click_loss': 1.8625128196375398, 'CV': '0.24527', 'CV_turn': '0.82591', 'ctr': 1.020010235235645, 'len_tra': 4.94, 'R_tra': 5.038850562064087, 'ifeat_feat': 0.6558704453441295, 'NX_0_click_loss': 1.8337769913573059, 'NX_0_CV': '0.22813', 'NX_0_CV_turn': '0.85763', 'NX_0_ctr': 0.9940281096926525, 'NX_0_len_tra': 4.425, 'NX_0_R_tra': 4.3985743853899875, 'NX_0_ifeat_feat': 0.6621468926553672, 'NX_10_click_loss': 1.854126485674728, 'NX_10_CV': '0.43703', 'NX_10_CV_turn': '0.72700', 'NX_10_ctr': 1.0240488075903473, 'NX_10_len_tra': 10.0, 'NX_10_R_tra': 10.240488075903473, 'NX_10_ifeat_feat': 0.661}]
[I 221224 06:18:14 utils:48] Epoch: [0], Info: [{'loss': 1.2488792876973488e-06, 'mae': 0.8842054782773155, 'mse': 1.1810436269397186, 'click_loss': 20.57769345113448, 'CV': '0.00601', 'CV_turn': '0.02395', 'ctr': 2.4433318688181522, 'len_tra': 4.175, 'R_tra': 10.200910552315786, 'ifeat_feat': 0.2562874251497006, 'NX_0_click_loss': 20.80322786871741, 'NX_0_CV': '0.00661', 'NX_0_CV_turn': '0.02050', 'NX_0_ctr': 2.414189320607823, 'NX_0_len_tra': 5.365, 'NX_0_R_tra': 12.952125705060968, 'NX_0_ifeat_feat': 0.2898415657036347, 'NX_10_click_loss': 20.84377308117961, 'NX_10_CV': '0.00691', 'NX_10_CV_turn': '0.01150', 'NX_10_ctr': 2.331379877444272, 'NX_10_len_tra': 10.0, 'NX_10_R_tra': 23.31379877444272, 'NX_10_ifeat_feat': 0.332}]
[I 221224 06:20:51 utils:48] Epoch: [1], Info: [{'loss': 9.582964083364657e-07, 'mae': 0.8820337533502508, 'mse': 1.1768124504499042, 'click_loss': 20.879803094521808, 'CV': '0.00541', 'CV_turn': '0.02222', 'ctr': 2.4804056236001317, 'len_tra': 4.05, 'R_tra': 10.045642775580534, 'ifeat_feat': 0.24444444444444444, 'NX_0_click_loss': 20.981371666264955, 'NX_0_CV': '0.00571', 'NX_0_CV_turn': '0.01782', 'NX_0_ctr': 2.4152895921729653, 'NX_0_len_tra': 5.33, 'NX_0_R_tra': 12.873493526281905, 'NX_0_ifeat_feat': 0.29080675422138835, 'NX_10_click_loss': 21.152682963250044, 'NX_10_CV': '0.00751', 'NX_10_CV_turn': '0.01250', 'NX_10_ctr': 2.3795955008247724, 'NX_10_len_tra': 10.0, 'NX_10_R_tra': 23.795955008247724, 'NX_10_ifeat_feat': 0.326}]
[I 221224 06:23:29 utils:48] Epoch: [2], Info: [{'loss': 9.59699771199037e-07, 'mae': 0.8842239281918581, 'mse': 1.1786268586011668, 'click_loss': 22.452602386691886, 'CV': '0.00571', 'CV_turn': '0.02357', 'ctr': 2.3376985982790948, 'len_tra': 4.03, 'R_tra': 9.420925351064751, 'ifeat_feat': 0.2543424317617866, 'NX_0_click_loss': 22.749029362564087, 'NX_0_CV': '0.00631', 'NX_0_CV_turn': '0.01918', 'NX_0_ctr': 2.3985137443921887, 'NX_0_len_tra': 5.475, 'NX_0_R_tra': 13.131862750547235, 'NX_0_ifeat_feat': 0.28949771689497716, 'NX_10_click_loss': 22.943295425081832, 'NX_10_CV': '0.00691', 'NX_10_CV_turn': '0.01150', 'NX_10_ctr': 2.39409753766115, 'NX_10_len_tra': 10.0, 'NX_10_R_tra': 23.9409753766115, 'NX_10_ifeat_feat': 0.3345}]
[I 221224 06:26:04 utils:48] Epoch: [3], Info: [{'loss': 9.606083705835871e-07, 'mae': 0.8890879119425744, 'mse': 1.187531351454037, 'click_loss': 22.37774983002135, 'CV': '0.00571', 'CV_turn': '0.02289', 'ctr': 2.406778694962298, 'len_tra': 4.15, 'R_tra': 9.988131584093535, 'ifeat_feat': 0.27228915662650605, 'NX_0_click_loss': 22.651647177033045, 'NX_0_CV': '0.00601', 'NX_0_CV_turn': '0.01878', 'NX_0_ctr': 2.446633826667183, 'NX_0_len_tra': 5.325, 'NX_0_R_tra': 13.02832512700275, 'NX_0_ifeat_feat': 0.29107981220657275, 'NX_10_click_loss': 22.798175077608118, 'NX_10_CV': '0.00691', 'NX_10_CV_turn': '0.01150', 'NX_10_ctr': 2.4077562333850837, 'NX_10_len_tra': 10.0, 'NX_10_R_tra': 24.07756233385084, 'NX_10_ifeat_feat': 0.3285}]
[I 221224 06:28:38 utils:48] Epoch: [4], Info: [{'loss': 9.60290920474946e-07, 'mae': 0.8682898587955276, 'mse': 1.1581569483052188, 'click_loss': 16.993972230829574, 'CV': '0.00691', 'CV_turn': '0.02629', 'ctr': 2.496528445298384, 'len_tra': 4.375, 'R_tra': 10.922311948180429, 'ifeat_feat': 0.27314285714285713, 'NX_0_click_loss': 17.05349421726141, 'NX_0_CV': '0.00872', 'NX_0_CV_turn': '0.02832', 'NX_0_ctr': 2.3632793393132614, 'NX_0_len_tra': 5.12, 'NX_0_R_tra': 12.099990217283898, 'NX_0_ifeat_feat': 0.2978515625, 'NX_10_click_loss': 17.16082688760575, 'NX_10_CV': '0.00812', 'NX_10_CV_turn': '0.01350', 'NX_10_ctr': 2.3866738796215787, 'NX_10_len_tra': 10.0, 'NX_10_R_tra': 23.866738796215785, 'NX_10_ifeat_feat': 0.334}]
[I 221224 06:31:14 utils:48] Epoch: [5], Info: [{'loss': 9.607145450168143e-07, 'mae': 0.9041426642890007, 'mse': 1.2124075430677899, 'click_loss': 24.856659384544532, 'CV': '0.00481', 'CV_turn': '0.01963', 'ctr': 2.6119516895840307, 'len_tra': 4.075, 'R_tra': 10.643703135054926, 'ifeat_feat': 0.2650306748466258, 'NX_0_click_loss': 24.885281484603624, 'NX_0_CV': '0.00541', 'NX_0_CV_turn': '0.01724', 'NX_0_ctr': 2.4298266089206244, 'NX_0_len_tra': 5.22, 'NX_0_R_tra': 12.683694898565658, 'NX_0_ifeat_feat': 0.2710727969348659, 'NX_10_click_loss': 25.13154866914781, 'NX_10_CV': '0.00601', 'NX_10_CV_turn': '0.01000', 'NX_10_ctr': 2.3862358029368433, 'NX_10_len_tra': 10.0, 'NX_10_R_tra': 23.862358029368433, 'NX_10_ifeat_feat': 0.32}]
[I 221224 06:33:46 utils:48] Epoch: [6], Info: [{'loss': 9.605095424833844e-07, 'mae': 0.8610362467494449, 'mse': 1.14320916946184, 'click_loss': 18.357300978961778, 'CV': '0.00661', 'CV_turn': '0.02647', 'ctr': 2.418121532095312, 'len_tra': 4.155, 'R_tra': 10.047294965856022, 'ifeat_feat': 0.2888086642599278, 'NX_0_click_loss': 18.444570409540177, 'NX_0_CV': '0.00721', 'NX_0_CV_turn': '0.02243', 'NX_0_ctr': 2.3529437270804054, 'NX_0_len_tra': 5.35, 'NX_0_R_tra': 12.588248939880168, 'NX_0_ifeat_feat': 0.2953271028037383, 'NX_10_click_loss': 18.629172480005177, 'NX_10_CV': '0.00872', 'NX_10_CV_turn': '0.01450', 'NX_10_ctr': 2.387653517145052, 'NX_10_len_tra': 10.0, 'NX_10_R_tra': 23.87653517145052, 'NX_10_ifeat_feat': 0.3265}]
[I 221224 06:36:24 utils:48] Epoch: [7], Info: [{'loss': 9.605898494236773e-07, 'mae': 0.8927675402956249, 'mse': 1.193996755438513, 'click_loss': 22.559652653373437, 'CV': '0.00481', 'CV_turn': '0.01983', 'ctr': 2.4776304248724905, 'len_tra': 4.035, 'R_tra': 9.997238764360498, 'ifeat_feat': 0.2614622057001239, 'NX_0_click_loss': 22.795984245118948, 'NX_0_CV': '0.00541', 'NX_0_CV_turn': '0.01706', 'NX_0_ctr': 2.48074086128648, 'NX_0_len_tra': 5.275, 'NX_0_R_tra': 13.085908043286182, 'NX_0_ifeat_feat': 0.2720379146919431, 'NX_10_click_loss': 22.89976114280779, 'NX_10_CV': '0.00631', 'NX_10_CV_turn': '0.01050', 'NX_10_ctr': 2.3841112423714055, 'NX_10_len_tra': 10.0, 'NX_10_R_tra': 23.84111242371405, 'NX_10_ifeat_feat': 0.3225}]
[I 221224 06:39:02 utils:48] Epoch: [8], Info: [{'loss': 9.605507861365849e-07, 'mae': 0.8712076076350146, 'mse': 1.158905677847457, 'click_loss': 19.642322749751923, 'CV': '0.00571', 'CV_turn': '0.02259', 'ctr': 2.4108213847888216, 'len_tra': 4.205, 'R_tra': 10.137503923036995, 'ifeat_feat': 0.30677764565992865, 'NX_0_click_loss': 19.821157635340445, 'NX_0_CV': '0.00691', 'NX_0_CV_turn': '0.02264', 'NX_0_ctr': 2.370969002315285, 'NX_0_len_tra': 5.08, 'NX_0_R_tra': 12.044522531761647, 'NX_0_ifeat_feat': 0.2795275590551181, 'NX_10_click_loss': 19.93406383287486, 'NX_10_CV': '0.00721', 'NX_10_CV_turn': '0.01200', 'NX_10_ctr': 2.3572075201230493, 'NX_10_len_tra': 10.0, 'NX_10_R_tra': 23.572075201230497, 'NX_10_ifeat_feat': 0.3285}]
[I 221224 06:41:39 utils:48] Epoch: [9], Info: [{'loss': 9.605404635581143e-07, 'mae': 0.8810746639914051, 'mse': 1.1753065012368638, 'click_loss': 20.769122977511202, 'CV': '0.00541', 'CV_turn': '0.02222', 'ctr': 2.449587990520743, 'len_tra': 4.05, 'R_tra': 9.92083136160901, 'ifeat_feat': 0.2679012345679012, 'NX_0_click_loss': 20.94478843925105, 'NX_0_CV': '0.00601', 'NX_0_CV_turn': '0.01799', 'NX_0_ctr': 2.389768283584489, 'NX_0_len_tra': 5.56, 'NX_0_R_tra': 13.287111656729758, 'NX_0_ifeat_feat': 0.29136690647482016, 'NX_10_click_loss': 21.07808836751183, 'NX_10_CV': '0.00691', 'NX_10_CV_turn': '0.01150', 'NX_10_ctr': 2.3554706936379484, 'NX_10_len_tra': 10.0, 'NX_10_R_tra': 23.554706936379485, 'NX_10_ifeat_feat': 0.328}]
[I 221224 06:41:39 DeepFM-IPS-pairwise:216] {}
