[I 221223 23:42:04 DeepFM-IPS-pairwise:163] {
      "resume": false,
      "env": "KuaishouEnv-v0",
      "is_softmax": true,
      "num_trajectory": 200,
      "force_length": 10,
      "epsilon": 0,
      "top_rate": 0.6,
      "l2_reg_dnn": 0.1,
      "feature_dim": 16,
      "entity_dim": 16,
      "user_model_name": "DeepFM-IPS-pairwise",
      "dnn": [
        64,
        64
      ],
      "batch_size": 2048,
      "epoch": 10,
      "cuda": 6,
      "leave_threshold": 0.0,
      "num_leave_compute": 1,
      "message": "IPS-leave1"
    }
[I 221223 23:43:24 utils:48] Epoch: [-1], Info: [{'mae': 0.8820643757842808, 'mse': 1.2130866519902068, 'click_loss': 1.8280273470357362, 'CV': '0.34325', 'CV_turn': '0.78112', 'ctr': 0.9899368253229327, 'len_tra': 7.31, 'R_tra': 7.236438193110638, 'ifeat_feat': 0.652530779753762, 'NX_0_click_loss': 1.8435249054507188, 'NX_0_CV': '0.35317', 'NX_0_CV_turn': '0.77404', 'NX_0_ctr': 1.0057045779056872, 'NX_0_len_tra': 7.59, 'NX_0_R_tra': 7.633297746304167, 'NX_0_ifeat_feat': 0.6699604743083004, 'NX_10_click_loss': 1.8622650664939542, 'NX_10_CV': '0.43553', 'NX_10_CV_turn': '0.72450', 'NX_10_ctr': 1.0163039387061252, 'NX_10_len_tra': 10.0, 'NX_10_R_tra': 10.163039387061252, 'NX_10_ifeat_feat': 0.6595}]
[I 221223 23:46:03 utils:48] Epoch: [0], Info: [{'loss': 1.2488792876973488e-06, 'mae': 0.8842054782773155, 'mse': 1.1810436269397186, 'click_loss': 20.62918744496698, 'CV': '0.00601', 'CV_turn': '0.01580', 'ctr': 2.4641251327007043, 'len_tra': 6.33, 'R_tra': 15.597912089995459, 'ifeat_feat': 0.2914691943127962, 'NX_0_click_loss': 21.618109067948104, 'NX_0_CV': '0.01323', 'NX_0_CV_turn': '0.02260', 'NX_0_ctr': 2.310696109778483, 'NX_0_len_tra': 9.735, 'NX_0_R_tra': 22.49462662869353, 'NX_0_ifeat_feat': 0.3364149974319466, 'NX_10_click_loss': 20.888379695907414, 'NX_10_CV': '0.00751', 'NX_10_CV_turn': '0.01250', 'NX_10_ctr': 2.391462089553665, 'NX_10_len_tra': 10.0, 'NX_10_R_tra': 23.91462089553665, 'NX_10_ifeat_feat': 0.322}]
[I 221223 23:48:46 utils:48] Epoch: [1], Info: [{'loss': 9.582964083364657e-07, 'mae': 0.8820337533502508, 'mse': 1.1768124504499042, 'click_loss': 20.83642244055863, 'CV': '0.00661', 'CV_turn': '0.01732', 'ctr': 2.4025864527767498, 'len_tra': 6.35, 'R_tra': 15.25642397513236, 'ifeat_feat': 0.262992125984252, 'NX_0_click_loss': 21.94365879919003, 'NX_0_CV': '0.01473', 'NX_0_CV_turn': '0.02657', 'NX_0_ctr': 2.3359216706984975, 'NX_0_len_tra': 9.22, 'NX_0_R_tra': 21.53719780384015, 'NX_0_ifeat_feat': 0.33405639913232105, 'NX_10_click_loss': 21.154405911567544, 'NX_10_CV': '0.00721', 'NX_10_CV_turn': '0.01200', 'NX_10_ctr': 2.383415952804418, 'NX_10_len_tra': 10.0, 'NX_10_R_tra': 23.83415952804418, 'NX_10_ifeat_feat': 0.332}]
[I 221223 23:51:25 utils:48] Epoch: [2], Info: [{'loss': 9.59699771199037e-07, 'mae': 0.8842239281918581, 'mse': 1.1786268586011668, 'click_loss': 22.554407408343184, 'CV': '0.00511', 'CV_turn': '0.01372', 'ctr': 2.409554262857714, 'len_tra': 6.195, 'R_tra': 14.927188658403539, 'ifeat_feat': 0.27764326069410816, 'NX_0_click_loss': 23.62106042368644, 'NX_0_CV': '0.01323', 'NX_0_CV_turn': '0.02326', 'NX_0_ctr': 2.2394062428007837, 'NX_0_len_tra': 9.46, 'NX_0_R_tra': 21.184783056895412, 'NX_0_ifeat_feat': 0.33298097251585623, 'NX_10_click_loss': 22.887620246618468, 'NX_10_CV': '0.00661', 'NX_10_CV_turn': '0.01100', 'NX_10_ctr': 2.3688639828855123, 'NX_10_len_tra': 10.0, 'NX_10_R_tra': 23.68863982885512, 'NX_10_ifeat_feat': 0.3315}]
[I 221223 23:54:05 utils:48] Epoch: [3], Info: [{'loss': 9.606083705835871e-07, 'mae': 0.8890879119425744, 'mse': 1.187531351454037, 'click_loss': 22.32994445486784, 'CV': '0.00571', 'CV_turn': '0.01659', 'ctr': 2.3947437328272465, 'len_tra': 5.725, 'R_tra': 13.709907870435986, 'ifeat_feat': 0.25327510917030566, 'NX_0_click_loss': 23.428269556500165, 'NX_0_CV': '0.01323', 'NX_0_CV_turn': '0.02507', 'NX_0_ctr': 2.3235283083938314, 'NX_0_len_tra': 8.775, 'NX_0_R_tra': 20.38896090615587, 'NX_0_ifeat_feat': 0.32763532763532766, 'NX_10_click_loss': 22.765645677392346, 'NX_10_CV': '0.00661', 'NX_10_CV_turn': '0.01100', 'NX_10_ctr': 2.3766364095853367, 'NX_10_len_tra': 10.0, 'NX_10_R_tra': 23.76636409585337, 'NX_10_ifeat_feat': 0.314}]
[I 221223 23:56:43 utils:48] Epoch: [4], Info: [{'loss': 9.60290920474946e-07, 'mae': 0.8682898587955276, 'mse': 1.1581569483052188, 'click_loss': 16.945427247155507, 'CV': '0.00751', 'CV_turn': '0.01929', 'ctr': 2.4515152795542403, 'len_tra': 6.48, 'R_tra': 15.885819011511478, 'ifeat_feat': 0.2839506172839506, 'NX_0_click_loss': 17.711118330426764, 'NX_0_CV': '0.01623', 'NX_0_CV_turn': '0.03188', 'NX_0_ctr': 2.3044407060158716, 'NX_0_len_tra': 8.47, 'NX_0_R_tra': 19.518612779954434, 'NX_0_ifeat_feat': 0.3500590318772137, 'NX_10_click_loss': 17.139283806709102, 'NX_10_CV': '0.00932', 'NX_10_CV_turn': '0.01550', 'NX_10_ctr': 2.3938127516782792, 'NX_10_len_tra': 10.0, 'NX_10_R_tra': 23.938127516782792, 'NX_10_ifeat_feat': 0.328}]
[I 221223 23:59:25 utils:48] Epoch: [5], Info: [{'loss': 9.607145450168143e-07, 'mae': 0.9041426642890007, 'mse': 1.2124075430677899, 'click_loss': 24.747072346654114, 'CV': '0.00511', 'CV_turn': '0.01336', 'ctr': 2.509741975925037, 'len_tra': 6.36, 'R_tra': 15.961958966883236, 'ifeat_feat': 0.2507861635220126, 'NX_0_click_loss': 26.189601851529115, 'NX_0_CV': '0.01292', 'NX_0_CV_turn': '0.02116', 'NX_0_ctr': 2.325464905984809, 'NX_0_len_tra': 10.16, 'NX_0_R_tra': 23.626723444805663, 'NX_0_ifeat_feat': 0.343503937007874, 'NX_10_click_loss': 25.12636008913232, 'NX_10_CV': '0.00571', 'NX_10_CV_turn': '0.00950', 'NX_10_ctr': 2.3686373584956897, 'NX_10_len_tra': 10.0, 'NX_10_R_tra': 23.686373584956897, 'NX_10_ifeat_feat': 0.327}]
[I 221224 00:02:03 utils:48] Epoch: [6], Info: [{'loss': 9.605095424833844e-07, 'mae': 0.8610362467494449, 'mse': 1.14320916946184, 'click_loss': 18.422018563799533, 'CV': '0.00781', 'CV_turn': '0.02002', 'ctr': 2.477471123507764, 'len_tra': 6.495, 'R_tra': 16.091174947182925, 'ifeat_feat': 0.2979214780600462, 'NX_0_click_loss': 19.330238078980692, 'NX_0_CV': '0.01833', 'NX_0_CV_turn': '0.03075', 'NX_0_ctr': 2.301300592589753, 'NX_0_len_tra': 9.92, 'NX_0_R_tra': 22.828901878490353, 'NX_0_ifeat_feat': 0.35231854838709675, 'NX_10_click_loss': 18.607299232263458, 'NX_10_CV': '0.00842', 'NX_10_CV_turn': '0.01400', 'NX_10_ctr': 2.36339114882459, 'NX_10_len_tra': 10.0, 'NX_10_R_tra': 23.6339114882459, 'NX_10_ifeat_feat': 0.3165}]
[I 221224 00:04:44 utils:48] Epoch: [7], Info: [{'loss': 9.605898494236773e-07, 'mae': 0.8927675402956249, 'mse': 1.193996755438513, 'click_loss': 22.5821402922234, 'CV': '0.00541', 'CV_turn': '0.01468', 'ctr': 2.470911918756553, 'len_tra': 6.13, 'R_tra': 15.146690061977672, 'ifeat_feat': 0.2634584013050571, 'NX_0_click_loss': 23.822111989597428, 'NX_0_CV': '0.01292', 'NX_0_CV_turn': '0.02295', 'NX_0_ctr': 2.316609895397893, 'NX_0_len_tra': 9.37, 'NX_0_R_tra': 21.706634719878256, 'NX_0_ifeat_feat': 0.33938100320170755, 'NX_10_click_loss': 22.837640843472588, 'NX_10_CV': '0.00601', 'NX_10_CV_turn': '0.01000', 'NX_10_ctr': 2.3223949881411152, 'NX_10_len_tra': 10.0, 'NX_10_R_tra': 23.223949881411155, 'NX_10_ifeat_feat': 0.3295}]
[I 221224 00:07:21 utils:48] Epoch: [8], Info: [{'loss': 9.605507861365849e-07, 'mae': 0.8712076076350146, 'mse': 1.158905677847457, 'click_loss': 19.75947231827747, 'CV': '0.00661', 'CV_turn': '0.01619', 'ctr': 2.4557546524261955, 'len_tra': 6.795, 'R_tra': 16.686852863236, 'ifeat_feat': 0.2523914643119941, 'NX_0_click_loss': 20.671898755763372, 'NX_0_CV': '0.01383', 'NX_0_CV_turn': '0.02557', 'NX_0_ctr': 2.331535493402375, 'NX_0_len_tra': 8.995, 'NX_0_R_tra': 20.972161763154364, 'NX_0_ifeat_feat': 0.34130072262367983, 'NX_10_click_loss': 20.00851631063064, 'NX_10_CV': '0.00721', 'NX_10_CV_turn': '0.01200', 'NX_10_ctr': 2.411960411964262, 'NX_10_len_tra': 10.0, 'NX_10_R_tra': 24.119604119642617, 'NX_10_ifeat_feat': 0.3275}]
[I 221224 00:10:01 utils:48] Epoch: [9], Info: [{'loss': 9.605404635581143e-07, 'mae': 0.8810746639914051, 'mse': 1.1753065012368638, 'click_loss': 20.729253267106834, 'CV': '0.00601', 'CV_turn': '0.01693', 'ctr': 2.3989134541974435, 'len_tra': 5.905, 'R_tra': 14.165583947035906, 'ifeat_feat': 0.2760372565622354, 'NX_0_click_loss': 21.979975061582557, 'NX_0_CV': '0.01413', 'NX_0_CV_turn': '0.02403', 'NX_0_ctr': 2.332490206164697, 'NX_0_len_tra': 9.78, 'NX_0_R_tra': 22.811754216290733, 'NX_0_ifeat_feat': 0.3450920245398773, 'NX_10_click_loss': 21.0815320589919, 'NX_10_CV': '0.00661', 'NX_10_CV_turn': '0.01100', 'NX_10_ctr': 2.3791530440230106, 'NX_10_len_tra': 10.0, 'NX_10_R_tra': 23.791530440230108, 'NX_10_ifeat_feat': 0.327}]
[I 221224 00:10:01 DeepFM-IPS-pairwise:216] {}
