[I 221224 12:56:34 DeepFM-IPS-pairwise:163] {
      "resume": false,
      "env": "KuaishouEnv-v0",
      "is_softmax": true,
      "num_trajectory": 200,
      "force_length": 10,
      "epsilon": 0,
      "top_rate": 0.6,
      "l2_reg_dnn": 0.1,
      "feature_dim": 16,
      "entity_dim": 16,
      "user_model_name": "DeepFM-IPS-pairwise",
      "dnn": [
        64,
        64
      ],
      "batch_size": 2048,
      "epoch": 10,
      "cuda": 6,
      "leave_threshold": 0.0,
      "num_leave_compute": 5,
      "message": "IPS-leave5"
    }
[I 221224 12:57:47 utils:48] Epoch: [-1], Info: [{'mae': 0.8820643757842808, 'mse': 1.2130866519902068, 'click_loss': 1.875099667890379, 'CV': '0.23324', 'CV_turn': '0.83351', 'ctr': 1.0347235402470705, 'len_tra': 4.655, 'R_tra': 4.8166380798501125, 'ifeat_feat': 0.6627282491944146, 'NX_0_click_loss': 1.8454059606300202, 'NX_0_CV': '0.21671', 'NX_0_CV_turn': '0.85833', 'NX_0_ctr': 1.0058141692556746, 'NX_0_len_tra': 4.2, 'NX_0_R_tra': 4.224419510873833, 'NX_0_ifeat_feat': 0.6869047619047619, 'NX_10_click_loss': 1.859511140815134, 'NX_10_CV': '0.44184', 'NX_10_CV_turn': '0.73500', 'NX_10_ctr': 1.017205947271697, 'NX_10_len_tra': 10.0, 'NX_10_R_tra': 10.17205947271697, 'NX_10_ifeat_feat': 0.6715}]
[I 221224 13:00:23 utils:48] Epoch: [0], Info: [{'loss': 1.2488792876973488e-06, 'mae': 0.8842054782773155, 'mse': 1.1810436269397186, 'click_loss': 20.575661382289834, 'CV': '0.00571', 'CV_turn': '0.02270', 'ctr': 2.4298763775703685, 'len_tra': 4.185, 'R_tra': 10.169032640131991, 'ifeat_feat': 0.25806451612903225, 'NX_0_click_loss': 20.678512084051302, 'NX_0_CV': '0.00661', 'NX_0_CV_turn': '0.02172', 'NX_0_ctr': 2.36965173642024, 'NX_0_len_tra': 5.065, 'NX_0_R_tra': 12.002286044968516, 'NX_0_ifeat_feat': 0.29220138203356366, 'NX_10_click_loss': 20.849867895137194, 'NX_10_CV': '0.00691', 'NX_10_CV_turn': '0.01150', 'NX_10_ctr': 2.342172541629197, 'NX_10_len_tra': 10.0, 'NX_10_R_tra': 23.42172541629197, 'NX_10_ifeat_feat': 0.335}]
[I 221224 13:03:07 utils:48] Epoch: [1], Info: [{'loss': 9.582964083364657e-07, 'mae': 0.8820337533502508, 'mse': 1.1768124504499042, 'click_loss': 20.75795067850305, 'CV': '0.00571', 'CV_turn': '0.02328', 'ctr': 2.349247795437167, 'len_tra': 4.08, 'R_tra': 9.584931005383641, 'ifeat_feat': 0.2549019607843137, 'NX_0_click_loss': 20.935600216610666, 'NX_0_CV': '0.00511', 'NX_0_CV_turn': '0.01643', 'NX_0_ctr': 2.4047366159580763, 'NX_0_len_tra': 5.175, 'NX_0_R_tra': 12.444511987583047, 'NX_0_ifeat_feat': 0.2898550724637681, 'NX_10_click_loss': 21.161784352865954, 'NX_10_CV': '0.00751', 'NX_10_CV_turn': '0.01250', 'NX_10_ctr': 2.396252230253931, 'NX_10_len_tra': 10.0, 'NX_10_R_tra': 23.96252230253931, 'NX_10_ifeat_feat': 0.32}]
[I 221224 13:05:41 utils:48] Epoch: [2], Info: [{'loss': 9.59699771199037e-07, 'mae': 0.8842239281918581, 'mse': 1.1786268586011668, 'click_loss': 22.591612031978872, 'CV': '0.00541', 'CV_turn': '0.02287', 'ctr': 2.492044226030665, 'len_tra': 3.935, 'R_tra': 9.806194029430667, 'ifeat_feat': 0.2579415501905972, 'NX_0_click_loss': 22.78371411977244, 'NX_0_CV': '0.00601', 'NX_0_CV_turn': '0.01876', 'NX_0_ctr': 2.4799160740539925, 'NX_0_len_tra': 5.33, 'NX_0_R_tra': 13.217952674707782, 'NX_0_ifeat_feat': 0.2776735459662289, 'NX_10_click_loss': 22.956354212703104, 'NX_10_CV': '0.00721', 'NX_10_CV_turn': '0.01200', 'NX_10_ctr': 2.3961418790238844, 'NX_10_len_tra': 10.0, 'NX_10_R_tra': 23.961418790238845, 'NX_10_ifeat_feat': 0.325}]
[I 221224 13:08:19 utils:48] Epoch: [3], Info: [{'loss': 9.606083705835871e-07, 'mae': 0.8890879119425744, 'mse': 1.187531351454037, 'click_loss': 22.345267962967842, 'CV': '0.00511', 'CV_turn': '0.02177', 'ctr': 2.3721894220730486, 'len_tra': 3.905, 'R_tra': 9.263399693195256, 'ifeat_feat': 0.2752880921895006, 'NX_0_click_loss': 22.579366302235545, 'NX_0_CV': '0.00601', 'NX_0_CV_turn': '0.01982', 'NX_0_ctr': 2.408141623054224, 'NX_0_len_tra': 5.045, 'NX_0_R_tra': 12.149074488308559, 'NX_0_ifeat_feat': 0.29534192269573833, 'NX_10_click_loss': 22.756363294300222, 'NX_10_CV': '0.00691', 'NX_10_CV_turn': '0.01150', 'NX_10_ctr': 2.370060262378828, 'NX_10_len_tra': 10.0, 'NX_10_R_tra': 23.70060262378828, 'NX_10_ifeat_feat': 0.3335}]
[I 221224 13:10:53 utils:48] Epoch: [4], Info: [{'loss': 9.60290920474946e-07, 'mae': 0.8682898587955276, 'mse': 1.1581569483052188, 'click_loss': 16.811382921133298, 'CV': '0.00661', 'CV_turn': '0.02713', 'ctr': 2.3432956083667076, 'len_tra': 4.055, 'R_tra': 9.502063691926999, 'ifeat_feat': 0.2626387176325524, 'NX_0_click_loss': 16.974029221490902, 'NX_0_CV': '0.00751', 'NX_0_CV_turn': '0.02480', 'NX_0_ctr': 2.329922800285144, 'NX_0_len_tra': 5.04, 'NX_0_R_tra': 11.742810913437127, 'NX_0_ifeat_feat': 0.30753968253968256, 'NX_10_click_loss': 17.16731792010374, 'NX_10_CV': '0.01022', 'NX_10_CV_turn': '0.01700', 'NX_10_ctr': 2.366474982157441, 'NX_10_len_tra': 10.0, 'NX_10_R_tra': 23.66474982157441, 'NX_10_ifeat_feat': 0.3345}]
[I 221224 13:13:33 utils:48] Epoch: [5], Info: [{'loss': 9.607145450168143e-07, 'mae': 0.9041426642890007, 'mse': 1.2124075430677899, 'click_loss': 24.644148974173813, 'CV': '0.00481', 'CV_turn': '0.02114', 'ctr': 2.3834511193015393, 'len_tra': 3.785, 'R_tra': 9.021362486556326, 'ifeat_feat': 0.2536327608982827, 'NX_0_click_loss': 24.94270297733956, 'NX_0_CV': '0.00481', 'NX_0_CV_turn': '0.01540', 'NX_0_ctr': 2.4922290193782706, 'NX_0_len_tra': 5.195, 'NX_0_R_tra': 12.947129755670117, 'NX_0_ifeat_feat': 0.2781520692974013, 'NX_10_click_loss': 25.1903834888616, 'NX_10_CV': '0.00631', 'NX_10_CV_turn': '0.01050', 'NX_10_ctr': 2.4492084705510195, 'NX_10_len_tra': 10.0, 'NX_10_R_tra': 24.492084705510198, 'NX_10_ifeat_feat': 0.314}]
[I 221224 13:16:10 utils:48] Epoch: [6], Info: [{'loss': 9.605095424833844e-07, 'mae': 0.8610362467494449, 'mse': 1.14320916946184, 'click_loss': 18.300167414103065, 'CV': '0.00571', 'CV_turn': '0.02273', 'ctr': 2.417033147126512, 'len_tra': 4.18, 'R_tra': 10.10319855498882, 'ifeat_feat': 0.27392344497607657, 'NX_0_click_loss': 18.461275106475004, 'NX_0_CV': '0.00691', 'NX_0_CV_turn': '0.02203', 'NX_0_ctr': 2.396025199372362, 'NX_0_len_tra': 5.22, 'NX_0_R_tra': 12.50725154072373, 'NX_0_ifeat_feat': 0.3007662835249042, 'NX_10_click_loss': 18.597614838938743, 'NX_10_CV': '0.00842', 'NX_10_CV_turn': '0.01400', 'NX_10_ctr': 2.3587291220236324, 'NX_10_len_tra': 10.0, 'NX_10_R_tra': 23.587291220236324, 'NX_10_ifeat_feat': 0.329}]
[I 221224 13:18:48 utils:48] Epoch: [7], Info: [{'loss': 9.605898494236773e-07, 'mae': 0.8927675402956249, 'mse': 1.193996755438513, 'click_loss': 22.416830845748738, 'CV': '0.00511', 'CV_turn': '0.02083', 'ctr': 2.341690177852108, 'len_tra': 4.08, 'R_tra': 9.5540959256366, 'ifeat_feat': 0.24632352941176472, 'NX_0_click_loss': 22.769365728751975, 'NX_0_CV': '0.00541', 'NX_0_CV_turn': '0.01742', 'NX_0_ctr': 2.4809872209587303, 'NX_0_len_tra': 5.165, 'NX_0_R_tra': 12.814298996251841, 'NX_0_ifeat_feat': 0.2758954501452081, 'NX_10_click_loss': 22.930274946015203, 'NX_10_CV': '0.00661', 'NX_10_CV_turn': '0.01100', 'NX_10_ctr': 2.3788185193947315, 'NX_10_len_tra': 10.0, 'NX_10_R_tra': 23.788185193947314, 'NX_10_ifeat_feat': 0.3235}]
[I 221224 13:21:25 utils:48] Epoch: [8], Info: [{'loss': 9.605507861365849e-07, 'mae': 0.8712076076350146, 'mse': 1.158905677847457, 'click_loss': 19.595223353465382, 'CV': '0.00571', 'CV_turn': '0.02267', 'ctr': 2.353260811352573, 'len_tra': 4.19, 'R_tra': 9.86016279956728, 'ifeat_feat': 0.2947494033412888, 'NX_0_click_loss': 19.83319192253736, 'NX_0_CV': '0.00661', 'NX_0_CV_turn': '0.02176', 'NX_0_ctr': 2.3947763442555265, 'NX_0_len_tra': 5.055, 'NX_0_R_tra': 12.105594420211688, 'NX_0_ifeat_feat': 0.27596439169139464, 'NX_10_click_loss': 20.018030997031126, 'NX_10_CV': '0.00691', 'NX_10_CV_turn': '0.01150', 'NX_10_ctr': 2.4019254281453186, 'NX_10_len_tra': 10.0, 'NX_10_R_tra': 24.019254281453186, 'NX_10_ifeat_feat': 0.3295}]
[I 221224 13:24:00 utils:48] Epoch: [9], Info: [{'loss': 9.605404635581143e-07, 'mae': 0.8810746639914051, 'mse': 1.1753065012368638, 'click_loss': 20.767206239408438, 'CV': '0.00571', 'CV_turn': '0.02372', 'ctr': 2.433178021583196, 'len_tra': 4.005, 'R_tra': 9.7448779764407, 'ifeat_feat': 0.2759051186017478, 'NX_0_click_loss': 20.9233321853396, 'NX_0_CV': '0.00631', 'NX_0_CV_turn': '0.02031', 'NX_0_ctr': 2.410947818627151, 'NX_0_len_tra': 5.17, 'NX_0_R_tra': 12.464600222302373, 'NX_0_ifeat_feat': 0.2911025145067698, 'NX_10_click_loss': 21.046450741858298, 'NX_10_CV': '0.00721', 'NX_10_CV_turn': '0.01200', 'NX_10_ctr': 2.3341666451404253, 'NX_10_len_tra': 10.0, 'NX_10_R_tra': 23.341666451404254, 'NX_10_ifeat_feat': 0.3255}]
[I 221224 13:24:00 DeepFM-IPS-pairwise:216] {}
