[I 221224 02:59:01 DeepFM-IPS-pairwise:163] {
      "resume": false,
      "env": "KuaishouEnv-v0",
      "is_softmax": true,
      "num_trajectory": 200,
      "force_length": 10,
      "epsilon": 0,
      "top_rate": 0.6,
      "l2_reg_dnn": 0.1,
      "feature_dim": 16,
      "entity_dim": 16,
      "user_model_name": "DeepFM-IPS-pairwise",
      "dnn": [
        64,
        64
      ],
      "batch_size": 2048,
      "epoch": 10,
      "cuda": 6,
      "leave_threshold": 0.0,
      "num_leave_compute": 2,
      "message": "IPS-leave2"
    }
[I 221224 03:00:24 utils:48] Epoch: [-1], Info: [{'mae': 0.8820643757842808, 'mse': 1.2130866519902068, 'click_loss': 1.858340747305628, 'CV': '0.25098', 'CV_turn': '0.82428', 'ctr': 1.015560192493253, 'len_tra': 5.065, 'R_tra': 5.143812374978325, 'ifeat_feat': 0.6554787759131293, 'NX_0_click_loss': 1.8342064421904507, 'NX_0_CV': '0.23294', 'NX_0_CV_turn': '0.85541', 'NX_0_ctr': 0.993428678426651, 'NX_0_len_tra': 4.53, 'NX_0_R_tra': 4.500231913272729, 'NX_0_ifeat_feat': 0.6799116997792495, 'NX_10_click_loss': 1.8500773220416458, 'NX_10_CV': '0.44364', 'NX_10_CV_turn': '0.73800', 'NX_10_ctr': 0.9998765193280129, 'NX_10_len_tra': 10.0, 'NX_10_R_tra': 9.998765193280128, 'NX_10_ifeat_feat': 0.681}]
[I 221224 03:02:38 utils:48] Epoch: [0], Info: [{'loss': 1.2488792876973488e-06, 'mae': 0.8842054782773155, 'mse': 1.1810436269397186, 'click_loss': 20.57146954310489, 'CV': '0.00601', 'CV_turn': '0.02278', 'ctr': 2.432319129974061, 'len_tra': 4.39, 'R_tra': 10.677880980586128, 'ifeat_feat': 0.2630979498861048, 'NX_0_click_loss': 20.797494528725544, 'NX_0_CV': '0.00661', 'NX_0_CV_turn': '0.01868', 'NX_0_ctr': 2.383546419450137, 'NX_0_len_tra': 5.89, 'NX_0_R_tra': 14.039088410561305, 'NX_0_ifeat_feat': 0.3081494057724958, 'NX_10_click_loss': 20.93591620280628, 'NX_10_CV': '0.00721', 'NX_10_CV_turn': '0.01200', 'NX_10_ctr': 2.4210365383852386, 'NX_10_len_tra': 10.0, 'NX_10_R_tra': 24.210365383852388, 'NX_10_ifeat_feat': 0.3195}]
[I 221224 03:04:51 utils:48] Epoch: [1], Info: [{'loss': 9.582964083364657e-07, 'mae': 0.8820337533502508, 'mse': 1.1768124504499042, 'click_loss': 20.853469900024415, 'CV': '0.00541', 'CV_turn': '0.02153', 'ctr': 2.4398962083049773, 'len_tra': 4.18, 'R_tra': 10.198766150714807, 'ifeat_feat': 0.23684210526315788, 'NX_0_click_loss': 21.035634023328786, 'NX_0_CV': '0.00631', 'NX_0_CV_turn': '0.01769', 'NX_0_ctr': 2.3544667373421237, 'NX_0_len_tra': 5.935, 'NX_0_R_tra': 13.973760086125505, 'NX_0_ifeat_feat': 0.2923336141533277, 'NX_10_click_loss': 21.138192306234156, 'NX_10_CV': '0.00661', 'NX_10_CV_turn': '0.01100', 'NX_10_ctr': 2.3940578104990085, 'NX_10_len_tra': 10.0, 'NX_10_R_tra': 23.940578104990085, 'NX_10_ifeat_feat': 0.331}]
[I 221224 03:07:05 utils:48] Epoch: [2], Info: [{'loss': 9.59699771199037e-07, 'mae': 0.8842239281918581, 'mse': 1.1786268586011668, 'click_loss': 22.493520410374202, 'CV': '0.00511', 'CV_turn': '0.01991', 'ctr': 2.4106369775526253, 'len_tra': 4.27, 'R_tra': 10.29341989414971, 'ifeat_feat': 0.24824355971896955, 'NX_0_click_loss': 22.80381197215123, 'NX_0_CV': '0.00631', 'NX_0_CV_turn': '0.01818', 'NX_0_ctr': 2.4075701177684055, 'NX_0_len_tra': 5.775, 'NX_0_R_tra': 13.903717430112543, 'NX_0_ifeat_feat': 0.27705627705627706, 'NX_10_click_loss': 22.940702624391292, 'NX_10_CV': '0.00631', 'NX_10_CV_turn': '0.01050', 'NX_10_ctr': 2.4001883087861264, 'NX_10_len_tra': 10.0, 'NX_10_R_tra': 24.001883087861266, 'NX_10_ifeat_feat': 0.334}]
[I 221224 03:09:19 utils:48] Epoch: [3], Info: [{'loss': 9.606083705835871e-07, 'mae': 0.8890879119425744, 'mse': 1.187531351454037, 'click_loss': 22.35433675834625, 'CV': '0.00541', 'CV_turn': '0.02206', 'ctr': 2.3622806784069317, 'len_tra': 4.08, 'R_tra': 9.638105167900282, 'ifeat_feat': 0.2659313725490196, 'NX_0_click_loss': 22.647875284571814, 'NX_0_CV': '0.00781', 'NX_0_CV_turn': '0.02297', 'NX_0_ctr': 2.3533319289737764, 'NX_0_len_tra': 5.66, 'NX_0_R_tra': 13.319858717991574, 'NX_0_ifeat_feat': 0.2862190812720848, 'NX_10_click_loss': 22.744924955282336, 'NX_10_CV': '0.00661', 'NX_10_CV_turn': '0.01100', 'NX_10_ctr': 2.350303134832556, 'NX_10_len_tra': 10.0, 'NX_10_R_tra': 23.503031348325564, 'NX_10_ifeat_feat': 0.3235}]
[I 221224 03:11:34 utils:48] Epoch: [4], Info: [{'loss': 9.60290920474946e-07, 'mae': 0.8682898587955276, 'mse': 1.1581569483052188, 'click_loss': 16.970057360322645, 'CV': '0.00781', 'CV_turn': '0.02938', 'ctr': 2.421100837354123, 'len_tra': 4.425, 'R_tra': 10.713371205291994, 'ifeat_feat': 0.2655367231638418, 'NX_0_click_loss': 17.102163701476478, 'NX_0_CV': '0.00872', 'NX_0_CV_turn': '0.02435', 'NX_0_ctr': 2.363963731593031, 'NX_0_len_tra': 5.955, 'NX_0_R_tra': 14.0774040216365, 'NX_0_ifeat_feat': 0.3056255247691016, 'NX_10_click_loss': 17.104682827935626, 'NX_10_CV': '0.00872', 'NX_10_CV_turn': '0.01450', 'NX_10_ctr': 2.343002529130415, 'NX_10_len_tra': 10.0, 'NX_10_R_tra': 23.43002529130415, 'NX_10_ifeat_feat': 0.332}]
[I 221224 03:13:52 utils:48] Epoch: [5], Info: [{'loss': 9.607145450168143e-07, 'mae': 0.9041426642890007, 'mse': 1.2124075430677899, 'click_loss': 24.665184698073276, 'CV': '0.00481', 'CV_turn': '0.01973', 'ctr': 2.4430629384304856, 'len_tra': 4.055, 'R_tra': 9.906620215335618, 'ifeat_feat': 0.2651048088779285, 'NX_0_click_loss': 25.06763096705897, 'NX_0_CV': '0.00631', 'NX_0_CV_turn': '0.01831', 'NX_0_ctr': 2.461921240936527, 'NX_0_len_tra': 5.735, 'NX_0_R_tra': 14.119118316770983, 'NX_0_ifeat_feat': 0.27898866608544026, 'NX_10_click_loss': 25.12432518214066, 'NX_10_CV': '0.00661', 'NX_10_CV_turn': '0.01100', 'NX_10_ctr': 2.370110045612665, 'NX_10_len_tra': 10.0, 'NX_10_R_tra': 23.70110045612665, 'NX_10_ifeat_feat': 0.3285}]
[I 221224 03:16:06 utils:48] Epoch: [6], Info: [{'loss': 9.605095424833844e-07, 'mae': 0.8610362467494449, 'mse': 1.14320916946184, 'click_loss': 18.35667183800006, 'CV': '0.00691', 'CV_turn': '0.02758', 'ctr': 2.404242640610871, 'len_tra': 4.17, 'R_tra': 10.025691811347333, 'ifeat_feat': 0.2829736211031175, 'NX_0_click_loss': 18.585836119916436, 'NX_0_CV': '0.00812', 'NX_0_CV_turn': '0.02123', 'NX_0_ctr': 2.3800199244704543, 'NX_0_len_tra': 6.36, 'NX_0_R_tra': 15.13692671963209, 'NX_0_ifeat_feat': 0.28459119496855345, 'NX_10_click_loss': 18.58348788060231, 'NX_10_CV': '0.00902', 'NX_10_CV_turn': '0.01500', 'NX_10_ctr': 2.3228098901657357, 'NX_10_len_tra': 10.0, 'NX_10_R_tra': 23.228098901657358, 'NX_10_ifeat_feat': 0.332}]
[I 221224 03:18:17 utils:48] Epoch: [7], Info: [{'loss': 9.605898494236773e-07, 'mae': 0.8927675402956249, 'mse': 1.193996755438513, 'click_loss': 22.473596326109963, 'CV': '0.00511', 'CV_turn': '0.02157', 'ctr': 2.382438633166844, 'len_tra': 3.94, 'R_tra': 9.386808214677364, 'ifeat_feat': 0.24873096446700507, 'NX_0_click_loss': 22.943577407430645, 'NX_0_CV': '0.00781', 'NX_0_CV_turn': '0.02211', 'NX_0_ctr': 2.4057305761932586, 'NX_0_len_tra': 5.88, 'NX_0_R_tra': 14.14569578801636, 'NX_0_ifeat_feat': 0.2891156462585034, 'NX_10_click_loss': 22.894228758026763, 'NX_10_CV': '0.00721', 'NX_10_CV_turn': '0.01200', 'NX_10_ctr': 2.366171223808878, 'NX_10_len_tra': 10.0, 'NX_10_R_tra': 23.661712238088782, 'NX_10_ifeat_feat': 0.332}]
[I 221224 03:20:32 utils:48] Epoch: [8], Info: [{'loss': 9.605507861365849e-07, 'mae': 0.8712076076350146, 'mse': 1.158905677847457, 'click_loss': 19.697380661419164, 'CV': '0.00751', 'CV_turn': '0.02841', 'ctr': 2.426498128605873, 'len_tra': 4.4, 'R_tra': 10.676591765865842, 'ifeat_feat': 0.27954545454545454, 'NX_0_click_loss': 19.922300474131827, 'NX_0_CV': '0.00751', 'NX_0_CV_turn': '0.02159', 'NX_0_ctr': 2.3602170403909226, 'NX_0_len_tra': 5.79, 'NX_0_R_tra': 13.665656663863443, 'NX_0_ifeat_feat': 0.27892918825561314, 'NX_10_click_loss': 19.981208876385438, 'NX_10_CV': '0.00721', 'NX_10_CV_turn': '0.01200', 'NX_10_ctr': 2.375264334454294, 'NX_10_len_tra': 10.0, 'NX_10_R_tra': 23.75264334454294, 'NX_10_ifeat_feat': 0.317}]
[I 221224 03:22:46 utils:48] Epoch: [9], Info: [{'loss': 9.605404635581143e-07, 'mae': 0.8810746639914051, 'mse': 1.1753065012368638, 'click_loss': 20.84961950666232, 'CV': '0.00571', 'CV_turn': '0.02132', 'ctr': 2.5046571907336648, 'len_tra': 4.455, 'R_tra': 11.158247784718476, 'ifeat_feat': 0.2962962962962963, 'NX_0_click_loss': 21.050230140946724, 'NX_0_CV': '0.00872', 'NX_0_CV_turn': '0.02491', 'NX_0_ctr': 2.352979669864367, 'NX_0_len_tra': 5.82, 'NX_0_R_tra': 13.694341678610618, 'NX_0_ifeat_feat': 0.2766323024054983, 'NX_10_click_loss': 21.089854177895866, 'NX_10_CV': '0.00751', 'NX_10_CV_turn': '0.01250', 'NX_10_ctr': 2.3837607197202124, 'NX_10_len_tra': 10.0, 'NX_10_R_tra': 23.837607197202125, 'NX_10_ifeat_feat': 0.329}]
[I 221224 03:22:46 DeepFM-IPS-pairwise:216] {}
