[I 221224 09:35:58 DeepFM-IPS-pairwise:163] {
      "resume": false,
      "env": "KuaishouEnv-v0",
      "is_softmax": true,
      "num_trajectory": 200,
      "force_length": 10,
      "epsilon": 0,
      "top_rate": 0.6,
      "l2_reg_dnn": 0.1,
      "feature_dim": 16,
      "entity_dim": 16,
      "user_model_name": "DeepFM-IPS-pairwise",
      "dnn": [
        64,
        64
      ],
      "batch_size": 2048,
      "epoch": 10,
      "cuda": 6,
      "leave_threshold": 0.0,
      "num_leave_compute": 4,
      "message": "IPS-leave4"
    }
[I 221224 09:37:11 utils:48] Epoch: [-1], Info: [{'mae': 0.8820643757842808, 'mse': 1.2130866519902068, 'click_loss': 1.8696552975386425, 'CV': '0.23114', 'CV_turn': '0.83496', 'ctr': 1.03069575387119, 'len_tra': 4.605, 'R_tra': 4.746353946576829, 'ifeat_feat': 0.6612377850162866, 'NX_0_click_loss': 1.8322160286182736, 'NX_0_CV': '0.20679', 'NX_0_CV_turn': '0.85254', 'NX_0_ctr': 0.999103399245438, 'NX_0_len_tra': 4.035, 'NX_0_R_tra': 4.031382215955342, 'NX_0_ifeat_feat': 0.6964064436183395, 'NX_10_click_loss': 1.8862519763788388, 'NX_10_CV': '0.43282', 'NX_10_CV_turn': '0.72000', 'NX_10_ctr': 1.0482972468665055, 'NX_10_len_tra': 10.0, 'NX_10_R_tra': 10.482972468665055, 'NX_10_ifeat_feat': 0.6665}]
[I 221224 09:39:46 utils:48] Epoch: [0], Info: [{'loss': 1.2488792876973488e-06, 'mae': 0.8842054782773155, 'mse': 1.1810436269397186, 'click_loss': 20.546205045982767, 'CV': '0.00571', 'CV_turn': '0.02309', 'ctr': 2.410768405072985, 'len_tra': 4.115, 'R_tra': 9.920311986875332, 'ifeat_feat': 0.25637910085054677, 'NX_0_click_loss': 20.851235942385802, 'NX_0_CV': '0.00661', 'NX_0_CV_turn': '0.02128', 'NX_0_ctr': 2.5359058096301617, 'NX_0_len_tra': 5.17, 'NX_0_R_tra': 13.110633035787934, 'NX_0_ifeat_feat': 0.3027079303675048, 'NX_10_click_loss': 20.934492578758416, 'NX_10_CV': '0.00661', 'NX_10_CV_turn': '0.01100', 'NX_10_ctr': 2.4250678637162797, 'NX_10_len_tra': 10.0, 'NX_10_R_tra': 24.250678637162796, 'NX_10_ifeat_feat': 0.3185}]
[I 221224 09:42:25 utils:48] Epoch: [1], Info: [{'loss': 9.582964083364657e-07, 'mae': 0.8820337533502508, 'mse': 1.1768124504499042, 'click_loss': 20.97778730884097, 'CV': '0.00571', 'CV_turn': '0.02452', 'ctr': 2.5608851801906884, 'len_tra': 3.875, 'R_tra': 9.923430073238919, 'ifeat_feat': 0.24516129032258063, 'NX_0_click_loss': 21.018652659966353, 'NX_0_CV': '0.00631', 'NX_0_CV_turn': '0.01985', 'NX_0_ctr': 2.4641242180594576, 'NX_0_len_tra': 5.29, 'NX_0_R_tra': 13.035217113534532, 'NX_0_ifeat_feat': 0.29017013232514177, 'NX_10_click_loss': 21.160814602857204, 'NX_10_CV': '0.00721', 'NX_10_CV_turn': '0.01200', 'NX_10_ctr': 2.401870882039649, 'NX_10_len_tra': 10.0, 'NX_10_R_tra': 24.01870882039649, 'NX_10_ifeat_feat': 0.321}]
[I 221224 09:44:58 utils:48] Epoch: [2], Info: [{'loss': 9.59699771199037e-07, 'mae': 0.8842239281918581, 'mse': 1.1786268586011668, 'click_loss': 22.567616774626984, 'CV': '0.00541', 'CV_turn': '0.02233', 'ctr': 2.465923902851701, 'len_tra': 4.03, 'R_tra': 9.937673328492355, 'ifeat_feat': 0.2679900744416873, 'NX_0_click_loss': 22.757298384003253, 'NX_0_CV': '0.00601', 'NX_0_CV_turn': '0.01946', 'NX_0_ctr': 2.4496005015550275, 'NX_0_len_tra': 5.14, 'NX_0_R_tra': 12.59094657799284, 'NX_0_ifeat_feat': 0.29961089494163423, 'NX_10_click_loss': 22.8602981741352, 'NX_10_CV': '0.00631', 'NX_10_CV_turn': '0.01050', 'NX_10_ctr': 2.3235387766284883, 'NX_10_len_tra': 10.0, 'NX_10_R_tra': 23.235387766284884, 'NX_10_ifeat_feat': 0.337}]
[I 221224 09:47:31 utils:48] Epoch: [3], Info: [{'loss': 9.606083705835871e-07, 'mae': 0.8890879119425744, 'mse': 1.187531351454037, 'click_loss': 22.36015801622602, 'CV': '0.00511', 'CV_turn': '0.02136', 'ctr': 2.3815516987154415, 'len_tra': 3.98, 'R_tra': 9.478575760887457, 'ifeat_feat': 0.27386934673366836, 'NX_0_click_loss': 22.55070161154419, 'NX_0_CV': '0.00541', 'NX_0_CV_turn': '0.01818', 'NX_0_ctr': 2.4007603366892902, 'NX_0_len_tra': 4.95, 'NX_0_R_tra': 11.883763666611987, 'NX_0_ifeat_feat': 0.28585858585858587, 'NX_10_click_loss': 22.74620817923072, 'NX_10_CV': '0.00721', 'NX_10_CV_turn': '0.01200', 'NX_10_ctr': 2.3501103923273554, 'NX_10_len_tra': 10.0, 'NX_10_R_tra': 23.501103923273554, 'NX_10_ifeat_feat': 0.3265}]
[I 221224 09:50:08 utils:48] Epoch: [4], Info: [{'loss': 9.60290920474946e-07, 'mae': 0.8682898587955276, 'mse': 1.1581569483052188, 'click_loss': 16.846354351056277, 'CV': '0.00691', 'CV_turn': '0.02897', 'ctr': 2.3741066231841197, 'len_tra': 3.97, 'R_tra': 9.425203294040957, 'ifeat_feat': 0.2619647355163728, 'NX_0_click_loss': 17.00898385671293, 'NX_0_CV': '0.00691', 'NX_0_CV_turn': '0.02340', 'NX_0_ctr': 2.373605245176446, 'NX_0_len_tra': 4.915, 'NX_0_R_tra': 11.666269780042233, 'NX_0_ifeat_feat': 0.2970498474059003, 'NX_10_click_loss': 17.15180257256055, 'NX_10_CV': '0.01022', 'NX_10_CV_turn': '0.01700', 'NX_10_ctr': 2.38012981541181, 'NX_10_len_tra': 10.0, 'NX_10_R_tra': 23.8012981541181, 'NX_10_ifeat_feat': 0.325}]
[I 221224 09:52:45 utils:48] Epoch: [5], Info: [{'loss': 9.607145450168143e-07, 'mae': 0.9041426642890007, 'mse': 1.2124075430677899, 'click_loss': 24.675879242028913, 'CV': '0.00481', 'CV_turn': '0.02100', 'ctr': 2.430637491146536, 'len_tra': 3.81, 'R_tra': 9.260728841268302, 'ifeat_feat': 0.24015748031496062, 'NX_0_click_loss': 24.90530662522457, 'NX_0_CV': '0.00571', 'NX_0_CV_turn': '0.01894', 'NX_0_ctr': 2.4159110785728566, 'NX_0_len_tra': 5.015, 'NX_0_R_tra': 12.115794059042877, 'NX_0_ifeat_feat': 0.26719840478564305, 'NX_10_click_loss': 25.096614657761396, 'NX_10_CV': '0.00601', 'NX_10_CV_turn': '0.01000', 'NX_10_ctr': 2.3581488670128183, 'NX_10_len_tra': 10.0, 'NX_10_R_tra': 23.581488670128184, 'NX_10_ifeat_feat': 0.317}]
[I 221224 09:55:17 utils:48] Epoch: [6], Info: [{'loss': 9.605095424833844e-07, 'mae': 0.8610362467494449, 'mse': 1.14320916946184, 'click_loss': 18.313262748689084, 'CV': '0.00541', 'CV_turn': '0.02206', 'ctr': 2.441653285277865, 'len_tra': 4.08, 'R_tra': 9.96194540393369, 'ifeat_feat': 0.2549019607843137, 'NX_0_click_loss': 18.47296479835571, 'NX_0_CV': '0.00631', 'NX_0_CV_turn': '0.02163', 'NX_0_ctr': 2.4266452375278775, 'NX_0_len_tra': 4.855, 'NX_0_R_tra': 11.781362628197847, 'NX_0_ifeat_feat': 0.2924819773429454, 'NX_10_click_loss': 18.592650123468168, 'NX_10_CV': '0.00691', 'NX_10_CV_turn': '0.01150', 'NX_10_ctr': 2.37586164604738, 'NX_10_len_tra': 10.0, 'NX_10_R_tra': 23.7586164604738, 'NX_10_ifeat_feat': 0.338}]
[I 221224 09:57:52 utils:48] Epoch: [7], Info: [{'loss': 9.605898494236773e-07, 'mae': 0.8927675402956249, 'mse': 1.193996755438513, 'click_loss': 22.499304615363673, 'CV': '0.00511', 'CV_turn': '0.02194', 'ctr': 2.4065528453441685, 'len_tra': 3.875, 'R_tra': 9.325392275708653, 'ifeat_feat': 0.2541935483870968, 'NX_0_click_loss': 22.79202306165256, 'NX_0_CV': '0.00601', 'NX_0_CV_turn': '0.01938', 'NX_0_ctr': 2.464431843887064, 'NX_0_len_tra': 5.16, 'NX_0_R_tra': 12.71646831445725, 'NX_0_ifeat_feat': 0.2742248062015504, 'NX_10_click_loss': 22.964933218980104, 'NX_10_CV': '0.00661', 'NX_10_CV_turn': '0.01100', 'NX_10_ctr': 2.4266167936566116, 'NX_10_len_tra': 10.0, 'NX_10_R_tra': 24.266167936566116, 'NX_10_ifeat_feat': 0.3275}]
[I 221224 10:00:29 utils:48] Epoch: [8], Info: [{'loss': 9.605507861365849e-07, 'mae': 0.8712076076350146, 'mse': 1.158905677847457, 'click_loss': 19.617047473164657, 'CV': '0.00601', 'CV_turn': '0.02398', 'ctr': 2.351959357499969, 'len_tra': 4.17, 'R_tra': 9.80767052077487, 'ifeat_feat': 0.2865707434052758, 'NX_0_click_loss': 19.802827219962243, 'NX_0_CV': '0.00631', 'NX_0_CV_turn': '0.02102', 'NX_0_ctr': 2.392755343886939, 'NX_0_len_tra': 4.995, 'NX_0_R_tra': 11.951812942715259, 'NX_0_ifeat_feat': 0.28128128128128127, 'NX_10_click_loss': 20.038847003622497, 'NX_10_CV': '0.00751', 'NX_10_CV_turn': '0.01250', 'NX_10_ctr': 2.4131340204910354, 'NX_10_len_tra': 10.0, 'NX_10_R_tra': 24.13134020491035, 'NX_10_ifeat_feat': 0.324}]
[I 221224 10:03:03 utils:48] Epoch: [9], Info: [{'loss': 9.605404635581143e-07, 'mae': 0.8810746639914051, 'mse': 1.1753065012368638, 'click_loss': 20.740779913399482, 'CV': '0.00541', 'CV_turn': '0.02190', 'ctr': 2.411984728635258, 'len_tra': 4.11, 'R_tra': 9.91325723469091, 'ifeat_feat': 0.2688564476885645, 'NX_0_click_loss': 20.91072730870321, 'NX_0_CV': '0.00571', 'NX_0_CV_turn': '0.01872', 'NX_0_ctr': 2.4260111225555954, 'NX_0_len_tra': 5.075, 'NX_0_R_tra': 12.312006446969647, 'NX_0_ifeat_feat': 0.28374384236453204, 'NX_10_click_loss': 21.083786408893587, 'NX_10_CV': '0.00691', 'NX_10_CV_turn': '0.01150', 'NX_10_ctr': 2.375395573131549, 'NX_10_len_tra': 10.0, 'NX_10_R_tra': 23.75395573131549, 'NX_10_ifeat_feat': 0.3285}]
[I 221224 10:03:03 DeepFM-IPS-pairwise:216] {}
