[I 221224 10:03:09 PD-pairwise:203] {
      "resume": false,
      "env": "KuaishouEnv-v0",
      "is_softmax": true,
      "l2_reg_dnn": 0.1,
      "num_trajectory": 200,
      "force_length": 10,
      "epsilon": 0,
      "top_rate": 0.6,
      "gamma": 0.1,
      "feature_dim": 16,
      "entity_dim": 16,
      "user_model_name": "PD-pairwise",
      "dnn": [
        64,
        64
      ],
      "batch_size": 2048,
      "epoch": 10,
      "cuda": 6,
      "leave_threshold": 0.0,
      "num_leave_compute": 4,
      "message": "PD-leave4"
    }
[I 221224 10:04:23 utils:48] Epoch: [-1], Info: [{'mae': 0.8820643757842808, 'mse': 1.2130866519902068, 'click_loss': 1.864840243346883, 'CV': '0.23114', 'CV_turn': '0.83496', 'ctr': 1.025890441867704, 'len_tra': 4.605, 'R_tra': 4.724225484800776, 'ifeat_feat': 0.6612377850162866, 'NX_0_click_loss': 1.8373215181790148, 'NX_0_CV': '0.20679', 'NX_0_CV_turn': '0.85254', 'NX_0_ctr': 1.0041845358772186, 'NX_0_len_tra': 4.035, 'NX_0_R_tra': 4.051884602264576, 'NX_0_ifeat_feat': 0.6964064436183395, 'NX_10_click_loss': 1.8964881272368306, 'NX_10_CV': '0.43282', 'NX_10_CV_turn': '0.72000', 'NX_10_ctr': 1.058525181641446, 'NX_10_len_tra': 10.0, 'NX_10_R_tra': 10.585251816414461, 'NX_10_ifeat_feat': 0.6665}]
[I 221224 10:06:56 utils:48] Epoch: [0], Info: [{'loss': 0.00035269954269716666, 'mae': 0.978686225450618, 'mse': 1.2013951453827074, 'click_loss': 55.574364151224586, 'CV': '0.00331', 'CV_turn': '0.01580', 'ctr': 2.3675410104992527, 'len_tra': 3.48, 'R_tra': 8.2390427165374, 'ifeat_feat': 0.15660919540229884, 'NX_0_click_loss': 56.36486565359804, 'NX_0_CV': '0.00361', 'NX_0_CV_turn': '0.01142', 'NX_0_ctr': 2.4659270961974395, 'NX_0_len_tra': 5.255, 'NX_0_R_tra': 12.958446890517546, 'NX_0_ifeat_feat': 0.22454804947668885, 'NX_10_click_loss': 57.59585372904227, 'NX_10_CV': '0.00391', 'NX_10_CV_turn': '0.00650', 'NX_10_ctr': 2.4156397950975204, 'NX_10_len_tra': 10.0, 'NX_10_R_tra': 24.1563979509752, 'NX_10_ifeat_feat': 0.3395}]
[I 221224 10:09:31 utils:48] Epoch: [1], Info: [{'loss': 0.0003405799615089878, 'mae': 0.9892900051929678, 'mse': 1.223772317884401, 'click_loss': 56.00406712004108, 'CV': '0.00361', 'CV_turn': '0.01821', 'ctr': 2.4647903776124336, 'len_tra': 3.295, 'R_tra': 8.12148429423297, 'ifeat_feat': 0.13353566009104703, 'NX_0_click_loss': 56.88098905088287, 'NX_0_CV': '0.00391', 'NX_0_CV_turn': '0.01172', 'NX_0_ctr': 2.465304826417878, 'NX_0_len_tra': 5.545, 'NX_0_R_tra': 13.670115262487132, 'NX_0_ifeat_feat': 0.23895401262398558, 'NX_10_click_loss': 58.024372763810284, 'NX_10_CV': '0.00421', 'NX_10_CV_turn': '0.00700', 'NX_10_ctr': 2.4370198013163327, 'NX_10_len_tra': 10.0, 'NX_10_R_tra': 24.370198013163325, 'NX_10_ifeat_feat': 0.342}]
[I 221224 10:12:03 utils:48] Epoch: [2], Info: [{'loss': 0.00034059803928162223, 'mae': 0.9882542819060293, 'mse': 1.2216332292239795, 'click_loss': 55.1013922142786, 'CV': '0.00331', 'CV_turn': '0.01574', 'ctr': 2.3527749083319454, 'len_tra': 3.495, 'R_tra': 8.222948304620148, 'ifeat_feat': 0.1688125894134478, 'NX_0_click_loss': 55.94055830880645, 'NX_0_CV': '0.00391', 'NX_0_CV_turn': '0.01204', 'NX_0_ctr': 2.4122968026905136, 'NX_0_len_tra': 5.4, 'NX_0_R_tra': 13.026402734528775, 'NX_0_ifeat_feat': 0.22870370370370371, 'NX_10_click_loss': 57.14609453500465, 'NX_10_CV': '0.00451', 'NX_10_CV_turn': '0.00750', 'NX_10_ctr': 2.4250774642343824, 'NX_10_len_tra': 10.0, 'NX_10_R_tra': 24.25077464234382, 'NX_10_ifeat_feat': 0.345}]
[I 221224 10:14:38 utils:48] Epoch: [3], Info: [{'loss': 0.00034060041800088205, 'mae': 0.9736882612692407, 'mse': 1.1902971789157866, 'click_loss': 53.85035626221374, 'CV': '0.00331', 'CV_turn': '0.01567', 'ctr': 2.454531840708755, 'len_tra': 3.51, 'R_tra': 8.61540676088773, 'ifeat_feat': 0.17236467236467237, 'NX_0_click_loss': 54.691116318181734, 'NX_0_CV': '0.00421', 'NX_0_CV_turn': '0.01267', 'NX_0_ctr': 2.47067203678925, 'NX_0_len_tra': 5.525, 'NX_0_R_tra': 13.650463003260606, 'NX_0_ifeat_feat': 0.2425339366515837, 'NX_10_click_loss': 55.65552449936873, 'NX_10_CV': '0.00451', 'NX_10_CV_turn': '0.00750', 'NX_10_ctr': 2.376395377588366, 'NX_10_len_tra': 10.0, 'NX_10_R_tra': 23.76395377588366, 'NX_10_ifeat_feat': 0.341}]
[I 221224 10:17:11 utils:48] Epoch: [4], Info: [{'loss': 0.0003405991332633064, 'mae': 0.9811795389085745, 'mse': 1.206553981966018, 'click_loss': 53.54514306061301, 'CV': '0.00331', 'CV_turn': '0.01659', 'ctr': 2.479354256476815, 'len_tra': 3.315, 'R_tra': 8.219059360220642, 'ifeat_feat': 0.14027149321266968, 'NX_0_click_loss': 54.29588786302892, 'NX_0_CV': '0.00361', 'NX_0_CV_turn': '0.01075', 'NX_0_ctr': 2.463666589148655, 'NX_0_len_tra': 5.58, 'NX_0_R_tra': 13.747259567449497, 'NX_0_ifeat_feat': 0.2553763440860215, 'NX_10_click_loss': 55.397090369207994, 'NX_10_CV': '0.00451', 'NX_10_CV_turn': '0.00750', 'NX_10_ctr': 2.4101445894076043, 'NX_10_len_tra': 10.0, 'NX_10_R_tra': 24.10144589407604, 'NX_10_ifeat_feat': 0.3475}]
[I 221224 10:19:43 utils:48] Epoch: [5], Info: [{'loss': 0.0003405969030989489, 'mae': 0.9815116583614595, 'mse': 1.2070900234970885, 'click_loss': 52.38966825316196, 'CV': '0.00361', 'CV_turn': '0.01863', 'ctr': 2.5133001096182848, 'len_tra': 3.22, 'R_tra': 8.092826352970878, 'ifeat_feat': 0.14596273291925466, 'NX_0_click_loss': 53.060511824258604, 'NX_0_CV': '0.00391', 'NX_0_CV_turn': '0.01239', 'NX_0_ctr': 2.4581998180672713, 'NX_0_len_tra': 5.245, 'NX_0_R_tra': 12.893258045762838, 'NX_0_ifeat_feat': 0.2402287893231649, 'NX_10_click_loss': 54.01877194319651, 'NX_10_CV': '0.00421', 'NX_10_CV_turn': '0.00700', 'NX_10_ctr': 2.331098811253713, 'NX_10_len_tra': 10.0, 'NX_10_R_tra': 23.310988112537128, 'NX_10_ifeat_feat': 0.3445}]
[I 221224 10:22:17 utils:48] Epoch: [6], Info: [{'loss': 0.0003405968361871686, 'mae': 0.9695454794805521, 'mse': 1.1829587743265102, 'click_loss': 56.68000640159349, 'CV': '0.00301', 'CV_turn': '0.01451', 'ctr': 2.5605504467414346, 'len_tra': 3.445, 'R_tra': 8.821096289024242, 'ifeat_feat': 0.16110304789550073, 'NX_0_click_loss': 57.406323283569726, 'NX_0_CV': '0.00391', 'NX_0_CV_turn': '0.01168', 'NX_0_ctr': 2.4727449637289167, 'NX_0_len_tra': 5.565, 'NX_0_R_tra': 13.760825723151422, 'NX_0_ifeat_feat': 0.24618149146451032, 'NX_10_click_loss': 58.549651614422174, 'NX_10_CV': '0.00451', 'NX_10_CV_turn': '0.00750', 'NX_10_ctr': 2.450856826061607, 'NX_10_len_tra': 10.0, 'NX_10_R_tra': 24.50856826061607, 'NX_10_ifeat_feat': 0.3365}]
[I 221224 10:24:47 utils:48] Epoch: [7], Info: [{'loss': 0.0003405945963953537, 'mae': 0.9691349145506065, 'mse': 1.1820827603143216, 'click_loss': 59.59117574849479, 'CV': '0.00361', 'CV_turn': '0.01724', 'ctr': 2.4935494625033483, 'len_tra': 3.48, 'R_tra': 8.677552129511653, 'ifeat_feat': 0.15804597701149425, 'NX_0_click_loss': 60.209816152909525, 'NX_0_CV': '0.00361', 'NX_0_CV_turn': '0.01117', 'NX_0_ctr': 2.3695788319971425, 'NX_0_len_tra': 5.37, 'NX_0_R_tra': 12.724638327824655, 'NX_0_ifeat_feat': 0.23370577281191807, 'NX_10_click_loss': 61.57955907363552, 'NX_10_CV': '0.00451', 'NX_10_CV_turn': '0.00750', 'NX_10_ctr': 2.3775766441311528, 'NX_10_len_tra': 10.0, 'NX_10_R_tra': 23.77576644131153, 'NX_10_ifeat_feat': 0.3425}]
[I 221224 10:27:22 utils:48] Epoch: [8], Info: [{'loss': 0.0003405962759205194, 'mae': 0.9789217388261814, 'mse': 1.2016827726037018, 'click_loss': 56.96741006206768, 'CV': '0.00331', 'CV_turn': '0.01606', 'ctr': 2.4434457328841, 'len_tra': 3.425, 'R_tra': 8.368801635128044, 'ifeat_feat': 0.15328467153284672, 'NX_0_click_loss': 57.855433659232, 'NX_0_CV': '0.00391', 'NX_0_CV_turn': '0.01186', 'NX_0_ctr': 2.5014233591873385, 'NX_0_len_tra': 5.48, 'NX_0_R_tra': 13.707800008346615, 'NX_0_ifeat_feat': 0.2490875912408759, 'NX_10_click_loss': 58.98267814031685, 'NX_10_CV': '0.00451', 'NX_10_CV_turn': '0.00750', 'NX_10_ctr': 2.4146395680053714, 'NX_10_len_tra': 10.0, 'NX_10_R_tra': 24.146395680053715, 'NX_10_ifeat_feat': 0.342}]
[I 221224 10:29:51 utils:48] Epoch: [9], Info: [{'loss': 0.0003405923254665149, 'mae': 0.9806194194317678, 'mse': 1.2054581656596735, 'click_loss': 54.46360710044091, 'CV': '0.00361', 'CV_turn': '0.01683', 'ctr': 2.5161543091654375, 'len_tra': 3.565, 'R_tra': 8.970090112174784, 'ifeat_feat': 0.14866760168302945, 'NX_0_click_loss': 55.21730526509149, 'NX_0_CV': '0.00391', 'NX_0_CV_turn': '0.01222', 'NX_0_ctr': 2.490102354861726, 'NX_0_len_tra': 5.32, 'NX_0_R_tra': 13.247344527864382, 'NX_0_ifeat_feat': 0.2387218045112782, 'NX_10_click_loss': 56.24883842469131, 'NX_10_CV': '0.00451', 'NX_10_CV_turn': '0.00750', 'NX_10_ctr': 2.3470961036769764, 'NX_10_len_tra': 10.0, 'NX_10_R_tra': 23.470961036769765, 'NX_10_ifeat_feat': 0.3305}]
[I 221224 10:29:51 PD-pairwise:256] {}
