[I 221224 13:24:07 PD-pairwise:203] {
      "resume": false,
      "env": "KuaishouEnv-v0",
      "is_softmax": true,
      "l2_reg_dnn": 0.1,
      "num_trajectory": 200,
      "force_length": 10,
      "epsilon": 0,
      "top_rate": 0.6,
      "gamma": 0.1,
      "feature_dim": 16,
      "entity_dim": 16,
      "user_model_name": "PD-pairwise",
      "dnn": [
        64,
        64
      ],
      "batch_size": 2048,
      "epoch": 10,
      "cuda": 6,
      "leave_threshold": 0.0,
      "num_leave_compute": 5,
      "message": "PD-leave5"
    }
[I 221224 13:25:27 utils:48] Epoch: [-1], Info: [{'mae': 0.8820643757842808, 'mse': 1.2130866519902068, 'click_loss': 1.8803834874308474, 'CV': '0.23324', 'CV_turn': '0.83351', 'ctr': 1.0400063896595235, 'len_tra': 4.655, 'R_tra': 4.841229743865082, 'ifeat_feat': 0.6627282491944146, 'NX_0_click_loss': 1.8425359872135332, 'NX_0_CV': '0.21671', 'NX_0_CV_turn': '0.85833', 'NX_0_ctr': 1.0029576888761278, 'NX_0_len_tra': 4.2, 'NX_0_R_tra': 4.212422293279737, 'NX_0_ifeat_feat': 0.6869047619047619, 'NX_10_click_loss': 1.8279709621444564, 'NX_10_CV': '0.44184', 'NX_10_CV_turn': '0.73500', 'NX_10_ctr': 0.985665105052313, 'NX_10_len_tra': 10.0, 'NX_10_R_tra': 9.85665105052313, 'NX_10_ifeat_feat': 0.6715}]
[I 221224 13:27:54 utils:48] Epoch: [0], Info: [{'loss': 0.00035269954269716666, 'mae': 0.978686225450618, 'mse': 1.2013951453827074, 'click_loss': 55.68073826844996, 'CV': '0.00331', 'CV_turn': '0.01611', 'ctr': 2.473782312643065, 'len_tra': 3.415, 'R_tra': 8.447966597676066, 'ifeat_feat': 0.15519765739385066, 'NX_0_click_loss': 56.63612468110571, 'NX_0_CV': '0.00391', 'NX_0_CV_turn': '0.01094', 'NX_0_ctr': 2.4214658315372466, 'NX_0_len_tra': 5.94, 'NX_0_R_tra': 14.383507039331246, 'NX_0_ifeat_feat': 0.25841750841750843, 'NX_10_click_loss': 57.52175077817166, 'NX_10_CV': '0.00451', 'NX_10_CV_turn': '0.00750', 'NX_10_ctr': 2.3293394393654854, 'NX_10_len_tra': 10.0, 'NX_10_R_tra': 23.293394393654854, 'NX_10_ifeat_feat': 0.338}]
[I 221224 13:30:19 utils:48] Epoch: [1], Info: [{'loss': 0.0003405799615089878, 'mae': 0.9892900051929678, 'mse': 1.223772317884401, 'click_loss': 56.0166139169535, 'CV': '0.00331', 'CV_turn': '0.01667', 'ctr': 2.5075729746170476, 'len_tra': 3.3, 'R_tra': 8.274990816236258, 'ifeat_feat': 0.1303030303030303, 'NX_0_click_loss': 57.04495215961141, 'NX_0_CV': '0.00391', 'NX_0_CV_turn': '0.01136', 'NX_0_ctr': 2.467596584716772, 'NX_0_len_tra': 5.72, 'NX_0_R_tra': 14.114652464579935, 'NX_0_ifeat_feat': 0.2465034965034965, 'NX_10_click_loss': 57.9707398883262, 'NX_10_CV': '0.00421', 'NX_10_CV_turn': '0.00700', 'NX_10_ctr': 2.399589850560636, 'NX_10_len_tra': 10.0, 'NX_10_R_tra': 23.99589850560636, 'NX_10_ifeat_feat': 0.341}]
[I 221224 13:32:30 utils:48] Epoch: [2], Info: [{'loss': 0.00034059803928162223, 'mae': 0.9882542819060293, 'mse': 1.2216332292239795, 'click_loss': 55.18842130170888, 'CV': '0.00301', 'CV_turn': '0.01443', 'ctr': 2.4479260630675546, 'len_tra': 3.465, 'R_tra': 8.482063808529077, 'ifeat_feat': 0.16883116883116883, 'NX_0_click_loss': 56.12036581149344, 'NX_0_CV': '0.00361', 'NX_0_CV_turn': '0.01033', 'NX_0_ctr': 2.3914754565030965, 'NX_0_len_tra': 5.81, 'NX_0_R_tra': 13.894472402282991, 'NX_0_ifeat_feat': 0.25645438898450945, 'NX_10_click_loss': 57.161155317658974, 'NX_10_CV': '0.00451', 'NX_10_CV_turn': '0.00750', 'NX_10_ctr': 2.4150812438674114, 'NX_10_len_tra': 10.0, 'NX_10_R_tra': 24.150812438674116, 'NX_10_ifeat_feat': 0.3415}]
[I 221224 13:34:41 utils:48] Epoch: [3], Info: [{'loss': 0.00034060041800088205, 'mae': 0.9736882612692407, 'mse': 1.1902971789157866, 'click_loss': 53.91314730956166, 'CV': '0.00331', 'CV_turn': '0.01585', 'ctr': 2.473482815154379, 'len_tra': 3.47, 'R_tra': 8.582985368585694, 'ifeat_feat': 0.1829971181556196, 'NX_0_click_loss': 54.71521924421648, 'NX_0_CV': '0.00361', 'NX_0_CV_turn': '0.01096', 'NX_0_ctr': 2.4614046758492965, 'NX_0_len_tra': 5.475, 'NX_0_R_tra': 13.476190600274899, 'NX_0_ifeat_feat': 0.24292237442922374, 'NX_10_click_loss': 55.65617998194924, 'NX_10_CV': '0.00481', 'NX_10_CV_turn': '0.00800', 'NX_10_ctr': 2.3624243342899347, 'NX_10_len_tra': 10.0, 'NX_10_R_tra': 23.624243342899348, 'NX_10_ifeat_feat': 0.3395}]
[I 221224 13:36:51 utils:48] Epoch: [4], Info: [{'loss': 0.0003405991332633064, 'mae': 0.9811795389085745, 'mse': 1.206553981966018, 'click_loss': 53.466125586378595, 'CV': '0.00331', 'CV_turn': '0.01611', 'ctr': 2.4058587704781336, 'len_tra': 3.415, 'R_tra': 8.216007701182827, 'ifeat_feat': 0.1478770131771596, 'NX_0_click_loss': 54.458663832748734, 'NX_0_CV': '0.00361', 'NX_0_CV_turn': '0.01024', 'NX_0_ctr': 2.4509061901785523, 'NX_0_len_tra': 5.86, 'NX_0_R_tra': 14.362310274446315, 'NX_0_ifeat_feat': 0.257679180887372, 'NX_10_click_loss': 55.41444328092523, 'NX_10_CV': '0.00451', 'NX_10_CV_turn': '0.00750', 'NX_10_ctr': 2.4174339215655203, 'NX_10_len_tra': 10.0, 'NX_10_R_tra': 24.174339215655205, 'NX_10_ifeat_feat': 0.3405}]
[I 221224 13:39:03 utils:48] Epoch: [5], Info: [{'loss': 0.0003405969030989489, 'mae': 0.9815116583614595, 'mse': 1.2070900234970885, 'click_loss': 52.34728549724682, 'CV': '0.00361', 'CV_turn': '0.01818', 'ctr': 2.426624183640718, 'len_tra': 3.3, 'R_tra': 8.00785980601437, 'ifeat_feat': 0.1606060606060606, 'NX_0_click_loss': 53.18580823900397, 'NX_0_CV': '0.00391', 'NX_0_CV_turn': '0.01206', 'NX_0_ctr': 2.4422794270414268, 'NX_0_len_tra': 5.39, 'NX_0_R_tra': 13.16388611175329, 'NX_0_ifeat_feat': 0.2523191094619666, 'NX_10_click_loss': 54.092561143388544, 'NX_10_CV': '0.00421', 'NX_10_CV_turn': '0.00700', 'NX_10_ctr': 2.392981120576658, 'NX_10_len_tra': 10.0, 'NX_10_R_tra': 23.929811205766576, 'NX_10_ifeat_feat': 0.334}]
[I 221224 13:41:13 utils:48] Epoch: [6], Info: [{'loss': 0.0003405968361871686, 'mae': 0.9695454794805521, 'mse': 1.1829587743265102, 'click_loss': 56.644044906225105, 'CV': '0.00331', 'CV_turn': '0.01603', 'ctr': 2.577639723895495, 'len_tra': 3.43, 'R_tra': 8.841304252961548, 'ifeat_feat': 0.14723032069970846, 'NX_0_click_loss': 57.43546079051424, 'NX_0_CV': '0.00391', 'NX_0_CV_turn': '0.01141', 'NX_0_ctr': 2.3895086190345114, 'NX_0_len_tra': 5.695, 'NX_0_R_tra': 13.608251585401542, 'NX_0_ifeat_feat': 0.25021949078138717, 'NX_10_click_loss': 58.51263138484561, 'NX_10_CV': '0.00421', 'NX_10_CV_turn': '0.00700', 'NX_10_ctr': 2.426489897723976, 'NX_10_len_tra': 10.0, 'NX_10_R_tra': 24.264898977239763, 'NX_10_ifeat_feat': 0.3375}]
[I 221224 13:43:28 utils:48] Epoch: [7], Info: [{'loss': 0.0003405945963953537, 'mae': 0.9691349145506065, 'mse': 1.1820827603143216, 'click_loss': 59.50603539834403, 'CV': '0.00331', 'CV_turn': '0.01613', 'ctr': 2.4958247290586293, 'len_tra': 3.41, 'R_tra': 8.510762326089925, 'ifeat_feat': 0.14516129032258066, 'NX_0_click_loss': 60.578094143032864, 'NX_0_CV': '0.00361', 'NX_0_CV_turn': '0.01020', 'NX_0_ctr': 2.4209481108682445, 'NX_0_len_tra': 5.88, 'NX_0_R_tra': 14.23517489190528, 'NX_0_ifeat_feat': 0.27040816326530615, 'NX_10_click_loss': 61.59472761978473, 'NX_10_CV': '0.00421', 'NX_10_CV_turn': '0.00700', 'NX_10_ctr': 2.3981435495791517, 'NX_10_len_tra': 10.0, 'NX_10_R_tra': 23.981435495791516, 'NX_10_ifeat_feat': 0.338}]
[I 221224 13:45:44 utils:48] Epoch: [8], Info: [{'loss': 0.0003405962759205194, 'mae': 0.9789217388261814, 'mse': 1.2016827726037018, 'click_loss': 56.99329114356619, 'CV': '0.00301', 'CV_turn': '0.01418', 'ctr': 2.485060525691332, 'len_tra': 3.525, 'R_tra': 8.759838353061946, 'ifeat_feat': 0.1347517730496454, 'NX_0_click_loss': 57.94143151769768, 'NX_0_CV': '0.00421', 'NX_0_CV_turn': '0.01207', 'NX_0_ctr': 2.4188445636467737, 'NX_0_len_tra': 5.8, 'NX_0_R_tra': 14.029298469151287, 'NX_0_ifeat_feat': 0.2413793103448276, 'NX_10_click_loss': 58.94825460756686, 'NX_10_CV': '0.00451', 'NX_10_CV_turn': '0.00750', 'NX_10_ctr': 2.3837723878708057, 'NX_10_len_tra': 10.0, 'NX_10_R_tra': 23.837723878708058, 'NX_10_ifeat_feat': 0.342}]
[I 221224 13:47:59 utils:48] Epoch: [9], Info: [{'loss': 0.0003405923254665149, 'mae': 0.9806194194317678, 'mse': 1.2054581656596735, 'click_loss': 54.431845633291, 'CV': '0.00361', 'CV_turn': '0.01681', 'ctr': 2.4417654009112586, 'len_tra': 3.57, 'R_tra': 8.717102481253194, 'ifeat_feat': 0.18207282913165265, 'NX_0_click_loss': 55.33049284380004, 'NX_0_CV': '0.00361', 'NX_0_CV_turn': '0.01056', 'NX_0_ctr': 2.4310398082574305, 'NX_0_len_tra': 5.68, 'NX_0_R_tra': 13.808306110902206, 'NX_0_ifeat_feat': 0.24559859154929578, 'NX_10_click_loss': 56.23956083592254, 'NX_10_CV': '0.00421', 'NX_10_CV_turn': '0.00700', 'NX_10_ctr': 2.3467797480471653, 'NX_10_len_tra': 10.0, 'NX_10_R_tra': 23.467797480471653, 'NX_10_ifeat_feat': 0.3325}]
[I 221224 13:47:59 PD-pairwise:256] {}
