[I 221224 00:10:08 PD-pairwise:203] {
      "resume": false,
      "env": "KuaishouEnv-v0",
      "is_softmax": true,
      "l2_reg_dnn": 0.1,
      "num_trajectory": 200,
      "force_length": 10,
      "epsilon": 0,
      "top_rate": 0.6,
      "gamma": 0.1,
      "feature_dim": 16,
      "entity_dim": 16,
      "user_model_name": "PD-pairwise",
      "dnn": [
        64,
        64
      ],
      "batch_size": 2048,
      "epoch": 10,
      "cuda": 6,
      "leave_threshold": 0.0,
      "num_leave_compute": 1,
      "message": "PD-leave1"
    }
[I 221224 00:11:28 utils:48] Epoch: [-1], Info: [{'mae': 0.8820643757842808, 'mse': 1.2130866519902068, 'click_loss': 1.8442623770780442, 'CV': '0.34325', 'CV_turn': '0.78112', 'ctr': 1.00615271340696, 'len_tra': 7.31, 'R_tra': 7.354976335004879, 'ifeat_feat': 0.652530779753762, 'NX_0_click_loss': 1.84469267924532, 'NX_0_CV': '0.35317', 'NX_0_CV_turn': '0.77404', 'NX_0_ctr': 1.0068642186897065, 'NX_0_len_tra': 7.59, 'NX_0_R_tra': 7.642099419854873, 'NX_0_ifeat_feat': 0.6699604743083004, 'NX_10_click_loss': 1.8294595983072273, 'NX_10_CV': '0.43553', 'NX_10_CV_turn': '0.72450', 'NX_10_ctr': 0.9834723850532576, 'NX_10_len_tra': 10.0, 'NX_10_R_tra': 9.834723850532576, 'NX_10_ifeat_feat': 0.6595}]
[I 221224 00:14:05 utils:48] Epoch: [0], Info: [{'loss': 0.00035269954269716666, 'mae': 0.978686225450618, 'mse': 1.2013951453827074, 'click_loss': 55.62382915014819, 'CV': '0.00301', 'CV_turn': '0.01010', 'ctr': 2.466981992043696, 'len_tra': 4.95, 'R_tra': 12.211560860616295, 'ifeat_feat': 0.16666666666666666, 'NX_0_click_loss': 59.96990837422189, 'NX_0_CV': '0.00962', 'NX_0_CV_turn': '0.01551', 'NX_0_ctr': 2.301512206161498, 'NX_0_len_tra': 10.315, 'NX_0_R_tra': 23.74009840655585, 'NX_0_ifeat_feat': 0.33349491032476974, 'NX_10_click_loss': 57.59549972522661, 'NX_10_CV': '0.00451', 'NX_10_CV_turn': '0.00750', 'NX_10_ctr': 2.411137147788311, 'NX_10_len_tra': 10.0, 'NX_10_R_tra': 24.111371477883107, 'NX_10_ifeat_feat': 0.3435}]
[I 221224 00:16:46 utils:48] Epoch: [1], Info: [{'loss': 0.0003405799615089878, 'mae': 0.9892900051929678, 'mse': 1.223772317884401, 'click_loss': 56.0418654898343, 'CV': '0.00331', 'CV_turn': '0.01155', 'ctr': 2.4989406529302083, 'len_tra': 4.76, 'R_tra': 11.89495750794779, 'ifeat_feat': 0.14390756302521007, 'NX_0_click_loss': 60.59755424008686, 'NX_0_CV': '0.00992', 'NX_0_CV_turn': '0.01508', 'NX_0_ctr': 2.2417682045152727, 'NX_0_len_tra': 10.945, 'NX_0_R_tra': 24.536152998419663, 'NX_0_ifeat_feat': 0.3394243947007766, 'NX_10_click_loss': 57.965520988559526, 'NX_10_CV': '0.00451', 'NX_10_CV_turn': '0.00750', 'NX_10_ctr': 2.3751593686100763, 'NX_10_len_tra': 10.0, 'NX_10_R_tra': 23.751593686100765, 'NX_10_ifeat_feat': 0.3415}]
[I 221224 00:19:24 utils:48] Epoch: [2], Info: [{'loss': 0.00034059803928162223, 'mae': 0.9882542819060293, 'mse': 1.2216332292239795, 'click_loss': 55.24877040153551, 'CV': '0.00331', 'CV_turn': '0.01103', 'ctr': 2.461524305795972, 'len_tra': 4.985, 'R_tra': 12.270698664392919, 'ifeat_feat': 0.1675025075225677, 'NX_0_click_loss': 59.531270551949746, 'NX_0_CV': '0.00902', 'NX_0_CV_turn': '0.01410', 'NX_0_ctr': 2.337231360951711, 'NX_0_len_tra': 10.635, 'NX_0_R_tra': 24.856455523721444, 'NX_0_ifeat_feat': 0.32722143864598024, 'NX_10_click_loss': 57.15077989384028, 'NX_10_CV': '0.00421', 'NX_10_CV_turn': '0.00700', 'NX_10_ctr': 2.435531803096348, 'NX_10_len_tra': 10.0, 'NX_10_R_tra': 24.35531803096348, 'NX_10_ifeat_feat': 0.333}]
[I 221224 00:22:02 utils:48] Epoch: [3], Info: [{'loss': 0.00034060041800088205, 'mae': 0.9736882612692407, 'mse': 1.1902971789157866, 'click_loss': 53.7748808012222, 'CV': '0.00331', 'CV_turn': '0.01182', 'ctr': 2.4611836705497745, 'len_tra': 4.655, 'R_tra': 11.456809986409201, 'ifeat_feat': 0.14822771213748656, 'NX_0_click_loss': 57.73326831000587, 'NX_0_CV': '0.00932', 'NX_0_CV_turn': '0.01576', 'NX_0_ctr': 2.292706938845948, 'NX_0_len_tra': 9.835, 'NX_0_R_tra': 22.548772743549897, 'NX_0_ifeat_feat': 0.31977630910015253, 'NX_10_click_loss': 55.69875330004647, 'NX_10_CV': '0.00451', 'NX_10_CV_turn': '0.00750', 'NX_10_ctr': 2.408384306287296, 'NX_10_len_tra': 10.0, 'NX_10_R_tra': 24.08384306287296, 'NX_10_ifeat_feat': 0.334}]
[I 221224 00:24:39 utils:48] Epoch: [4], Info: [{'loss': 0.0003405991332633064, 'mae': 0.9811795389085745, 'mse': 1.206553981966018, 'click_loss': 53.53701299236696, 'CV': '0.00361', 'CV_turn': '0.01231', 'ctr': 2.441666363542076, 'len_tra': 4.875, 'R_tra': 11.903123522267622, 'ifeat_feat': 0.1682051282051282, 'NX_0_click_loss': 57.806952538214105, 'NX_0_CV': '0.00932', 'NX_0_CV_turn': '0.01512', 'NX_0_ctr': 2.266482504242907, 'NX_0_len_tra': 10.25, 'NX_0_R_tra': 23.231445668489798, 'NX_0_ifeat_feat': 0.3297560975609756, 'NX_10_click_loss': 55.37958960506469, 'NX_10_CV': '0.00421', 'NX_10_CV_turn': '0.00700', 'NX_10_ctr': 2.3952818791583264, 'NX_10_len_tra': 10.0, 'NX_10_R_tra': 23.95281879158326, 'NX_10_ifeat_feat': 0.337}]
[I 221224 00:27:18 utils:48] Epoch: [5], Info: [{'loss': 0.0003405969030989489, 'mae': 0.9815116583614595, 'mse': 1.2070900234970885, 'click_loss': 52.38564192772555, 'CV': '0.00361', 'CV_turn': '0.01193', 'ctr': 2.466068653867691, 'len_tra': 5.03, 'R_tra': 12.404325328954485, 'ifeat_feat': 0.1709741550695825, 'NX_0_click_loss': 56.669096145486954, 'NX_0_CV': '0.00992', 'NX_0_CV_turn': '0.01424', 'NX_0_ctr': 2.2845053152475967, 'NX_0_len_tra': 11.59, 'NX_0_R_tra': 26.477416603719643, 'NX_0_ifeat_feat': 0.3451251078515962, 'NX_10_click_loss': 54.14744287897226, 'NX_10_CV': '0.00451', 'NX_10_CV_turn': '0.00750', 'NX_10_ctr': 2.433305418263727, 'NX_10_len_tra': 10.0, 'NX_10_R_tra': 24.33305418263727, 'NX_10_ifeat_feat': 0.3395}]
[I 221224 00:29:56 utils:48] Epoch: [6], Info: [{'loss': 0.0003405968361871686, 'mae': 0.9695454794805521, 'mse': 1.1829587743265102, 'click_loss': 56.66414901683647, 'CV': '0.00331', 'CV_turn': '0.01042', 'ctr': 2.608520565402365, 'len_tra': 5.28, 'R_tra': 13.772988585324486, 'ifeat_feat': 0.15151515151515152, 'NX_0_click_loss': 61.01617181770441, 'NX_0_CV': '0.00962', 'NX_0_CV_turn': '0.01536', 'NX_0_ctr': 2.324155908059257, 'NX_0_len_tra': 10.42, 'NX_0_R_tra': 24.217704561977456, 'NX_0_ifeat_feat': 0.32437619961612285, 'NX_10_click_loss': 58.48600596110109, 'NX_10_CV': '0.00451', 'NX_10_CV_turn': '0.00750', 'NX_10_ctr': 2.3838742357898868, 'NX_10_len_tra': 10.0, 'NX_10_R_tra': 23.83874235789887, 'NX_10_ifeat_feat': 0.3395}]
[I 221224 00:32:37 utils:48] Epoch: [7], Info: [{'loss': 0.0003405945963953537, 'mae': 0.9691349145506065, 'mse': 1.1820827603143216, 'click_loss': 59.49206378184614, 'CV': '0.00361', 'CV_turn': '0.01220', 'ctr': 2.4846956359267263, 'len_tra': 4.92, 'R_tra': 12.224702528759494, 'ifeat_feat': 0.14532520325203252, 'NX_0_click_loss': 64.39846852299297, 'NX_0_CV': '0.00902', 'NX_0_CV_turn': '0.01330', 'NX_0_ctr': 2.3589479446720865, 'NX_0_len_tra': 11.275, 'NX_0_R_tra': 26.597138076177774, 'NX_0_ifeat_feat': 0.3343680709534368, 'NX_10_click_loss': 61.60888196590409, 'NX_10_CV': '0.00421', 'NX_10_CV_turn': '0.00700', 'NX_10_ctr': 2.422738182334703, 'NX_10_len_tra': 10.0, 'NX_10_R_tra': 24.22738182334703, 'NX_10_ifeat_feat': 0.337}]
[I 221224 00:35:20 utils:48] Epoch: [8], Info: [{'loss': 0.0003405962759205194, 'mae': 0.9789217388261814, 'mse': 1.2016827726037018, 'click_loss': 57.066417651344004, 'CV': '0.00331', 'CV_turn': '0.01053', 'ctr': 2.560042773852456, 'len_tra': 5.225, 'R_tra': 13.376223493379081, 'ifeat_feat': 0.14641148325358852, 'NX_0_click_loss': 61.4710158632734, 'NX_0_CV': '0.00902', 'NX_0_CV_turn': '0.01395', 'NX_0_ctr': 2.2552344731054492, 'NX_0_len_tra': 10.75, 'NX_0_R_tra': 24.24377058588358, 'NX_0_ifeat_feat': 0.3372093023255814, 'NX_10_click_loss': 58.89900244978014, 'NX_10_CV': '0.00451', 'NX_10_CV_turn': '0.00750', 'NX_10_ctr': 2.3353294875914727, 'NX_10_len_tra': 10.0, 'NX_10_R_tra': 23.353294875914727, 'NX_10_ifeat_feat': 0.3405}]
[I 221224 00:37:59 utils:48] Epoch: [9], Info: [{'loss': 0.0003405923254665149, 'mae': 0.9806194194317678, 'mse': 1.2054581656596735, 'click_loss': 54.42877850618532, 'CV': '0.00361', 'CV_turn': '0.01233', 'ctr': 2.462423602873098, 'len_tra': 4.865, 'R_tra': 11.979690827977622, 'ifeat_feat': 0.16752312435765673, 'NX_0_click_loss': 58.78023838121122, 'NX_0_CV': '0.00932', 'NX_0_CV_turn': '0.01378', 'NX_0_ctr': 2.3341114696357557, 'NX_0_len_tra': 11.245, 'NX_0_R_tra': 26.247083476054073, 'NX_0_ifeat_feat': 0.3339261894175189, 'NX_10_click_loss': 56.244655309881516, 'NX_10_CV': '0.00421', 'NX_10_CV_turn': '0.00700', 'NX_10_ctr': 2.341884744848711, 'NX_10_len_tra': 10.0, 'NX_10_R_tra': 23.41884744848711, 'NX_10_ifeat_feat': 0.34}]
[I 221224 00:37:59 PD-pairwise:256] {}
