[I 221224 03:22:52 PD-pairwise:203] {
      "resume": false,
      "env": "KuaishouEnv-v0",
      "is_softmax": true,
      "l2_reg_dnn": 0.1,
      "num_trajectory": 200,
      "force_length": 10,
      "epsilon": 0,
      "top_rate": 0.6,
      "gamma": 0.1,
      "feature_dim": 16,
      "entity_dim": 16,
      "user_model_name": "PD-pairwise",
      "dnn": [
        64,
        64
      ],
      "batch_size": 2048,
      "epoch": 10,
      "cuda": 6,
      "leave_threshold": 0.0,
      "num_leave_compute": 2,
      "message": "PD-leave2"
    }
[I 221224 03:24:08 utils:48] Epoch: [-1], Info: [{'mae': 0.8820643757842808, 'mse': 1.2130866519902068, 'click_loss': 1.8539358992480446, 'CV': '0.25098', 'CV_turn': '0.82428', 'ctr': 1.0111682991786468, 'len_tra': 5.065, 'R_tra': 5.121567435339846, 'ifeat_feat': 0.6554787759131293, 'NX_0_click_loss': 1.8620713570249539, 'NX_0_CV': '0.23294', 'NX_0_CV_turn': '0.85541', 'NX_0_ctr': 1.0212643186964514, 'NX_0_len_tra': 4.53, 'NX_0_R_tra': 4.626327363694925, 'NX_0_ifeat_feat': 0.6799116997792495, 'NX_10_click_loss': 1.8544597043081734, 'NX_10_CV': '0.44364', 'NX_10_CV_turn': '0.73800', 'NX_10_ctr': 1.0042584326102952, 'NX_10_len_tra': 10.0, 'NX_10_R_tra': 10.042584326102952, 'NX_10_ifeat_feat': 0.681}]
[I 221224 03:26:39 utils:48] Epoch: [0], Info: [{'loss': 0.00035269954269716666, 'mae': 0.978686225450618, 'mse': 1.2013951453827074, 'click_loss': 55.69543781063097, 'CV': '0.00331', 'CV_turn': '0.01637', 'ctr': 2.5097099305163124, 'len_tra': 3.36, 'R_tra': 8.43262536653481, 'ifeat_feat': 0.14732142857142858, 'NX_0_click_loss': 57.241535777342044, 'NX_0_CV': '0.00571', 'NX_0_CV_turn': '0.01431', 'NX_0_ctr': 2.47693287491808, 'NX_0_len_tra': 6.64, 'NX_0_R_tra': 16.44683428945605, 'NX_0_ifeat_feat': 0.26656626506024095, 'NX_10_click_loss': 57.569327366038586, 'NX_10_CV': '0.00451', 'NX_10_CV_turn': '0.00750', 'NX_10_ctr': 2.39284613625644, 'NX_10_len_tra': 10.0, 'NX_10_R_tra': 23.9284613625644, 'NX_10_ifeat_feat': 0.3395}]
[I 221224 03:29:14 utils:48] Epoch: [1], Info: [{'loss': 0.0003405799615089878, 'mae': 0.9892900051929678, 'mse': 1.223772317884401, 'click_loss': 56.0257066275619, 'CV': '0.00361', 'CV_turn': '0.01762', 'ctr': 2.4761727107467864, 'len_tra': 3.405, 'R_tra': 8.431368080092808, 'ifeat_feat': 0.13215859030837004, 'NX_0_click_loss': 57.31586961341703, 'NX_0_CV': '0.00601', 'NX_0_CV_turn': '0.01585', 'NX_0_ctr': 2.339311904459178, 'NX_0_len_tra': 6.31, 'NX_0_R_tra': 14.761058117137413, 'NX_0_ifeat_feat': 0.2630744849445325, 'NX_10_click_loss': 57.98486316248345, 'NX_10_CV': '0.00451', 'NX_10_CV_turn': '0.00750', 'NX_10_ctr': 2.3946203703539086, 'NX_10_len_tra': 10.0, 'NX_10_R_tra': 23.946203703539087, 'NX_10_ifeat_feat': 0.3435}]
[I 221224 03:31:47 utils:48] Epoch: [2], Info: [{'loss': 0.00034059803928162223, 'mae': 0.9882542819060293, 'mse': 1.2216332292239795, 'click_loss': 55.300228893063135, 'CV': '0.00331', 'CV_turn': '0.01599', 'ctr': 2.521859239006474, 'len_tra': 3.44, 'R_tra': 8.67519578218227, 'ifeat_feat': 0.1613372093023256, 'NX_0_click_loss': 56.67920983967147, 'NX_0_CV': '0.00541', 'NX_0_CV_turn': '0.01377', 'NX_0_ctr': 2.3656201292228616, 'NX_0_len_tra': 6.535, 'NX_0_R_tra': 15.4593275444714, 'NX_0_ifeat_feat': 0.26702371843917366, 'NX_10_click_loss': 57.138242525574896, 'NX_10_CV': '0.00451', 'NX_10_CV_turn': '0.00750', 'NX_10_ctr': 2.4183950543377146, 'NX_10_len_tra': 10.0, 'NX_10_R_tra': 24.183950543377147, 'NX_10_ifeat_feat': 0.341}]
[I 221224 03:34:23 utils:48] Epoch: [3], Info: [{'loss': 0.00034060041800088205, 'mae': 0.9736882612692407, 'mse': 1.1902971789157866, 'click_loss': 54.00120284133638, 'CV': '0.00331', 'CV_turn': '0.01639', 'ctr': 2.6117004936659796, 'len_tra': 3.355, 'R_tra': 8.762255156249362, 'ifeat_feat': 0.16542473919523099, 'NX_0_click_loss': 55.22951873605481, 'NX_0_CV': '0.00571', 'NX_0_CV_turn': '0.01457', 'NX_0_ctr': 2.463694716511527, 'NX_0_len_tra': 6.52, 'NX_0_R_tra': 16.063289551655156, 'NX_0_ifeat_feat': 0.28680981595092025, 'NX_10_click_loss': 55.65557838694904, 'NX_10_CV': '0.00451', 'NX_10_CV_turn': '0.00750', 'NX_10_ctr': 2.3718690916762366, 'NX_10_len_tra': 10.0, 'NX_10_R_tra': 23.718690916762366, 'NX_10_ifeat_feat': 0.3405}]
[I 221224 03:37:02 utils:48] Epoch: [4], Info: [{'loss': 0.0003405991332633064, 'mae': 0.9811795389085745, 'mse': 1.206553981966018, 'click_loss': 53.46624755500683, 'CV': '0.00301', 'CV_turn': '0.01468', 'ctr': 2.4365459131790974, 'len_tra': 3.405, 'R_tra': 8.296438834374825, 'ifeat_feat': 0.1262848751835536, 'NX_0_click_loss': 54.87746775953075, 'NX_0_CV': '0.00541', 'NX_0_CV_turn': '0.01376', 'NX_0_ctr': 2.374629146469842, 'NX_0_len_tra': 6.54, 'NX_0_R_tra': 15.530074617912767, 'NX_0_ifeat_feat': 0.2607033639143731, 'NX_10_click_loss': 55.40515130438743, 'NX_10_CV': '0.00451', 'NX_10_CV_turn': '0.00750', 'NX_10_ctr': 2.420764824055969, 'NX_10_len_tra': 10.0, 'NX_10_R_tra': 24.20764824055969, 'NX_10_ifeat_feat': 0.3405}]
[I 221224 03:39:37 utils:48] Epoch: [5], Info: [{'loss': 0.0003405969030989489, 'mae': 0.9815116583614595, 'mse': 1.2070900234970885, 'click_loss': 52.32690189649951, 'CV': '0.00361', 'CV_turn': '0.01709', 'ctr': 2.439142380796955, 'len_tra': 3.51, 'R_tra': 8.561389756597311, 'ifeat_feat': 0.1623931623931624, 'NX_0_click_loss': 53.71907199835146, 'NX_0_CV': '0.00541', 'NX_0_CV_turn': '0.01374', 'NX_0_ctr': 2.3901277673617285, 'NX_0_len_tra': 6.55, 'NX_0_R_tra': 15.655336876219321, 'NX_0_ifeat_feat': 0.27557251908396946, 'NX_10_click_loss': 54.06073441391313, 'NX_10_CV': '0.00451', 'NX_10_CV_turn': '0.00750', 'NX_10_ctr': 2.354627873233164, 'NX_10_len_tra': 10.0, 'NX_10_R_tra': 23.54627873233164, 'NX_10_ifeat_feat': 0.339}]
[I 221224 03:42:11 utils:48] Epoch: [6], Info: [{'loss': 0.0003405968361871686, 'mae': 0.9695454794805521, 'mse': 1.1829587743265102, 'click_loss': 56.58477595236221, 'CV': '0.00361', 'CV_turn': '0.01734', 'ctr': 2.499767926503805, 'len_tra': 3.46, 'R_tra': 8.649197025703165, 'ifeat_feat': 0.16329479768786126, 'NX_0_click_loss': 57.94090189761828, 'NX_0_CV': '0.00571', 'NX_0_CV_turn': '0.01512', 'NX_0_ctr': 2.444801914214838, 'NX_0_len_tra': 6.285, 'NX_0_R_tra': 15.365580030840258, 'NX_0_ifeat_feat': 0.24900556881463803, 'NX_10_click_loss': 58.49692505333258, 'NX_10_CV': '0.00421', 'NX_10_CV_turn': '0.00700', 'NX_10_ctr': 2.405693070147864, 'NX_10_len_tra': 10.0, 'NX_10_R_tra': 24.056930701478635, 'NX_10_ifeat_feat': 0.3375}]
[I 221224 03:44:43 utils:48] Epoch: [7], Info: [{'loss': 0.0003405945963953537, 'mae': 0.9691349145506065, 'mse': 1.1820827603143216, 'click_loss': 59.57041589332025, 'CV': '0.00301', 'CV_turn': '0.01515', 'ctr': 2.5713152139804074, 'len_tra': 3.3, 'R_tra': 8.485340206135344, 'ifeat_feat': 0.14393939393939395, 'NX_0_click_loss': 61.41428062329424, 'NX_0_CV': '0.00661', 'NX_0_CV_turn': '0.01595', 'NX_0_ctr': 2.4355944517272783, 'NX_0_len_tra': 6.895, 'NX_0_R_tra': 16.793423744659584, 'NX_0_ifeat_feat': 0.26178390137781, 'NX_10_click_loss': 61.62989206496554, 'NX_10_CV': '0.00421', 'NX_10_CV_turn': '0.00700', 'NX_10_ctr': 2.436515149987544, 'NX_10_len_tra': 10.0, 'NX_10_R_tra': 24.36515149987544, 'NX_10_ifeat_feat': 0.338}]
[I 221224 03:47:19 utils:48] Epoch: [8], Info: [{'loss': 0.0003405962759205194, 'mae': 0.9789217388261814, 'mse': 1.2016827726037018, 'click_loss': 56.99378179713109, 'CV': '0.00301', 'CV_turn': '0.01493', 'ctr': 2.5217351642220014, 'len_tra': 3.35, 'R_tra': 8.447812800143703, 'ifeat_feat': 0.13134328358208955, 'NX_0_click_loss': 58.636985145759105, 'NX_0_CV': '0.00691', 'NX_0_CV_turn': '0.01728', 'NX_0_ctr': 2.446958990750043, 'NX_0_len_tra': 6.655, 'NX_0_R_tra': 16.284512083441534, 'NX_0_ifeat_feat': 0.27798647633358375, 'NX_10_click_loss': 58.99406282272355, 'NX_10_CV': '0.00451', 'NX_10_CV_turn': '0.00750', 'NX_10_ctr': 2.430460506820964, 'NX_10_len_tra': 10.0, 'NX_10_R_tra': 24.30460506820964, 'NX_10_ifeat_feat': 0.3435}]
[I 221224 03:49:55 utils:48] Epoch: [9], Info: [{'loss': 0.0003405923254665149, 'mae': 0.9806194194317678, 'mse': 1.2054581656596735, 'click_loss': 54.51643752303163, 'CV': '0.00361', 'CV_turn': '0.01749', 'ctr': 2.535351403760724, 'len_tra': 3.43, 'R_tra': 8.696255314899282, 'ifeat_feat': 0.1618075801749271, 'NX_0_click_loss': 55.78069619502967, 'NX_0_CV': '0.00541', 'NX_0_CV_turn': '0.01374', 'NX_0_ctr': 2.4241180932091844, 'NX_0_len_tra': 6.55, 'NX_0_R_tra': 15.877973510520157, 'NX_0_ifeat_feat': 0.2580152671755725, 'NX_10_click_loss': 56.30786324266996, 'NX_10_CV': '0.00451', 'NX_10_CV_turn': '0.00750', 'NX_10_ctr': 2.4177401233157996, 'NX_10_len_tra': 10.0, 'NX_10_R_tra': 24.177401233157997, 'NX_10_ifeat_feat': 0.3395}]
[I 221224 03:49:55 PD-pairwise:256] {}
