[I 221224 06:41:46 PD-pairwise:203] {
      "resume": false,
      "env": "KuaishouEnv-v0",
      "is_softmax": true,
      "l2_reg_dnn": 0.1,
      "num_trajectory": 200,
      "force_length": 10,
      "epsilon": 0,
      "top_rate": 0.6,
      "gamma": 0.1,
      "feature_dim": 16,
      "entity_dim": 16,
      "user_model_name": "PD-pairwise",
      "dnn": [
        64,
        64
      ],
      "batch_size": 2048,
      "epoch": 10,
      "cuda": 6,
      "leave_threshold": 0.0,
      "num_leave_compute": 3,
      "message": "PD-leave3"
    }
[I 221224 06:43:08 utils:48] Epoch: [-1], Info: [{'mae': 0.8820643757842808, 'mse': 1.2130866519902068, 'click_loss': 1.843426597016909, 'CV': '0.24527', 'CV_turn': '0.82591', 'ctr': 1.000911391391812, 'len_tra': 4.94, 'R_tra': 4.9445022734755515, 'ifeat_feat': 0.6558704453441295, 'NX_0_click_loss': 1.8142366732775614, 'NX_0_CV': '0.22813', 'NX_0_CV_turn': '0.85763', 'NX_0_ctr': 0.9744964053596289, 'NX_0_len_tra': 4.425, 'NX_0_R_tra': 4.312146593716358, 'NX_0_ifeat_feat': 0.6621468926553672, 'NX_10_click_loss': 1.8550069910003653, 'NX_10_CV': '0.43703', 'NX_10_CV_turn': '0.72700', 'NX_10_ctr': 1.024947344125703, 'NX_10_len_tra': 10.0, 'NX_10_R_tra': 10.249473441257031, 'NX_10_ifeat_feat': 0.661}]
[I 221224 06:45:28 utils:48] Epoch: [0], Info: [{'loss': 0.00035269954269716666, 'mae': 0.978686225450618, 'mse': 1.2013951453827074, 'click_loss': 55.646043972381335, 'CV': '0.00331', 'CV_turn': '0.01567', 'ctr': 2.4479073248390186, 'len_tra': 3.51, 'R_tra': 8.592154710184955, 'ifeat_feat': 0.1467236467236467, 'NX_0_click_loss': 56.54397233127159, 'NX_0_CV': '0.00391', 'NX_0_CV_turn': '0.01141', 'NX_0_ctr': 2.3606603564471205, 'NX_0_len_tra': 5.695, 'NX_0_R_tra': 13.443960729966353, 'NX_0_ifeat_feat': 0.2405618964003512, 'NX_10_click_loss': 57.55805377622938, 'NX_10_CV': '0.00391', 'NX_10_CV_turn': '0.00650', 'NX_10_ctr': 2.3824379906306263, 'NX_10_len_tra': 10.0, 'NX_10_R_tra': 23.824379906306262, 'NX_10_ifeat_feat': 0.339}]
[I 221224 06:47:46 utils:48] Epoch: [1], Info: [{'loss': 0.0003405799615089878, 'mae': 0.9892900051929678, 'mse': 1.223772317884401, 'click_loss': 55.911630645716244, 'CV': '0.00301', 'CV_turn': '0.01506', 'ctr': 2.4058108194753283, 'len_tra': 3.32, 'R_tra': 7.98729192065809, 'ifeat_feat': 0.12951807228915663, 'NX_0_click_loss': 56.96862321008915, 'NX_0_CV': '0.00361', 'NX_0_CV_turn': '0.01063', 'NX_0_ctr': 2.4437834219681847, 'NX_0_len_tra': 5.645, 'NX_0_R_tra': 13.795157417010403, 'NX_0_ifeat_feat': 0.2462356067316209, 'NX_10_click_loss': 57.94808301693722, 'NX_10_CV': '0.00421', 'NX_10_CV_turn': '0.00700', 'NX_10_ctr': 2.373999566619866, 'NX_10_len_tra': 10.0, 'NX_10_R_tra': 23.73999566619866, 'NX_10_ifeat_feat': 0.3445}]
[I 221224 06:50:01 utils:48] Epoch: [2], Info: [{'loss': 0.00034059803928162223, 'mae': 0.9882542819060293, 'mse': 1.2216332292239795, 'click_loss': 55.2460183389538, 'CV': '0.00301', 'CV_turn': '0.01362', 'ctr': 2.50462126085806, 'len_tra': 3.67, 'R_tra': 9.19196002734908, 'ifeat_feat': 0.17438692098092642, 'NX_0_click_loss': 56.183941866001604, 'NX_0_CV': '0.00421', 'NX_0_CV_turn': '0.01222', 'NX_0_ctr': 2.4302193006652146, 'NX_0_len_tra': 5.73, 'NX_0_R_tra': 13.92515659281168, 'NX_0_ifeat_feat': 0.24083769633507854, 'NX_10_click_loss': 57.134242136874704, 'NX_10_CV': '0.00451', 'NX_10_CV_turn': '0.00750', 'NX_10_ctr': 2.4182243718297056, 'NX_10_len_tra': 10.0, 'NX_10_R_tra': 24.182243718297055, 'NX_10_ifeat_feat': 0.3435}]
[I 221224 06:52:18 utils:48] Epoch: [3], Info: [{'loss': 0.00034060041800088205, 'mae': 0.9736882612692407, 'mse': 1.1902971789157866, 'click_loss': 53.90097560455854, 'CV': '0.00331', 'CV_turn': '0.01499', 'ctr': 2.470554570496594, 'len_tra': 3.67, 'R_tra': 9.0669352737225, 'ifeat_feat': 0.17983651226158037, 'NX_0_click_loss': 54.80922385314174, 'NX_0_CV': '0.00481', 'NX_0_CV_turn': '0.01412', 'NX_0_ctr': 2.4602836898432816, 'NX_0_len_tra': 5.665, 'NX_0_R_tra': 13.93750710296219, 'NX_0_ifeat_feat': 0.2524271844660194, 'NX_10_click_loss': 55.68961120902704, 'NX_10_CV': '0.00451', 'NX_10_CV_turn': '0.00750', 'NX_10_ctr': 2.4053090583007566, 'NX_10_len_tra': 10.0, 'NX_10_R_tra': 24.053090583007567, 'NX_10_ifeat_feat': 0.343}]
[I 221224 06:54:33 utils:48] Epoch: [4], Info: [{'loss': 0.0003405991332633064, 'mae': 0.9811795389085745, 'mse': 1.206553981966018, 'click_loss': 53.59961089064675, 'CV': '0.00301', 'CV_turn': '0.01445', 'ctr': 2.5333788653678444, 'len_tra': 3.46, 'R_tra': 8.765490874172743, 'ifeat_feat': 0.14739884393063585, 'NX_0_click_loss': 54.52321937374511, 'NX_0_CV': '0.00421', 'NX_0_CV_turn': '0.01225', 'NX_0_ctr': 2.4969619313808256, 'NX_0_len_tra': 5.715, 'NX_0_R_tra': 14.270137437841418, 'NX_0_ifeat_feat': 0.2388451443569554, 'NX_10_click_loss': 55.3642543522649, 'NX_10_CV': '0.00421', 'NX_10_CV_turn': '0.00700', 'NX_10_ctr': 2.3662954003148804, 'NX_10_len_tra': 10.0, 'NX_10_R_tra': 23.6629540031488, 'NX_10_ifeat_feat': 0.339}]
[I 221224 06:56:44 utils:48] Epoch: [5], Info: [{'loss': 0.0003405969030989489, 'mae': 0.9815116583614595, 'mse': 1.2070900234970885, 'click_loss': 52.43721579334796, 'CV': '0.00361', 'CV_turn': '0.01619', 'ctr': 2.51084654457292, 'len_tra': 3.705, 'R_tra': 9.302686447642667, 'ifeat_feat': 0.17408906882591094, 'NX_0_click_loss': 53.26400315527059, 'NX_0_CV': '0.00451', 'NX_0_CV_turn': '0.01316', 'NX_0_ctr': 2.4307199115892963, 'NX_0_len_tra': 5.7, 'NX_0_R_tra': 13.85510349605899, 'NX_0_ifeat_feat': 0.2543859649122807, 'NX_10_click_loss': 54.090246477080356, 'NX_10_CV': '0.00421', 'NX_10_CV_turn': '0.00700', 'NX_10_ctr': 2.3867226199637117, 'NX_10_len_tra': 10.0, 'NX_10_R_tra': 23.867226199637116, 'NX_10_ifeat_feat': 0.332}]
[I 221224 06:59:00 utils:48] Epoch: [6], Info: [{'loss': 0.0003405968361871686, 'mae': 0.9695454794805521, 'mse': 1.1829587743265102, 'click_loss': 56.427675083989065, 'CV': '0.00331', 'CV_turn': '0.01515', 'ctr': 2.3858179977233145, 'len_tra': 3.63, 'R_tra': 8.660519331735632, 'ifeat_feat': 0.15702479338842976, 'NX_0_click_loss': 57.3207928671472, 'NX_0_CV': '0.00451', 'NX_0_CV_turn': '0.01380', 'NX_0_ctr': 2.3928026582642503, 'NX_0_len_tra': 5.435, 'NX_0_R_tra': 13.0048824476662, 'NX_0_ifeat_feat': 0.22723091076356947, 'NX_10_click_loss': 58.52445502012589, 'NX_10_CV': '0.00451', 'NX_10_CV_turn': '0.00750', 'NX_10_ctr': 2.421821517165634, 'NX_10_len_tra': 10.0, 'NX_10_R_tra': 24.21821517165634, 'NX_10_ifeat_feat': 0.3405}]
[I 221224 07:01:16 utils:48] Epoch: [7], Info: [{'loss': 0.0003405945963953537, 'mae': 0.9691349145506065, 'mse': 1.1820827603143216, 'click_loss': 59.45130003177172, 'CV': '0.00301', 'CV_turn': '0.01389', 'ctr': 2.4853336693482575, 'len_tra': 3.6, 'R_tra': 8.947201209653727, 'ifeat_feat': 0.1388888888888889, 'NX_0_click_loss': 60.56415512042395, 'NX_0_CV': '0.00391', 'NX_0_CV_turn': '0.01120', 'NX_0_ctr': 2.4794473493657874, 'NX_0_len_tra': 5.805, 'NX_0_R_tra': 14.393191863068395, 'NX_0_ifeat_feat': 0.24203273040482343, 'NX_10_click_loss': 61.6090843213011, 'NX_10_CV': '0.00421', 'NX_10_CV_turn': '0.00700', 'NX_10_ctr': 2.417053355495926, 'NX_10_len_tra': 10.0, 'NX_10_R_tra': 24.17053355495926, 'NX_10_ifeat_feat': 0.3405}]
[I 221224 07:03:32 utils:48] Epoch: [8], Info: [{'loss': 0.0003405962759205194, 'mae': 0.9789217388261814, 'mse': 1.2016827726037018, 'click_loss': 56.90363574735881, 'CV': '0.00301', 'CV_turn': '0.01387', 'ctr': 2.381819758238706, 'len_tra': 3.605, 'R_tra': 8.586460228450536, 'ifeat_feat': 0.14424410540915394, 'NX_0_click_loss': 57.85210547273817, 'NX_0_CV': '0.00391', 'NX_0_CV_turn': '0.01141', 'NX_0_ctr': 2.4057836855613246, 'NX_0_len_tra': 5.695, 'NX_0_R_tra': 13.700938089271745, 'NX_0_ifeat_feat': 0.2440737489025461, 'NX_10_click_loss': 58.950728006647196, 'NX_10_CV': '0.00421', 'NX_10_CV_turn': '0.00700', 'NX_10_ctr': 2.38580443029231, 'NX_10_len_tra': 10.0, 'NX_10_R_tra': 23.858044302923098, 'NX_10_ifeat_feat': 0.3425}]
[I 221224 07:05:46 utils:48] Epoch: [9], Info: [{'loss': 0.0003405923254665149, 'mae': 0.9806194194317678, 'mse': 1.2054581656596735, 'click_loss': 54.435286713742265, 'CV': '0.00361', 'CV_turn': '0.01657', 'ctr': 2.4328901091095, 'len_tra': 3.62, 'R_tra': 8.80706219497639, 'ifeat_feat': 0.1712707182320442, 'NX_0_click_loss': 55.425599738141315, 'NX_0_CV': '0.00451', 'NX_0_CV_turn': '0.01296', 'NX_0_ctr': 2.458782197175448, 'NX_0_len_tra': 5.785, 'NX_0_R_tra': 14.224055010659967, 'NX_0_ifeat_feat': 0.2601555747623163, 'NX_10_click_loss': 56.237590218890176, 'NX_10_CV': '0.00421', 'NX_10_CV_turn': '0.00700', 'NX_10_ctr': 2.3608366159085326, 'NX_10_len_tra': 10.0, 'NX_10_R_tra': 23.608366159085325, 'NX_10_ifeat_feat': 0.3365}]
[I 221224 07:05:46 PD-pairwise:256] {}
