[I 221224 14:57:11 CIRS-UserModel-kuaishou:170] {
      "resume": false,
      "env": "KuaishouEnv-v0",
      "is_softmax": false,
      "l2_reg_dnn": 0.1,
      "lambda_ab": 10,
      "epsilon": 1.0,
      "is_ucb": false,
      "num_trajectory": 200,
      "force_length": 10,
      "top_rate": 0.6,
      "feature_dim": 16,
      "entity_dim": 16,
      "user_model_name": "DeepFM",
      "dnn": [
        64,
        64
      ],
      "batch_size": 2048,
      "epoch": 10,
      "cuda": 6,
      "leave_threshold": 0.0,
      "num_leave_compute": 5,
      "tau": 0.0,
      "is_ab": false,
      "message": "Random-leave5"
    }
[I 221224 14:58:20 utils:48] Epoch: [-1], Info: [{'mae': 0.8658588094033238, 'mse': 1.1853112927361438, 'click_loss': 0.90584449729838, 'CV': '0.23294', 'CV_turn': '0.86689', 'ctr': 0.8778159160173608, 'len_tra': 4.47, 'R_tra': 3.9238371445976026, 'ifeat_feat': 0.6610738255033557, 'NX_0_click_loss': 0.9454952429339881, 'NX_0_CV': '0.23234', 'NX_0_CV_turn': '0.88242', 'NX_0_ctr': 0.9174150091742519, 'NX_0_len_tra': 4.38, 'NX_0_R_tra': 4.0182777401832235, 'NX_0_ifeat_feat': 0.6643835616438356, 'NX_10_click_loss': 0.9234881781570943, 'NX_10_CV': '0.45597', 'NX_10_CV_turn': '0.75850', 'NX_10_ctr': 0.8971992755335153, 'NX_10_len_tra': 10.0, 'NX_10_R_tra': 8.971992755335153, 'NX_10_ifeat_feat': 0.6435}]
[I 221224 15:00:25 utils:48] Epoch: [0], Info: [{'loss': 0.0003192715542790705, 'mae': 0.4153217141649972, 'mse': 0.3947267302455503, 'click_loss': 149.24122104955532, 'CV': '0.23865', 'CV_turn': '0.85653', 'ctr': 0.8696985185294845, 'len_tra': 4.635, 'R_tra': 4.031052633384161, 'ifeat_feat': 0.6483279395900755, 'NX_0_click_loss': 140.90585589304501, 'NX_0_CV': '0.24677', 'NX_0_CV_turn': '0.86512', 'NX_0_ctr': 0.8494115380381424, 'NX_0_len_tra': 4.745, 'NX_0_R_tra': 4.030457747990986, 'NX_0_ifeat_feat': 0.6417281348788199, 'NX_10_click_loss': 139.5908293623921, 'NX_10_CV': '0.44635', 'NX_10_CV_turn': '0.74250', 'NX_10_ctr': 0.8862377438543, 'NX_10_len_tra': 10.0, 'NX_10_R_tra': 8.862377438543, 'NX_10_ifeat_feat': 0.6455}]
[I 221224 15:02:34 utils:48] Epoch: [1], Info: [{'loss': 0.0003133406949394166, 'mae': 0.41508633907995357, 'mse': 0.3948125908280931, 'click_loss': 151.6682157957133, 'CV': '0.23745', 'CV_turn': '0.87486', 'ctr': 0.8432294846889361, 'len_tra': 4.515, 'R_tra': 3.8071811233705466, 'ifeat_feat': 0.6179401993355482, 'NX_0_click_loss': 143.65956841806914, 'NX_0_CV': '0.24737', 'NX_0_CV_turn': '0.85908', 'NX_0_ctr': 0.8815628180935937, 'NX_0_len_tra': 4.79, 'NX_0_R_tra': 4.222685898668314, 'NX_0_ifeat_feat': 0.6388308977035491, 'NX_10_click_loss': 151.39951682070608, 'NX_10_CV': '0.45086', 'NX_10_CV_turn': '0.75000', 'NX_10_ctr': 0.8719494827166585, 'NX_10_len_tra': 10.0, 'NX_10_R_tra': 8.719494827166585, 'NX_10_ifeat_feat': 0.633}]
[I 221224 15:04:43 utils:48] Epoch: [2], Info: [{'loss': 0.00031338011356249007, 'mae': 0.4134684042282927, 'mse': 0.39598009480153096, 'click_loss': 152.34290375124743, 'CV': '0.23294', 'CV_turn': '0.88168', 'ctr': 0.8607220285825448, 'len_tra': 4.395, 'R_tra': 3.7828733156202845, 'ifeat_feat': 0.658703071672355, 'NX_0_click_loss': 162.13806568702725, 'NX_0_CV': '0.24436', 'NX_0_CV_turn': '0.87232', 'NX_0_ctr': 0.8915498072119354, 'NX_0_len_tra': 4.66, 'NX_0_R_tra': 4.154622101607619, 'NX_0_ifeat_feat': 0.6266094420600858, 'NX_10_click_loss': 163.27855740088157, 'NX_10_CV': '0.45476', 'NX_10_CV_turn': '0.75650', 'NX_10_ctr': 0.8817094604363628, 'NX_10_len_tra': 10.0, 'NX_10_R_tra': 8.817094604363627, 'NX_10_ifeat_feat': 0.638}]
[I 221224 15:06:47 utils:48] Epoch: [3], Info: [{'loss': 0.0003133911172183169, 'mae': 0.4132741892480879, 'mse': 0.395227349424884, 'click_loss': 143.91074178456603, 'CV': '0.22543', 'CV_turn': '0.86505', 'ctr': 0.8782423128158157, 'len_tra': 4.335, 'R_tra': 3.807180426056561, 'ifeat_feat': 0.6470588235294118, 'NX_0_click_loss': 152.77790273850212, 'NX_0_CV': '0.23715', 'NX_0_CV_turn': '0.88552', 'NX_0_ctr': 0.8797957899407458, 'NX_0_len_tra': 4.455, 'NX_0_R_tra': 3.9194902441860227, 'NX_0_ifeat_feat': 0.6296296296296297, 'NX_10_click_loss': 147.98446577164958, 'NX_10_CV': '0.44424', 'NX_10_CV_turn': '0.73900', 'NX_10_ctr': 0.8927464227421652, 'NX_10_len_tra': 10.0, 'NX_10_R_tra': 8.927464227421652, 'NX_10_ifeat_feat': 0.6445}]
[I 221224 15:08:53 utils:48] Epoch: [4], Info: [{'loss': 0.0003133777407224483, 'mae': 0.4162228597945369, 'mse': 0.3945215306942779, 'click_loss': 155.8099855566952, 'CV': '0.24587', 'CV_turn': '0.88817', 'ctr': 0.8869443652214903, 'len_tra': 4.605, 'R_tra': 4.084378801844963, 'ifeat_feat': 0.6221498371335505, 'NX_0_click_loss': 135.26752276284557, 'NX_0_CV': '0.24767', 'NX_0_CV_turn': '0.87940', 'NX_0_ctr': 0.8827235790948094, 'NX_0_len_tra': 4.685, 'NX_0_R_tra': 4.135559968059182, 'NX_0_ifeat_feat': 0.6211312700106724, 'NX_10_click_loss': 150.8386021403691, 'NX_10_CV': '0.45537', 'NX_10_CV_turn': '0.75750', 'NX_10_ctr': 0.8741638593097028, 'NX_10_len_tra': 10.0, 'NX_10_R_tra': 8.741638593097028, 'NX_10_ifeat_feat': 0.619}]
[I 221224 15:10:58 utils:48] Epoch: [5], Info: [{'loss': 0.000313386660240661, 'mae': 0.4183361556460459, 'mse': 0.3950131199198256, 'click_loss': 138.04495625342864, 'CV': '0.23324', 'CV_turn': '0.86801', 'ctr': 0.9265227918022222, 'len_tra': 4.47, 'R_tra': 4.141556879355933, 'ifeat_feat': 0.6487695749440716, 'NX_0_click_loss': 129.99646922285427, 'NX_0_CV': '0.23535', 'NX_0_CV_turn': '0.88475', 'NX_0_ctr': 0.8596423251093732, 'NX_0_len_tra': 4.425, 'NX_0_R_tra': 3.803917288608977, 'NX_0_ifeat_feat': 0.6474576271186441, 'NX_10_click_loss': 128.81117102230246, 'NX_10_CV': '0.45146', 'NX_10_CV_turn': '0.75100', 'NX_10_ctr': 0.9185304430788238, 'NX_10_len_tra': 10.0, 'NX_10_R_tra': 9.18530443078824, 'NX_10_ifeat_feat': 0.636}]
[I 221224 15:13:03 utils:48] Epoch: [6], Info: [{'loss': 0.0003133856961892203, 'mae': 0.4190136305348979, 'mse': 0.39490002187465384, 'click_loss': 142.14655157743172, 'CV': '0.25038', 'CV_turn': '0.86321', 'ctr': 0.8336868449363996, 'len_tra': 4.825, 'R_tra': 4.022539026818128, 'ifeat_feat': 0.6300518134715026, 'NX_0_click_loss': 129.8967765758764, 'NX_0_CV': '0.24767', 'NX_0_CV_turn': '0.88223', 'NX_0_ctr': 0.9009956453470724, 'NX_0_len_tra': 4.67, 'NX_0_R_tra': 4.2076496637708285, 'NX_0_ifeat_feat': 0.6156316916488223, 'NX_10_click_loss': 144.88991587529893, 'NX_10_CV': '0.44995', 'NX_10_CV_turn': '0.74850', 'NX_10_ctr': 0.8638301237652156, 'NX_10_len_tra': 10.0, 'NX_10_R_tra': 8.638301237652156, 'NX_10_ifeat_feat': 0.647}]
[I 221224 15:15:08 utils:48] Epoch: [7], Info: [{'loss': 0.00031337728206495493, 'mae': 0.4179256095124838, 'mse': 0.39501868157038394, 'click_loss': 124.6549216081941, 'CV': '0.24797', 'CV_turn': '0.86569', 'ctr': 0.8477206429932559, 'len_tra': 4.765, 'R_tra': 4.0393888638628646, 'ifeat_feat': 0.6421825813221406, 'NX_0_click_loss': 152.0506144317599, 'NX_0_CV': '0.23805', 'NX_0_CV_turn': '0.87514', 'NX_0_ctr': 0.830396884000628, 'NX_0_len_tra': 4.525, 'NX_0_R_tra': 3.757545900102842, 'NX_0_ifeat_feat': 0.6486187845303868, 'NX_10_click_loss': 138.82092849345472, 'NX_10_CV': '0.45777', 'NX_10_CV_turn': '0.76150', 'NX_10_ctr': 0.8748211469200844, 'NX_10_len_tra': 10.0, 'NX_10_R_tra': 8.748211469200845, 'NX_10_ifeat_feat': 0.65}]
[I 221224 15:17:14 utils:48] Epoch: [8], Info: [{'loss': 0.00031337444451220574, 'mae': 0.4153205595954574, 'mse': 0.39492076340823007, 'click_loss': 154.63241311262027, 'CV': '0.23054', 'CV_turn': '0.86667', 'ctr': 0.8670976591392392, 'len_tra': 4.425, 'R_tra': 3.8369071416911336, 'ifeat_feat': 0.6271186440677966, 'NX_0_click_loss': 146.3092921989946, 'NX_0_CV': '0.24286', 'NX_0_CV_turn': '0.87351', 'NX_0_ctr': 0.8921262943052451, 'NX_0_len_tra': 4.625, 'NX_0_R_tra': 4.1260841111617585, 'NX_0_ifeat_feat': 0.6367567567567568, 'NX_10_click_loss': 142.15770517636423, 'NX_10_CV': '0.45627', 'NX_10_CV_turn': '0.75900', 'NX_10_ctr': 0.8484246482957085, 'NX_10_len_tra': 10.0, 'NX_10_R_tra': 8.484246482957085, 'NX_10_ifeat_feat': 0.6215}]
[I 221224 15:19:21 utils:48] Epoch: [9], Info: [{'loss': 0.00031339503487284875, 'mae': 0.41470586237383045, 'mse': 0.3951918207163742, 'click_loss': 164.95568224019414, 'CV': '0.24406', 'CV_turn': '0.87218', 'ctr': 0.8873629010771532, 'len_tra': 4.655, 'R_tra': 4.130674304514148, 'ifeat_feat': 0.6552094522019334, 'NX_0_click_loss': 154.15367703727617, 'NX_0_CV': '0.23925', 'NX_0_CV_turn': '0.86147', 'NX_0_ctr': 0.844634849795915, 'NX_0_len_tra': 4.62, 'NX_0_R_tra': 3.902213006057127, 'NX_0_ifeat_feat': 0.6623376623376623, 'NX_10_click_loss': 153.77565541178566, 'NX_10_CV': '0.45597', 'NX_10_CV_turn': '0.75850', 'NX_10_ctr': 0.861603062695297, 'NX_10_len_tra': 10.0, 'NX_10_R_tra': 8.61603062695297, 'NX_10_ifeat_feat': 0.6285}]
[I 221224 15:19:21 CIRS-UserModel-kuaishou:230] {}
