[I 221224 01:58:40 CIRS-UserModel-kuaishou:170] {
      "resume": false,
      "env": "KuaishouEnv-v0",
      "is_softmax": false,
      "l2_reg_dnn": 0.1,
      "lambda_ab": 10,
      "epsilon": 1.0,
      "is_ucb": false,
      "num_trajectory": 200,
      "force_length": 10,
      "top_rate": 0.6,
      "feature_dim": 16,
      "entity_dim": 16,
      "user_model_name": "DeepFM",
      "dnn": [
        64,
        64
      ],
      "batch_size": 2048,
      "epoch": 10,
      "cuda": 6,
      "leave_threshold": 0.0,
      "num_leave_compute": 1,
      "tau": 0.0,
      "is_ab": false,
      "message": "Random-leave1"
    }
[I 221224 01:59:57 utils:48] Epoch: [-1], Info: [{'mae': 0.8658588094033238, 'mse': 1.1853112927361438, 'click_loss': 0.8889332347650003, 'CV': '0.36369', 'CV_turn': '0.79921', 'ctr': 0.8601397896742456, 'len_tra': 7.57, 'R_tra': 6.5112582078340395, 'ifeat_feat': 0.6538969616908851, 'NX_0_click_loss': 0.8884280181257523, 'NX_0_CV': '0.38203', 'NX_0_CV_turn': '0.78993', 'NX_0_ctr': 0.8617157659606005, 'NX_0_len_tra': 8.045, 'NX_0_R_tra': 6.932503337153031, 'NX_0_ifeat_feat': 0.6357986326911125, 'NX_10_click_loss': 0.8857844226816934, 'NX_10_CV': '0.45627', 'NX_10_CV_turn': '0.75900', 'NX_10_ctr': 0.8575989178475261, 'NX_10_len_tra': 10.0, 'NX_10_R_tra': 8.575989178475261, 'NX_10_ifeat_feat': 0.6375}]
[I 221224 02:02:10 utils:48] Epoch: [0], Info: [{'loss': 0.0003192495391213245, 'mae': 0.41808456531434723, 'mse': 0.3946362189901803, 'click_loss': 133.7344985646752, 'CV': '0.36099', 'CV_turn': '0.79748', 'ctr': 0.8828621821453742, 'len_tra': 7.53, 'R_tra': 6.647952231554667, 'ifeat_feat': 0.6427622841965471, 'NX_0_click_loss': 135.74012584890934, 'NX_0_CV': '0.35407', 'NX_0_CV_turn': '0.81018', 'NX_0_ctr': 0.8711899005204449, 'NX_0_len_tra': 7.27, 'NX_0_R_tra': 6.333550576783634, 'NX_0_ifeat_feat': 0.6258596973865199, 'NX_10_click_loss': 146.12288744366222, 'NX_10_CV': '0.45026', 'NX_10_CV_turn': '0.74900', 'NX_10_ctr': 0.8452107812175323, 'NX_10_len_tra': 10.0, 'NX_10_R_tra': 8.452107812175324, 'NX_10_ifeat_feat': 0.641}]
[I 221224 02:04:27 utils:48] Epoch: [1], Info: [{'loss': 0.00031334419603041967, 'mae': 0.41727162060610173, 'mse': 0.3946132916478484, 'click_loss': 141.17197604529716, 'CV': '0.39104', 'CV_turn': '0.79088', 'ctr': 0.9440609232158583, 'len_tra': 8.225, 'R_tra': 7.764901093450435, 'ifeat_feat': 0.6492401215805471, 'NX_0_click_loss': 142.05330219434018, 'NX_0_CV': '0.35798', 'NX_0_CV_turn': '0.80582', 'NX_0_ctr': 0.8709170581267448, 'NX_0_len_tra': 7.39, 'NX_0_R_tra': 6.436077059556644, 'NX_0_ifeat_feat': 0.6359945872801083, 'NX_10_click_loss': 141.34082054630906, 'NX_10_CV': '0.45386', 'NX_10_CV_turn': '0.75500', 'NX_10_ctr': 0.8520900661149039, 'NX_10_len_tra': 10.0, 'NX_10_R_tra': 8.520900661149039, 'NX_10_ifeat_feat': 0.6185}]
[I 221224 02:06:47 utils:48] Epoch: [2], Info: [{'loss': 0.00031339200651664157, 'mae': 0.4172397228524217, 'mse': 0.3946568779515544, 'click_loss': 138.05235434151032, 'CV': '0.33724', 'CV_turn': '0.80372', 'ctr': 0.890613106657306, 'len_tra': 6.98, 'R_tra': 6.216479484467995, 'ifeat_feat': 0.6368194842406877, 'NX_0_click_loss': 132.7423642781446, 'NX_0_CV': '0.37692', 'NX_0_CV_turn': '0.80539', 'NX_0_ctr': 0.8857141222814053, 'NX_0_len_tra': 7.785, 'NX_0_R_tra': 6.89528444196074, 'NX_0_ifeat_feat': 0.628131021194605, 'NX_10_click_loss': 137.45364316099904, 'NX_10_CV': '0.45026', 'NX_10_CV_turn': '0.74900', 'NX_10_ctr': 0.8967652818564927, 'NX_10_len_tra': 10.0, 'NX_10_R_tra': 8.967652818564927, 'NX_10_ifeat_feat': 0.6115}]
[I 221224 02:09:07 utils:48] Epoch: [3], Info: [{'loss': 0.00031338274851767033, 'mae': 0.4157368196005372, 'mse': 0.3947496935843203, 'click_loss': 141.25263597452414, 'CV': '0.38533', 'CV_turn': '0.79826', 'ctr': 0.8695095268393875, 'len_tra': 8.03, 'R_tra': 6.982161500520282, 'ifeat_feat': 0.6251556662515566, 'NX_0_click_loss': 142.6272200319378, 'NX_0_CV': '0.35257', 'NX_0_CV_turn': '0.81064', 'NX_0_ctr': 0.8424884141596379, 'NX_0_len_tra': 7.235, 'NX_0_R_tra': 6.09540367644498, 'NX_0_ifeat_feat': 0.6413268832066344, 'NX_10_click_loss': 134.8206307290171, 'NX_10_CV': '0.45537', 'NX_10_CV_turn': '0.75750', 'NX_10_ctr': 0.8590816310020574, 'NX_10_len_tra': 10.0, 'NX_10_R_tra': 8.590816310020575, 'NX_10_ifeat_feat': 0.655}]
[I 221224 02:11:21 utils:48] Epoch: [4], Info: [{'loss': 0.0003133871506987307, 'mae': 0.41850748821351186, 'mse': 0.3948859835499092, 'click_loss': 135.03117171117748, 'CV': '0.36219', 'CV_turn': '0.80927', 'ctr': 0.8696531274890451, 'len_tra': 7.445, 'R_tra': 6.474567534155941, 'ifeat_feat': 0.6400268636668905, 'NX_0_click_loss': 136.82996604735533, 'NX_0_CV': '0.36279', 'NX_0_CV_turn': '0.80413', 'NX_0_ctr': 0.8427416489398265, 'NX_0_len_tra': 7.505, 'NX_0_R_tra': 6.324776075293398, 'NX_0_ifeat_feat': 0.6242504996668887, 'NX_10_click_loss': 129.67663650580454, 'NX_10_CV': '0.44695', 'NX_10_CV_turn': '0.74350', 'NX_10_ctr': 0.8673383452513317, 'NX_10_len_tra': 10.0, 'NX_10_R_tra': 8.673383452513317, 'NX_10_ifeat_feat': 0.64}]
[I 221224 02:13:45 utils:48] Epoch: [5], Info: [{'loss': 0.00031338697623911843, 'mae': 0.4182408263822742, 'mse': 0.39488530595544036, 'click_loss': 127.39393518706575, 'CV': '0.39134', 'CV_turn': '0.78909', 'ctr': 0.8431108009317284, 'len_tra': 8.25, 'R_tra': 6.95566410768676, 'ifeat_feat': 0.6375757575757576, 'NX_0_click_loss': 123.99390077271762, 'NX_0_CV': '0.40487', 'NX_0_CV_turn': '0.78268', 'NX_0_ctr': 0.8902459655731018, 'NX_0_len_tra': 8.605, 'NX_0_R_tra': 7.6605665337565405, 'NX_0_ifeat_feat': 0.6228936664729808, 'NX_10_click_loss': 121.53792778503966, 'NX_10_CV': '0.45326', 'NX_10_CV_turn': '0.75400', 'NX_10_ctr': 0.9091669751412434, 'NX_10_len_tra': 10.0, 'NX_10_R_tra': 9.091669751412434, 'NX_10_ifeat_feat': 0.6525}]
[I 221224 02:16:04 utils:48] Epoch: [6], Info: [{'loss': 0.00031337891329110757, 'mae': 0.41596005542838427, 'mse': 0.3945591904986197, 'click_loss': 134.545164549615, 'CV': '0.39645', 'CV_turn': '0.78935', 'ctr': 0.8940770860354003, 'len_tra': 8.355, 'R_tra': 7.470014053825769, 'ifeat_feat': 0.6343506882106523, 'NX_0_click_loss': 126.76800686148265, 'NX_0_CV': '0.40246', 'NX_0_CV_turn': '0.79513', 'NX_0_ctr': 0.8765722112424629, 'NX_0_len_tra': 8.42, 'NX_0_R_tra': 7.380738018661537, 'NX_0_ifeat_feat': 0.6407363420427553, 'NX_10_click_loss': 138.50126717539695, 'NX_10_CV': '0.45176', 'NX_10_CV_turn': '0.75150', 'NX_10_ctr': 0.8764990527237668, 'NX_10_len_tra': 10.0, 'NX_10_R_tra': 8.764990527237668, 'NX_10_ifeat_feat': 0.629}]
[I 221224 02:18:19 utils:48] Epoch: [7], Info: [{'loss': 0.00031338262603158244, 'mae': 0.41535086377395647, 'mse': 0.3948507099968389, 'click_loss': 150.06560048745786, 'CV': '0.36489', 'CV_turn': '0.79243', 'ctr': 0.8796320149547209, 'len_tra': 7.66, 'R_tra': 6.737981234553161, 'ifeat_feat': 0.6409921671018277, 'NX_0_click_loss': 141.74849868756692, 'NX_0_CV': '0.40156', 'NX_0_CV_turn': '0.76782', 'NX_0_ctr': 0.8582182457127453, 'NX_0_len_tra': 8.7, 'NX_0_R_tra': 7.466498737700885, 'NX_0_ifeat_feat': 0.6206896551724138, 'NX_10_click_loss': 150.82462754121931, 'NX_10_CV': '0.45206', 'NX_10_CV_turn': '0.75200', 'NX_10_ctr': 0.8823118721597044, 'NX_10_len_tra': 10.0, 'NX_10_R_tra': 8.823118721597044, 'NX_10_ifeat_feat': 0.6405}]
[I 221224 02:20:36 utils:48] Epoch: [8], Info: [{'loss': 0.00031338601453270563, 'mae': 0.4168520771609926, 'mse': 0.3947133408803995, 'click_loss': 147.73716111401333, 'CV': '0.34986', 'CV_turn': '0.78226', 'ctr': 0.8987668195104124, 'len_tra': 7.44, 'R_tra': 6.686825137157468, 'ifeat_feat': 0.6350806451612904, 'NX_0_click_loss': 152.05639805553764, 'NX_0_CV': '0.37662', 'NX_0_CV_turn': '0.80527', 'NX_0_ctr': 0.8471007368458131, 'NX_0_len_tra': 7.78, 'NX_0_R_tra': 6.590443732660426, 'NX_0_ifeat_feat': 0.6118251928020566, 'NX_10_click_loss': 145.507074452783, 'NX_10_CV': '0.45657', 'NX_10_CV_turn': '0.75950', 'NX_10_ctr': 0.8691575092325822, 'NX_10_len_tra': 10.0, 'NX_10_R_tra': 8.691575092325822, 'NX_10_ifeat_feat': 0.629}]
[I 221224 02:22:51 utils:48] Epoch: [9], Info: [{'loss': 0.0003133770338511229, 'mae': 0.41727136923295194, 'mse': 0.39443544948731535, 'click_loss': 129.2388248608562, 'CV': '0.37151', 'CV_turn': '0.78927', 'ctr': 0.8592048922032787, 'len_tra': 7.83, 'R_tra': 6.727574305951672, 'ifeat_feat': 0.6455938697318008, 'NX_0_click_loss': 135.84089937832152, 'NX_0_CV': '0.39465', 'NX_0_CV_turn': '0.79335', 'NX_0_ctr': 0.8970133446033242, 'NX_0_len_tra': 8.275, 'NX_0_R_tra': 7.422785426592508, 'NX_0_ifeat_feat': 0.6398791540785499, 'NX_10_click_loss': 135.0653783760955, 'NX_10_CV': '0.44905', 'NX_10_CV_turn': '0.74700', 'NX_10_ctr': 0.8749706049849709, 'NX_10_len_tra': 10.0, 'NX_10_R_tra': 8.74970604984971, 'NX_10_ifeat_feat': 0.625}]
[I 221224 02:22:51 CIRS-UserModel-kuaishou:230] {}
