[I 221224 08:27:23 CIRS-UserModel-kuaishou:170] {
      "resume": false,
      "env": "KuaishouEnv-v0",
      "is_softmax": false,
      "l2_reg_dnn": 0.1,
      "lambda_ab": 10,
      "epsilon": 1.0,
      "is_ucb": false,
      "num_trajectory": 200,
      "force_length": 10,
      "top_rate": 0.6,
      "feature_dim": 16,
      "entity_dim": 16,
      "user_model_name": "DeepFM",
      "dnn": [
        64,
        64
      ],
      "batch_size": 2048,
      "epoch": 10,
      "cuda": 6,
      "leave_threshold": 0.0,
      "num_leave_compute": 3,
      "tau": 0.0,
      "is_ab": false,
      "message": "Random-leave3"
    }
[I 221224 08:28:30 utils:48] Epoch: [-1], Info: [{'mae': 0.8658588094033238, 'mse': 1.1853112927361438, 'click_loss': 0.9225306419609368, 'CV': '0.24166', 'CV_turn': '0.86266', 'ctr': 0.8939416898550049, 'len_tra': 4.66, 'R_tra': 4.165768274724323, 'ifeat_feat': 0.6620171673819742, 'NX_0_click_loss': 0.9173888500154297, 'NX_0_CV': '0.24376', 'NX_0_CV_turn': '0.88537', 'NX_0_ctr': 0.8910460306498994, 'NX_0_len_tra': 4.58, 'NX_0_R_tra': 4.080990820376539, 'NX_0_ifeat_feat': 0.638646288209607, 'NX_10_click_loss': 0.9359626689655915, 'NX_10_CV': '0.45476', 'NX_10_CV_turn': '0.75650', 'NX_10_ctr': 0.9072684833328444, 'NX_10_len_tra': 10.0, 'NX_10_R_tra': 9.072684833328445, 'NX_10_ifeat_feat': 0.64}]
[I 221224 08:31:04 utils:48] Epoch: [0], Info: [{'loss': 0.00031928505068530154, 'mae': 0.41759473765021204, 'mse': 0.39473711582640647, 'click_loss': 147.27210558565542, 'CV': '0.24587', 'CV_turn': '0.85386', 'ctr': 0.852101953490164, 'len_tra': 4.79, 'R_tra': 4.081568357217886, 'ifeat_feat': 0.6440501043841336, 'NX_0_click_loss': 146.03516995931585, 'NX_0_CV': '0.24947', 'NX_0_CV_turn': '0.87368', 'NX_0_ctr': 0.8930312613402943, 'NX_0_len_tra': 4.75, 'NX_0_R_tra': 4.241898491366398, 'NX_0_ifeat_feat': 0.6505263157894737, 'NX_10_click_loss': 139.7738957673367, 'NX_10_CV': '0.44695', 'NX_10_CV_turn': '0.74350', 'NX_10_ctr': 0.8846452285103825, 'NX_10_len_tra': 10.0, 'NX_10_R_tra': 8.846452285103824, 'NX_10_ifeat_feat': 0.647}]
[I 221224 08:33:43 utils:48] Epoch: [1], Info: [{'loss': 0.0003133460521889862, 'mae': 0.4165562821732458, 'mse': 0.3943305464588822, 'click_loss': 151.9585643603124, 'CV': '0.25338', 'CV_turn': '0.86997', 'ctr': 0.8731478007250417, 'len_tra': 4.845, 'R_tra': 4.230401094512827, 'ifeat_feat': 0.6212590299277606, 'NX_0_click_loss': 139.9000253179922, 'NX_0_CV': '0.24466', 'NX_0_CV_turn': '0.88575', 'NX_0_ctr': 0.900881669792529, 'NX_0_len_tra': 4.595, 'NX_0_R_tra': 4.1395512726966714, 'NX_0_ifeat_feat': 0.6343852013057671, 'NX_10_click_loss': 148.13230105083488, 'NX_10_CV': '0.45086', 'NX_10_CV_turn': '0.75000', 'NX_10_ctr': 0.848375780754331, 'NX_10_len_tra': 10.0, 'NX_10_R_tra': 8.48375780754331, 'NX_10_ifeat_feat': 0.6525}]
[I 221224 08:36:17 utils:48] Epoch: [2], Info: [{'loss': 0.00031338763777244476, 'mae': 0.41500338414118726, 'mse': 0.39487895532614264, 'click_loss': 129.23542963423756, 'CV': '0.23805', 'CV_turn': '0.87902', 'ctr': 0.9027602649814639, 'len_tra': 4.505, 'R_tra': 4.066934993741495, 'ifeat_feat': 0.6648168701442841, 'NX_0_click_loss': 136.01268986935398, 'NX_0_CV': '0.23895', 'NX_0_CV_turn': '0.86696', 'NX_0_ctr': 0.8721383698760049, 'NX_0_len_tra': 4.585, 'NX_0_R_tra': 3.9987544258814824, 'NX_0_ifeat_feat': 0.6553980370774264, 'NX_10_click_loss': 141.76613928944946, 'NX_10_CV': '0.44965', 'NX_10_CV_turn': '0.74800', 'NX_10_ctr': 0.911156900953101, 'NX_10_len_tra': 10.0, 'NX_10_R_tra': 9.11156900953101, 'NX_10_ifeat_feat': 0.623}]
[I 221224 08:38:55 utils:48] Epoch: [3], Info: [{'loss': 0.000313383332068116, 'mae': 0.41529182993778974, 'mse': 0.3947081508585999, 'click_loss': 141.0852434988021, 'CV': '0.22543', 'CV_turn': '0.84270', 'ctr': 0.854967841062686, 'len_tra': 4.45, 'R_tra': 3.8046068927289527, 'ifeat_feat': 0.6573033707865169, 'NX_0_click_loss': 146.472012454708, 'NX_0_CV': '0.24286', 'NX_0_CV_turn': '0.86325', 'NX_0_ctr': 0.8456948109963004, 'NX_0_len_tra': 4.68, 'NX_0_R_tra': 3.957851715462686, 'NX_0_ifeat_feat': 0.6452991452991453, 'NX_10_click_loss': 139.48584573145766, 'NX_10_CV': '0.45206', 'NX_10_CV_turn': '0.75200', 'NX_10_ctr': 0.8831731812562157, 'NX_10_len_tra': 10.0, 'NX_10_R_tra': 8.831731812562158, 'NX_10_ifeat_feat': 0.612}]
[I 221224 08:41:33 utils:48] Epoch: [4], Info: [{'loss': 0.00031338261476783784, 'mae': 0.4174265419374348, 'mse': 0.39459446650687485, 'click_loss': 132.3438745172912, 'CV': '0.25849', 'CV_turn': '0.86957', 'ctr': 0.8759918247786803, 'len_tra': 4.945, 'R_tra': 4.331779573530574, 'ifeat_feat': 0.6117290192113246, 'NX_0_click_loss': 136.70391723177516, 'NX_0_CV': '0.24737', 'NX_0_CV_turn': '0.87927', 'NX_0_ctr': 0.8482619936155429, 'NX_0_len_tra': 4.68, 'NX_0_R_tra': 3.969866130120741, 'NX_0_ifeat_feat': 0.6388888888888888, 'NX_10_click_loss': 135.10535513922278, 'NX_10_CV': '0.44304', 'NX_10_CV_turn': '0.73700', 'NX_10_ctr': 0.8546634897858291, 'NX_10_len_tra': 10.0, 'NX_10_R_tra': 8.54663489785829, 'NX_10_ifeat_feat': 0.6395}]
[I 221224 08:44:08 utils:48] Epoch: [5], Info: [{'loss': 0.0003133901498633835, 'mae': 0.41440107046724123, 'mse': 0.39459537786661913, 'click_loss': 137.28698008298923, 'CV': '0.24617', 'CV_turn': '0.85939', 'ctr': 0.8595488803538153, 'len_tra': 4.765, 'R_tra': 4.09575041488593, 'ifeat_feat': 0.6442812172088143, 'NX_0_click_loss': 137.84270134865247, 'NX_0_CV': '0.24797', 'NX_0_CV_turn': '0.86478', 'NX_0_ctr': 0.8542073373112914, 'NX_0_len_tra': 4.77, 'NX_0_R_tra': 4.0745689989748595, 'NX_0_ifeat_feat': 0.6352201257861635, 'NX_10_click_loss': 131.6128337721068, 'NX_10_CV': '0.45326', 'NX_10_CV_turn': '0.75400', 'NX_10_ctr': 0.8633358320434843, 'NX_10_len_tra': 10.0, 'NX_10_R_tra': 8.633358320434843, 'NX_10_ifeat_feat': 0.627}]
[I 221224 08:46:44 utils:48] Epoch: [6], Info: [{'loss': 0.0003133833467614045, 'mae': 0.4139540456710737, 'mse': 0.3951813050394895, 'click_loss': 142.22942970504528, 'CV': '0.24166', 'CV_turn': '0.88644', 'ctr': 0.8554198797477564, 'len_tra': 4.535, 'R_tra': 3.879329154656075, 'ifeat_feat': 0.6427783902976847, 'NX_0_click_loss': 129.16419788796352, 'NX_0_CV': '0.24557', 'NX_0_CV_turn': '0.85729', 'NX_0_ctr': 0.9234444559529541, 'NX_0_len_tra': 4.765, 'NX_0_R_tra': 4.400212832615827, 'NX_0_ifeat_feat': 0.6379853095487933, 'NX_10_click_loss': 145.8965153501206, 'NX_10_CV': '0.44424', 'NX_10_CV_turn': '0.73900', 'NX_10_ctr': 0.8683753526384895, 'NX_10_len_tra': 10.0, 'NX_10_R_tra': 8.683753526384896, 'NX_10_ifeat_feat': 0.6495}]
[I 221224 08:49:19 utils:48] Epoch: [7], Info: [{'loss': 0.00031338876476051577, 'mae': 0.4151332136578619, 'mse': 0.3946961256675275, 'click_loss': 131.94277207667074, 'CV': '0.24827', 'CV_turn': '0.85774', 'ctr': 0.8902979270083364, 'len_tra': 4.815, 'R_tra': 4.28678451854514, 'ifeat_feat': 0.6510903426791277, 'NX_0_click_loss': 156.0043484894416, 'NX_0_CV': '0.25248', 'NX_0_CV_turn': '0.87500', 'NX_0_ctr': 0.8774548975607303, 'NX_0_len_tra': 4.8, 'NX_0_R_tra': 4.211783508291505, 'NX_0_ifeat_feat': 0.6416666666666667, 'NX_10_click_loss': 145.79182586386173, 'NX_10_CV': '0.44965', 'NX_10_CV_turn': '0.74800', 'NX_10_ctr': 0.8742912960286365, 'NX_10_len_tra': 10.0, 'NX_10_R_tra': 8.742912960286366, 'NX_10_ifeat_feat': 0.6345}]
[I 221224 08:51:56 utils:48] Epoch: [8], Info: [{'loss': 0.0003133882371720446, 'mae': 0.41717223660874975, 'mse': 0.39440178861941, 'click_loss': 150.90502255423777, 'CV': '0.26480', 'CV_turn': '0.87141', 'ctr': 0.8470837945499702, 'len_tra': 5.055, 'R_tra': 4.282008581450099, 'ifeat_feat': 0.619188921859545, 'NX_0_click_loss': 140.38103795741202, 'NX_0_CV': '0.26060', 'NX_0_CV_turn': '0.87664', 'NX_0_ctr': 0.8828273956423613, 'NX_0_len_tra': 4.945, 'NX_0_R_tra': 4.365581471451477, 'NX_0_ifeat_feat': 0.6309403437815976, 'NX_10_click_loss': 137.93495607512773, 'NX_10_CV': '0.44605', 'NX_10_CV_turn': '0.74200', 'NX_10_ctr': 0.8771788639387195, 'NX_10_len_tra': 10.0, 'NX_10_R_tra': 8.771788639387195, 'NX_10_ifeat_feat': 0.63}]
[I 221224 08:54:29 utils:48] Epoch: [9], Info: [{'loss': 0.00031338018422250974, 'mae': 0.4174578236444725, 'mse': 0.39490685756439264, 'click_loss': 139.08018678855515, 'CV': '0.26510', 'CV_turn': '0.88112', 'ctr': 0.905313789011258, 'len_tra': 5.005, 'R_tra': 4.531095514001347, 'ifeat_feat': 0.6543456543456544, 'NX_0_click_loss': 150.71954036992344, 'NX_0_CV': '0.24076', 'NX_0_CV_turn': '0.88022', 'NX_0_ctr': 0.8386947047777706, 'NX_0_len_tra': 4.55, 'NX_0_R_tra': 3.8160609067388567, 'NX_0_ifeat_feat': 0.643956043956044, 'NX_10_click_loss': 134.60296971507947, 'NX_10_CV': '0.45206', 'NX_10_CV_turn': '0.75200', 'NX_10_ctr': 0.8830260581579326, 'NX_10_len_tra': 10.0, 'NX_10_R_tra': 8.830260581579326, 'NX_10_ifeat_feat': 0.6395}]
[I 221224 08:54:29 CIRS-UserModel-kuaishou:230] {}
