[I 221224 11:48:02 CIRS-UserModel-kuaishou:170] {
      "resume": false,
      "env": "KuaishouEnv-v0",
      "is_softmax": false,
      "l2_reg_dnn": 0.1,
      "lambda_ab": 10,
      "epsilon": 1.0,
      "is_ucb": false,
      "num_trajectory": 200,
      "force_length": 10,
      "top_rate": 0.6,
      "feature_dim": 16,
      "entity_dim": 16,
      "user_model_name": "DeepFM",
      "dnn": [
        64,
        64
      ],
      "batch_size": 2048,
      "epoch": 10,
      "cuda": 6,
      "leave_threshold": 0.0,
      "num_leave_compute": 4,
      "tau": 0.0,
      "is_ab": false,
      "message": "Random-leave4"
    }
[I 221224 11:49:08 utils:48] Epoch: [-1], Info: [{'mae': 0.8658588094033238, 'mse': 1.1853112927361438, 'click_loss': 0.9146362500197224, 'CV': '0.23775', 'CV_turn': '0.86448', 'ctr': 0.8859317348581087, 'len_tra': 4.575, 'R_tra': 4.053137686975847, 'ifeat_feat': 0.6612021857923497, 'NX_0_click_loss': 0.8969260142235871, 'NX_0_CV': '0.24887', 'NX_0_CV_turn': '0.88556', 'NX_0_ctr': 0.8688629948684757, 'NX_0_len_tra': 4.675, 'NX_0_R_tra': 4.061934501010124, 'NX_0_ifeat_feat': 0.6566844919786097, 'NX_10_click_loss': 0.9018968345971095, 'NX_10_CV': '0.45837', 'NX_10_CV_turn': '0.76250', 'NX_10_ctr': 0.875730642529322, 'NX_10_len_tra': 10.0, 'NX_10_R_tra': 8.75730642529322, 'NX_10_ifeat_feat': 0.643}]
[I 221224 11:51:39 utils:48] Epoch: [0], Info: [{'loss': 0.00031933688099173907, 'mae': 0.41501154777783195, 'mse': 0.39479771166283345, 'click_loss': 146.23368185425412, 'CV': '0.24016', 'CV_turn': '0.85455', 'ctr': 0.8974945017830295, 'len_tra': 4.675, 'R_tra': 4.195786795835662, 'ifeat_feat': 0.6438502673796791, 'NX_0_click_loss': 144.59432723539456, 'NX_0_CV': '0.25188', 'NX_0_CV_turn': '0.87020', 'NX_0_ctr': 0.8357717626930036, 'NX_0_len_tra': 4.815, 'NX_0_R_tra': 4.024241037366812, 'NX_0_ifeat_feat': 0.6396677050882659, 'NX_10_click_loss': 139.2546448522676, 'NX_10_CV': '0.44995', 'NX_10_CV_turn': '0.74850', 'NX_10_ctr': 0.8910447879899873, 'NX_10_len_tra': 10.0, 'NX_10_R_tra': 8.910447879899873, 'NX_10_ifeat_feat': 0.638}]
[I 221224 11:54:21 utils:48] Epoch: [1], Info: [{'loss': 0.0003133460640710952, 'mae': 0.41752705680522734, 'mse': 0.3948851382005417, 'click_loss': 147.32534183528685, 'CV': '0.23986', 'CV_turn': '0.87309', 'ctr': 0.9333801929110205, 'len_tra': 4.57, 'R_tra': 4.265547481603364, 'ifeat_feat': 0.6170678336980306, 'NX_0_click_loss': 145.03139833775896, 'NX_0_CV': '0.23625', 'NX_0_CV_turn': '0.88215', 'NX_0_ctr': 0.8487320879434378, 'NX_0_len_tra': 4.455, 'NX_0_R_tra': 3.7811014517880155, 'NX_0_ifeat_feat': 0.6318742985409652, 'NX_10_click_loss': 147.30751320594575, 'NX_10_CV': '0.45116', 'NX_10_CV_turn': '0.75050', 'NX_10_ctr': 0.8681587423686047, 'NX_10_len_tra': 10.0, 'NX_10_R_tra': 8.681587423686047, 'NX_10_ifeat_feat': 0.6405}]
[I 221224 11:56:53 utils:48] Epoch: [2], Info: [{'loss': 0.00031338092301570606, 'mae': 0.41644695972257273, 'mse': 0.39453626653633156, 'click_loss': 129.78323311215115, 'CV': '0.22783', 'CV_turn': '0.88037', 'ctr': 0.8617219682552831, 'len_tra': 4.305, 'R_tra': 3.7097130733389942, 'ifeat_feat': 0.6747967479674797, 'NX_0_click_loss': 139.86347389323817, 'NX_0_CV': '0.24226', 'NX_0_CV_turn': '0.86760', 'NX_0_ctr': 0.8687155274962152, 'NX_0_len_tra': 4.645, 'NX_0_R_tra': 4.035183625219919, 'NX_0_ifeat_feat': 0.6254036598493004, 'NX_10_click_loss': 143.47754164611968, 'NX_10_CV': '0.45416', 'NX_10_CV_turn': '0.75550', 'NX_10_ctr': 0.8911945372786128, 'NX_10_len_tra': 10.0, 'NX_10_R_tra': 8.911945372786128, 'NX_10_ifeat_feat': 0.6425}]
[I 221224 11:59:30 utils:48] Epoch: [3], Info: [{'loss': 0.00031339131697616645, 'mae': 0.418895593170969, 'mse': 0.39504377379130606, 'click_loss': 121.3219798580883, 'CV': '0.22423', 'CV_turn': '0.86044', 'ctr': 0.8828223831261334, 'len_tra': 4.335, 'R_tra': 3.8270350308517878, 'ifeat_feat': 0.6505190311418685, 'NX_0_click_loss': 125.13371336829957, 'NX_0_CV': '0.24527', 'NX_0_CV_turn': '0.88121', 'NX_0_ctr': 0.8446439536455932, 'NX_0_len_tra': 4.63, 'NX_0_R_tra': 3.9107015053790963, 'NX_0_ifeat_feat': 0.6544276457883369, 'NX_10_click_loss': 122.42094648816172, 'NX_10_CV': '0.44244', 'NX_10_CV_turn': '0.73600', 'NX_10_ctr': 0.8989242112832484, 'NX_10_len_tra': 10.0, 'NX_10_R_tra': 8.989242112832484, 'NX_10_ifeat_feat': 0.643}]
[I 221224 12:02:04 utils:48] Epoch: [4], Info: [{'loss': 0.00031337729843734053, 'mae': 0.41628373901669097, 'mse': 0.3947421895516982, 'click_loss': 150.31809348728225, 'CV': '0.24857', 'CV_turn': '0.88166', 'ctr': 0.8703441277608354, 'len_tra': 4.69, 'R_tra': 4.081913959198318, 'ifeat_feat': 0.6226012793176973, 'NX_0_click_loss': 139.73031325364641, 'NX_0_CV': '0.23264', 'NX_0_CV_turn': '0.88255', 'NX_0_ctr': 0.8676526640259203, 'NX_0_len_tra': 4.385, 'NX_0_R_tra': 3.804656931753661, 'NX_0_ifeat_feat': 0.6339794754846066, 'NX_10_click_loss': 155.9825911730237, 'NX_10_CV': '0.44935', 'NX_10_CV_turn': '0.74750', 'NX_10_ctr': 0.8459935167737365, 'NX_10_len_tra': 10.0, 'NX_10_R_tra': 8.459935167737365, 'NX_10_ifeat_feat': 0.635}]
[I 221224 12:04:38 utils:48] Epoch: [5], Info: [{'loss': 0.0003133886525654378, 'mae': 0.415071543919699, 'mse': 0.3947222032335075, 'click_loss': 149.11496762742442, 'CV': '0.22873', 'CV_turn': '0.86971', 'ctr': 0.8666311842044224, 'len_tra': 4.375, 'R_tra': 3.791511430894348, 'ifeat_feat': 0.656, 'NX_0_click_loss': 141.13417948491045, 'NX_0_CV': '0.22693', 'NX_0_CV_turn': '0.87689', 'NX_0_ctr': 0.905950848313801, 'NX_0_len_tra': 4.305, 'NX_0_R_tra': 3.9001184019909134, 'NX_0_ifeat_feat': 0.6422764227642277, 'NX_10_click_loss': 142.86984240577289, 'NX_10_CV': '0.45506', 'NX_10_CV_turn': '0.75700', 'NX_10_ctr': 0.8781701903112455, 'NX_10_len_tra': 10.0, 'NX_10_R_tra': 8.781701903112456, 'NX_10_ifeat_feat': 0.642}]
[I 221224 12:07:13 utils:48] Epoch: [6], Info: [{'loss': 0.0003133892184758509, 'mae': 0.4147308824702165, 'mse': 0.3947968953295697, 'click_loss': 151.6712035460174, 'CV': '0.24677', 'CV_turn': '0.86239', 'ctr': 0.8716323203944334, 'len_tra': 4.76, 'R_tra': 4.148969845077503, 'ifeat_feat': 0.6292016806722689, 'NX_0_click_loss': 143.14667644305564, 'NX_0_CV': '0.24527', 'NX_0_CV_turn': '0.88407', 'NX_0_ctr': 0.9125987208014986, 'NX_0_len_tra': 4.615, 'NX_0_R_tra': 4.211643096498916, 'NX_0_ifeat_feat': 0.6262188515709642, 'NX_10_click_loss': 155.46752222741998, 'NX_10_CV': '0.44995', 'NX_10_CV_turn': '0.74850', 'NX_10_ctr': 0.8859501639737973, 'NX_10_len_tra': 10.0, 'NX_10_R_tra': 8.859501639737973, 'NX_10_ifeat_feat': 0.648}]
[I 221224 12:09:52 utils:48] Epoch: [7], Info: [{'loss': 0.00031338737382123974, 'mae': 0.4175993320034151, 'mse': 0.3946615068558257, 'click_loss': 127.76829486631632, 'CV': '0.24286', 'CV_turn': '0.86510', 'ctr': 0.855195246550969, 'len_tra': 4.67, 'R_tra': 3.993761801393025, 'ifeat_feat': 0.6359743040685225, 'NX_0_click_loss': 141.7390216880494, 'NX_0_CV': '0.23865', 'NX_0_CV_turn': '0.87061', 'NX_0_ctr': 0.8529442421993024, 'NX_0_len_tra': 4.56, 'NX_0_R_tra': 3.8894257444288187, 'NX_0_ifeat_feat': 0.6337719298245614, 'NX_10_click_loss': 139.09634649417563, 'NX_10_CV': '0.45807', 'NX_10_CV_turn': '0.76200', 'NX_10_ctr': 0.8654732050673327, 'NX_10_len_tra': 10.0, 'NX_10_R_tra': 8.654732050673328, 'NX_10_ifeat_feat': 0.6555}]
[I 221224 12:12:28 utils:48] Epoch: [8], Info: [{'loss': 0.00031337900751080927, 'mae': 0.41768132104113154, 'mse': 0.39477850930822034, 'click_loss': 156.06216752532126, 'CV': '0.24076', 'CV_turn': '0.86037', 'ctr': 0.797286766201911, 'len_tra': 4.655, 'R_tra': 3.7113698966698956, 'ifeat_feat': 0.6240601503759399, 'NX_0_click_loss': 149.0103597286261, 'NX_0_CV': '0.24677', 'NX_0_CV_turn': '0.88375', 'NX_0_ctr': 0.9516533362412612, 'NX_0_len_tra': 4.645, 'NX_0_R_tra': 4.420429746840658, 'NX_0_ifeat_feat': 0.6221743810548978, 'NX_10_click_loss': 136.65232159687716, 'NX_10_CV': '0.44935', 'NX_10_CV_turn': '0.74750', 'NX_10_ctr': 0.8510710799858364, 'NX_10_len_tra': 10.0, 'NX_10_R_tra': 8.510710799858364, 'NX_10_ifeat_feat': 0.645}]
[I 221224 12:15:07 utils:48] Epoch: [9], Info: [{'loss': 0.00031338405587073327, 'mae': 0.4166640494983054, 'mse': 0.39484883612500055, 'click_loss': 147.00110941900107, 'CV': '0.24196', 'CV_turn': '0.87691', 'ctr': 0.8515968433989008, 'len_tra': 4.59, 'R_tra': 3.908829511200955, 'ifeat_feat': 0.6514161220043573, 'NX_0_click_loss': 133.2320287158807, 'NX_0_CV': '0.24196', 'NX_0_CV_turn': '0.88559', 'NX_0_ctr': 0.8701478248802554, 'NX_0_len_tra': 4.545, 'NX_0_R_tra': 3.9548218640807606, 'NX_0_ifeat_feat': 0.6600660066006601, 'NX_10_click_loss': 137.08546164891004, 'NX_10_CV': '0.45747', 'NX_10_CV_turn': '0.76100', 'NX_10_ctr': 0.8677862023996179, 'NX_10_len_tra': 10.0, 'NX_10_R_tra': 8.677862023996179, 'NX_10_ifeat_feat': 0.6275}]
[I 221224 12:15:07 CIRS-UserModel-kuaishou:230] {}
