[I 221224 05:05:35 CIRS-UserModel-kuaishou:170] {
      "resume": false,
      "env": "KuaishouEnv-v0",
      "is_softmax": false,
      "l2_reg_dnn": 0.1,
      "lambda_ab": 10,
      "epsilon": 1.0,
      "is_ucb": false,
      "num_trajectory": 200,
      "force_length": 10,
      "top_rate": 0.6,
      "feature_dim": 16,
      "entity_dim": 16,
      "user_model_name": "DeepFM",
      "dnn": [
        64,
        64
      ],
      "batch_size": 2048,
      "epoch": 10,
      "cuda": 6,
      "leave_threshold": 0.0,
      "num_leave_compute": 2,
      "tau": 0.0,
      "is_ab": false,
      "message": "Random-leave2"
    }
[I 221224 05:06:42 utils:48] Epoch: [-1], Info: [{'mae': 0.8658588094033238, 'mse': 1.1853112927361438, 'click_loss': 0.8894266254596898, 'CV': '0.25278', 'CV_turn': '0.84523', 'ctr': 0.8606357035929834, 'len_tra': 4.975, 'R_tra': 4.281662625375092, 'ifeat_feat': 0.664321608040201, 'NX_0_click_loss': 0.9067408079435287, 'NX_0_CV': '0.25729', 'NX_0_CV_turn': '0.86552', 'NX_0_ctr': 0.8787269392972114, 'NX_0_len_tra': 4.945, 'NX_0_R_tra': 4.34530471482471, 'NX_0_ifeat_feat': 0.6319514661274014, 'NX_10_click_loss': 0.8870133007479747, 'NX_10_CV': '0.45416', 'NX_10_CV_turn': '0.75550', 'NX_10_ctr': 0.8578955051194785, 'NX_10_len_tra': 10.0, 'NX_10_R_tra': 8.578955051194786, 'NX_10_ifeat_feat': 0.645}]
[I 221224 05:09:14 utils:48] Epoch: [0], Info: [{'loss': 0.00031930456303470915, 'mae': 0.4151305573517259, 'mse': 0.39471298045913084, 'click_loss': 141.7896662432706, 'CV': '0.25338', 'CV_turn': '0.84300', 'ctr': 0.8895441996610729, 'len_tra': 5.0, 'R_tra': 4.447720998305364, 'ifeat_feat': 0.664, 'NX_0_click_loss': 140.2421235733616, 'NX_0_CV': '0.26871', 'NX_0_CV_turn': '0.85387', 'NX_0_ctr': 0.8538796348900387, 'NX_0_len_tra': 5.235, 'NX_0_R_tra': 4.470059888649352, 'NX_0_ifeat_feat': 0.6399235912129895, 'NX_10_click_loss': 142.5807595288761, 'NX_10_CV': '0.45266', 'NX_10_CV_turn': '0.75300', 'NX_10_ctr': 0.8814158313280249, 'NX_10_len_tra': 10.0, 'NX_10_R_tra': 8.81415831328025, 'NX_10_ifeat_feat': 0.659}]
[I 221224 05:11:50 utils:48] Epoch: [1], Info: [{'loss': 0.0003133452385308926, 'mae': 0.41441854084359264, 'mse': 0.39501383902686865, 'click_loss': 153.88388979722643, 'CV': '0.26841', 'CV_turn': '0.85373', 'ctr': 0.8861590825852144, 'len_tra': 5.23, 'R_tra': 4.634612001920671, 'ifeat_feat': 0.609942638623327, 'NX_0_click_loss': 147.40102184922463, 'NX_0_CV': '0.27983', 'NX_0_CV_turn': '0.86124', 'NX_0_ctr': 0.8699179916530777, 'NX_0_len_tra': 5.405, 'NX_0_R_tra': 4.7019067448848855, 'NX_0_ifeat_feat': 0.6225716928769658, 'NX_10_click_loss': 161.92380364112242, 'NX_10_CV': '0.44635', 'NX_10_CV_turn': '0.74250', 'NX_10_ctr': 0.8567289674697277, 'NX_10_len_tra': 10.0, 'NX_10_R_tra': 8.567289674697278, 'NX_10_ifeat_feat': 0.629}]
[I 221224 05:14:28 utils:48] Epoch: [2], Info: [{'loss': 0.0003133801824673063, 'mae': 0.4142666246456252, 'mse': 0.3953356826870161, 'click_loss': 150.6725560779209, 'CV': '0.28344', 'CV_turn': '0.86197', 'ctr': 0.894281419745795, 'len_tra': 5.47, 'R_tra': 4.891719366009499, 'ifeat_feat': 0.6489945155393053, 'NX_0_click_loss': 159.65887829260188, 'NX_0_CV': '0.26601', 'NX_0_CV_turn': '0.86510', 'NX_0_ctr': 0.919597565815718, 'NX_0_len_tra': 5.115, 'NX_0_R_tra': 4.703741549147398, 'NX_0_ifeat_feat': 0.6177908113391984, 'NX_10_click_loss': 165.76669239409642, 'NX_10_CV': '0.44845', 'NX_10_CV_turn': '0.74600', 'NX_10_ctr': 0.872699426491036, 'NX_10_len_tra': 10.0, 'NX_10_R_tra': 8.726994264910362, 'NX_10_ifeat_feat': 0.618}]
[I 221224 05:17:02 utils:48] Epoch: [3], Info: [{'loss': 0.00031339001271492534, 'mae': 0.41658975081237665, 'mse': 0.39485822067530396, 'click_loss': 124.67606416831036, 'CV': '0.26480', 'CV_turn': '0.84468', 'ctr': 0.8910140166352016, 'len_tra': 5.215, 'R_tra': 4.646638096752577, 'ifeat_feat': 0.6145733461169702, 'NX_0_click_loss': 121.3374381891924, 'NX_0_CV': '0.27833', 'NX_0_CV_turn': '0.85900', 'NX_0_ctr': 0.8900225064580845, 'NX_0_len_tra': 5.39, 'NX_0_R_tra': 4.797221309809076, 'NX_0_ifeat_feat': 0.6298701298701299, 'NX_10_click_loss': 130.7220571190147, 'NX_10_CV': '0.45236', 'NX_10_CV_turn': '0.75250', 'NX_10_ctr': 0.8673137975959928, 'NX_10_len_tra': 10.0, 'NX_10_R_tra': 8.673137975959929, 'NX_10_ifeat_feat': 0.6435}]
[I 221224 05:19:38 utils:48] Epoch: [4], Info: [{'loss': 0.00031338833704740187, 'mae': 0.41797828781412816, 'mse': 0.39458804889785454, 'click_loss': 139.6337189332597, 'CV': '0.29155', 'CV_turn': '0.85538', 'ctr': 0.8495712417853033, 'len_tra': 5.67, 'R_tra': 4.8170689409226695, 'ifeat_feat': 0.6349206349206349, 'NX_0_click_loss': 141.3400228005725, 'NX_0_CV': '0.26901', 'NX_0_CV_turn': '0.84434', 'NX_0_ctr': 0.8724409832335279, 'NX_0_len_tra': 5.3, 'NX_0_R_tra': 4.623937211137698, 'NX_0_ifeat_feat': 0.6424528301886793, 'NX_10_click_loss': 138.19434398678294, 'NX_10_CV': '0.45026', 'NX_10_CV_turn': '0.74900', 'NX_10_ctr': 0.8674208958483203, 'NX_10_len_tra': 10.0, 'NX_10_R_tra': 8.674208958483202, 'NX_10_ifeat_feat': 0.651}]
[I 221224 05:22:12 utils:48] Epoch: [5], Info: [{'loss': 0.0003133906373913575, 'mae': 0.41622568003169524, 'mse': 0.3947407308487928, 'click_loss': 144.1400175030856, 'CV': '0.25488', 'CV_turn': '0.86885', 'ctr': 0.8844826020920986, 'len_tra': 4.88, 'R_tra': 4.3162750982094416, 'ifeat_feat': 0.6352459016393442, 'NX_0_click_loss': 145.81545312047783, 'NX_0_CV': '0.24677', 'NX_0_CV_turn': '0.85078', 'NX_0_ctr': 0.8434428430112164, 'NX_0_len_tra': 4.825, 'NX_0_R_tra': 4.069611717529119, 'NX_0_ifeat_feat': 0.6518134715025907, 'NX_10_click_loss': 137.1817714263476, 'NX_10_CV': '0.45717', 'NX_10_CV_turn': '0.76050', 'NX_10_ctr': 0.8740250970401833, 'NX_10_len_tra': 10.0, 'NX_10_R_tra': 8.740250970401833, 'NX_10_ifeat_feat': 0.6465}]
[I 221224 05:24:55 utils:48] Epoch: [6], Info: [{'loss': 0.0003133813358095906, 'mae': 0.4156645727070138, 'mse': 0.39500386112052926, 'click_loss': 148.16907011924533, 'CV': '0.24917', 'CV_turn': '0.86806', 'ctr': 0.8222129943972118, 'len_tra': 4.775, 'R_tra': 3.926067048246687, 'ifeat_feat': 0.6492146596858639, 'NX_0_click_loss': 151.26210903510935, 'NX_0_CV': '0.25819', 'NX_0_CV_turn': '0.86943', 'NX_0_ctr': 0.8827482048564109, 'NX_0_len_tra': 4.94, 'NX_0_R_tra': 4.36077613199067, 'NX_0_ifeat_feat': 0.6376518218623481, 'NX_10_click_loss': 140.7546192892115, 'NX_10_CV': '0.45717', 'NX_10_CV_turn': '0.76050', 'NX_10_ctr': 0.8801336086312983, 'NX_10_len_tra': 10.0, 'NX_10_R_tra': 8.801336086312983, 'NX_10_ifeat_feat': 0.6445}]
[I 221224 05:27:29 utils:48] Epoch: [7], Info: [{'loss': 0.0003133730700689882, 'mae': 0.4155590804443031, 'mse': 0.39451483832775386, 'click_loss': 144.6789503968209, 'CV': '0.27442', 'CV_turn': '0.85647', 'ctr': 0.91899928485033, 'len_tra': 5.33, 'R_tra': 4.898266188252259, 'ifeat_feat': 0.6538461538461539, 'NX_0_click_loss': 141.88171696596427, 'NX_0_CV': '0.27021', 'NX_0_CV_turn': '0.86526', 'NX_0_ctr': 0.8387706800886405, 'NX_0_len_tra': 5.195, 'NX_0_R_tra': 4.3574136830604875, 'NX_0_ifeat_feat': 0.6410009624639076, 'NX_10_click_loss': 144.30370776846746, 'NX_10_CV': '0.45296', 'NX_10_CV_turn': '0.75350', 'NX_10_ctr': 0.8663454361236311, 'NX_10_len_tra': 10.0, 'NX_10_R_tra': 8.663454361236312, 'NX_10_ifeat_feat': 0.649}]
[I 221224 05:30:03 utils:48] Epoch: [8], Info: [{'loss': 0.00031338150690149544, 'mae': 0.4166753536662749, 'mse': 0.39448672476961116, 'click_loss': 133.73571494683202, 'CV': '0.27592', 'CV_turn': '0.85475', 'ctr': 0.9278882226996131, 'len_tra': 5.37, 'R_tra': 4.9827597558969225, 'ifeat_feat': 0.6527001862197392, 'NX_0_click_loss': 136.2302159766113, 'NX_0_CV': '0.29426', 'NX_0_CV_turn': '0.84983', 'NX_0_ctr': 0.8564667254445583, 'NX_0_len_tra': 5.76, 'NX_0_R_tra': 4.933248338560656, 'NX_0_ifeat_feat': 0.6180555555555556, 'NX_10_click_loss': 137.08200953606354, 'NX_10_CV': '0.45236', 'NX_10_CV_turn': '0.75250', 'NX_10_ctr': 0.8799711115716662, 'NX_10_len_tra': 10.0, 'NX_10_R_tra': 8.799711115716661, 'NX_10_ifeat_feat': 0.637}]
[I 221224 05:32:39 utils:48] Epoch: [9], Info: [{'loss': 0.00031338542052476736, 'mae': 0.4157467239336779, 'mse': 0.3947185895836947, 'click_loss': 156.51858840805016, 'CV': '0.25849', 'CV_turn': '0.85487', 'ctr': 0.856493266117957, 'len_tra': 5.03, 'R_tra': 4.308161128573324, 'ifeat_feat': 0.6302186878727635, 'NX_0_click_loss': 149.82351638395738, 'NX_0_CV': '0.27442', 'NX_0_CV_turn': '0.86458', 'NX_0_ctr': 0.907262313285323, 'NX_0_len_tra': 5.28, 'NX_0_R_tra': 4.790345014146506, 'NX_0_ifeat_feat': 0.6268939393939394, 'NX_10_click_loss': 150.78734256931958, 'NX_10_CV': '0.45266', 'NX_10_CV_turn': '0.75300', 'NX_10_ctr': 0.8866124181430304, 'NX_10_len_tra': 10.0, 'NX_10_R_tra': 8.866124181430303, 'NX_10_ifeat_feat': 0.6295}]
[I 221224 05:32:39 CIRS-UserModel-kuaishou:230] {}
