[I 221224 00:38:03 CIRS-UserModel-kuaishou:170] {
      "resume": false,
      "env": "KuaishouEnv-v0",
      "is_softmax": false,
      "l2_reg_dnn": 0.1,
      "lambda_ab": 10,
      "epsilon": 0,
      "is_ucb": true,
      "num_trajectory": 200,
      "force_length": 10,
      "top_rate": 0.6,
      "feature_dim": 16,
      "entity_dim": 16,
      "user_model_name": "DeepFM",
      "dnn": [
        64,
        64
      ],
      "batch_size": 2048,
      "epoch": 10,
      "cuda": 6,
      "leave_threshold": 0.0,
      "num_leave_compute": 1,
      "tau": 0.0,
      "is_ab": false,
      "message": "UCB-leave1"
    }
[I 221224 00:39:14 utils:48] Epoch: [-1], Info: [{'mae': 0.8658588094033238, 'mse': 1.1853112927361438, 'click_loss': 2.8976483131737463, 'CV': '0.38984', 'CV_turn': '1.00000', 'ctr': 1.1743906264339243, 'len_tra': 6.485, 'R_tra': 7.615923212423999, 'ifeat_feat': 0.6715497301464919, 'NX_0_click_loss': 2.4749844518719932, 'NX_0_CV': '0.06282', 'NX_0_CV_turn': '0.11117', 'NX_0_ctr': 2.2301104468139528, 'NX_0_len_tra': 9.4, 'NX_0_R_tra': 20.963038200051155, 'NX_0_ifeat_feat': 0.3595744680851064, 'NX_10_click_loss': 2.495909562578939, 'NX_10_CV': '0.06282', 'NX_10_CV_turn': '0.10450', 'NX_10_ctr': 2.256763581740161, 'NX_10_len_tra': 10.0, 'NX_10_R_tra': 22.567635817401605, 'NX_10_ifeat_feat': 0.366}]
[I 221224 00:41:55 utils:48] Epoch: [0], Info: [{'loss': 0.0003192951612493762, 'mae': 0.41854912098313113, 'mse': 0.3949451840935824, 'click_loss': 30.631131319033436, 'CV': '0.00120', 'CV_turn': '0.00195', 'ctr': 2.473064890453396, 'len_tra': 10.25, 'R_tra': 25.348915127147308, 'ifeat_feat': 0.0004878048780487805, 'NX_0_click_loss': 33.63291654638357, 'NX_0_CV': '0.00541', 'NX_0_CV_turn': '0.00500', 'NX_0_ctr': 2.2795762978518623, 'NX_0_len_tra': 18.0, 'NX_0_R_tra': 41.03237336133352, 'NX_0_ifeat_feat': 0.3333333333333333, 'NX_10_click_loss': 31.93857522217487, 'NX_10_CV': '0.00301', 'NX_10_CV_turn': '0.00500', 'NX_10_ctr': 2.4016552735969827, 'NX_10_len_tra': 10.0, 'NX_10_R_tra': 24.016552735969825, 'NX_10_ifeat_feat': 0.4}]
[I 221224 00:44:35 utils:48] Epoch: [1], Info: [{'loss': 0.0003133450622494838, 'mae': 0.4149147207805408, 'mse': 0.3947205408908689, 'click_loss': 31.38529529983513, 'CV': '0.00060', 'CV_turn': '0.00273', 'ctr': 2.541347519246833, 'len_tra': 3.66, 'R_tra': 9.30133192044341, 'ifeat_feat': 0.0, 'NX_0_click_loss': 34.37408558189508, 'NX_0_CV': '0.00541', 'NX_0_CV_turn': '0.00500', 'NX_0_ctr': 2.321631825032823, 'NX_0_len_tra': 18.0, 'NX_0_R_tra': 41.789372850590816, 'NX_0_ifeat_feat': 0.3333333333333333, 'NX_10_click_loss': 32.55165364865483, 'NX_10_CV': '0.00301', 'NX_10_CV_turn': '0.00500', 'NX_10_ctr': 2.351649335185909, 'NX_10_len_tra': 10.0, 'NX_10_R_tra': 23.51649335185909, 'NX_10_ifeat_feat': 0.4}]
[I 221224 00:47:14 utils:48] Epoch: [2], Info: [{'loss': 0.00031338351883555734, 'mae': 0.4170015924473023, 'mse': 0.39460391109324927, 'click_loss': 31.737070382290792, 'CV': '0.00060', 'CV_turn': '0.00253', 'ctr': 2.4552482958552666, 'len_tra': 3.955, 'R_tra': 9.71050701010758, 'ifeat_feat': 0.0, 'NX_0_click_loss': 34.798743096486064, 'NX_0_CV': '0.00541', 'NX_0_CV_turn': '0.00500', 'NX_0_ctr': 2.277514136660738, 'NX_0_len_tra': 18.0, 'NX_0_R_tra': 40.99525445989329, 'NX_0_ifeat_feat': 0.3333333333333333, 'NX_10_click_loss': 33.01624308760581, 'NX_10_CV': '0.00301', 'NX_10_CV_turn': '0.00500', 'NX_10_ctr': 2.374901096181188, 'NX_10_len_tra': 10.0, 'NX_10_R_tra': 23.749010961811877, 'NX_10_ifeat_feat': 0.4}]
[I 221224 00:49:54 utils:48] Epoch: [3], Info: [{'loss': 0.00031338802308479016, 'mae': 0.41431420665866014, 'mse': 0.3951776144937024, 'click_loss': 33.01118083132668, 'CV': '0.00060', 'CV_turn': '0.00185', 'ctr': 2.5080033153086756, 'len_tra': 5.415, 'R_tra': 13.580837952396477, 'ifeat_feat': 0.0, 'NX_0_click_loss': 36.16795247980078, 'NX_0_CV': '0.00541', 'NX_0_CV_turn': '0.00500', 'NX_0_ctr': 2.3007752169648303, 'NX_0_len_tra': 18.0, 'NX_0_R_tra': 41.413953905366945, 'NX_0_ifeat_feat': 0.3333333333333333, 'NX_10_click_loss': 34.3065994992398, 'NX_10_CV': '0.00301', 'NX_10_CV_turn': '0.00500', 'NX_10_ctr': 2.392356869234899, 'NX_10_len_tra': 10.0, 'NX_10_R_tra': 23.92356869234899, 'NX_10_ifeat_feat': 0.4}]
[I 221224 00:52:33 utils:48] Epoch: [4], Info: [{'loss': 0.0003133862182266822, 'mae': 0.41732488688060176, 'mse': 0.39489415469213196, 'click_loss': 30.428766332967754, 'CV': '0.00030', 'CV_turn': '0.00250', 'ctr': 2.507288881643299, 'len_tra': 2.0, 'R_tra': 5.014577763286598, 'ifeat_feat': 0.0, 'NX_0_click_loss': 33.31547977769972, 'NX_0_CV': '0.00541', 'NX_0_CV_turn': '0.00500', 'NX_0_ctr': 2.303155432322947, 'NX_0_len_tra': 18.0, 'NX_0_R_tra': 41.456797781813044, 'NX_0_ifeat_feat': 0.3333333333333333, 'NX_10_click_loss': 31.57973700581078, 'NX_10_CV': '0.00301', 'NX_10_CV_turn': '0.00500', 'NX_10_ctr': 2.3610366254854576, 'NX_10_len_tra': 10.0, 'NX_10_R_tra': 23.610366254854576, 'NX_10_ifeat_feat': 0.4}]
[I 221224 00:55:12 utils:48] Epoch: [5], Info: [{'loss': 0.0003133797094708947, 'mae': 0.41463520091416334, 'mse': 0.3951117447894832, 'click_loss': 32.94052631093004, 'CV': '0.00060', 'CV_turn': '0.00420', 'ctr': 2.475468048321382, 'len_tra': 2.38, 'R_tra': 5.891613955004889, 'ifeat_feat': 0.0, 'NX_0_click_loss': 36.06575396505321, 'NX_0_CV': '0.00541', 'NX_0_CV_turn': '0.00500', 'NX_0_ctr': 2.2546377814543717, 'NX_0_len_tra': 18.0, 'NX_0_R_tra': 40.58348006617869, 'NX_0_ifeat_feat': 0.3333333333333333, 'NX_10_click_loss': 34.25196152175263, 'NX_10_CV': '0.00301', 'NX_10_CV_turn': '0.00500', 'NX_10_ctr': 2.3899201160748706, 'NX_10_len_tra': 10.0, 'NX_10_R_tra': 23.899201160748706, 'NX_10_ifeat_feat': 0.4}]
[I 221224 00:57:51 utils:48] Epoch: [6], Info: [{'loss': 0.0003133877072599504, 'mae': 0.41562578223544044, 'mse': 0.3949544959145996, 'click_loss': 34.174875431082576, 'CV': '0.00030', 'CV_turn': '0.00250', 'ctr': 2.6044082164982068, 'len_tra': 2.0, 'R_tra': 5.2088164329964135, 'ifeat_feat': 0.0, 'NX_0_click_loss': 37.29544429292061, 'NX_0_CV': '0.00541', 'NX_0_CV_turn': '0.00500', 'NX_0_ctr': 2.269959110052546, 'NX_0_len_tra': 18.0, 'NX_0_R_tra': 40.859263980945826, 'NX_0_ifeat_feat': 0.3333333333333333, 'NX_10_click_loss': 35.400509943758244, 'NX_10_CV': '0.00301', 'NX_10_CV_turn': '0.00500', 'NX_10_ctr': 2.392141476427294, 'NX_10_len_tra': 10.0, 'NX_10_R_tra': 23.92141476427294, 'NX_10_ifeat_feat': 0.4}]
[I 221224 01:00:33 utils:48] Epoch: [7], Info: [{'loss': 0.0003133768638722739, 'mae': 0.41791318943878175, 'mse': 0.3943487172317907, 'click_loss': 31.01960163657817, 'CV': '0.00030', 'CV_turn': '0.00250', 'ctr': 2.609243560482556, 'len_tra': 2.0, 'R_tra': 5.218487120965112, 'ifeat_feat': 0.0, 'NX_0_click_loss': 33.84761544773467, 'NX_0_CV': '0.00541', 'NX_0_CV_turn': '0.00500', 'NX_0_ctr': 2.3148791362459655, 'NX_0_len_tra': 18.0, 'NX_0_R_tra': 41.667824452427375, 'NX_0_ifeat_feat': 0.3333333333333333, 'NX_10_click_loss': 32.11779303192257, 'NX_10_CV': '0.00301', 'NX_10_CV_turn': '0.00500', 'NX_10_ctr': 2.4081210758601888, 'NX_10_len_tra': 10.0, 'NX_10_R_tra': 24.081210758601888, 'NX_10_ifeat_feat': 0.4}]
[I 221224 01:03:14 utils:48] Epoch: [8], Info: [{'loss': 0.00031338394164694453, 'mae': 0.4188139451201977, 'mse': 0.39480736632334684, 'click_loss': 30.316831053240083, 'CV': '0.00030', 'CV_turn': '0.00250', 'ctr': 2.3818536028692523, 'len_tra': 2.0, 'R_tra': 4.763707205738505, 'ifeat_feat': 0.0, 'NX_0_click_loss': 33.30845011073068, 'NX_0_CV': '0.00541', 'NX_0_CV_turn': '0.00500', 'NX_0_ctr': 2.300124892635958, 'NX_0_len_tra': 18.0, 'NX_0_R_tra': 41.402248067447246, 'NX_0_ifeat_feat': 0.3333333333333333, 'NX_10_click_loss': 31.670011836530303, 'NX_10_CV': '0.00301', 'NX_10_CV_turn': '0.00500', 'NX_10_ctr': 2.454729894162726, 'NX_10_len_tra': 10.0, 'NX_10_R_tra': 24.54729894162726, 'NX_10_ifeat_feat': 0.4}]
[I 221224 01:05:55 utils:48] Epoch: [9], Info: [{'loss': 0.0003133818386848923, 'mae': 0.4169211162766215, 'mse': 0.3947318462725451, 'click_loss': 32.58127692005553, 'CV': '0.00030', 'CV_turn': '0.00250', 'ctr': 2.492580697750247, 'len_tra': 2.0, 'R_tra': 4.985161395500494, 'ifeat_feat': 0.0, 'NX_0_click_loss': 35.709141859839015, 'NX_0_CV': '0.00541', 'NX_0_CV_turn': '0.00500', 'NX_0_ctr': 2.3203647924426423, 'NX_0_len_tra': 18.0, 'NX_0_R_tra': 41.76656626396756, 'NX_0_ifeat_feat': 0.3333333333333333, 'NX_10_click_loss': 33.88604313117814, 'NX_10_CV': '0.00301', 'NX_10_CV_turn': '0.00500', 'NX_10_ctr': 2.4231807845290083, 'NX_10_len_tra': 10.0, 'NX_10_R_tra': 24.23180784529008, 'NX_10_ifeat_feat': 0.4}]
[I 221224 01:05:55 CIRS-UserModel-kuaishou:230] {}
