[I 221224 10:29:55 CIRS-UserModel-kuaishou:170] {
      "resume": false,
      "env": "KuaishouEnv-v0",
      "is_softmax": false,
      "l2_reg_dnn": 0.1,
      "lambda_ab": 10,
      "epsilon": 0,
      "is_ucb": true,
      "num_trajectory": 200,
      "force_length": 10,
      "top_rate": 0.6,
      "feature_dim": 16,
      "entity_dim": 16,
      "user_model_name": "DeepFM",
      "dnn": [
        64,
        64
      ],
      "batch_size": 2048,
      "epoch": 10,
      "cuda": 6,
      "leave_threshold": 0.0,
      "num_leave_compute": 4,
      "tau": 0.0,
      "is_ab": false,
      "message": "UCB-leave4"
    }
[I 221224 10:31:08 utils:48] Epoch: [-1], Info: [{'mae': 0.8658588094033238, 'mse': 1.1853112927361438, 'click_loss': 2.7596335438530066, 'CV': '0.24406', 'CV_turn': '1.00000', 'ctr': 1.3028284791303426, 'len_tra': 4.06, 'R_tra': 5.289483625269192, 'ifeat_feat': 0.6859605911330049, 'NX_0_click_loss': 2.511071900997722, 'NX_0_CV': '0.06192', 'NX_0_CV_turn': '0.16132', 'NX_0_ctr': 2.1959156005459732, 'NX_0_len_tra': 6.385, 'NX_0_R_tra': 14.02092110948604, 'NX_0_ifeat_feat': 0.23022709475332812, 'NX_10_click_loss': 2.4805049606982412, 'NX_10_CV': '0.06282', 'NX_10_CV_turn': '0.10450', 'NX_10_ctr': 2.2578695668551942, 'NX_10_len_tra': 10.0, 'NX_10_R_tra': 22.57869566855194, 'NX_10_ifeat_feat': 0.367}]
[I 221224 10:33:35 utils:48] Epoch: [0], Info: [{'loss': 0.0003192951612493762, 'mae': 0.41854912098313113, 'mse': 0.3949451840935824, 'click_loss': 30.612848169151885, 'CV': '0.00120', 'CV_turn': '0.00692', 'ctr': 2.490701450509603, 'len_tra': 2.89, 'R_tra': 7.198127191972752, 'ifeat_feat': 0.0017301038062283738, 'NX_0_click_loss': 31.068940474327334, 'NX_0_CV': '0.00150', 'NX_0_CV_turn': '0.00500', 'NX_0_ctr': 2.4625068290789374, 'NX_0_len_tra': 5.0, 'NX_0_R_tra': 12.312534145394686, 'NX_0_ifeat_feat': 0.2, 'NX_10_click_loss': 31.8588807239826, 'NX_10_CV': '0.00301', 'NX_10_CV_turn': '0.00500', 'NX_10_ctr': 2.3252071581180305, 'NX_10_len_tra': 10.0, 'NX_10_R_tra': 23.252071581180303, 'NX_10_ifeat_feat': 0.4}]
[I 221224 10:35:53 utils:48] Epoch: [1], Info: [{'loss': 0.0003133450622494838, 'mae': 0.4149147207805408, 'mse': 0.3947205408908689, 'click_loss': 31.28990827719546, 'CV': '0.00060', 'CV_turn': '0.00392', 'ctr': 2.471612420644812, 'len_tra': 2.55, 'R_tra': 6.302611672644271, 'ifeat_feat': 0.0, 'NX_0_click_loss': 31.749404534346684, 'NX_0_CV': '0.00150', 'NX_0_CV_turn': '0.00500', 'NX_0_ctr': 2.4918724622794226, 'NX_0_len_tra': 5.0, 'NX_0_R_tra': 12.459362311397113, 'NX_0_ifeat_feat': 0.2, 'NX_10_click_loss': 32.58219601114916, 'NX_10_CV': '0.00301', 'NX_10_CV_turn': '0.00500', 'NX_10_ctr': 2.384152655207379, 'NX_10_len_tra': 10.0, 'NX_10_R_tra': 23.841526552073788, 'NX_10_ifeat_feat': 0.4}]
[I 221224 10:38:05 utils:48] Epoch: [2], Info: [{'loss': 0.00031338351883555734, 'mae': 0.4170015924473023, 'mse': 0.39460391109324927, 'click_loss': 31.76514415719099, 'CV': '0.00060', 'CV_turn': '0.00382', 'ctr': 2.499772137993979, 'len_tra': 2.615, 'R_tra': 6.536904140854254, 'ifeat_feat': 0.0, 'NX_0_click_loss': 32.10536234679463, 'NX_0_CV': '0.00150', 'NX_0_CV_turn': '0.00500', 'NX_0_ctr': 2.4180244027638924, 'NX_0_len_tra': 5.0, 'NX_0_R_tra': 12.090122013819462, 'NX_0_ifeat_feat': 0.2, 'NX_10_click_loss': 32.984779932775915, 'NX_10_CV': '0.00301', 'NX_10_CV_turn': '0.00500', 'NX_10_ctr': 2.3448179452804645, 'NX_10_len_tra': 10.0, 'NX_10_R_tra': 23.44817945280464, 'NX_10_ifeat_feat': 0.4}]
[I 221224 10:40:18 utils:48] Epoch: [3], Info: [{'loss': 0.00031338802308479016, 'mae': 0.41431420665866014, 'mse': 0.3951776144937024, 'click_loss': 32.93483971425108, 'CV': '0.00060', 'CV_turn': '0.00362', 'ctr': 2.4444718938286623, 'len_tra': 2.765, 'R_tra': 6.758964786436251, 'ifeat_feat': 0.0, 'NX_0_click_loss': 33.41836840279897, 'NX_0_CV': '0.00150', 'NX_0_CV_turn': '0.00500', 'NX_0_ctr': 2.499239830335007, 'NX_0_len_tra': 5.0, 'NX_0_R_tra': 12.496199151675036, 'NX_0_ifeat_feat': 0.2, 'NX_10_click_loss': 34.36216826554481, 'NX_10_CV': '0.00301', 'NX_10_CV_turn': '0.00500', 'NX_10_ctr': 2.4490978633994325, 'NX_10_len_tra': 10.0, 'NX_10_R_tra': 24.490978633994324, 'NX_10_ifeat_feat': 0.4}]
[I 221224 10:42:28 utils:48] Epoch: [4], Info: [{'loss': 0.0003133862182266822, 'mae': 0.41732488688060176, 'mse': 0.39489415469213196, 'click_loss': 30.499781983186594, 'CV': '0.00060', 'CV_turn': '0.00499', 'ctr': 2.588195007670363, 'len_tra': 2.005, 'R_tra': 5.189330990379077, 'ifeat_feat': 0.0, 'NX_0_click_loss': 30.77215655726385, 'NX_0_CV': '0.00150', 'NX_0_CV_turn': '0.00500', 'NX_0_ctr': 2.46484555071782, 'NX_0_len_tra': 5.0, 'NX_0_R_tra': 12.324227753589101, 'NX_0_ifeat_feat': 0.2, 'NX_10_click_loss': 31.563336881851072, 'NX_10_CV': '0.00301', 'NX_10_CV_turn': '0.00500', 'NX_10_ctr': 2.345494885658162, 'NX_10_len_tra': 10.0, 'NX_10_R_tra': 23.45494885658162, 'NX_10_ifeat_feat': 0.4}]
[I 221224 10:44:42 utils:48] Epoch: [5], Info: [{'loss': 0.0003133797094708947, 'mae': 0.41463520091416334, 'mse': 0.3951117447894832, 'click_loss': 32.93168947429739, 'CV': '0.00030', 'CV_turn': '0.00250', 'ctr': 2.4757923051842203, 'len_tra': 2.0, 'R_tra': 4.951584610368441, 'ifeat_feat': 0.0, 'NX_0_click_loss': 33.34984975166405, 'NX_0_CV': '0.00150', 'NX_0_CV_turn': '0.00500', 'NX_0_ctr': 2.4767399723061483, 'NX_0_len_tra': 5.0, 'NX_0_R_tra': 12.383699861530742, 'NX_0_ifeat_feat': 0.2, 'NX_10_click_loss': 34.29122409771282, 'NX_10_CV': '0.00301', 'NX_10_CV_turn': '0.00500', 'NX_10_ctr': 2.4299757332642216, 'NX_10_len_tra': 10.0, 'NX_10_R_tra': 24.299757332642216, 'NX_10_ifeat_feat': 0.4}]
[I 221224 10:46:54 utils:48] Epoch: [6], Info: [{'loss': 0.0003133877072599504, 'mae': 0.41562578223544044, 'mse': 0.3949544959145996, 'click_loss': 34.12124504008511, 'CV': '0.00030', 'CV_turn': '0.00250', 'ctr': 2.557694815780894, 'len_tra': 2.0, 'R_tra': 5.115389631561788, 'ifeat_feat': 0.0, 'NX_0_click_loss': 34.47251171582819, 'NX_0_CV': '0.00150', 'NX_0_CV_turn': '0.00500', 'NX_0_ctr': 2.4864659680712204, 'NX_0_len_tra': 5.0, 'NX_0_R_tra': 12.4323298403561, 'NX_0_ifeat_feat': 0.2, 'NX_10_click_loss': 35.424957562095834, 'NX_10_CV': '0.00301', 'NX_10_CV_turn': '0.00500', 'NX_10_ctr': 2.4171589037247836, 'NX_10_len_tra': 10.0, 'NX_10_R_tra': 24.171589037247838, 'NX_10_ifeat_feat': 0.4}]
[I 221224 10:49:05 utils:48] Epoch: [7], Info: [{'loss': 0.0003133768638722739, 'mae': 0.41791318943878175, 'mse': 0.3943487172317907, 'click_loss': 30.971694845836097, 'CV': '0.00030', 'CV_turn': '0.00250', 'ctr': 2.566480273883274, 'len_tra': 2.0, 'R_tra': 5.132960547766548, 'ifeat_feat': 0.0, 'NX_0_click_loss': 31.20364157220439, 'NX_0_CV': '0.00150', 'NX_0_CV_turn': '0.00500', 'NX_0_ctr': 2.4148184997708895, 'NX_0_len_tra': 5.0, 'NX_0_R_tra': 12.074092498854448, 'NX_0_ifeat_feat': 0.2, 'NX_10_click_loss': 32.0917231745494, 'NX_10_CV': '0.00301', 'NX_10_CV_turn': '0.00500', 'NX_10_ctr': 2.382446727253255, 'NX_10_len_tra': 10.0, 'NX_10_R_tra': 23.824467272532548, 'NX_10_ifeat_feat': 0.4}]
[I 221224 10:51:15 utils:48] Epoch: [8], Info: [{'loss': 0.00031338394164694453, 'mae': 0.4188139451201977, 'mse': 0.39480736632334684, 'click_loss': 30.473409934635857, 'CV': '0.00090', 'CV_turn': '0.00628', 'ctr': 2.542480088291211, 'len_tra': 2.39, 'R_tra': 6.076527411015994, 'ifeat_feat': 0.0, 'NX_0_click_loss': 30.737681495669687, 'NX_0_CV': '0.00150', 'NX_0_CV_turn': '0.00500', 'NX_0_ctr': 2.429480258944815, 'NX_0_len_tra': 5.0, 'NX_0_R_tra': 12.147401294724075, 'NX_0_ifeat_feat': 0.2, 'NX_10_click_loss': 31.604934617292717, 'NX_10_CV': '0.00301', 'NX_10_CV_turn': '0.00500', 'NX_10_ctr': 2.389873799574197, 'NX_10_len_tra': 10.0, 'NX_10_R_tra': 23.89873799574197, 'NX_10_ifeat_feat': 0.4}]
[I 221224 10:53:24 utils:48] Epoch: [9], Info: [{'loss': 0.0003133818386848923, 'mae': 0.4169211162766215, 'mse': 0.3947318462725451, 'click_loss': 32.577963194445985, 'CV': '0.00030', 'CV_turn': '0.00250', 'ctr': 2.493048581675905, 'len_tra': 2.0, 'R_tra': 4.98609716335181, 'ifeat_feat': 0.0, 'NX_0_click_loss': 32.9014662555018, 'NX_0_CV': '0.00150', 'NX_0_CV_turn': '0.00500', 'NX_0_ctr': 2.4138608229914666, 'NX_0_len_tra': 5.0, 'NX_0_R_tra': 12.069304114957333, 'NX_0_ifeat_feat': 0.2, 'NX_10_click_loss': 33.877308817399545, 'NX_10_CV': '0.00301', 'NX_10_CV_turn': '0.00500', 'NX_10_ctr': 2.4148668837675964, 'NX_10_len_tra': 10.0, 'NX_10_R_tra': 24.148668837675963, 'NX_10_ifeat_feat': 0.4}]
[I 221224 10:53:24 CIRS-UserModel-kuaishou:230] {}
