[I 221224 03:49:59 CIRS-UserModel-kuaishou:170] {
      "resume": false,
      "env": "KuaishouEnv-v0",
      "is_softmax": false,
      "l2_reg_dnn": 0.1,
      "lambda_ab": 10,
      "epsilon": 0,
      "is_ucb": true,
      "num_trajectory": 200,
      "force_length": 10,
      "top_rate": 0.6,
      "feature_dim": 16,
      "entity_dim": 16,
      "user_model_name": "DeepFM",
      "dnn": [
        64,
        64
      ],
      "batch_size": 2048,
      "epoch": 10,
      "cuda": 6,
      "leave_threshold": 0.0,
      "num_leave_compute": 2,
      "tau": 0.0,
      "is_ab": false,
      "message": "UCB-leave2"
    }
[I 221224 03:51:14 utils:48] Epoch: [-1], Info: [{'mae': 0.8658588094033238, 'mse': 1.1853112927361438, 'click_loss': 2.8029376519165257, 'CV': '0.26300', 'CV_turn': '1.00000', 'ctr': 1.2755912148124569, 'len_tra': 4.375, 'R_tra': 5.580711564804499, 'ifeat_feat': 0.6834285714285714, 'NX_0_click_loss': 2.6702076321626333, 'NX_0_CV': '0.06102', 'NX_0_CV_turn': '0.26501', 'NX_0_ctr': 2.1848873762073935, 'NX_0_len_tra': 3.83, 'NX_0_R_tra': 8.368118650874317, 'NX_0_ifeat_feat': 0.15796344647519583, 'NX_10_click_loss': 2.479628307905946, 'NX_10_CV': '0.06282', 'NX_10_CV_turn': '0.10450', 'NX_10_ctr': 2.2596037927240444, 'NX_10_len_tra': 10.0, 'NX_10_R_tra': 22.596037927240445, 'NX_10_ifeat_feat': 0.3675}]
[I 221224 03:53:30 utils:48] Epoch: [0], Info: [{'loss': 0.0003192951612493762, 'mae': 0.41854912098313113, 'mse': 0.3949451840935824, 'click_loss': 30.618909694932462, 'CV': '0.00120', 'CV_turn': '0.00690', 'ctr': 2.495904334361982, 'len_tra': 2.9, 'R_tra': 7.2381225696497475, 'ifeat_feat': 0.0017241379310344827, 'NX_0_click_loss': 31.675630228582133, 'NX_0_CV': '0.00240', 'NX_0_CV_turn': '0.00500', 'NX_0_ctr': 2.4241842878492017, 'NX_0_len_tra': 8.0, 'NX_0_R_tra': 19.393474302793614, 'NX_0_ifeat_feat': 0.375, 'NX_10_click_loss': 31.93004259463086, 'NX_10_CV': '0.00301', 'NX_10_CV_turn': '0.00500', 'NX_10_ctr': 2.3963902604175655, 'NX_10_len_tra': 10.0, 'NX_10_R_tra': 23.963902604175654, 'NX_10_ifeat_feat': 0.4}]
[I 221224 03:56:10 utils:48] Epoch: [1], Info: [{'loss': 0.0003133450622494838, 'mae': 0.4149147207805408, 'mse': 0.3947205408908689, 'click_loss': 31.345742589516146, 'CV': '0.00060', 'CV_turn': '0.00394', 'ctr': 2.527513484925897, 'len_tra': 2.54, 'R_tra': 6.419884251711778, 'ifeat_feat': 0.0, 'NX_0_click_loss': 32.31566877707703, 'NX_0_CV': '0.00240', 'NX_0_CV_turn': '0.00500', 'NX_0_ctr': 2.4040163122103966, 'NX_0_len_tra': 8.0, 'NX_0_R_tra': 19.232130497683173, 'NX_0_ifeat_feat': 0.375, 'NX_10_click_loss': 32.57948889393527, 'NX_10_CV': '0.00301', 'NX_10_CV_turn': '0.00500', 'NX_10_ctr': 2.381424195715958, 'NX_10_len_tra': 10.0, 'NX_10_R_tra': 23.81424195715958, 'NX_10_ifeat_feat': 0.4}]
[I 221224 03:58:50 utils:48] Epoch: [2], Info: [{'loss': 0.00031338351883555734, 'mae': 0.4170015924473023, 'mse': 0.39460391109324927, 'click_loss': 31.857488561483915, 'CV': '0.00060', 'CV_turn': '0.00381', 'ctr': 2.5923523840576332, 'len_tra': 2.625, 'R_tra': 6.8049250081512875, 'ifeat_feat': 0.0, 'NX_0_click_loss': 32.82524551267431, 'NX_0_CV': '0.00240', 'NX_0_CV_turn': '0.00500', 'NX_0_ctr': 2.475226832578613, 'NX_0_len_tra': 8.0, 'NX_0_R_tra': 19.801814660628903, 'NX_0_ifeat_feat': 0.375, 'NX_10_click_loss': 33.04727132216628, 'NX_10_CV': '0.00301', 'NX_10_CV_turn': '0.00500', 'NX_10_ctr': 2.4072859839552696, 'NX_10_len_tra': 10.0, 'NX_10_R_tra': 24.0728598395527, 'NX_10_ifeat_feat': 0.4}]
[I 221224 04:01:27 utils:48] Epoch: [3], Info: [{'loss': 0.00031338802308479016, 'mae': 0.41431420665866014, 'mse': 0.3951776144937024, 'click_loss': 33.03370742033971, 'CV': '0.00060', 'CV_turn': '0.00357', 'ctr': 2.543512185085671, 'len_tra': 2.805, 'R_tra': 7.134551679165307, 'ifeat_feat': 0.0, 'NX_0_click_loss': 34.045444550142825, 'NX_0_CV': '0.00240', 'NX_0_CV_turn': '0.00500', 'NX_0_ctr': 2.433636217938008, 'NX_0_len_tra': 8.0, 'NX_0_R_tra': 19.469089743504064, 'NX_0_ifeat_feat': 0.375, 'NX_10_click_loss': 34.29307707439763, 'NX_10_CV': '0.00301', 'NX_10_CV_turn': '0.00500', 'NX_10_ctr': 2.380052866328753, 'NX_10_len_tra': 10.0, 'NX_10_R_tra': 23.800528663287526, 'NX_10_ifeat_feat': 0.4}]
[I 221224 04:04:08 utils:48] Epoch: [4], Info: [{'loss': 0.0003133862182266822, 'mae': 0.41732488688060176, 'mse': 0.39489415469213196, 'click_loss': 30.399172968970575, 'CV': '0.00060', 'CV_turn': '0.00499', 'ctr': 2.4877674198855084, 'len_tra': 2.005, 'R_tra': 4.987973676870444, 'ifeat_feat': 0.0, 'NX_0_click_loss': 31.350104435785983, 'NX_0_CV': '0.00240', 'NX_0_CV_turn': '0.00500', 'NX_0_ctr': 2.409495645865176, 'NX_0_len_tra': 8.0, 'NX_0_R_tra': 19.27596516692141, 'NX_0_ifeat_feat': 0.375, 'NX_10_click_loss': 31.57337279557218, 'NX_10_CV': '0.00301', 'NX_10_CV_turn': '0.00500', 'NX_10_ctr': 2.355570324411328, 'NX_10_len_tra': 10.0, 'NX_10_R_tra': 23.555703244113282, 'NX_10_ifeat_feat': 0.4}]
[I 221224 04:06:45 utils:48] Epoch: [5], Info: [{'loss': 0.0003133797094708947, 'mae': 0.41463520091416334, 'mse': 0.3951117447894832, 'click_loss': 32.98579382668654, 'CV': '0.00030', 'CV_turn': '0.00250', 'ctr': 2.5301402021519395, 'len_tra': 2.0, 'R_tra': 5.060280404303879, 'ifeat_feat': 0.0, 'NX_0_click_loss': 33.97122520282067, 'NX_0_CV': '0.00240', 'NX_0_CV_turn': '0.00500', 'NX_0_ctr': 2.410026379368646, 'NX_0_len_tra': 8.0, 'NX_0_R_tra': 19.28021103494917, 'NX_0_ifeat_feat': 0.375, 'NX_10_click_loss': 34.25177927939685, 'NX_10_CV': '0.00301', 'NX_10_CV_turn': '0.00500', 'NX_10_ctr': 2.390557876274876, 'NX_10_len_tra': 10.0, 'NX_10_R_tra': 23.90557876274876, 'NX_10_ifeat_feat': 0.4}]
[I 221224 04:09:22 utils:48] Epoch: [6], Info: [{'loss': 0.0003133877072599504, 'mae': 0.41562578223544044, 'mse': 0.3949544959145996, 'click_loss': 34.00634258095818, 'CV': '0.00030', 'CV_turn': '0.00250', 'ctr': 2.4431415063580055, 'len_tra': 2.0, 'R_tra': 4.886283012716011, 'ifeat_feat': 0.0, 'NX_0_click_loss': 35.07677820911847, 'NX_0_CV': '0.00240', 'NX_0_CV_turn': '0.00500', 'NX_0_ctr': 2.3803417467161063, 'NX_0_len_tra': 8.0, 'NX_0_R_tra': 19.04273397372885, 'NX_0_ifeat_feat': 0.375, 'NX_10_click_loss': 35.415800397213665, 'NX_10_CV': '0.00301', 'NX_10_CV_turn': '0.00500', 'NX_10_ctr': 2.4080288470351108, 'NX_10_len_tra': 10.0, 'NX_10_R_tra': 24.080288470351107, 'NX_10_ifeat_feat': 0.4}]
[I 221224 04:12:02 utils:48] Epoch: [7], Info: [{'loss': 0.0003133768638722739, 'mae': 0.41791318943878175, 'mse': 0.3943487172317907, 'click_loss': 30.84946096593642, 'CV': '0.00030', 'CV_turn': '0.00250', 'ctr': 2.444654385392891, 'len_tra': 2.0, 'R_tra': 4.889308770785782, 'ifeat_feat': 0.0, 'NX_0_click_loss': 31.841882717767806, 'NX_0_CV': '0.00240', 'NX_0_CV_turn': '0.00500', 'NX_0_ctr': 2.4132465888653702, 'NX_0_len_tra': 8.0, 'NX_0_R_tra': 19.305972710922962, 'NX_0_ifeat_feat': 0.375, 'NX_10_click_loss': 32.07571111056582, 'NX_10_CV': '0.00331', 'NX_10_CV_turn': '0.00550', 'NX_10_ctr': 2.367721779320404, 'NX_10_len_tra': 10.0, 'NX_10_R_tra': 23.67721779320404, 'NX_10_ifeat_feat': 0.3995}]
[I 221224 04:14:41 utils:48] Epoch: [8], Info: [{'loss': 0.00031338394164694453, 'mae': 0.4188139451201977, 'mse': 0.39480736632334684, 'click_loss': 30.364889094309707, 'CV': '0.00060', 'CV_turn': '0.00426', 'ctr': 2.434350567815244, 'len_tra': 2.35, 'R_tra': 5.720723834365823, 'ifeat_feat': 0.0, 'NX_0_click_loss': 31.346248735656427, 'NX_0_CV': '0.00240', 'NX_0_CV_turn': '0.00500', 'NX_0_ctr': 2.4057835237881258, 'NX_0_len_tra': 8.0, 'NX_0_R_tra': 19.246268190305006, 'NX_0_ifeat_feat': 0.375, 'NX_10_click_loss': 31.635047145135825, 'NX_10_CV': '0.00301', 'NX_10_CV_turn': '0.00500', 'NX_10_ctr': 2.4200911324100094, 'NX_10_len_tra': 10.0, 'NX_10_R_tra': 24.200911324100094, 'NX_10_ifeat_feat': 0.4}]
[I 221224 04:17:20 utils:48] Epoch: [9], Info: [{'loss': 0.0003133818386848923, 'mae': 0.4169211162766215, 'mse': 0.3947318462725451, 'click_loss': 32.6357043598481, 'CV': '0.00030', 'CV_turn': '0.00250', 'ctr': 2.5511395500489082, 'len_tra': 2.0, 'R_tra': 5.1022791000978165, 'ifeat_feat': 0.0, 'NX_0_click_loss': 33.560784613691744, 'NX_0_CV': '0.00240', 'NX_0_CV_turn': '0.00500', 'NX_0_ctr': 2.394972099863513, 'NX_0_len_tra': 8.0, 'NX_0_R_tra': 19.159776798908105, 'NX_0_ifeat_feat': 0.375, 'NX_10_click_loss': 33.83118856229289, 'NX_10_CV': '0.00301', 'NX_10_CV_turn': '0.00500', 'NX_10_ctr': 2.368721628088768, 'NX_10_len_tra': 10.0, 'NX_10_R_tra': 23.68721628088768, 'NX_10_ifeat_feat': 0.4}]
[I 221224 04:17:20 CIRS-UserModel-kuaishou:230] {}
