[I 221224 13:48:02 CIRS-UserModel-kuaishou:170] {
      "resume": false,
      "env": "KuaishouEnv-v0",
      "is_softmax": false,
      "l2_reg_dnn": 0.1,
      "lambda_ab": 10,
      "epsilon": 0,
      "is_ucb": true,
      "num_trajectory": 200,
      "force_length": 10,
      "top_rate": 0.6,
      "feature_dim": 16,
      "entity_dim": 16,
      "user_model_name": "DeepFM",
      "dnn": [
        64,
        64
      ],
      "batch_size": 2048,
      "epoch": 10,
      "cuda": 6,
      "leave_threshold": 0.0,
      "num_leave_compute": 5,
      "tau": 0.0,
      "is_ab": false,
      "message": "UCB-leave5"
    }
[I 221224 13:49:15 utils:48] Epoch: [-1], Info: [{'mae': 0.8658588094033238, 'mse': 1.1853112927361438, 'click_loss': 2.8119855585070117, 'CV': '0.24016', 'CV_turn': '1.00000', 'ctr': 1.256361934302494, 'len_tra': 3.995, 'R_tra': 5.019165927538464, 'ifeat_feat': 0.688360450563204, 'NX_0_click_loss': 2.659778445395367, 'NX_0_CV': '0.06102', 'NX_0_CV_turn': '0.26887', 'NX_0_ctr': 2.1249681048284637, 'NX_0_len_tra': 3.775, 'NX_0_R_tra': 8.021754595727451, 'NX_0_ifeat_feat': 0.16026490066225166, 'NX_10_click_loss': 2.480628589874376, 'NX_10_CV': '0.06282', 'NX_10_CV_turn': '0.10450', 'NX_10_ctr': 2.2641275255051236, 'NX_10_len_tra': 10.0, 'NX_10_R_tra': 22.641275255051237, 'NX_10_ifeat_feat': 0.366}]
[I 221224 13:51:27 utils:48] Epoch: [0], Info: [{'loss': 0.0003192951612493762, 'mae': 0.41854912098313113, 'mse': 0.3949451840935824, 'click_loss': 30.508565244493035, 'CV': '0.00120', 'CV_turn': '0.00693', 'ctr': 2.385802468576064, 'len_tra': 2.885, 'R_tra': 6.883040121841946, 'ifeat_feat': 0.0017331022530329288, 'NX_0_click_loss': 31.593797376016877, 'NX_0_CV': '0.00240', 'NX_0_CV_turn': '0.00500', 'NX_0_ctr': 2.342330834726582, 'NX_0_len_tra': 8.0, 'NX_0_R_tra': 18.738646677812657, 'NX_0_ifeat_feat': 0.375, 'NX_10_click_loss': 31.90155782497407, 'NX_10_CV': '0.00301', 'NX_10_CV_turn': '0.00500', 'NX_10_ctr': 2.36790771759034, 'NX_10_len_tra': 10.0, 'NX_10_R_tra': 23.679077175903398, 'NX_10_ifeat_feat': 0.4}]
[I 221224 13:53:44 utils:48] Epoch: [1], Info: [{'loss': 0.0003133450622494838, 'mae': 0.4149147207805408, 'mse': 0.3947205408908689, 'click_loss': 31.37532780363108, 'CV': '0.00060', 'CV_turn': '0.00391', 'ctr': 2.5571480254741323, 'len_tra': 2.555, 'R_tra': 6.533513205086408, 'ifeat_feat': 0.0, 'NX_0_click_loss': 32.38307178077646, 'NX_0_CV': '0.00240', 'NX_0_CV_turn': '0.00500', 'NX_0_ctr': 2.4715440135951026, 'NX_0_len_tra': 8.0, 'NX_0_R_tra': 19.77235210876082, 'NX_0_ifeat_feat': 0.375, 'NX_10_click_loss': 32.55231407161859, 'NX_10_CV': '0.00301', 'NX_10_CV_turn': '0.00500', 'NX_10_ctr': 2.3542533187499832, 'NX_10_len_tra': 10.0, 'NX_10_R_tra': 23.54253318749983, 'NX_10_ifeat_feat': 0.4}]
[I 221224 13:56:02 utils:48] Epoch: [2], Info: [{'loss': 0.00031338351883555734, 'mae': 0.4170015924473023, 'mse': 0.39460391109324927, 'click_loss': 31.74964348097826, 'CV': '0.00060', 'CV_turn': '0.00381', 'ctr': 2.4845566475693612, 'len_tra': 2.625, 'R_tra': 6.5219611998695735, 'ifeat_feat': 0.0, 'NX_0_click_loss': 32.67465424360818, 'NX_0_CV': '0.00240', 'NX_0_CV_turn': '0.00500', 'NX_0_ctr': 2.3246659296947785, 'NX_0_len_tra': 8.0, 'NX_0_R_tra': 18.597327437558228, 'NX_0_ifeat_feat': 0.375, 'NX_10_click_loss': 32.99835514750868, 'NX_10_CV': '0.00301', 'NX_10_CV_turn': '0.00500', 'NX_10_ctr': 2.35837568107038, 'NX_10_len_tra': 10.0, 'NX_10_R_tra': 23.583756810703804, 'NX_10_ifeat_feat': 0.4}]
[I 221224 13:58:15 utils:48] Epoch: [3], Info: [{'loss': 0.00031338802308479016, 'mae': 0.41431420665866014, 'mse': 0.3951776144937024, 'click_loss': 32.96607658322509, 'CV': '0.00060', 'CV_turn': '0.00360', 'ctr': 2.4759378672477714, 'len_tra': 2.78, 'R_tra': 6.883107270948805, 'ifeat_feat': 0.0, 'NX_0_click_loss': 34.000168014591644, 'NX_0_CV': '0.00240', 'NX_0_CV_turn': '0.00500', 'NX_0_ctr': 2.3883363471683428, 'NX_0_len_tra': 8.0, 'NX_0_R_tra': 19.106690777346742, 'NX_0_ifeat_feat': 0.375, 'NX_10_click_loss': 34.34401007092636, 'NX_10_CV': '0.00301', 'NX_10_CV_turn': '0.00500', 'NX_10_ctr': 2.430976826793362, 'NX_10_len_tra': 10.0, 'NX_10_R_tra': 24.30976826793362, 'NX_10_ifeat_feat': 0.4}]
[I 221224 14:00:29 utils:48] Epoch: [4], Info: [{'loss': 0.0003133862182266822, 'mae': 0.41732488688060176, 'mse': 0.39489415469213196, 'click_loss': 30.410793404472383, 'CV': '0.00060', 'CV_turn': '0.00499', 'ctr': 2.499513221940757, 'len_tra': 2.005, 'R_tra': 5.011524009991218, 'ifeat_feat': 0.0, 'NX_0_click_loss': 31.37256275899448, 'NX_0_CV': '0.00240', 'NX_0_CV_turn': '0.00500', 'NX_0_ctr': 2.4319137871984284, 'NX_0_len_tra': 8.0, 'NX_0_R_tra': 19.455310297587427, 'NX_0_ifeat_feat': 0.375, 'NX_10_click_loss': 31.650370645968785, 'NX_10_CV': '0.00301', 'NX_10_CV_turn': '0.00500', 'NX_10_ctr': 2.432540676562663, 'NX_10_len_tra': 10.0, 'NX_10_R_tra': 24.32540676562663, 'NX_10_ifeat_feat': 0.4}]
[I 221224 14:02:43 utils:48] Epoch: [5], Info: [{'loss': 0.0003133797094708947, 'mae': 0.41463520091416334, 'mse': 0.3951117447894832, 'click_loss': 33.04973957669361, 'CV': '0.00030', 'CV_turn': '0.00250', 'ctr': 2.5940935767851294, 'len_tra': 2.0, 'R_tra': 5.188187153570259, 'ifeat_feat': 0.0, 'NX_0_click_loss': 34.03574701492009, 'NX_0_CV': '0.00240', 'NX_0_CV_turn': '0.00500', 'NX_0_ctr': 2.474413982073649, 'NX_0_len_tra': 8.0, 'NX_0_R_tra': 19.79531185658919, 'NX_0_ifeat_feat': 0.375, 'NX_10_click_loss': 34.25135479750082, 'NX_10_CV': '0.00301', 'NX_10_CV_turn': '0.00500', 'NX_10_ctr': 2.3900815650407714, 'NX_10_len_tra': 10.0, 'NX_10_R_tra': 23.90081565040771, 'NX_10_ifeat_feat': 0.4}]
[I 221224 14:04:55 utils:48] Epoch: [6], Info: [{'loss': 0.0003133877072599504, 'mae': 0.41562578223544044, 'mse': 0.3949544959145996, 'click_loss': 34.11797826013855, 'CV': '0.00030', 'CV_turn': '0.00250', 'ctr': 2.554757091620474, 'len_tra': 2.0, 'R_tra': 5.109514183240948, 'ifeat_feat': 0.0, 'NX_0_click_loss': 35.15686628176378, 'NX_0_CV': '0.00240', 'NX_0_CV_turn': '0.00500', 'NX_0_ctr': 2.4604201646010972, 'NX_0_len_tra': 8.0, 'NX_0_R_tra': 19.683361316808778, 'NX_0_ifeat_feat': 0.375, 'NX_10_click_loss': 35.386158041886304, 'NX_10_CV': '0.00301', 'NX_10_CV_turn': '0.00500', 'NX_10_ctr': 2.3784327210702125, 'NX_10_len_tra': 10.0, 'NX_10_R_tra': 23.784327210702127, 'NX_10_ifeat_feat': 0.4}]
[I 221224 14:07:08 utils:48] Epoch: [7], Info: [{'loss': 0.0003133768638722739, 'mae': 0.41791318943878175, 'mse': 0.3943487172317907, 'click_loss': 31.060703752553167, 'CV': '0.00030', 'CV_turn': '0.00250', 'ctr': 2.6558933811542214, 'len_tra': 2.0, 'R_tra': 5.311786762308443, 'ifeat_feat': 0.0, 'NX_0_click_loss': 31.818551360565106, 'NX_0_CV': '0.00240', 'NX_0_CV_turn': '0.00500', 'NX_0_ctr': 2.38986432452768, 'NX_0_len_tra': 8.0, 'NX_0_R_tra': 19.11891459622144, 'NX_0_ifeat_feat': 0.375, 'NX_10_click_loss': 32.13459570810629, 'NX_10_CV': '0.00331', 'NX_10_CV_turn': '0.00550', 'NX_10_ctr': 2.426646563742908, 'NX_10_len_tra': 10.0, 'NX_10_R_tra': 24.266465637429082, 'NX_10_ifeat_feat': 0.3995}]
[I 221224 14:09:23 utils:48] Epoch: [8], Info: [{'loss': 0.00031338394164694453, 'mae': 0.4188139451201977, 'mse': 0.39480736632334684, 'click_loss': 30.427505529249547, 'CV': '0.00060', 'CV_turn': '0.00419', 'ctr': 2.4968922574043395, 'len_tra': 2.385, 'R_tra': 5.95508803390935, 'ifeat_feat': 0.0, 'NX_0_click_loss': 31.43471490565449, 'NX_0_CV': '0.00240', 'NX_0_CV_turn': '0.00500', 'NX_0_ctr': 2.4941959601989243, 'NX_0_len_tra': 8.0, 'NX_0_R_tra': 19.953567681591394, 'NX_0_ifeat_feat': 0.375, 'NX_10_click_loss': 31.568392876958487, 'NX_10_CV': '0.00301', 'NX_10_CV_turn': '0.00500', 'NX_10_ctr': 2.3533499377723697, 'NX_10_len_tra': 10.0, 'NX_10_R_tra': 23.533499377723697, 'NX_10_ifeat_feat': 0.4}]
[I 221224 14:11:33 utils:48] Epoch: [9], Info: [{'loss': 0.0003133818386848923, 'mae': 0.4169211162766215, 'mse': 0.3947318462725451, 'click_loss': 32.61046201571296, 'CV': '0.00030', 'CV_turn': '0.00250', 'ctr': 2.5258917508966423, 'len_tra': 2.0, 'R_tra': 5.051783501793285, 'ifeat_feat': 0.0, 'NX_0_click_loss': 33.54177693635418, 'NX_0_CV': '0.00240', 'NX_0_CV_turn': '0.00500', 'NX_0_ctr': 2.376089226307399, 'NX_0_len_tra': 8.0, 'NX_0_R_tra': 19.00871381045919, 'NX_0_ifeat_feat': 0.375, 'NX_10_click_loss': 33.77873435620345, 'NX_10_CV': '0.00301', 'NX_10_CV_turn': '0.00500', 'NX_10_ctr': 2.3162686016944907, 'NX_10_len_tra': 10.0, 'NX_10_R_tra': 23.162686016944907, 'NX_10_ifeat_feat': 0.4}]
[I 221224 14:11:33 CIRS-UserModel-kuaishou:230] {}
