[I 221224 07:05:49 CIRS-UserModel-kuaishou:170] {
      "resume": false,
      "env": "KuaishouEnv-v0",
      "is_softmax": false,
      "l2_reg_dnn": 0.1,
      "lambda_ab": 10,
      "epsilon": 0,
      "is_ucb": true,
      "num_trajectory": 200,
      "force_length": 10,
      "top_rate": 0.6,
      "feature_dim": 16,
      "entity_dim": 16,
      "user_model_name": "DeepFM",
      "dnn": [
        64,
        64
      ],
      "batch_size": 2048,
      "epoch": 10,
      "cuda": 6,
      "leave_threshold": 0.0,
      "num_leave_compute": 3,
      "tau": 0.0,
      "is_ab": false,
      "message": "UCB-leave3"
    }
[I 221224 07:06:56 utils:48] Epoch: [-1], Info: [{'mae': 0.8658588094033238, 'mse': 1.1853112927361438, 'click_loss': 2.725835964033421, 'CV': '0.25398', 'CV_turn': '1.00000', 'ctr': 1.3407070390952722, 'len_tra': 4.225, 'R_tra': 5.664487240177525, 'ifeat_feat': 0.6816568047337278, 'NX_0_click_loss': 2.637302482856749, 'NX_0_CV': '0.06102', 'NX_0_CV_turn': '0.26364', 'NX_0_ctr': 2.113316239770106, 'NX_0_len_tra': 3.85, 'NX_0_R_tra': 8.13626752311491, 'NX_0_ifeat_feat': 0.16103896103896104, 'NX_10_click_loss': 2.4614181845533305, 'NX_10_CV': '0.06282', 'NX_10_CV_turn': '0.10450', 'NX_10_ctr': 2.2419413717758228, 'NX_10_len_tra': 10.0, 'NX_10_R_tra': 22.41941371775823, 'NX_10_ifeat_feat': 0.367}]
[I 221224 07:09:33 utils:48] Epoch: [0], Info: [{'loss': 0.0003192951612493762, 'mae': 0.41854912098313113, 'mse': 0.3949451840935824, 'click_loss': 30.591188991509068, 'CV': '0.00120', 'CV_turn': '0.00533', 'ctr': 2.4620833257966943, 'len_tra': 3.755, 'R_tra': 9.245122888366588, 'ifeat_feat': 0.0013315579227696406, 'NX_0_click_loss': 31.6754594354974, 'NX_0_CV': '0.00240', 'NX_0_CV_turn': '0.00505', 'NX_0_ctr': 2.4332455334601644, 'NX_0_len_tra': 7.925, 'NX_0_R_tra': 19.283470852671805, 'NX_0_ifeat_feat': 0.3722397476340694, 'NX_10_click_loss': 31.931952998125634, 'NX_10_CV': '0.00301', 'NX_10_CV_turn': '0.00500', 'NX_10_ctr': 2.3977916822075844, 'NX_10_len_tra': 10.0, 'NX_10_R_tra': 23.977916822075844, 'NX_10_ifeat_feat': 0.4}]
[I 221224 07:12:10 utils:48] Epoch: [1], Info: [{'loss': 0.0003133450622494838, 'mae': 0.4149147207805408, 'mse': 0.3947205408908689, 'click_loss': 31.262175720498586, 'CV': '0.00060', 'CV_turn': '0.00330', 'ctr': 2.4387389016045415, 'len_tra': 3.03, 'R_tra': 7.389378871861761, 'ifeat_feat': 0.0, 'NX_0_click_loss': 32.26890704718363, 'NX_0_CV': '0.00240', 'NX_0_CV_turn': '0.00501', 'NX_0_ctr': 2.358786221078714, 'NX_0_len_tra': 7.985, 'NX_0_R_tra': 18.834907975313527, 'NX_0_ifeat_feat': 0.3744520976831559, 'NX_10_click_loss': 32.56764252711768, 'NX_10_CV': '0.00301', 'NX_10_CV_turn': '0.00500', 'NX_10_ctr': 2.369166952624271, 'NX_10_len_tra': 10.0, 'NX_10_R_tra': 23.69166952624271, 'NX_10_ifeat_feat': 0.4}]
[I 221224 07:14:46 utils:48] Epoch: [2], Info: [{'loss': 0.00031338351883555734, 'mae': 0.4170015924473023, 'mse': 0.39460391109324927, 'click_loss': 31.725165958865453, 'CV': '0.00060', 'CV_turn': '0.00319', 'ctr': 2.456025754944679, 'len_tra': 3.13, 'R_tra': 7.687360612976846, 'ifeat_feat': 0.0, 'NX_0_click_loss': 32.76825863808515, 'NX_0_CV': '0.00240', 'NX_0_CV_turn': '0.00503', 'NX_0_ctr': 2.424033069295794, 'NX_0_len_tra': 7.955, 'NX_0_R_tra': 19.283183066248043, 'NX_0_ifeat_feat': 0.37335009428032684, 'NX_10_click_loss': 32.9479660058892, 'NX_10_CV': '0.00301', 'NX_10_CV_turn': '0.00500', 'NX_10_ctr': 2.307648690787596, 'NX_10_len_tra': 10.0, 'NX_10_R_tra': 23.07648690787596, 'NX_10_ifeat_feat': 0.4}]
[I 221224 07:17:22 utils:48] Epoch: [3], Info: [{'loss': 0.00031338802308479016, 'mae': 0.41431420665866014, 'mse': 0.3951776144937024, 'click_loss': 33.177778356819594, 'CV': '0.00060', 'CV_turn': '0.00269', 'ctr': 2.683925046716518, 'len_tra': 3.72, 'R_tra': 9.984201173785447, 'ifeat_feat': 0.0, 'NX_0_click_loss': 34.1256332953942, 'NX_0_CV': '0.00240', 'NX_0_CV_turn': '0.00500', 'NX_0_ctr': 2.5133964522850585, 'NX_0_len_tra': 8.0, 'NX_0_R_tra': 20.107171618280468, 'NX_0_ifeat_feat': 0.375, 'NX_10_click_loss': 34.29625285807891, 'NX_10_CV': '0.00301', 'NX_10_CV_turn': '0.00500', 'NX_10_ctr': 2.3828405980233818, 'NX_10_len_tra': 10.0, 'NX_10_R_tra': 23.82840598023382, 'NX_10_ifeat_feat': 0.4}]
[I 221224 07:19:57 utils:48] Epoch: [4], Info: [{'loss': 0.0003133862182266822, 'mae': 0.41732488688060176, 'mse': 0.39489415469213196, 'click_loss': 30.442030579240814, 'CV': '0.00060', 'CV_turn': '0.00499', 'ctr': 2.5277684497592015, 'len_tra': 2.005, 'R_tra': 5.068175741767199, 'ifeat_feat': 0.0, 'NX_0_click_loss': 30.81927043309606, 'NX_0_CV': '0.00150', 'NX_0_CV_turn': '0.00500', 'NX_0_ctr': 2.5115687958280275, 'NX_0_len_tra': 5.0, 'NX_0_R_tra': 12.557843979140136, 'NX_0_ifeat_feat': 0.2, 'NX_10_click_loss': 31.636693133988075, 'NX_10_CV': '0.00301', 'NX_10_CV_turn': '0.00500', 'NX_10_ctr': 2.4186921393057523, 'NX_10_len_tra': 10.0, 'NX_10_R_tra': 24.186921393057524, 'NX_10_ifeat_feat': 0.4}]
[I 221224 07:22:32 utils:48] Epoch: [5], Info: [{'loss': 0.0003133797094708947, 'mae': 0.41463520091416334, 'mse': 0.3951117447894832, 'click_loss': 33.16970707900678, 'CV': '0.00030', 'CV_turn': '0.00250', 'ctr': 2.711227583958265, 'len_tra': 2.0, 'R_tra': 5.42245516791653, 'ifeat_feat': 0.0, 'NX_0_click_loss': 33.96770785779738, 'NX_0_CV': '0.00240', 'NX_0_CV_turn': '0.00500', 'NX_0_ctr': 2.406087854812398, 'NX_0_len_tra': 8.0, 'NX_0_R_tra': 19.248702838499185, 'NX_0_ifeat_feat': 0.375, 'NX_10_click_loss': 34.24103447691053, 'NX_10_CV': '0.00301', 'NX_10_CV_turn': '0.00500', 'NX_10_ctr': 2.379569769535942, 'NX_10_len_tra': 10.0, 'NX_10_R_tra': 23.795697695359422, 'NX_10_ifeat_feat': 0.4}]
[I 221224 07:25:09 utils:48] Epoch: [6], Info: [{'loss': 0.0003133877072599504, 'mae': 0.41562578223544044, 'mse': 0.3949544959145996, 'click_loss': 34.03147193990006, 'CV': '0.00030', 'CV_turn': '0.00250', 'ctr': 2.4661069448972954, 'len_tra': 2.0, 'R_tra': 4.932213889794591, 'ifeat_feat': 0.0, 'NX_0_click_loss': 35.05725047960559, 'NX_0_CV': '0.00240', 'NX_0_CV_turn': '0.00500', 'NX_0_ctr': 2.3604763235120094, 'NX_0_len_tra': 8.0, 'NX_0_R_tra': 18.883810588096075, 'NX_0_ifeat_feat': 0.375, 'NX_10_click_loss': 35.41938573903769, 'NX_10_CV': '0.00301', 'NX_10_CV_turn': '0.00500', 'NX_10_ctr': 2.4115068728421654, 'NX_10_len_tra': 10.0, 'NX_10_R_tra': 24.11506872842165, 'NX_10_ifeat_feat': 0.4}]
[I 221224 07:27:44 utils:48] Epoch: [7], Info: [{'loss': 0.0003133768638722739, 'mae': 0.41791318943878175, 'mse': 0.3943487172317907, 'click_loss': 30.956216170409224, 'CV': '0.00030', 'CV_turn': '0.00250', 'ctr': 2.5497570916204757, 'len_tra': 2.0, 'R_tra': 5.099514183240951, 'ifeat_feat': 0.0, 'NX_0_click_loss': 31.26925361755805, 'NX_0_CV': '0.00150', 'NX_0_CV_turn': '0.00500', 'NX_0_ctr': 2.480176739963997, 'NX_0_len_tra': 5.0, 'NX_0_R_tra': 12.400883699819985, 'NX_0_ifeat_feat': 0.2, 'NX_10_click_loss': 32.100477442227294, 'NX_10_CV': '0.00331', 'NX_10_CV_turn': '0.00550', 'NX_10_ctr': 2.3923394369706754, 'NX_10_len_tra': 10.0, 'NX_10_R_tra': 23.923394369706752, 'NX_10_ifeat_feat': 0.3995}]
[I 221224 07:30:19 utils:48] Epoch: [8], Info: [{'loss': 0.00031338394164694453, 'mae': 0.4188139451201977, 'mse': 0.39480736632334684, 'click_loss': 30.42253366712993, 'CV': '0.00060', 'CV_turn': '0.00396', 'ctr': 2.490476390319172, 'len_tra': 2.525, 'R_tra': 6.288452885555909, 'ifeat_feat': 0.0, 'NX_0_click_loss': 31.350211922235395, 'NX_0_CV': '0.00240', 'NX_0_CV_turn': '0.00500', 'NX_0_ctr': 2.4095006540488733, 'NX_0_len_tra': 8.0, 'NX_0_R_tra': 19.276005232390986, 'NX_0_ifeat_feat': 0.375, 'NX_10_click_loss': 31.59009019486888, 'NX_10_CV': '0.00301', 'NX_10_CV_turn': '0.00500', 'NX_10_ctr': 2.3748944083927666, 'NX_10_len_tra': 10.0, 'NX_10_R_tra': 23.748944083927668, 'NX_10_ifeat_feat': 0.4}]
[I 221224 07:32:56 utils:48] Epoch: [9], Info: [{'loss': 0.0003133818386848923, 'mae': 0.4169211162766215, 'mse': 0.3947318462725451, 'click_loss': 32.51548529265018, 'CV': '0.00030', 'CV_turn': '0.00250', 'ctr': 2.4296413433322464, 'len_tra': 2.0, 'R_tra': 4.859282686664493, 'ifeat_feat': 0.0, 'NX_0_click_loss': 33.56239517751104, 'NX_0_CV': '0.00240', 'NX_0_CV_turn': '0.00500', 'NX_0_ctr': 2.396449319747751, 'NX_0_len_tra': 8.0, 'NX_0_R_tra': 19.171594557982008, 'NX_0_ifeat_feat': 0.375, 'NX_10_click_loss': 33.81538188284468, 'NX_10_CV': '0.00301', 'NX_10_CV_turn': '0.00500', 'NX_10_ctr': 2.3528350498063957, 'NX_10_len_tra': 10.0, 'NX_10_R_tra': 23.528350498063954, 'NX_10_ifeat_feat': 0.4}]
[I 221224 07:32:56 CIRS-UserModel-kuaishou:230] {}
