[I 221216 15:14:14 MLP-epsilonGreedy-taobao:97] {
      "resume": false,
      "env": "VirtualTB-v0",
      "feature_dim": 4,
      "model_name": "MLP-RL-epsilon",
      "dnn": [
        256,
        256
      ],
      "batch_size": 100,
      "epoch": 100,
      "cuda": 0,
      "epsilon": 0.1,
      "leave_threshold": 3.0,
      "num_leave_compute": 5,
      "max_turn": 50,
      "message": "T_epsilon-greedy"
    }
[I 221216 15:18:10 utils:38] Epoch: [0], Info: [{'loss': 0.5302576083946228, 'ctr': 3.5238095238095237, 'RL_val_click_loss': 2.4990269164247105, 'len_tra': 2.1, 'R_tra': 7.4}]
[I 221216 15:20:19 utils:38] Epoch: [1], Info: [{'loss': 0.11371295843601227, 'ctr': 4.090909090909091, 'RL_val_click_loss': 2.4768167285328846, 'len_tra': 2.09, 'R_tra': 8.55}]
[I 221216 15:22:11 utils:38] Epoch: [2], Info: [{'loss': 0.023565788074731826, 'ctr': 4.089622641509434, 'RL_val_click_loss': 2.539003554520742, 'len_tra': 2.12, 'R_tra': 8.67}]
[I 221216 15:24:00 utils:38] Epoch: [3], Info: [{'loss': 0.005911426286697388, 'ctr': 3.7255813953488373, 'RL_val_click_loss': 2.3591643283533497, 'len_tra': 2.15, 'R_tra': 8.01}]
[I 221216 15:25:52 utils:38] Epoch: [4], Info: [{'loss': 0.002977484503425658, 'ctr': 3.706161137440758, 'RL_val_click_loss': 2.25552850954623, 'len_tra': 2.11, 'R_tra': 7.82}]
[I 221216 15:28:27 utils:38] Epoch: [5], Info: [{'loss': 0.0025770204398594797, 'ctr': 3.807511737089202, 'RL_val_click_loss': 2.350929971522009, 'len_tra': 2.13, 'R_tra': 8.11}]
[I 221216 15:31:34 utils:38] Epoch: [6], Info: [{'loss': 0.002541494153402746, 'ctr': 3.8254716981132075, 'RL_val_click_loss': 2.258115341122491, 'len_tra': 2.12, 'R_tra': 8.11}]
[I 221216 15:34:36 utils:38] Epoch: [7], Info: [{'loss': 0.002540535769723356, 'ctr': 3.702439024390244, 'RL_val_click_loss': 2.333497238690715, 'len_tra': 2.05, 'R_tra': 7.59}]
[I 221216 15:37:38 utils:38] Epoch: [8], Info: [{'loss': 0.0025404784773662686, 'ctr': 3.885321100917431, 'RL_val_click_loss': 2.5811412346574967, 'len_tra': 2.18, 'R_tra': 8.47}]
[I 221216 15:40:36 utils:38] Epoch: [9], Info: [{'loss': 0.002539954841732979, 'ctr': 4.019323671497585, 'RL_val_click_loss': 2.269009179305195, 'len_tra': 2.07, 'R_tra': 8.32}]
[I 221216 15:43:41 utils:38] Epoch: [10], Info: [{'loss': 0.00254033525519073, 'ctr': 4.145631067961165, 'RL_val_click_loss': 2.3376392236666628, 'len_tra': 2.06, 'R_tra': 8.54}]
[I 221216 15:46:45 utils:38] Epoch: [11], Info: [{'loss': 0.002540669004172087, 'ctr': 4.07177033492823, 'RL_val_click_loss': 2.4361481115168506, 'len_tra': 2.09, 'R_tra': 8.51}]
[I 221216 15:49:48 utils:38] Epoch: [12], Info: [{'loss': 0.0025399797722324728, 'ctr': 3.808411214953271, 'RL_val_click_loss': 2.2903341302978935, 'len_tra': 2.14, 'R_tra': 8.15}]
[I 221216 15:52:53 utils:38] Epoch: [13], Info: [{'loss': 0.0025407104397565127, 'ctr': 3.8380952380952382, 'RL_val_click_loss': 2.376246333477043, 'len_tra': 2.1, 'R_tra': 8.06}]
[I 221216 15:56:02 utils:38] Epoch: [14], Info: [{'loss': 0.0025398284449242056, 'ctr': 3.784037558685446, 'RL_val_click_loss': 2.528879481157891, 'len_tra': 2.13, 'R_tra': 8.06}]
[I 221216 15:59:16 utils:38] Epoch: [15], Info: [{'loss': 0.0025403366962820292, 'ctr': 3.9380952380952383, 'RL_val_click_loss': 2.4762765878545387, 'len_tra': 2.1, 'R_tra': 8.27}]
[I 221216 16:02:18 utils:38] Epoch: [16], Info: [{'loss': 0.002539847676139325, 'ctr': 3.92018779342723, 'RL_val_click_loss': 2.5633564868530896, 'len_tra': 2.13, 'R_tra': 8.35}]
[I 221216 16:05:22 utils:38] Epoch: [17], Info: [{'loss': 0.0025407520899921655, 'ctr': 3.880952380952381, 'RL_val_click_loss': 2.5555652867559164, 'len_tra': 2.1, 'R_tra': 8.15}]
[I 221216 16:08:26 utils:38] Epoch: [18], Info: [{'loss': 0.0025407943107932807, 'ctr': 3.995260663507109, 'RL_val_click_loss': 2.489918896235455, 'len_tra': 2.11, 'R_tra': 8.43}]
[I 221216 16:11:30 utils:38] Epoch: [19], Info: [{'loss': 0.002540401629526168, 'ctr': 3.7746478873239435, 'RL_val_click_loss': 2.350994595991089, 'len_tra': 2.13, 'R_tra': 8.04}]
[I 221216 16:14:31 utils:38] Epoch: [20], Info: [{'loss': 0.00254011193998158, 'ctr': 4.004739336492891, 'RL_val_click_loss': 2.3778508142457824, 'len_tra': 2.11, 'R_tra': 8.45}]
[I 221216 16:17:33 utils:38] Epoch: [21], Info: [{'loss': 0.002540318654589355, 'ctr': 3.883495145631068, 'RL_val_click_loss': 2.3870287851963954, 'len_tra': 2.06, 'R_tra': 8.0}]
[I 221216 16:20:38 utils:38] Epoch: [22], Info: [{'loss': 0.002540275467559695, 'ctr': 3.7799043062200957, 'RL_val_click_loss': 2.251283456277298, 'len_tra': 2.09, 'R_tra': 7.9}]
[I 221216 16:23:44 utils:38] Epoch: [23], Info: [{'loss': 0.0025399517149478196, 'ctr': 3.894230769230769, 'RL_val_click_loss': 2.261496657116088, 'len_tra': 2.08, 'R_tra': 8.1}]
[I 221216 16:26:52 utils:38] Epoch: [24], Info: [{'loss': 0.002539899721611291, 'ctr': 3.6208530805687205, 'RL_val_click_loss': 2.316444586801356, 'len_tra': 2.11, 'R_tra': 7.64}]
[I 221216 16:29:55 utils:38] Epoch: [25], Info: [{'loss': 0.002540153304859996, 'ctr': 3.8341232227488153, 'RL_val_click_loss': 2.3055255888824426, 'len_tra': 2.11, 'R_tra': 8.09}]
[I 221216 16:33:02 utils:38] Epoch: [26], Info: [{'loss': 0.0025406145900674164, 'ctr': 3.9345794392523366, 'RL_val_click_loss': 2.4039290775044466, 'len_tra': 2.14, 'R_tra': 8.42}]
[I 221216 16:36:09 utils:38] Epoch: [27], Info: [{'loss': 0.0025404390139505267, 'ctr': 3.942857142857143, 'RL_val_click_loss': 2.338796746670934, 'len_tra': 2.1, 'R_tra': 8.28}]
[I 221216 16:39:14 utils:38] Epoch: [28], Info: [{'loss': 0.0025404266989789903, 'ctr': 3.6055045871559632, 'RL_val_click_loss': 2.3953523101720857, 'len_tra': 2.18, 'R_tra': 7.86}]
[I 221216 16:42:21 utils:38] Epoch: [29], Info: [{'loss': 0.0025398886174336074, 'ctr': 3.819512195121951, 'RL_val_click_loss': 2.24580493458524, 'len_tra': 2.05, 'R_tra': 7.83}]
[I 221216 16:45:27 utils:38] Epoch: [30], Info: [{'loss': 0.00254060325069353, 'ctr': 3.688679245283019, 'RL_val_click_loss': 2.341928952496569, 'len_tra': 2.12, 'R_tra': 7.82}]
[I 221216 16:48:32 utils:38] Epoch: [31], Info: [{'loss': 0.0025406346461549403, 'ctr': 3.6901408450704225, 'RL_val_click_loss': 2.374780441063758, 'len_tra': 2.13, 'R_tra': 7.86}]
[I 221216 16:51:34 utils:38] Epoch: [32], Info: [{'loss': 0.0025402911099791526, 'ctr': 3.915492957746479, 'RL_val_click_loss': 2.257161813429579, 'len_tra': 2.13, 'R_tra': 8.34}]
[I 221216 16:54:41 utils:38] Epoch: [33], Info: [{'loss': 0.002539756786413491, 'ctr': 4.009345794392523, 'RL_val_click_loss': 2.4413300815308205, 'len_tra': 2.14, 'R_tra': 8.58}]
[I 221216 16:57:45 utils:38] Epoch: [34], Info: [{'loss': 0.00253991733873263, 'ctr': 3.9759615384615383, 'RL_val_click_loss': 2.3559923400708405, 'len_tra': 2.08, 'R_tra': 8.27}]
[I 221216 17:00:48 utils:38] Epoch: [35], Info: [{'loss': 0.002540738559458405, 'ctr': 3.6273584905660377, 'RL_val_click_loss': 2.3299655464284545, 'len_tra': 2.12, 'R_tra': 7.69}]
[I 221216 17:03:51 utils:38] Epoch: [36], Info: [{'loss': 0.0025399273226037623, 'ctr': 4.157894736842105, 'RL_val_click_loss': 2.5181975583211655, 'len_tra': 2.09, 'R_tra': 8.69}]
[I 221216 17:06:56 utils:38] Epoch: [37], Info: [{'loss': 0.0025405514751002194, 'ctr': 3.831818181818182, 'RL_val_click_loss': 2.5380467942831193, 'len_tra': 2.2, 'R_tra': 8.43}]
[I 221216 17:09:58 utils:38] Epoch: [38], Info: [{'loss': 0.002540772182457149, 'ctr': 3.7663551401869158, 'RL_val_click_loss': 2.4216621752423624, 'len_tra': 2.14, 'R_tra': 8.06}]
[I 221216 17:13:02 utils:38] Epoch: [39], Info: [{'loss': 0.0025396795224398375, 'ctr': 4.018957345971564, 'RL_val_click_loss': 2.38337901790772, 'len_tra': 2.11, 'R_tra': 8.48}]
[I 221216 17:16:08 utils:38] Epoch: [40], Info: [{'loss': 0.002539846016019583, 'ctr': 3.94811320754717, 'RL_val_click_loss': 2.3142682100593484, 'len_tra': 2.12, 'R_tra': 8.37}]
[I 221216 17:19:12 utils:38] Epoch: [41], Info: [{'loss': 0.0025403043639473616, 'ctr': 3.7830188679245285, 'RL_val_click_loss': 2.360569229529608, 'len_tra': 2.12, 'R_tra': 8.02}]
[I 221216 17:22:21 utils:38] Epoch: [42], Info: [{'loss': 0.0025402886855043472, 'ctr': 3.676190476190476, 'RL_val_click_loss': 2.305421253903547, 'len_tra': 2.1, 'R_tra': 7.72}]
[I 221216 17:25:27 utils:38] Epoch: [43], Info: [{'loss': 0.0025401906219869852, 'ctr': 3.530232558139535, 'RL_val_click_loss': 2.5584490241482856, 'len_tra': 2.15, 'R_tra': 7.59}]
[I 221216 17:28:34 utils:38] Epoch: [44], Info: [{'loss': 0.0025403981424123047, 'ctr': 3.7677725118483414, 'RL_val_click_loss': 2.269203295776735, 'len_tra': 2.11, 'R_tra': 7.95}]
[I 221216 17:31:41 utils:38] Epoch: [45], Info: [{'loss': 0.0025401581148430706, 'ctr': 3.980769230769231, 'RL_val_click_loss': 2.4533428505349617, 'len_tra': 2.08, 'R_tra': 8.28}]
[I 221216 17:34:47 utils:38] Epoch: [46], Info: [{'loss': 0.002540767544750124, 'ctr': 3.8215962441314555, 'RL_val_click_loss': 2.3634552606053547, 'len_tra': 2.13, 'R_tra': 8.14}]
[I 221216 17:37:53 utils:38] Epoch: [47], Info: [{'loss': 0.0025402875850349667, 'ctr': 3.51131221719457, 'RL_val_click_loss': 2.4400587870140993, 'len_tra': 2.21, 'R_tra': 7.76}]
[I 221216 17:40:59 utils:38] Epoch: [48], Info: [{'loss': 0.002539845565073192, 'ctr': 3.8028169014084505, 'RL_val_click_loss': 2.5280247813248087, 'len_tra': 2.13, 'R_tra': 8.1}]
[I 221216 17:44:08 utils:38] Epoch: [49], Info: [{'loss': 0.002540473943017423, 'ctr': 3.585253456221198, 'RL_val_click_loss': 2.4253553994909822, 'len_tra': 2.17, 'R_tra': 7.78}]
[I 221216 17:47:12 utils:38] Epoch: [50], Info: [{'loss': 0.002540169680044055, 'ctr': 4.08133971291866, 'RL_val_click_loss': 2.422656962541088, 'len_tra': 2.09, 'R_tra': 8.53}]
[I 221216 17:50:21 utils:38] Epoch: [51], Info: [{'loss': 0.0025396966914832592, 'ctr': 3.9212962962962963, 'RL_val_click_loss': 2.4772052698665195, 'len_tra': 2.16, 'R_tra': 8.47}]
[I 221216 17:53:25 utils:38] Epoch: [52], Info: [{'loss': 0.002539966783411801, 'ctr': 3.704761904761905, 'RL_val_click_loss': 2.309807595929929, 'len_tra': 2.1, 'R_tra': 7.78}]
[I 221216 17:56:30 utils:38] Epoch: [53], Info: [{'loss': 0.002540303877033293, 'ctr': 3.6948356807511735, 'RL_val_click_loss': 2.2830417963453162, 'len_tra': 2.13, 'R_tra': 7.87}]
[I 221216 17:59:39 utils:38] Epoch: [54], Info: [{'loss': 0.00254094232019037, 'ctr': 3.8425925925925926, 'RL_val_click_loss': 2.3516713469375476, 'len_tra': 2.16, 'R_tra': 8.3}]
[I 221216 18:02:43 utils:38] Epoch: [55], Info: [{'loss': 0.002540128590166569, 'ctr': 3.7788018433179724, 'RL_val_click_loss': 2.4346941705355376, 'len_tra': 2.17, 'R_tra': 8.2}]
[I 221216 18:05:47 utils:38] Epoch: [56], Info: [{'loss': 0.0025400960584916173, 'ctr': 3.735576923076923, 'RL_val_click_loss': 2.2842833053056473, 'len_tra': 2.08, 'R_tra': 7.77}]
[I 221216 18:08:54 utils:38] Epoch: [57], Info: [{'loss': 0.0025404937783256175, 'ctr': 3.6869158878504673, 'RL_val_click_loss': 2.1527821304511594, 'len_tra': 2.14, 'R_tra': 7.89}]
[I 221216 18:12:02 utils:38] Epoch: [58], Info: [{'loss': 0.002540503993369639, 'ctr': 3.677570093457944, 'RL_val_click_loss': 2.448444309770608, 'len_tra': 2.14, 'R_tra': 7.87}]
[I 221216 18:15:07 utils:38] Epoch: [59], Info: [{'loss': 0.0025403524142317475, 'ctr': 3.9425837320574164, 'RL_val_click_loss': 2.3295335848281007, 'len_tra': 2.09, 'R_tra': 8.24}]
[I 221216 18:18:17 utils:38] Epoch: [60], Info: [{'loss': 0.0025401514047384264, 'ctr': 3.976525821596244, 'RL_val_click_loss': 2.359628065388667, 'len_tra': 2.13, 'R_tra': 8.47}]
[I 221216 18:21:22 utils:38] Epoch: [61], Info: [{'loss': 0.002539896861705929, 'ctr': 3.598086124401914, 'RL_val_click_loss': 2.151085355434941, 'len_tra': 2.09, 'R_tra': 7.52}]
[I 221216 18:24:28 utils:38] Epoch: [62], Info: [{'loss': 0.002540076778717339, 'ctr': 3.7069767441860466, 'RL_val_click_loss': 2.4794363417576046, 'len_tra': 2.15, 'R_tra': 7.97}]
[I 221216 18:27:33 utils:38] Epoch: [63], Info: [{'loss': 0.002540529255308211, 'ctr': 3.7581395348837208, 'RL_val_click_loss': 2.3293026076846344, 'len_tra': 2.15, 'R_tra': 8.08}]
[I 221216 18:30:36 utils:38] Epoch: [64], Info: [{'loss': 0.0025399430231563746, 'ctr': 3.7630331753554502, 'RL_val_click_loss': 2.2748201389960343, 'len_tra': 2.11, 'R_tra': 7.94}]
[I 221216 18:33:40 utils:38] Epoch: [65], Info: [{'loss': 0.002540798752605915, 'ctr': 3.9526066350710902, 'RL_val_click_loss': 2.3936817610053724, 'len_tra': 2.11, 'R_tra': 8.34}]
[I 221216 18:36:50 utils:38] Epoch: [66], Info: [{'loss': 0.0025398053830303254, 'ctr': 3.867298578199052, 'RL_val_click_loss': 2.3847725620555087, 'len_tra': 2.11, 'R_tra': 8.16}]
[I 221216 18:39:57 utils:38] Epoch: [67], Info: [{'loss': 0.0025397550551593305, 'ctr': 3.7358490566037736, 'RL_val_click_loss': 2.3780715962836765, 'len_tra': 2.12, 'R_tra': 7.92}]
[I 221216 18:43:04 utils:38] Epoch: [68], Info: [{'loss': 0.0025403984113782645, 'ctr': 3.80188679245283, 'RL_val_click_loss': 2.423571657784775, 'len_tra': 2.12, 'R_tra': 8.06}]
[I 221216 18:46:14 utils:38] Epoch: [69], Info: [{'loss': 0.0025407805056497455, 'ctr': 3.474418604651163, 'RL_val_click_loss': 2.2065568856808335, 'len_tra': 2.15, 'R_tra': 7.47}]
[I 221216 18:49:19 utils:38] Epoch: [70], Info: [{'loss': 0.0025404883225262167, 'ctr': 3.878504672897196, 'RL_val_click_loss': 2.4136861834901375, 'len_tra': 2.14, 'R_tra': 8.3}]
[I 221216 18:52:25 utils:38] Epoch: [71], Info: [{'loss': 0.002540027014836669, 'ctr': 4.1291866028708135, 'RL_val_click_loss': 2.4995227360821652, 'len_tra': 2.09, 'R_tra': 8.63}]
[I 221216 18:55:33 utils:38] Epoch: [72], Info: [{'loss': 0.0025403136000409724, 'ctr': 3.7289719626168223, 'RL_val_click_loss': 2.2106952227904486, 'len_tra': 2.14, 'R_tra': 7.98}]
[I 221216 18:58:36 utils:38] Epoch: [73], Info: [{'loss': 0.00254022490715608, 'ctr': 3.9523809523809526, 'RL_val_click_loss': 2.3208281103166795, 'len_tra': 2.1, 'R_tra': 8.3}]
[I 221216 19:01:41 utils:38] Epoch: [74], Info: [{'loss': 0.0025412980282865463, 'ctr': 3.784688995215311, 'RL_val_click_loss': 2.199636653350871, 'len_tra': 2.09, 'R_tra': 7.91}]
[I 221216 19:04:50 utils:38] Epoch: [75], Info: [{'loss': 0.0025402721952833235, 'ctr': 3.8067632850241546, 'RL_val_click_loss': 2.375550091100164, 'len_tra': 2.07, 'R_tra': 7.88}]
[I 221216 19:07:58 utils:38] Epoch: [76], Info: [{'loss': 0.0025402126998454334, 'ctr': 3.4739336492890995, 'RL_val_click_loss': 2.1655345960118546, 'len_tra': 2.11, 'R_tra': 7.33}]
[I 221216 19:11:03 utils:38] Epoch: [77], Info: [{'loss': 0.0025402493000030515, 'ctr': 3.730769230769231, 'RL_val_click_loss': 2.2422632007286527, 'len_tra': 2.08, 'R_tra': 7.76}]
[I 221216 19:14:14 utils:38] Epoch: [78], Info: [{'loss': 0.002540190756171942, 'ctr': 3.8461538461538463, 'RL_val_click_loss': 2.3335903274307315, 'len_tra': 2.08, 'R_tra': 8.0}]
[I 221216 19:17:22 utils:38] Epoch: [79], Info: [{'loss': 0.002540639511309564, 'ctr': 3.6555023923444976, 'RL_val_click_loss': 2.2638246102156074, 'len_tra': 2.09, 'R_tra': 7.64}]
[I 221216 19:20:34 utils:38] Epoch: [80], Info: [{'loss': 0.00253981586528942, 'ctr': 3.689814814814815, 'RL_val_click_loss': 2.3990344792966627, 'len_tra': 2.16, 'R_tra': 7.97}]
[I 221216 19:23:50 utils:38] Epoch: [81], Info: [{'loss': 0.002540226507522166, 'ctr': 3.6650943396226414, 'RL_val_click_loss': 2.338724529917598, 'len_tra': 2.12, 'R_tra': 7.77}]
[I 221216 19:27:05 utils:38] Epoch: [82], Info: [{'loss': 0.002539944379553199, 'ctr': 4.009433962264151, 'RL_val_click_loss': 2.3859493150727227, 'len_tra': 2.12, 'R_tra': 8.5}]
[I 221216 19:30:19 utils:38] Epoch: [83], Info: [{'loss': 0.0025402374991215764, 'ctr': 3.784037558685446, 'RL_val_click_loss': 2.5053327518773263, 'len_tra': 2.13, 'R_tra': 8.06}]
[I 221216 19:33:36 utils:38] Epoch: [84], Info: [{'loss': 0.002540202968660742, 'ctr': 3.7652582159624415, 'RL_val_click_loss': 2.288252959841154, 'len_tra': 2.13, 'R_tra': 8.02}]
[I 221216 19:36:48 utils:38] Epoch: [85], Info: [{'loss': 0.0025408031718432904, 'ctr': 3.6809523809523808, 'RL_val_click_loss': 2.2398954784941107, 'len_tra': 2.1, 'R_tra': 7.73}]
[I 221216 19:39:59 utils:38] Epoch: [86], Info: [{'loss': 0.0025401044826954605, 'ctr': 3.598086124401914, 'RL_val_click_loss': 2.1153209991485737, 'len_tra': 2.09, 'R_tra': 7.52}]
[I 221216 19:43:15 utils:38] Epoch: [87], Info: [{'loss': 0.0025400321799330414, 'ctr': 3.9018691588785046, 'RL_val_click_loss': 2.558271366676368, 'len_tra': 2.14, 'R_tra': 8.35}]
[I 221216 19:46:25 utils:38] Epoch: [88], Info: [{'loss': 0.002540633288323879, 'ctr': 3.748815165876777, 'RL_val_click_loss': 2.152339010998183, 'len_tra': 2.11, 'R_tra': 7.91}]
[I 221216 19:49:37 utils:38] Epoch: [89], Info: [{'loss': 0.0025406906235031783, 'ctr': 3.613953488372093, 'RL_val_click_loss': 2.2985410287456456, 'len_tra': 2.15, 'R_tra': 7.77}]
[I 221216 19:52:47 utils:38] Epoch: [90], Info: [{'loss': 0.0025408238310180606, 'ctr': 3.980769230769231, 'RL_val_click_loss': 2.4075794281088747, 'len_tra': 2.08, 'R_tra': 8.28}]
[I 221216 19:55:57 utils:38] Epoch: [91], Info: [{'loss': 0.002540193068794906, 'ctr': 3.798076923076923, 'RL_val_click_loss': 2.2860829847900628, 'len_tra': 2.08, 'R_tra': 7.9}]
[I 221216 19:59:08 utils:38] Epoch: [92], Info: [{'loss': 0.0025400274429284034, 'ctr': 3.8262910798122065, 'RL_val_click_loss': 2.3218612499543827, 'len_tra': 2.13, 'R_tra': 8.15}]
[I 221216 20:02:19 utils:38] Epoch: [93], Info: [{'loss': 0.0025402800811640917, 'ctr': 3.708133971291866, 'RL_val_click_loss': 2.2766361224964156, 'len_tra': 2.09, 'R_tra': 7.75}]
[I 221216 20:05:31 utils:38] Epoch: [94], Info: [{'loss': 0.002540810919255018, 'ctr': 3.55188679245283, 'RL_val_click_loss': 2.2494989979906745, 'len_tra': 2.12, 'R_tra': 7.53}]
[I 221216 20:08:41 utils:38] Epoch: [95], Info: [{'loss': 0.0025404499419406056, 'ctr': 3.5829383886255926, 'RL_val_click_loss': 2.129404339851079, 'len_tra': 2.11, 'R_tra': 7.56}]
[I 221216 20:11:52 utils:38] Epoch: [96], Info: [{'loss': 0.0025401643615961074, 'ctr': 3.3798076923076925, 'RL_val_click_loss': 1.9854661781484118, 'len_tra': 2.08, 'R_tra': 7.03}]
[I 221216 20:15:01 utils:38] Epoch: [97], Info: [{'loss': 0.0025406028173491357, 'ctr': 3.7799043062200957, 'RL_val_click_loss': 2.2952796278307526, 'len_tra': 2.09, 'R_tra': 7.9}]
[I 221216 20:18:07 utils:38] Epoch: [98], Info: [{'loss': 0.0025398849139362575, 'ctr': 3.8019323671497585, 'RL_val_click_loss': 2.368456846121069, 'len_tra': 2.07, 'R_tra': 7.87}]
[I 221216 20:20:24 utils:38] Epoch: [99], Info: [{'loss': 0.0025401539292559026, 'ctr': 3.8518518518518516, 'RL_val_click_loss': 2.472220612875255, 'len_tra': 2.16, 'R_tra': 8.32}]
[I 221216 20:20:24 MLP-epsilonGreedy-taobao:146] {'loss': [0.5302576083946228, 0.11371295843601227, 0.023565788074731826, 0.005911426286697388, 0.002977484503425658, 0.0025770204398594797, 0.002541494153402746, 0.002540535769723356, 0.0025404784773662686, 0.002539954841732979, 0.00254033525519073, 0.002540669004172087, 0.0025399797722324728, 0.0025407104397565127, 0.0025398284449242056, 0.0025403366962820292, 0.002539847676139325, 0.0025407520899921655, 0.0025407943107932807, 0.002540401629526168, 0.00254011193998158, 0.002540318654589355, 0.002540275467559695, 0.0025399517149478196, 0.002539899721611291, 0.002540153304859996, 0.0025406145900674164, 0.0025404390139505267, 0.0025404266989789903, 0.0025398886174336074, 0.00254060325069353, 0.0025406346461549403, 0.0025402911099791526, 0.002539756786413491, 0.00253991733873263, 0.002540738559458405, 0.0025399273226037623, 0.0025405514751002194, 0.002540772182457149, 0.0025396795224398375, 0.002539846016019583, 0.0025403043639473616, 0.0025402886855043472, 0.0025401906219869852, 0.0025403981424123047, 0.0025401581148430706, 0.002540767544750124, 0.0025402875850349667, 0.002539845565073192, 0.002540473943017423, 0.002540169680044055, 0.0025396966914832592, 0.002539966783411801, 0.002540303877033293, 0.00254094232019037, 0.002540128590166569, 0.0025400960584916173, 0.0025404937783256175, 0.002540503993369639, 0.0025403524142317475, 0.0025401514047384264, 0.002539896861705929, 0.002540076778717339, 0.002540529255308211, 0.0025399430231563746, 0.002540798752605915, 0.0025398053830303254, 0.0025397550551593305, 0.0025403984113782645, 0.0025407805056497455, 0.0025404883225262167, 0.002540027014836669, 0.0025403136000409724, 0.00254022490715608, 0.0025412980282865463, 0.0025402721952833235, 0.0025402126998454334, 0.0025402493000030515, 0.002540190756171942, 0.002540639511309564, 0.00253981586528942, 0.002540226507522166, 0.002539944379553199, 0.0025402374991215764, 0.002540202968660742, 0.0025408031718432904, 0.0025401044826954605, 0.0025400321799330414, 0.002540633288323879, 0.0025406906235031783, 0.0025408238310180606, 0.002540193068794906, 0.0025400274429284034, 0.0025402800811640917, 0.002540810919255018, 0.0025404499419406056, 0.0025401643615961074, 0.0025406028173491357, 0.0025398849139362575, 0.0025401539292559026], 'ctr': [3.5238095238095237, 4.090909090909091, 4.089622641509434, 3.7255813953488373, 3.706161137440758, 3.807511737089202, 3.8254716981132075, 3.702439024390244, 3.885321100917431, 4.019323671497585, 4.145631067961165, 4.07177033492823, 3.808411214953271, 3.8380952380952382, 3.784037558685446, 3.9380952380952383, 3.92018779342723, 3.880952380952381, 3.995260663507109, 3.7746478873239435, 4.004739336492891, 3.883495145631068, 3.7799043062200957, 3.894230769230769, 3.6208530805687205, 3.8341232227488153, 3.9345794392523366, 3.942857142857143, 3.6055045871559632, 3.819512195121951, 3.688679245283019, 3.6901408450704225, 3.915492957746479, 4.009345794392523, 3.9759615384615383, 3.6273584905660377, 4.157894736842105, 3.831818181818182, 3.7663551401869158, 4.018957345971564, 3.94811320754717, 3.7830188679245285, 3.676190476190476, 3.530232558139535, 3.7677725118483414, 3.980769230769231, 3.8215962441314555, 3.51131221719457, 3.8028169014084505, 3.585253456221198, 4.08133971291866, 3.9212962962962963, 3.704761904761905, 3.6948356807511735, 3.8425925925925926, 3.7788018433179724, 3.735576923076923, 3.6869158878504673, 3.677570093457944, 3.9425837320574164, 3.976525821596244, 3.598086124401914, 3.7069767441860466, 3.7581395348837208, 3.7630331753554502, 3.9526066350710902, 3.867298578199052, 3.7358490566037736, 3.80188679245283, 3.474418604651163, 3.878504672897196, 4.1291866028708135, 3.7289719626168223, 3.9523809523809526, 3.784688995215311, 3.8067632850241546, 3.4739336492890995, 3.730769230769231, 3.8461538461538463, 3.6555023923444976, 3.689814814814815, 3.6650943396226414, 4.009433962264151, 3.784037558685446, 3.7652582159624415, 3.6809523809523808, 3.598086124401914, 3.9018691588785046, 3.748815165876777, 3.613953488372093, 3.980769230769231, 3.798076923076923, 3.8262910798122065, 3.708133971291866, 3.55188679245283, 3.5829383886255926, 3.3798076923076925, 3.7799043062200957, 3.8019323671497585, 3.8518518518518516], 'RL_val_click_loss': [2.4990269164247105, 2.4768167285328846, 2.539003554520742, 2.3591643283533497, 2.25552850954623, 2.350929971522009, 2.258115341122491, 2.333497238690715, 2.5811412346574967, 2.269009179305195, 2.3376392236666628, 2.4361481115168506, 2.2903341302978935, 2.376246333477043, 2.528879481157891, 2.4762765878545387, 2.5633564868530896, 2.5555652867559164, 2.489918896235455, 2.350994595991089, 2.3778508142457824, 2.3870287851963954, 2.251283456277298, 2.261496657116088, 2.316444586801356, 2.3055255888824426, 2.4039290775044466, 2.338796746670934, 2.3953523101720857, 2.24580493458524, 2.341928952496569, 2.374780441063758, 2.257161813429579, 2.4413300815308205, 2.3559923400708405, 2.3299655464284545, 2.5181975583211655, 2.5380467942831193, 2.4216621752423624, 2.38337901790772, 2.3142682100593484, 2.360569229529608, 2.305421253903547, 2.5584490241482856, 2.269203295776735, 2.4533428505349617, 2.3634552606053547, 2.4400587870140993, 2.5280247813248087, 2.4253553994909822, 2.422656962541088, 2.4772052698665195, 2.309807595929929, 2.2830417963453162, 2.3516713469375476, 2.4346941705355376, 2.2842833053056473, 2.1527821304511594, 2.448444309770608, 2.3295335848281007, 2.359628065388667, 2.151085355434941, 2.4794363417576046, 2.3293026076846344, 2.2748201389960343, 2.3936817610053724, 2.3847725620555087, 2.3780715962836765, 2.423571657784775, 2.2065568856808335, 2.4136861834901375, 2.4995227360821652, 2.2106952227904486, 2.3208281103166795, 2.199636653350871, 2.375550091100164, 2.1655345960118546, 2.2422632007286527, 2.3335903274307315, 2.2638246102156074, 2.3990344792966627, 2.338724529917598, 2.3859493150727227, 2.5053327518773263, 2.288252959841154, 2.2398954784941107, 2.1153209991485737, 2.558271366676368, 2.152339010998183, 2.2985410287456456, 2.4075794281088747, 2.2860829847900628, 2.3218612499543827, 2.2766361224964156, 2.2494989979906745, 2.129404339851079, 1.9854661781484118, 2.2952796278307526, 2.368456846121069, 2.472220612875255], 'len_tra': [2.1, 2.09, 2.12, 2.15, 2.11, 2.13, 2.12, 2.05, 2.18, 2.07, 2.06, 2.09, 2.14, 2.1, 2.13, 2.1, 2.13, 2.1, 2.11, 2.13, 2.11, 2.06, 2.09, 2.08, 2.11, 2.11, 2.14, 2.1, 2.18, 2.05, 2.12, 2.13, 2.13, 2.14, 2.08, 2.12, 2.09, 2.2, 2.14, 2.11, 2.12, 2.12, 2.1, 2.15, 2.11, 2.08, 2.13, 2.21, 2.13, 2.17, 2.09, 2.16, 2.1, 2.13, 2.16, 2.17, 2.08, 2.14, 2.14, 2.09, 2.13, 2.09, 2.15, 2.15, 2.11, 2.11, 2.11, 2.12, 2.12, 2.15, 2.14, 2.09, 2.14, 2.1, 2.09, 2.07, 2.11, 2.08, 2.08, 2.09, 2.16, 2.12, 2.12, 2.13, 2.13, 2.1, 2.09, 2.14, 2.11, 2.15, 2.08, 2.08, 2.13, 2.09, 2.12, 2.11, 2.08, 2.09, 2.07, 2.16], 'R_tra': [7.4, 8.55, 8.67, 8.01, 7.82, 8.11, 8.11, 7.59, 8.47, 8.32, 8.54, 8.51, 8.15, 8.06, 8.06, 8.27, 8.35, 8.15, 8.43, 8.04, 8.45, 8.0, 7.9, 8.1, 7.64, 8.09, 8.42, 8.28, 7.86, 7.83, 7.82, 7.86, 8.34, 8.58, 8.27, 7.69, 8.69, 8.43, 8.06, 8.48, 8.37, 8.02, 7.72, 7.59, 7.95, 8.28, 8.14, 7.76, 8.1, 7.78, 8.53, 8.47, 7.78, 7.87, 8.3, 8.2, 7.77, 7.89, 7.87, 8.24, 8.47, 7.52, 7.97, 8.08, 7.94, 8.34, 8.16, 7.92, 8.06, 7.47, 8.3, 8.63, 7.98, 8.3, 7.91, 7.88, 7.33, 7.76, 8.0, 7.64, 7.97, 7.77, 8.5, 8.06, 8.02, 7.73, 7.52, 8.35, 7.91, 7.77, 8.28, 7.9, 8.15, 7.75, 7.53, 7.56, 7.03, 7.9, 7.87, 8.32]}
