[I 221216 15:14:14 MLP-taobao:93] {
      "resume": false,
      "env": "VirtualTB-v0",
      "feature_dim": 4,
      "model_name": "MLP",
      "dnn": [
        256,
        256
      ],
      "batch_size": 100,
      "epoch": 100,
      "cuda": 0,
      "leave_threshold": 3.0,
      "num_leave_compute": 5,
      "max_turn": 50,
      "message": "T_MLP"
    }
[I 221216 15:18:10 utils:38] Epoch: [0], Info: [{'loss': 0.5001564512443543, 'ctr': 4.025, 'RL_val_click_loss': 2.280809895871207, 'len_tra': 2.0, 'R_tra': 8.05}]
[I 221216 15:20:17 utils:38] Epoch: [1], Info: [{'loss': 0.10528675800323486, 'ctr': 4.295, 'RL_val_click_loss': 2.3146698953956366, 'len_tra': 2.0, 'R_tra': 8.59}]
[I 221216 15:22:09 utils:38] Epoch: [2], Info: [{'loss': 0.021586923711299895, 'ctr': 4.505, 'RL_val_click_loss': 2.4009312108159064, 'len_tra': 2.0, 'R_tra': 9.01}]
[I 221216 15:23:56 utils:38] Epoch: [3], Info: [{'loss': 0.005409173338860273, 'ctr': 3.91, 'RL_val_click_loss': 2.221245516445488, 'len_tra': 2.0, 'R_tra': 7.82}]
[I 221216 15:25:47 utils:38] Epoch: [4], Info: [{'loss': 0.0028649122239276766, 'ctr': 4.22, 'RL_val_click_loss': 2.174146664487198, 'len_tra': 2.0, 'R_tra': 8.44}]
[I 221216 15:28:13 utils:38] Epoch: [5], Info: [{'loss': 0.002559053076542914, 'ctr': 4.205, 'RL_val_click_loss': 2.1757630067365246, 'len_tra': 2.0, 'R_tra': 8.41}]
[I 221216 15:31:18 utils:38] Epoch: [6], Info: [{'loss': 0.0025406142894551158, 'ctr': 4.225, 'RL_val_click_loss': 2.19433722426882, 'len_tra': 2.0, 'R_tra': 8.45}]
[I 221216 15:34:17 utils:38] Epoch: [7], Info: [{'loss': 0.002540484097003937, 'ctr': 4.395, 'RL_val_click_loss': 2.317006801548414, 'len_tra': 2.0, 'R_tra': 8.79}]
[I 221216 15:37:17 utils:38] Epoch: [8], Info: [{'loss': 0.0025409815502911806, 'ctr': 4.195, 'RL_val_click_loss': 2.156269080042839, 'len_tra': 2.0, 'R_tra': 8.39}]
[I 221216 15:40:24 utils:38] Epoch: [9], Info: [{'loss': 0.0025398892871290445, 'ctr': 4.335, 'RL_val_click_loss': 2.232969353850931, 'len_tra': 2.0, 'R_tra': 8.67}]
[I 221216 15:43:27 utils:38] Epoch: [10], Info: [{'loss': 0.002540618951525539, 'ctr': 4.28, 'RL_val_click_loss': 2.197650548708625, 'len_tra': 2.0, 'R_tra': 8.56}]
[I 221216 15:46:24 utils:38] Epoch: [11], Info: [{'loss': 0.0025404420140758156, 'ctr': 4.28, 'RL_val_click_loss': 2.2265089709265156, 'len_tra': 2.0, 'R_tra': 8.56}]
[I 221216 15:49:28 utils:38] Epoch: [12], Info: [{'loss': 0.002540160280093551, 'ctr': 4.095, 'RL_val_click_loss': 2.1359435527957977, 'len_tra': 2.0, 'R_tra': 8.19}]
[I 221216 15:52:29 utils:38] Epoch: [13], Info: [{'loss': 0.0025401179010793567, 'ctr': 3.94, 'RL_val_click_loss': 2.055117778638378, 'len_tra': 2.0, 'R_tra': 7.88}]
[I 221216 15:55:30 utils:38] Epoch: [14], Info: [{'loss': 0.0025406322548538448, 'ctr': 4.2, 'RL_val_click_loss': 2.168966840086505, 'len_tra': 2.0, 'R_tra': 8.4}]
[I 221216 15:58:43 utils:38] Epoch: [15], Info: [{'loss': 0.0025400379453971982, 'ctr': 4.29, 'RL_val_click_loss': 2.2375957713415846, 'len_tra': 2.0, 'R_tra': 8.58}]
[I 221216 16:01:44 utils:38] Epoch: [16], Info: [{'loss': 0.002540504640080035, 'ctr': 4.32, 'RL_val_click_loss': 2.2325764535926282, 'len_tra': 2.0, 'R_tra': 8.64}]
[I 221216 16:04:46 utils:38] Epoch: [17], Info: [{'loss': 0.0025397969250567256, 'ctr': 4.085, 'RL_val_click_loss': 2.1755593572021463, 'len_tra': 2.0, 'R_tra': 8.17}]
[I 221216 16:07:46 utils:38] Epoch: [18], Info: [{'loss': 0.0025407370562851427, 'ctr': 4.025, 'RL_val_click_loss': 2.074967363066971, 'len_tra': 2.0, 'R_tra': 8.05}]
[I 221216 16:10:48 utils:38] Epoch: [19], Info: [{'loss': 0.0025406668645329773, 'ctr': 4.45, 'RL_val_click_loss': 2.2857358582131564, 'len_tra': 2.0, 'R_tra': 8.9}]
[I 221216 16:13:51 utils:38] Epoch: [20], Info: [{'loss': 0.002540353525839746, 'ctr': 4.14, 'RL_val_click_loss': 2.1431992567912674, 'len_tra': 2.0, 'R_tra': 8.28}]
[I 221216 16:16:53 utils:38] Epoch: [21], Info: [{'loss': 0.002540071257576346, 'ctr': 3.995, 'RL_val_click_loss': 2.075629534418695, 'len_tra': 2.0, 'R_tra': 7.99}]
[I 221216 16:19:57 utils:38] Epoch: [22], Info: [{'loss': 0.0025400412537157535, 'ctr': 4.055, 'RL_val_click_loss': 2.0923753517866133, 'len_tra': 2.0, 'R_tra': 8.11}]
[I 221216 16:22:56 utils:38] Epoch: [23], Info: [{'loss': 0.0025399563890881834, 'ctr': 3.945, 'RL_val_click_loss': 2.0664951132051645, 'len_tra': 2.0, 'R_tra': 7.89}]
[I 221216 16:25:59 utils:38] Epoch: [24], Info: [{'loss': 0.0025405807770602406, 'ctr': 4.26, 'RL_val_click_loss': 2.175765812876634, 'len_tra': 2.0, 'R_tra': 8.52}]
[I 221216 16:29:02 utils:38] Epoch: [25], Info: [{'loss': 0.0025400505070015786, 'ctr': 4.38, 'RL_val_click_loss': 2.3018235930614175, 'len_tra': 2.0, 'R_tra': 8.76}]
[I 221216 16:32:01 utils:38] Epoch: [26], Info: [{'loss': 0.002540907976720482, 'ctr': 4.165, 'RL_val_click_loss': 2.176821893211454, 'len_tra': 2.0, 'R_tra': 8.33}]
[I 221216 16:35:06 utils:38] Epoch: [27], Info: [{'loss': 0.0025396998524665833, 'ctr': 4.38, 'RL_val_click_loss': 2.2503270180150867, 'len_tra': 2.0, 'R_tra': 8.76}]
[I 221216 16:38:09 utils:38] Epoch: [28], Info: [{'loss': 0.0025398160320147874, 'ctr': 4.27, 'RL_val_click_loss': 2.181762159341015, 'len_tra': 2.0, 'R_tra': 8.54}]
[I 221216 16:41:13 utils:38] Epoch: [29], Info: [{'loss': 0.002540091650765389, 'ctr': 4.405, 'RL_val_click_loss': 2.2789008707879113, 'len_tra': 2.0, 'R_tra': 8.81}]
[I 221216 16:44:14 utils:38] Epoch: [30], Info: [{'loss': 0.0025404846626892684, 'ctr': 4.365, 'RL_val_click_loss': 2.254801004838664, 'len_tra': 2.0, 'R_tra': 8.73}]
[I 221216 16:47:16 utils:38] Epoch: [31], Info: [{'loss': 0.002540782665088773, 'ctr': 4.34, 'RL_val_click_loss': 2.260214368593879, 'len_tra': 2.0, 'R_tra': 8.68}]
[I 221216 16:50:17 utils:38] Epoch: [32], Info: [{'loss': 0.0025401727042347194, 'ctr': 4.425, 'RL_val_click_loss': 2.2972761863470077, 'len_tra': 2.0, 'R_tra': 8.85}]
[I 221216 16:53:22 utils:38] Epoch: [33], Info: [{'loss': 0.0025399767291545867, 'ctr': 4.14, 'RL_val_click_loss': 2.141320924058091, 'len_tra': 2.0, 'R_tra': 8.28}]
[I 221216 16:56:24 utils:38] Epoch: [34], Info: [{'loss': 0.002540316916927695, 'ctr': 4.445, 'RL_val_click_loss': 2.294724952885881, 'len_tra': 2.0, 'R_tra': 8.89}]
[I 221216 16:59:25 utils:38] Epoch: [35], Info: [{'loss': 0.0025397501147165894, 'ctr': 4.215, 'RL_val_click_loss': 2.244950879160315, 'len_tra': 2.0, 'R_tra': 8.43}]
[I 221216 17:02:31 utils:38] Epoch: [36], Info: [{'loss': 0.002540877337474376, 'ctr': 4.3, 'RL_val_click_loss': 2.24424119327683, 'len_tra': 2.0, 'R_tra': 8.6}]
[I 221216 17:05:33 utils:38] Epoch: [37], Info: [{'loss': 0.0025403959130495786, 'ctr': 4.205, 'RL_val_click_loss': 2.190780186485499, 'len_tra': 2.0, 'R_tra': 8.41}]
[I 221216 17:08:35 utils:38] Epoch: [38], Info: [{'loss': 0.002540241509228945, 'ctr': 4.115, 'RL_val_click_loss': 2.108716214951128, 'len_tra': 2.0, 'R_tra': 8.23}]
[I 221216 17:11:39 utils:38] Epoch: [39], Info: [{'loss': 0.002540366711653769, 'ctr': 4.335, 'RL_val_click_loss': 2.261775136506185, 'len_tra': 2.0, 'R_tra': 8.67}]
[I 221216 17:14:40 utils:38] Epoch: [40], Info: [{'loss': 0.0025403355453163384, 'ctr': 4.44, 'RL_val_click_loss': 2.280605865966063, 'len_tra': 2.0, 'R_tra': 8.88}]
[I 221216 17:17:44 utils:38] Epoch: [41], Info: [{'loss': 0.0025399740578979256, 'ctr': 4.05, 'RL_val_click_loss': 2.0846295022941193, 'len_tra': 2.0, 'R_tra': 8.1}]
[I 221216 17:20:49 utils:38] Epoch: [42], Info: [{'loss': 0.0025402294056490063, 'ctr': 4.105, 'RL_val_click_loss': 2.173365223724395, 'len_tra': 2.0, 'R_tra': 8.21}]
[I 221216 17:23:51 utils:38] Epoch: [43], Info: [{'loss': 0.002540815279074013, 'ctr': 4.515, 'RL_val_click_loss': 2.3573312976630403, 'len_tra': 2.0, 'R_tra': 9.03}]
[I 221216 17:26:51 utils:38] Epoch: [44], Info: [{'loss': 0.0025397315272688865, 'ctr': 4.27, 'RL_val_click_loss': 2.2142138190427794, 'len_tra': 2.0, 'R_tra': 8.54}]
[I 221216 17:29:57 utils:38] Epoch: [45], Info: [{'loss': 0.0025410589192807675, 'ctr': 3.82, 'RL_val_click_loss': 1.974878307580948, 'len_tra': 2.0, 'R_tra': 7.64}]
[I 221216 17:32:58 utils:38] Epoch: [46], Info: [{'loss': 0.0025400555968098345, 'ctr': 4.355, 'RL_val_click_loss': 2.250604586917907, 'len_tra': 2.0, 'R_tra': 8.71}]
[I 221216 17:36:03 utils:38] Epoch: [47], Info: [{'loss': 0.002540807656031102, 'ctr': 4.15, 'RL_val_click_loss': 2.1657126668095588, 'len_tra': 2.0, 'R_tra': 8.3}]
[I 221216 17:39:05 utils:38] Epoch: [48], Info: [{'loss': 0.0025400256959348918, 'ctr': 4.19, 'RL_val_click_loss': 2.169962293081917, 'len_tra': 2.0, 'R_tra': 8.38}]
[I 221216 17:42:08 utils:38] Epoch: [49], Info: [{'loss': 0.00254016498118639, 'ctr': 4.04, 'RL_val_click_loss': 2.0625994557328524, 'len_tra': 2.0, 'R_tra': 8.08}]
[I 221216 17:45:12 utils:38] Epoch: [50], Info: [{'loss': 0.002539998245872557, 'ctr': 4.41, 'RL_val_click_loss': 2.301787301688455, 'len_tra': 2.0, 'R_tra': 8.82}]
[I 221216 17:48:17 utils:38] Epoch: [51], Info: [{'loss': 0.002540320764146745, 'ctr': 4.585, 'RL_val_click_loss': 2.3711808408261277, 'len_tra': 2.0, 'R_tra': 9.17}]
[I 221216 17:51:22 utils:38] Epoch: [52], Info: [{'loss': 0.002540103499814868, 'ctr': 4.345, 'RL_val_click_loss': 2.2355788903031497, 'len_tra': 2.0, 'R_tra': 8.69}]
[I 221216 17:54:28 utils:38] Epoch: [53], Info: [{'loss': 0.0025409268483892085, 'ctr': 4.38, 'RL_val_click_loss': 2.2436413638317028, 'len_tra': 2.0, 'R_tra': 8.76}]
[I 221216 17:57:33 utils:38] Epoch: [54], Info: [{'loss': 0.002540633423663676, 'ctr': 4.36, 'RL_val_click_loss': 2.261749540993478, 'len_tra': 2.0, 'R_tra': 8.72}]
[I 221216 18:00:38 utils:38] Epoch: [55], Info: [{'loss': 0.002540513608492911, 'ctr': 4.225, 'RL_val_click_loss': 2.1970985715091227, 'len_tra': 2.0, 'R_tra': 8.45}]
[I 221216 18:03:43 utils:38] Epoch: [56], Info: [{'loss': 0.002540409035999328, 'ctr': 4.225, 'RL_val_click_loss': 2.1767340287705883, 'len_tra': 2.0, 'R_tra': 8.45}]
[I 221216 18:06:45 utils:38] Epoch: [57], Info: [{'loss': 0.0025395222176611424, 'ctr': 4.265, 'RL_val_click_loss': 2.213529888242483, 'len_tra': 2.0, 'R_tra': 8.53}]
[I 221216 18:09:50 utils:38] Epoch: [58], Info: [{'loss': 0.002540520980488509, 'ctr': 4.165, 'RL_val_click_loss': 2.1706053615082057, 'len_tra': 2.0, 'R_tra': 8.33}]
[I 221216 18:12:52 utils:38] Epoch: [59], Info: [{'loss': 0.002540925811622292, 'ctr': 4.345, 'RL_val_click_loss': 2.2346282351016997, 'len_tra': 2.0, 'R_tra': 8.69}]
[I 221216 18:15:50 utils:38] Epoch: [60], Info: [{'loss': 0.0025401644512824716, 'ctr': 4.485, 'RL_val_click_loss': 2.3352024395763875, 'len_tra': 2.0, 'R_tra': 8.97}]
[I 221216 18:18:55 utils:38] Epoch: [61], Info: [{'loss': 0.0025407882462255655, 'ctr': 4.215, 'RL_val_click_loss': 2.167264498448931, 'len_tra': 2.0, 'R_tra': 8.43}]
[I 221216 18:21:59 utils:38] Epoch: [62], Info: [{'loss': 0.0025397426269203422, 'ctr': 4.315, 'RL_val_click_loss': 2.232526509645395, 'len_tra': 2.0, 'R_tra': 8.63}]
[I 221216 18:25:03 utils:38] Epoch: [63], Info: [{'loss': 0.002540521163009107, 'ctr': 4.29, 'RL_val_click_loss': 2.231726673853118, 'len_tra': 2.0, 'R_tra': 8.58}]
[I 221216 18:28:09 utils:38] Epoch: [64], Info: [{'loss': 0.0025398024635016917, 'ctr': 4.295, 'RL_val_click_loss': 2.2005139785609207, 'len_tra': 2.0, 'R_tra': 8.59}]
[I 221216 18:31:14 utils:38] Epoch: [65], Info: [{'loss': 0.002540402391795069, 'ctr': 4.19, 'RL_val_click_loss': 2.185170902609825, 'len_tra': 2.0, 'R_tra': 8.38}]
[I 221216 18:34:14 utils:38] Epoch: [66], Info: [{'loss': 0.0025402291543222964, 'ctr': 4.415, 'RL_val_click_loss': 2.2841766186710446, 'len_tra': 2.0, 'R_tra': 8.83}]
[I 221216 18:37:18 utils:38] Epoch: [67], Info: [{'loss': 0.002540118749383837, 'ctr': 4.19, 'RL_val_click_loss': 2.171456342157908, 'len_tra': 2.0, 'R_tra': 8.38}]
[I 221216 18:40:20 utils:38] Epoch: [68], Info: [{'loss': 0.0025396133022010325, 'ctr': 4.395, 'RL_val_click_loss': 2.2935840521007775, 'len_tra': 2.0, 'R_tra': 8.79}]
[I 221216 18:43:24 utils:38] Epoch: [69], Info: [{'loss': 0.0025405481341294945, 'ctr': 4.275, 'RL_val_click_loss': 2.2314153836737387, 'len_tra': 2.0, 'R_tra': 8.55}]
[I 221216 18:46:30 utils:38] Epoch: [70], Info: [{'loss': 0.0025401641729846597, 'ctr': 4.255, 'RL_val_click_loss': 2.1669839243683966, 'len_tra': 2.0, 'R_tra': 8.51}]
[I 221216 18:49:33 utils:38] Epoch: [71], Info: [{'loss': 0.0025398895519785584, 'ctr': 3.995, 'RL_val_click_loss': 2.0908764109527693, 'len_tra': 2.0, 'R_tra': 7.99}]
[I 221216 18:52:39 utils:38] Epoch: [72], Info: [{'loss': 0.002540119447465986, 'ctr': 4.345, 'RL_val_click_loss': 2.2468223495269193, 'len_tra': 2.0, 'R_tra': 8.69}]
[I 221216 18:55:46 utils:38] Epoch: [73], Info: [{'loss': 0.0025401317727565763, 'ctr': 4.32, 'RL_val_click_loss': 2.2098540462180973, 'len_tra': 2.0, 'R_tra': 8.64}]
[I 221216 18:58:51 utils:38] Epoch: [74], Info: [{'loss': 0.0025401729265227915, 'ctr': 4.12, 'RL_val_click_loss': 2.1159747162042186, 'len_tra': 2.0, 'R_tra': 8.24}]
[I 221216 19:01:55 utils:38] Epoch: [75], Info: [{'loss': 0.002540430892724544, 'ctr': 4.445, 'RL_val_click_loss': 2.323545312751085, 'len_tra': 2.0, 'R_tra': 8.89}]
[I 221216 19:05:01 utils:38] Epoch: [76], Info: [{'loss': 0.0025401443146169187, 'ctr': 3.96, 'RL_val_click_loss': 2.0776167211961, 'len_tra': 2.0, 'R_tra': 7.92}]
[I 221216 19:08:07 utils:38] Epoch: [77], Info: [{'loss': 0.0025404509569890796, 'ctr': 4.2, 'RL_val_click_loss': 2.182393963299692, 'len_tra': 2.0, 'R_tra': 8.4}]
[I 221216 19:11:12 utils:38] Epoch: [78], Info: [{'loss': 0.0025400772477686406, 'ctr': 4.05, 'RL_val_click_loss': 2.108627219367772, 'len_tra': 2.0, 'R_tra': 8.1}]
[I 221216 19:14:21 utils:38] Epoch: [79], Info: [{'loss': 0.0025403832740709185, 'ctr': 4.245, 'RL_val_click_loss': 2.1953561100317165, 'len_tra': 2.0, 'R_tra': 8.49}]
[I 221216 19:17:27 utils:38] Epoch: [80], Info: [{'loss': 0.00254003199018538, 'ctr': 4.14, 'RL_val_click_loss': 2.1507894296292216, 'len_tra': 2.0, 'R_tra': 8.28}]
[I 221216 19:20:38 utils:38] Epoch: [81], Info: [{'loss': 0.0025402035855688157, 'ctr': 4.23, 'RL_val_click_loss': 2.210334887197241, 'len_tra': 2.0, 'R_tra': 8.46}]
[I 221216 19:23:51 utils:38] Epoch: [82], Info: [{'loss': 0.0025404584048502148, 'ctr': 4.13, 'RL_val_click_loss': 2.156832139901817, 'len_tra': 2.0, 'R_tra': 8.26}]
[I 221216 19:27:02 utils:38] Epoch: [83], Info: [{'loss': 0.0025395998712070284, 'ctr': 4.21, 'RL_val_click_loss': 2.1984423314547166, 'len_tra': 2.0, 'R_tra': 8.42}]
[I 221216 19:30:14 utils:38] Epoch: [84], Info: [{'loss': 0.002540671249013394, 'ctr': 4.125, 'RL_val_click_loss': 2.173974991934374, 'len_tra': 2.0, 'R_tra': 8.25}]
[I 221216 19:33:28 utils:38] Epoch: [85], Info: [{'loss': 0.002540591006986797, 'ctr': 4.315, 'RL_val_click_loss': 2.218884820546955, 'len_tra': 2.0, 'R_tra': 8.63}]
[I 221216 19:36:40 utils:38] Epoch: [86], Info: [{'loss': 0.002540480224825442, 'ctr': 3.95, 'RL_val_click_loss': 2.0423701912211256, 'len_tra': 2.0, 'R_tra': 7.9}]
[I 221216 19:39:47 utils:38] Epoch: [87], Info: [{'loss': 0.0025404469219222664, 'ctr': 4.215, 'RL_val_click_loss': 2.2262806360423566, 'len_tra': 2.0, 'R_tra': 8.43}]
[I 221216 19:43:02 utils:38] Epoch: [88], Info: [{'loss': 0.0025400304985418918, 'ctr': 4.25, 'RL_val_click_loss': 2.195317581240088, 'len_tra': 2.0, 'R_tra': 8.5}]
[I 221216 19:46:13 utils:38] Epoch: [89], Info: [{'loss': 0.002540426845662296, 'ctr': 4.375, 'RL_val_click_loss': 2.216578084304929, 'len_tra': 2.0, 'R_tra': 8.75}]
[I 221216 19:49:21 utils:38] Epoch: [90], Info: [{'loss': 0.0025400575392320753, 'ctr': 4.43, 'RL_val_click_loss': 2.307556516872719, 'len_tra': 2.0, 'R_tra': 8.86}]
[I 221216 19:52:32 utils:38] Epoch: [91], Info: [{'loss': 0.0025407915726304055, 'ctr': 4.145, 'RL_val_click_loss': 2.1762602889491247, 'len_tra': 2.0, 'R_tra': 8.29}]
[I 221216 19:55:41 utils:38] Epoch: [92], Info: [{'loss': 0.002540208862274885, 'ctr': 4.4, 'RL_val_click_loss': 2.2562810434773564, 'len_tra': 2.0, 'R_tra': 8.8}]
[I 221216 19:58:46 utils:38] Epoch: [93], Info: [{'loss': 0.0025408709583617747, 'ctr': 3.78, 'RL_val_click_loss': 1.934907861331012, 'len_tra': 2.0, 'R_tra': 7.56}]
[I 221216 20:01:55 utils:38] Epoch: [94], Info: [{'loss': 0.0025399350866302847, 'ctr': 4.015, 'RL_val_click_loss': 2.1021559007186443, 'len_tra': 2.0, 'R_tra': 8.03}]
[I 221216 20:05:03 utils:38] Epoch: [95], Info: [{'loss': 0.0025398128766939043, 'ctr': 4.18, 'RL_val_click_loss': 2.1973254350200295, 'len_tra': 2.0, 'R_tra': 8.36}]
[I 221216 20:08:10 utils:38] Epoch: [96], Info: [{'loss': 0.002540794887840748, 'ctr': 4.1, 'RL_val_click_loss': 2.129152470589615, 'len_tra': 2.0, 'R_tra': 8.2}]
[I 221216 20:11:19 utils:38] Epoch: [97], Info: [{'loss': 0.0025408303231559694, 'ctr': 4.02, 'RL_val_click_loss': 2.094039909411222, 'len_tra': 2.0, 'R_tra': 8.04}]
[I 221216 20:14:28 utils:38] Epoch: [98], Info: [{'loss': 0.0025410397354513406, 'ctr': 4.53, 'RL_val_click_loss': 2.3769780380185694, 'len_tra': 2.0, 'R_tra': 9.06}]
[I 221216 20:17:36 utils:38] Epoch: [99], Info: [{'loss': 0.0025398368682526054, 'ctr': 4.025, 'RL_val_click_loss': 2.05515993881505, 'len_tra': 2.0, 'R_tra': 8.05}]
[I 221216 20:17:36 MLP-taobao:142] {'loss': [0.5001564512443543, 0.10528675800323486, 0.021586923711299895, 0.005409173338860273, 0.0028649122239276766, 0.002559053076542914, 0.0025406142894551158, 0.002540484097003937, 0.0025409815502911806, 0.0025398892871290445, 0.002540618951525539, 0.0025404420140758156, 0.002540160280093551, 0.0025401179010793567, 0.0025406322548538448, 0.0025400379453971982, 0.002540504640080035, 0.0025397969250567256, 0.0025407370562851427, 0.0025406668645329773, 0.002540353525839746, 0.002540071257576346, 0.0025400412537157535, 0.0025399563890881834, 0.0025405807770602406, 0.0025400505070015786, 0.002540907976720482, 0.0025396998524665833, 0.0025398160320147874, 0.002540091650765389, 0.0025404846626892684, 0.002540782665088773, 0.0025401727042347194, 0.0025399767291545867, 0.002540316916927695, 0.0025397501147165894, 0.002540877337474376, 0.0025403959130495786, 0.002540241509228945, 0.002540366711653769, 0.0025403355453163384, 0.0025399740578979256, 0.0025402294056490063, 0.002540815279074013, 0.0025397315272688865, 0.0025410589192807675, 0.0025400555968098345, 0.002540807656031102, 0.0025400256959348918, 0.00254016498118639, 0.002539998245872557, 0.002540320764146745, 0.002540103499814868, 0.0025409268483892085, 0.002540633423663676, 0.002540513608492911, 0.002540409035999328, 0.0025395222176611424, 0.002540520980488509, 0.002540925811622292, 0.0025401644512824716, 0.0025407882462255655, 0.0025397426269203422, 0.002540521163009107, 0.0025398024635016917, 0.002540402391795069, 0.0025402291543222964, 0.002540118749383837, 0.0025396133022010325, 0.0025405481341294945, 0.0025401641729846597, 0.0025398895519785584, 0.002540119447465986, 0.0025401317727565763, 0.0025401729265227915, 0.002540430892724544, 0.0025401443146169187, 0.0025404509569890796, 0.0025400772477686406, 0.0025403832740709185, 0.00254003199018538, 0.0025402035855688157, 0.0025404584048502148, 0.0025395998712070284, 0.002540671249013394, 0.002540591006986797, 0.002540480224825442, 0.0025404469219222664, 0.0025400304985418918, 0.002540426845662296, 0.0025400575392320753, 0.0025407915726304055, 0.002540208862274885, 0.0025408709583617747, 0.0025399350866302847, 0.0025398128766939043, 0.002540794887840748, 0.0025408303231559694, 0.0025410397354513406, 0.0025398368682526054], 'ctr': [4.025, 4.295, 4.505, 3.91, 4.22, 4.205, 4.225, 4.395, 4.195, 4.335, 4.28, 4.28, 4.095, 3.94, 4.2, 4.29, 4.32, 4.085, 4.025, 4.45, 4.14, 3.995, 4.055, 3.945, 4.26, 4.38, 4.165, 4.38, 4.27, 4.405, 4.365, 4.34, 4.425, 4.14, 4.445, 4.215, 4.3, 4.205, 4.115, 4.335, 4.44, 4.05, 4.105, 4.515, 4.27, 3.82, 4.355, 4.15, 4.19, 4.04, 4.41, 4.585, 4.345, 4.38, 4.36, 4.225, 4.225, 4.265, 4.165, 4.345, 4.485, 4.215, 4.315, 4.29, 4.295, 4.19, 4.415, 4.19, 4.395, 4.275, 4.255, 3.995, 4.345, 4.32, 4.12, 4.445, 3.96, 4.2, 4.05, 4.245, 4.14, 4.23, 4.13, 4.21, 4.125, 4.315, 3.95, 4.215, 4.25, 4.375, 4.43, 4.145, 4.4, 3.78, 4.015, 4.18, 4.1, 4.02, 4.53, 4.025], 'RL_val_click_loss': [2.280809895871207, 2.3146698953956366, 2.4009312108159064, 2.221245516445488, 2.174146664487198, 2.1757630067365246, 2.19433722426882, 2.317006801548414, 2.156269080042839, 2.232969353850931, 2.197650548708625, 2.2265089709265156, 2.1359435527957977, 2.055117778638378, 2.168966840086505, 2.2375957713415846, 2.2325764535926282, 2.1755593572021463, 2.074967363066971, 2.2857358582131564, 2.1431992567912674, 2.075629534418695, 2.0923753517866133, 2.0664951132051645, 2.175765812876634, 2.3018235930614175, 2.176821893211454, 2.2503270180150867, 2.181762159341015, 2.2789008707879113, 2.254801004838664, 2.260214368593879, 2.2972761863470077, 2.141320924058091, 2.294724952885881, 2.244950879160315, 2.24424119327683, 2.190780186485499, 2.108716214951128, 2.261775136506185, 2.280605865966063, 2.0846295022941193, 2.173365223724395, 2.3573312976630403, 2.2142138190427794, 1.974878307580948, 2.250604586917907, 2.1657126668095588, 2.169962293081917, 2.0625994557328524, 2.301787301688455, 2.3711808408261277, 2.2355788903031497, 2.2436413638317028, 2.261749540993478, 2.1970985715091227, 2.1767340287705883, 2.213529888242483, 2.1706053615082057, 2.2346282351016997, 2.3352024395763875, 2.167264498448931, 2.232526509645395, 2.231726673853118, 2.2005139785609207, 2.185170902609825, 2.2841766186710446, 2.171456342157908, 2.2935840521007775, 2.2314153836737387, 2.1669839243683966, 2.0908764109527693, 2.2468223495269193, 2.2098540462180973, 2.1159747162042186, 2.323545312751085, 2.0776167211961, 2.182393963299692, 2.108627219367772, 2.1953561100317165, 2.1507894296292216, 2.210334887197241, 2.156832139901817, 2.1984423314547166, 2.173974991934374, 2.218884820546955, 2.0423701912211256, 2.2262806360423566, 2.195317581240088, 2.216578084304929, 2.307556516872719, 2.1762602889491247, 2.2562810434773564, 1.934907861331012, 2.1021559007186443, 2.1973254350200295, 2.129152470589615, 2.094039909411222, 2.3769780380185694, 2.05515993881505], 'len_tra': [2.0, 2.0, 2.0, 2.0, 2.0, 2.0, 2.0, 2.0, 2.0, 2.0, 2.0, 2.0, 2.0, 2.0, 2.0, 2.0, 2.0, 2.0, 2.0, 2.0, 2.0, 2.0, 2.0, 2.0, 2.0, 2.0, 2.0, 2.0, 2.0, 2.0, 2.0, 2.0, 2.0, 2.0, 2.0, 2.0, 2.0, 2.0, 2.0, 2.0, 2.0, 2.0, 2.0, 2.0, 2.0, 2.0, 2.0, 2.0, 2.0, 2.0, 2.0, 2.0, 2.0, 2.0, 2.0, 2.0, 2.0, 2.0, 2.0, 2.0, 2.0, 2.0, 2.0, 2.0, 2.0, 2.0, 2.0, 2.0, 2.0, 2.0, 2.0, 2.0, 2.0, 2.0, 2.0, 2.0, 2.0, 2.0, 2.0, 2.0, 2.0, 2.0, 2.0, 2.0, 2.0, 2.0, 2.0, 2.0, 2.0, 2.0, 2.0, 2.0, 2.0, 2.0, 2.0, 2.0, 2.0, 2.0, 2.0, 2.0], 'R_tra': [8.05, 8.59, 9.01, 7.82, 8.44, 8.41, 8.45, 8.79, 8.39, 8.67, 8.56, 8.56, 8.19, 7.88, 8.4, 8.58, 8.64, 8.17, 8.05, 8.9, 8.28, 7.99, 8.11, 7.89, 8.52, 8.76, 8.33, 8.76, 8.54, 8.81, 8.73, 8.68, 8.85, 8.28, 8.89, 8.43, 8.6, 8.41, 8.23, 8.67, 8.88, 8.1, 8.21, 9.03, 8.54, 7.64, 8.71, 8.3, 8.38, 8.08, 8.82, 9.17, 8.69, 8.76, 8.72, 8.45, 8.45, 8.53, 8.33, 8.69, 8.97, 8.43, 8.63, 8.58, 8.59, 8.38, 8.83, 8.38, 8.79, 8.55, 8.51, 7.99, 8.69, 8.64, 8.24, 8.89, 7.92, 8.4, 8.1, 8.49, 8.28, 8.46, 8.26, 8.42, 8.25, 8.63, 7.9, 8.43, 8.5, 8.75, 8.86, 8.29, 8.8, 7.56, 8.03, 8.36, 8.2, 8.04, 9.06, 8.05]}
