[I 221216 15:26:18 MLP-epsilonGreedy-taobao:97] {
      "resume": false,
      "env": "VirtualTB-v0",
      "feature_dim": 4,
      "model_name": "MLP-RL-epsilon",
      "dnn": [
        256,
        256
      ],
      "batch_size": 100,
      "epoch": 100,
      "cuda": 0,
      "epsilon": 1.0,
      "leave_threshold": 3.0,
      "num_leave_compute": 5,
      "max_turn": 50,
      "message": "T_Random"
    }
[I 221216 15:30:23 utils:38] Epoch: [0], Info: [{'loss': 0.5302576083946228, 'ctr': 0.055, 'RL_val_click_loss': 0.08504332471697125, 'len_tra': 2.0, 'R_tra': 0.11}]
[I 221216 15:33:43 utils:38] Epoch: [1], Info: [{'loss': 0.11371045153617859, 'ctr': 0.06, 'RL_val_click_loss': 0.14358227510005236, 'len_tra': 2.0, 'R_tra': 0.12}]
[I 221216 15:37:01 utils:38] Epoch: [2], Info: [{'loss': 0.023564962604045867, 'ctr': 0.055, 'RL_val_click_loss': 0.12768144686706365, 'len_tra': 2.0, 'R_tra': 0.11}]
[I 221216 15:40:23 utils:38] Epoch: [3], Info: [{'loss': 0.005914152017831803, 'ctr': 0.055, 'RL_val_click_loss': 0.09933162805624306, 'len_tra': 2.0, 'R_tra': 0.11}]
[I 221216 15:43:38 utils:38] Epoch: [4], Info: [{'loss': 0.0029836543161794542, 'ctr': 0.065, 'RL_val_click_loss': 0.14020196941215546, 'len_tra': 2.0, 'R_tra': 0.13}]
[I 221216 15:46:54 utils:38] Epoch: [5], Info: [{'loss': 0.0025787207804620267, 'ctr': 0.085, 'RL_val_click_loss': 0.15239976623794063, 'len_tra': 2.0, 'R_tra': 0.17}]
[I 221216 15:50:15 utils:38] Epoch: [6], Info: [{'loss': 0.0025417017552256584, 'ctr': 0.035, 'RL_val_click_loss': 0.08801028274465353, 'len_tra': 2.0, 'R_tra': 0.07}]
[I 221216 15:53:34 utils:38] Epoch: [7], Info: [{'loss': 0.0025403425973095, 'ctr': 0.04, 'RL_val_click_loss': 0.11454782210756093, 'len_tra': 2.0, 'R_tra': 0.08}]
[I 221216 15:56:59 utils:38] Epoch: [8], Info: [{'loss': 0.0025396511559747158, 'ctr': 0.075, 'RL_val_click_loss': 0.16520893844775855, 'len_tra': 2.0, 'R_tra': 0.15}]
[I 221216 16:00:20 utils:38] Epoch: [9], Info: [{'loss': 0.002541056038066745, 'ctr': 0.1, 'RL_val_click_loss': 0.1525929561536759, 'len_tra': 2.0, 'R_tra': 0.2}]
[I 221216 16:03:39 utils:38] Epoch: [10], Info: [{'loss': 0.002540533366855234, 'ctr': 0.06, 'RL_val_click_loss': 0.1300095426943153, 'len_tra': 2.0, 'R_tra': 0.12}]
[I 221216 16:07:00 utils:38] Epoch: [11], Info: [{'loss': 0.002539952666722238, 'ctr': 0.11, 'RL_val_click_loss': 0.22273884311318398, 'len_tra': 2.0, 'R_tra': 0.22}]
[I 221216 16:10:17 utils:38] Epoch: [12], Info: [{'loss': 0.0025406442964449527, 'ctr': 0.06, 'RL_val_click_loss': 0.1261820119526237, 'len_tra': 2.0, 'R_tra': 0.12}]
[I 221216 16:13:33 utils:38] Epoch: [13], Info: [{'loss': 0.002539867618009448, 'ctr': 0.105, 'RL_val_click_loss': 0.17919753853231668, 'len_tra': 2.0, 'R_tra': 0.21}]
[I 221216 16:16:52 utils:38] Epoch: [14], Info: [{'loss': 0.002540385292097926, 'ctr': 0.08, 'RL_val_click_loss': 0.14685000001685694, 'len_tra': 2.0, 'R_tra': 0.16}]
[I 221216 16:20:11 utils:38] Epoch: [15], Info: [{'loss': 0.0025401969772949817, 'ctr': 0.07, 'RL_val_click_loss': 0.14122807294828818, 'len_tra': 2.0, 'R_tra': 0.14}]
[I 221216 16:23:27 utils:38] Epoch: [16], Info: [{'loss': 0.0025405984185822308, 'ctr': 0.055, 'RL_val_click_loss': 0.13083210378885268, 'len_tra': 2.0, 'R_tra': 0.11}]
[I 221216 16:26:43 utils:38] Epoch: [17], Info: [{'loss': 0.002540672489050776, 'ctr': 0.06, 'RL_val_click_loss': 0.12299035970354452, 'len_tra': 2.0, 'R_tra': 0.12}]
[I 221216 16:29:58 utils:38] Epoch: [18], Info: [{'loss': 0.0025406699837744236, 'ctr': 0.02, 'RL_val_click_loss': 0.07109930671751499, 'len_tra': 2.0, 'R_tra': 0.04}]
[I 221216 16:33:14 utils:38] Epoch: [19], Info: [{'loss': 0.0025395357606746256, 'ctr': 0.06, 'RL_val_click_loss': 0.14267214381136, 'len_tra': 2.0, 'R_tra': 0.12}]
[I 221216 16:36:33 utils:38] Epoch: [20], Info: [{'loss': 0.0025398220329731704, 'ctr': 0.085, 'RL_val_click_loss': 0.14284028371796012, 'len_tra': 2.0, 'R_tra': 0.17}]
[I 221216 16:39:49 utils:38] Epoch: [21], Info: [{'loss': 0.0025393472532741724, 'ctr': 0.06, 'RL_val_click_loss': 0.11704797187354415, 'len_tra': 2.0, 'R_tra': 0.12}]
[I 221216 16:43:04 utils:38] Epoch: [22], Info: [{'loss': 0.0025406690455228092, 'ctr': 0.07, 'RL_val_click_loss': 0.1348091152939014, 'len_tra': 2.0, 'R_tra': 0.14}]
[I 221216 16:46:18 utils:38] Epoch: [23], Info: [{'loss': 0.002539690550751984, 'ctr': 0.035, 'RL_val_click_loss': 0.08381556801265105, 'len_tra': 2.0, 'R_tra': 0.07}]
[I 221216 16:49:32 utils:38] Epoch: [24], Info: [{'loss': 0.00253983529035002, 'ctr': 0.06, 'RL_val_click_loss': 0.10951152083463966, 'len_tra': 2.0, 'R_tra': 0.12}]
[I 221216 16:52:48 utils:38] Epoch: [25], Info: [{'loss': 0.0025403612229973078, 'ctr': 0.02, 'RL_val_click_loss': 0.06185416080988944, 'len_tra': 2.0, 'R_tra': 0.04}]
[I 221216 16:56:02 utils:38] Epoch: [26], Info: [{'loss': 0.0025401631847023964, 'ctr': 0.045, 'RL_val_click_loss': 0.09737090374808759, 'len_tra': 2.0, 'R_tra': 0.09}]
[I 221216 16:59:17 utils:38] Epoch: [27], Info: [{'loss': 0.0025399310639873146, 'ctr': 0.07, 'RL_val_click_loss': 0.12805404043057933, 'len_tra': 2.0, 'R_tra': 0.14}]
[I 221216 17:02:36 utils:38] Epoch: [28], Info: [{'loss': 0.0025407688678614794, 'ctr': 0.075, 'RL_val_click_loss': 0.1401137935370207, 'len_tra': 2.0, 'R_tra': 0.15}]
[I 221216 17:05:50 utils:38] Epoch: [29], Info: [{'loss': 0.0025401031768880786, 'ctr': 0.05, 'RL_val_click_loss': 0.11680325208464637, 'len_tra': 2.0, 'R_tra': 0.1}]
[I 221216 17:09:04 utils:38] Epoch: [30], Info: [{'loss': 0.002539855177886784, 'ctr': 0.045, 'RL_val_click_loss': 0.09198866922874004, 'len_tra': 2.0, 'R_tra': 0.09}]
[I 221216 17:12:21 utils:38] Epoch: [31], Info: [{'loss': 0.0025402005813643337, 'ctr': 0.05, 'RL_val_click_loss': 0.11999623791314662, 'len_tra': 2.0, 'R_tra': 0.1}]
[I 221216 17:15:34 utils:38] Epoch: [32], Info: [{'loss': 0.00254029209446162, 'ctr': 0.055, 'RL_val_click_loss': 0.11093704094644635, 'len_tra': 2.0, 'R_tra': 0.11}]
[I 221216 17:18:49 utils:38] Epoch: [33], Info: [{'loss': 0.0025406254591979088, 'ctr': 0.04, 'RL_val_click_loss': 0.10248610875336453, 'len_tra': 2.0, 'R_tra': 0.08}]
[I 221216 17:22:08 utils:38] Epoch: [34], Info: [{'loss': 0.0025404479014873504, 'ctr': 0.06, 'RL_val_click_loss': 0.13224198249634356, 'len_tra': 2.0, 'R_tra': 0.12}]
[I 221216 17:25:22 utils:38] Epoch: [35], Info: [{'loss': 0.0025400491084344684, 'ctr': 0.065, 'RL_val_click_loss': 0.12108277320396155, 'len_tra': 2.0, 'R_tra': 0.13}]
[I 221216 17:28:37 utils:38] Epoch: [36], Info: [{'loss': 0.002540316562000662, 'ctr': 0.06, 'RL_val_click_loss': 0.1301114657148719, 'len_tra': 2.0, 'R_tra': 0.12}]
[I 221216 17:31:55 utils:38] Epoch: [37], Info: [{'loss': 0.002540630953181535, 'ctr': 0.045, 'RL_val_click_loss': 0.10670418445020914, 'len_tra': 2.0, 'R_tra': 0.09}]
[I 221216 17:35:09 utils:38] Epoch: [38], Info: [{'loss': 0.0025406595009937884, 'ctr': 0.065, 'RL_val_click_loss': 0.14023343020118773, 'len_tra': 2.0, 'R_tra': 0.13}]
[I 221216 17:38:21 utils:38] Epoch: [39], Info: [{'loss': 0.0025398173313215377, 'ctr': 0.07, 'RL_val_click_loss': 0.12104065478546545, 'len_tra': 2.0, 'R_tra': 0.14}]
[I 221216 17:41:37 utils:38] Epoch: [40], Info: [{'loss': 0.002539673106465489, 'ctr': 0.055, 'RL_val_click_loss': 0.10433347825193778, 'len_tra': 2.0, 'R_tra': 0.11}]
[I 221216 17:44:51 utils:38] Epoch: [41], Info: [{'loss': 0.0025403158127516507, 'ctr': 0.045, 'RL_val_click_loss': 0.09760496254544705, 'len_tra': 2.0, 'R_tra': 0.09}]
[I 221216 17:48:03 utils:38] Epoch: [42], Info: [{'loss': 0.002539616517778486, 'ctr': 0.06, 'RL_val_click_loss': 0.11443190317600965, 'len_tra': 2.0, 'R_tra': 0.12}]
[I 221216 17:51:20 utils:38] Epoch: [43], Info: [{'loss': 0.0025410329100489615, 'ctr': 0.05, 'RL_val_click_loss': 0.11929037680849433, 'len_tra': 2.0, 'R_tra': 0.1}]
[I 221216 17:54:35 utils:38] Epoch: [44], Info: [{'loss': 0.002540363428927958, 'ctr': 0.045, 'RL_val_click_loss': 0.09387662788853049, 'len_tra': 2.0, 'R_tra': 0.09}]
[I 221216 17:57:53 utils:38] Epoch: [45], Info: [{'loss': 0.0025400706224143507, 'ctr': 0.06, 'RL_val_click_loss': 0.13279437711462377, 'len_tra': 2.0, 'R_tra': 0.12}]
[I 221216 18:01:06 utils:38] Epoch: [46], Info: [{'loss': 0.0025399454853311182, 'ctr': 0.08, 'RL_val_click_loss': 0.15378194639459253, 'len_tra': 2.0, 'R_tra': 0.16}]
[I 221216 18:04:20 utils:38] Epoch: [47], Info: [{'loss': 0.0025406059465929868, 'ctr': 0.045, 'RL_val_click_loss': 0.09431054024957121, 'len_tra': 2.0, 'R_tra': 0.09}]
[I 221216 18:07:37 utils:38] Epoch: [48], Info: [{'loss': 0.0025398437223769724, 'ctr': 0.03, 'RL_val_click_loss': 0.07878961850423366, 'len_tra': 2.0, 'R_tra': 0.06}]
[I 221216 18:10:52 utils:38] Epoch: [49], Info: [{'loss': 0.0025400003997422755, 'ctr': 0.06, 'RL_val_click_loss': 0.1256370017211884, 'len_tra': 2.0, 'R_tra': 0.12}]
[I 221216 18:14:05 utils:38] Epoch: [50], Info: [{'loss': 0.0025398918565362693, 'ctr': 0.105, 'RL_val_click_loss': 0.1960236872266978, 'len_tra': 2.0, 'R_tra': 0.21}]
[I 221216 18:17:21 utils:38] Epoch: [51], Info: [{'loss': 0.0025405334286019206, 'ctr': 0.04, 'RL_val_click_loss': 0.08595543535426259, 'len_tra': 2.0, 'R_tra': 0.08}]
[I 221216 18:20:33 utils:38] Epoch: [52], Info: [{'loss': 0.0025405299815908075, 'ctr': 0.055, 'RL_val_click_loss': 0.1103251015371643, 'len_tra': 2.0, 'R_tra': 0.11}]
[I 221216 18:23:48 utils:38] Epoch: [53], Info: [{'loss': 0.002540111866295338, 'ctr': 0.06, 'RL_val_click_loss': 0.11201710108434781, 'len_tra': 2.0, 'R_tra': 0.12}]
[I 221216 18:27:05 utils:38] Epoch: [54], Info: [{'loss': 0.002540166431311518, 'ctr': 0.075, 'RL_val_click_loss': 0.13880472648888825, 'len_tra': 2.0, 'R_tra': 0.15}]
[I 221216 18:30:17 utils:38] Epoch: [55], Info: [{'loss': 0.002539601714536548, 'ctr': 0.055, 'RL_val_click_loss': 0.10224739440716803, 'len_tra': 2.0, 'R_tra': 0.11}]
[I 221216 18:33:29 utils:38] Epoch: [56], Info: [{'loss': 0.002540371043719351, 'ctr': 0.05, 'RL_val_click_loss': 0.11001055958680808, 'len_tra': 2.0, 'R_tra': 0.1}]
[I 221216 18:36:45 utils:38] Epoch: [57], Info: [{'loss': 0.002540212541371584, 'ctr': 0.075, 'RL_val_click_loss': 0.14776241741143167, 'len_tra': 2.0, 'R_tra': 0.15}]
[I 221216 18:40:01 utils:38] Epoch: [58], Info: [{'loss': 0.0025406339921057223, 'ctr': 0.055, 'RL_val_click_loss': 0.1242849805392325, 'len_tra': 2.0, 'R_tra': 0.11}]
[I 221216 18:43:14 utils:38] Epoch: [59], Info: [{'loss': 0.002540239556264132, 'ctr': 0.07, 'RL_val_click_loss': 0.11290828675031662, 'len_tra': 2.0, 'R_tra': 0.14}]
[I 221216 18:46:30 utils:38] Epoch: [60], Info: [{'loss': 0.0025405670859478414, 'ctr': 0.04, 'RL_val_click_loss': 0.08868897248059511, 'len_tra': 2.0, 'R_tra': 0.08}]
[I 221216 18:49:44 utils:38] Epoch: [61], Info: [{'loss': 0.0025400324517674744, 'ctr': 0.055, 'RL_val_click_loss': 0.10426710365107283, 'len_tra': 2.0, 'R_tra': 0.11}]
[I 221216 18:52:55 utils:38] Epoch: [62], Info: [{'loss': 0.0025403821185790002, 'ctr': 0.05, 'RL_val_click_loss': 0.11761202995665371, 'len_tra': 2.0, 'R_tra': 0.1}]
[I 221216 18:56:12 utils:38] Epoch: [63], Info: [{'loss': 0.002540565704125911, 'ctr': 0.03, 'RL_val_click_loss': 0.05735826612915844, 'len_tra': 2.0, 'R_tra': 0.06}]
[I 221216 18:59:26 utils:38] Epoch: [64], Info: [{'loss': 0.002540146884508431, 'ctr': 0.035, 'RL_val_click_loss': 0.0964111792575568, 'len_tra': 2.0, 'R_tra': 0.07}]
[I 221216 19:02:38 utils:38] Epoch: [65], Info: [{'loss': 0.0025398946333304046, 'ctr': 0.085, 'RL_val_click_loss': 0.16598149445839228, 'len_tra': 2.0, 'R_tra': 0.17}]
[I 221216 19:05:54 utils:38] Epoch: [66], Info: [{'loss': 0.002540486768335104, 'ctr': 0.025, 'RL_val_click_loss': 0.08951704322360456, 'len_tra': 2.0, 'R_tra': 0.05}]
[I 221216 19:09:07 utils:38] Epoch: [67], Info: [{'loss': 0.0025400639217719435, 'ctr': 0.06, 'RL_val_click_loss': 0.13185550891794265, 'len_tra': 2.0, 'R_tra': 0.12}]
[I 221216 19:12:23 utils:38] Epoch: [68], Info: [{'loss': 0.002540082048177719, 'ctr': 0.08, 'RL_val_click_loss': 0.1222143053333275, 'len_tra': 2.0, 'R_tra': 0.16}]
[I 221216 19:15:33 utils:38] Epoch: [69], Info: [{'loss': 0.002540435700044036, 'ctr': 0.03, 'RL_val_click_loss': 0.07471415912266821, 'len_tra': 2.0, 'R_tra': 0.06}]
[I 221216 19:18:44 utils:38] Epoch: [70], Info: [{'loss': 0.0025406040315143763, 'ctr': 0.045, 'RL_val_click_loss': 0.10497332057915627, 'len_tra': 2.0, 'R_tra': 0.09}]
[I 221216 19:21:56 utils:38] Epoch: [71], Info: [{'loss': 0.002540575642772019, 'ctr': 0.035, 'RL_val_click_loss': 0.09486020347103477, 'len_tra': 2.0, 'R_tra': 0.07}]
[I 221216 19:25:02 utils:38] Epoch: [72], Info: [{'loss': 0.002540514579899609, 'ctr': 0.025, 'RL_val_click_loss': 0.06821567442268134, 'len_tra': 2.0, 'R_tra': 0.05}]
[I 221216 19:28:11 utils:38] Epoch: [73], Info: [{'loss': 0.0025400918501615522, 'ctr': 0.04, 'RL_val_click_loss': 0.10623806177638472, 'len_tra': 2.0, 'R_tra': 0.08}]
[I 221216 19:31:12 utils:38] Epoch: [74], Info: [{'loss': 0.0025400237561576068, 'ctr': 0.06, 'RL_val_click_loss': 0.1292377556860447, 'len_tra': 2.0, 'R_tra': 0.12}]
[I 221216 19:34:20 utils:38] Epoch: [75], Info: [{'loss': 0.0025409997627139093, 'ctr': 0.035, 'RL_val_click_loss': 0.09445317330770195, 'len_tra': 2.0, 'R_tra': 0.07}]
[I 221216 19:37:30 utils:38] Epoch: [76], Info: [{'loss': 0.0025408887474797667, 'ctr': 0.07, 'RL_val_click_loss': 0.13953254923224448, 'len_tra': 2.0, 'R_tra': 0.14}]
[I 221216 19:40:43 utils:38] Epoch: [77], Info: [{'loss': 0.0025399119646847246, 'ctr': 0.07, 'RL_val_click_loss': 0.10996961348224431, 'len_tra': 2.0, 'R_tra': 0.14}]
[I 221216 19:43:52 utils:38] Epoch: [78], Info: [{'loss': 0.0025405890299379824, 'ctr': 0.065, 'RL_val_click_loss': 0.13563779695890843, 'len_tra': 2.0, 'R_tra': 0.13}]
[I 221216 19:47:03 utils:38] Epoch: [79], Info: [{'loss': 0.0025407256157882513, 'ctr': 0.06, 'RL_val_click_loss': 0.13999495836906134, 'len_tra': 2.0, 'R_tra': 0.12}]
[I 221216 19:50:15 utils:38] Epoch: [80], Info: [{'loss': 0.002539193092994392, 'ctr': 0.05, 'RL_val_click_loss': 0.11072781883180141, 'len_tra': 2.0, 'R_tra': 0.1}]
[I 221216 19:53:26 utils:38] Epoch: [81], Info: [{'loss': 0.002540563321262598, 'ctr': 0.045, 'RL_val_click_loss': 0.14445592930540443, 'len_tra': 2.0, 'R_tra': 0.09}]
[I 221216 19:56:39 utils:38] Epoch: [82], Info: [{'loss': 0.0025404402385652064, 'ctr': 0.055, 'RL_val_click_loss': 0.11685878652147949, 'len_tra': 2.0, 'R_tra': 0.11}]
[I 221216 19:59:54 utils:38] Epoch: [83], Info: [{'loss': 0.002540094498731196, 'ctr': 0.055, 'RL_val_click_loss': 0.12892911419272424, 'len_tra': 2.0, 'R_tra': 0.11}]
[I 221216 20:03:05 utils:38] Epoch: [84], Info: [{'loss': 0.0025410690227150915, 'ctr': 0.065, 'RL_val_click_loss': 0.13743403587257488, 'len_tra': 2.0, 'R_tra': 0.13}]
[I 221216 20:06:17 utils:38] Epoch: [85], Info: [{'loss': 0.002539544687755406, 'ctr': 0.06, 'RL_val_click_loss': 0.1275224520917982, 'len_tra': 2.0, 'R_tra': 0.12}]
[I 221216 20:09:33 utils:38] Epoch: [86], Info: [{'loss': 0.0025400959551893174, 'ctr': 0.065, 'RL_val_click_loss': 0.14459685015957802, 'len_tra': 2.0, 'R_tra': 0.13}]
[I 221216 20:12:45 utils:38] Epoch: [87], Info: [{'loss': 0.0025404232340306043, 'ctr': 0.055, 'RL_val_click_loss': 0.11186243309639395, 'len_tra': 2.0, 'R_tra': 0.11}]
[I 221216 20:15:58 utils:38] Epoch: [88], Info: [{'loss': 0.0025400144567340613, 'ctr': 0.06, 'RL_val_click_loss': 0.11782729174941778, 'len_tra': 2.0, 'R_tra': 0.12}]
[I 221216 20:18:58 utils:38] Epoch: [89], Info: [{'loss': 0.002540157266724855, 'ctr': 0.08, 'RL_val_click_loss': 0.12453445013612509, 'len_tra': 2.0, 'R_tra': 0.16}]
[I 221216 20:21:17 utils:38] Epoch: [90], Info: [{'loss': 0.0025397807692550123, 'ctr': 0.08, 'RL_val_click_loss': 0.13058338122442364, 'len_tra': 2.0, 'R_tra': 0.16}]
[I 221216 20:23:06 utils:38] Epoch: [91], Info: [{'loss': 0.002540263330116868, 'ctr': 0.055, 'RL_val_click_loss': 0.11603405322646722, 'len_tra': 2.0, 'R_tra': 0.11}]
[I 221216 20:24:44 utils:38] Epoch: [92], Info: [{'loss': 0.0025397032242268323, 'ctr': 0.065, 'RL_val_click_loss': 0.15295625053346157, 'len_tra': 2.0, 'R_tra': 0.13}]
[I 221216 20:26:00 utils:38] Epoch: [93], Info: [{'loss': 0.002540597651936114, 'ctr': 0.055, 'RL_val_click_loss': 0.11776345562888309, 'len_tra': 2.0, 'R_tra': 0.11}]
[I 221216 20:26:47 utils:38] Epoch: [94], Info: [{'loss': 0.002540587045494467, 'ctr': 0.07, 'RL_val_click_loss': 0.16621615294367076, 'len_tra': 2.0, 'R_tra': 0.14}]
[I 221216 20:27:40 utils:38] Epoch: [95], Info: [{'loss': 0.002539999419003725, 'ctr': 0.035, 'RL_val_click_loss': 0.09101433843374253, 'len_tra': 2.0, 'R_tra': 0.07}]
[I 221216 20:28:30 utils:38] Epoch: [96], Info: [{'loss': 0.002540908771045506, 'ctr': 0.05, 'RL_val_click_loss': 0.11283339522778987, 'len_tra': 2.0, 'R_tra': 0.1}]
[I 221216 20:29:17 utils:38] Epoch: [97], Info: [{'loss': 0.0025397374737635256, 'ctr': 0.06, 'RL_val_click_loss': 0.1345483205234632, 'len_tra': 2.0, 'R_tra': 0.12}]
[I 221216 20:30:10 utils:38] Epoch: [98], Info: [{'loss': 0.0025406190033629536, 'ctr': 0.085, 'RL_val_click_loss': 0.13755244094878435, 'len_tra': 2.0, 'R_tra': 0.17}]
[I 221216 20:30:57 utils:38] Epoch: [99], Info: [{'loss': 0.0025403205440938472, 'ctr': 0.07, 'RL_val_click_loss': 0.12715565724065528, 'len_tra': 2.0, 'R_tra': 0.14}]
[I 221216 20:30:57 MLP-epsilonGreedy-taobao:146] {'loss': [0.5302576083946228, 0.11371045153617859, 0.023564962604045867, 0.005914152017831803, 0.0029836543161794542, 0.0025787207804620267, 0.0025417017552256584, 0.0025403425973095, 0.0025396511559747158, 0.002541056038066745, 0.002540533366855234, 0.002539952666722238, 0.0025406442964449527, 0.002539867618009448, 0.002540385292097926, 0.0025401969772949817, 0.0025405984185822308, 0.002540672489050776, 0.0025406699837744236, 0.0025395357606746256, 0.0025398220329731704, 0.0025393472532741724, 0.0025406690455228092, 0.002539690550751984, 0.00253983529035002, 0.0025403612229973078, 0.0025401631847023964, 0.0025399310639873146, 0.0025407688678614794, 0.0025401031768880786, 0.002539855177886784, 0.0025402005813643337, 0.00254029209446162, 0.0025406254591979088, 0.0025404479014873504, 0.0025400491084344684, 0.002540316562000662, 0.002540630953181535, 0.0025406595009937884, 0.0025398173313215377, 0.002539673106465489, 0.0025403158127516507, 0.002539616517778486, 0.0025410329100489615, 0.002540363428927958, 0.0025400706224143507, 0.0025399454853311182, 0.0025406059465929868, 0.0025398437223769724, 0.0025400003997422755, 0.0025398918565362693, 0.0025405334286019206, 0.0025405299815908075, 0.002540111866295338, 0.002540166431311518, 0.002539601714536548, 0.002540371043719351, 0.002540212541371584, 0.0025406339921057223, 0.002540239556264132, 0.0025405670859478414, 0.0025400324517674744, 0.0025403821185790002, 0.002540565704125911, 0.002540146884508431, 0.0025398946333304046, 0.002540486768335104, 0.0025400639217719435, 0.002540082048177719, 0.002540435700044036, 0.0025406040315143763, 0.002540575642772019, 0.002540514579899609, 0.0025400918501615522, 0.0025400237561576068, 0.0025409997627139093, 0.0025408887474797667, 0.0025399119646847246, 0.0025405890299379824, 0.0025407256157882513, 0.002539193092994392, 0.002540563321262598, 0.0025404402385652064, 0.002540094498731196, 0.0025410690227150915, 0.002539544687755406, 0.0025400959551893174, 0.0025404232340306043, 0.0025400144567340613, 0.002540157266724855, 0.0025397807692550123, 0.002540263330116868, 0.0025397032242268323, 0.002540597651936114, 0.002540587045494467, 0.002539999419003725, 0.002540908771045506, 0.0025397374737635256, 0.0025406190033629536, 0.0025403205440938472], 'ctr': [0.055, 0.06, 0.055, 0.055, 0.065, 0.085, 0.035, 0.04, 0.075, 0.1, 0.06, 0.11, 0.06, 0.105, 0.08, 0.07, 0.055, 0.06, 0.02, 0.06, 0.085, 0.06, 0.07, 0.035, 0.06, 0.02, 0.045, 0.07, 0.075, 0.05, 0.045, 0.05, 0.055, 0.04, 0.06, 0.065, 0.06, 0.045, 0.065, 0.07, 0.055, 0.045, 0.06, 0.05, 0.045, 0.06, 0.08, 0.045, 0.03, 0.06, 0.105, 0.04, 0.055, 0.06, 0.075, 0.055, 0.05, 0.075, 0.055, 0.07, 0.04, 0.055, 0.05, 0.03, 0.035, 0.085, 0.025, 0.06, 0.08, 0.03, 0.045, 0.035, 0.025, 0.04, 0.06, 0.035, 0.07, 0.07, 0.065, 0.06, 0.05, 0.045, 0.055, 0.055, 0.065, 0.06, 0.065, 0.055, 0.06, 0.08, 0.08, 0.055, 0.065, 0.055, 0.07, 0.035, 0.05, 0.06, 0.085, 0.07], 'RL_val_click_loss': [0.08504332471697125, 0.14358227510005236, 0.12768144686706365, 0.09933162805624306, 0.14020196941215546, 0.15239976623794063, 0.08801028274465353, 0.11454782210756093, 0.16520893844775855, 0.1525929561536759, 0.1300095426943153, 0.22273884311318398, 0.1261820119526237, 0.17919753853231668, 0.14685000001685694, 0.14122807294828818, 0.13083210378885268, 0.12299035970354452, 0.07109930671751499, 0.14267214381136, 0.14284028371796012, 0.11704797187354415, 0.1348091152939014, 0.08381556801265105, 0.10951152083463966, 0.06185416080988944, 0.09737090374808759, 0.12805404043057933, 0.1401137935370207, 0.11680325208464637, 0.09198866922874004, 0.11999623791314662, 0.11093704094644635, 0.10248610875336453, 0.13224198249634356, 0.12108277320396155, 0.1301114657148719, 0.10670418445020914, 0.14023343020118773, 0.12104065478546545, 0.10433347825193778, 0.09760496254544705, 0.11443190317600965, 0.11929037680849433, 0.09387662788853049, 0.13279437711462377, 0.15378194639459253, 0.09431054024957121, 0.07878961850423366, 0.1256370017211884, 0.1960236872266978, 0.08595543535426259, 0.1103251015371643, 0.11201710108434781, 0.13880472648888825, 0.10224739440716803, 0.11001055958680808, 0.14776241741143167, 0.1242849805392325, 0.11290828675031662, 0.08868897248059511, 0.10426710365107283, 0.11761202995665371, 0.05735826612915844, 0.0964111792575568, 0.16598149445839228, 0.08951704322360456, 0.13185550891794265, 0.1222143053333275, 0.07471415912266821, 0.10497332057915627, 0.09486020347103477, 0.06821567442268134, 0.10623806177638472, 0.1292377556860447, 0.09445317330770195, 0.13953254923224448, 0.10996961348224431, 0.13563779695890843, 0.13999495836906134, 0.11072781883180141, 0.14445592930540443, 0.11685878652147949, 0.12892911419272424, 0.13743403587257488, 0.1275224520917982, 0.14459685015957802, 0.11186243309639395, 0.11782729174941778, 0.12453445013612509, 0.13058338122442364, 0.11603405322646722, 0.15295625053346157, 0.11776345562888309, 0.16621615294367076, 0.09101433843374253, 0.11283339522778987, 0.1345483205234632, 0.13755244094878435, 0.12715565724065528], 'len_tra': [2.0, 2.0, 2.0, 2.0, 2.0, 2.0, 2.0, 2.0, 2.0, 2.0, 2.0, 2.0, 2.0, 2.0, 2.0, 2.0, 2.0, 2.0, 2.0, 2.0, 2.0, 2.0, 2.0, 2.0, 2.0, 2.0, 2.0, 2.0, 2.0, 2.0, 2.0, 2.0, 2.0, 2.0, 2.0, 2.0, 2.0, 2.0, 2.0, 2.0, 2.0, 2.0, 2.0, 2.0, 2.0, 2.0, 2.0, 2.0, 2.0, 2.0, 2.0, 2.0, 2.0, 2.0, 2.0, 2.0, 2.0, 2.0, 2.0, 2.0, 2.0, 2.0, 2.0, 2.0, 2.0, 2.0, 2.0, 2.0, 2.0, 2.0, 2.0, 2.0, 2.0, 2.0, 2.0, 2.0, 2.0, 2.0, 2.0, 2.0, 2.0, 2.0, 2.0, 2.0, 2.0, 2.0, 2.0, 2.0, 2.0, 2.0, 2.0, 2.0, 2.0, 2.0, 2.0, 2.0, 2.0, 2.0, 2.0, 2.0], 'R_tra': [0.11, 0.12, 0.11, 0.11, 0.13, 0.17, 0.07, 0.08, 0.15, 0.2, 0.12, 0.22, 0.12, 0.21, 0.16, 0.14, 0.11, 0.12, 0.04, 0.12, 0.17, 0.12, 0.14, 0.07, 0.12, 0.04, 0.09, 0.14, 0.15, 0.1, 0.09, 0.1, 0.11, 0.08, 0.12, 0.13, 0.12, 0.09, 0.13, 0.14, 0.11, 0.09, 0.12, 0.1, 0.09, 0.12, 0.16, 0.09, 0.06, 0.12, 0.21, 0.08, 0.11, 0.12, 0.15, 0.11, 0.1, 0.15, 0.11, 0.14, 0.08, 0.11, 0.1, 0.06, 0.07, 0.17, 0.05, 0.12, 0.16, 0.06, 0.09, 0.07, 0.05, 0.08, 0.12, 0.07, 0.14, 0.14, 0.13, 0.12, 0.1, 0.09, 0.11, 0.11, 0.13, 0.12, 0.13, 0.11, 0.12, 0.16, 0.16, 0.11, 0.13, 0.11, 0.14, 0.07, 0.1, 0.12, 0.17, 0.14]}
