[I 221218 00:07:19 CIRS-RL-taobao:134] {
      "env": "VirtualTB-v0",
      "user_model_name": "MLP",
      "model_name": "CIRS",
      "seed": 2022,
      "cuda": 3,
      "cpu": false,
      "is_save": false,
      "version": "v1",
      "tau": 0.0,
      "gamma_exposure": 10,
      "leave_threshold": 1.0,
      "num_leave_compute": 5,
      "max_turn": 10,
      "dim_state": 20,
      "dim_model": 27,
      "nhead": 3,
      "buffer_size": 11000,
      "lr": 0.001,
      "gamma": 0.95,
      "epoch": 200,
      "step_per_epoch": 15000,
      "repeat_per_collect": 2,
      "batch_size": 2048,
      "hidden_sizes": [
        64,
        64
      ],
      "episode_per_collect": 100,
      "training_num": 100,
      "test_num": 100,
      "render": 0.0,
      "vf_coef": 0.25,
      "ent_coef": 0.0,
      "eps_clip": 0.2,
      "max_grad_norm": 0.5,
      "gae_lambda": 0.95,
      "rew_norm": 1,
      "dual_clip": null,
      "value_clip": 1,
      "norm_adv": 1,
      "recompute_adv": 0,
      "resume": false,
      "save_interval": 1000,
      "read_message": "taobao tau 0",
      "message": "T_CIRSwoCI_len10"
    }
[I 221218 00:23:37 utils:67] Epoch: [1], Info: [{'num_test': 100, 'len_tra': 10.0, 'R_tra': 8.29, 'ctr': '0.829'}]
[I 221218 00:33:43 utils:67] Epoch: [2], Info: [{'num_test': 100, 'len_tra': 10.0, 'R_tra': 18.56, 'ctr': '1.856'}]
[I 221218 00:43:33 utils:67] Epoch: [3], Info: [{'num_test': 100, 'len_tra': 10.0, 'R_tra': 25.79, 'ctr': '2.579'}]
[I 221218 00:52:31 utils:67] Epoch: [4], Info: [{'num_test': 100, 'len_tra': 10.0, 'R_tra': 27.11, 'ctr': '2.711'}]
[I 221218 01:01:15 utils:67] Epoch: [5], Info: [{'num_test': 100, 'len_tra': 10.0, 'R_tra': 23.27, 'ctr': '2.327'}]
[I 221218 01:10:18 utils:67] Epoch: [6], Info: [{'num_test': 100, 'len_tra': 10.0, 'R_tra': 22.7, 'ctr': '2.270'}]
[I 221218 01:19:21 utils:67] Epoch: [7], Info: [{'num_test': 100, 'len_tra': 10.0, 'R_tra': 23.19, 'ctr': '2.319'}]
[I 221218 01:28:23 utils:67] Epoch: [8], Info: [{'num_test': 100, 'len_tra': 10.0, 'R_tra': 23.15, 'ctr': '2.315'}]
[I 221218 01:37:27 utils:67] Epoch: [9], Info: [{'num_test': 100, 'len_tra': 10.0, 'R_tra': 23.57, 'ctr': '2.357'}]
[I 221218 01:46:18 utils:67] Epoch: [10], Info: [{'num_test': 100, 'len_tra': 10.0, 'R_tra': 23.47, 'ctr': '2.347'}]
[I 221218 01:55:23 utils:67] Epoch: [11], Info: [{'num_test': 100, 'len_tra': 10.0, 'R_tra': 22.69, 'ctr': '2.269'}]
[I 221218 02:04:36 utils:67] Epoch: [12], Info: [{'num_test': 100, 'len_tra': 10.0, 'R_tra': 24.28, 'ctr': '2.428'}]
[I 221218 02:13:49 utils:67] Epoch: [13], Info: [{'num_test': 100, 'len_tra': 10.0, 'R_tra': 23.45, 'ctr': '2.345'}]
[I 221218 02:23:08 utils:67] Epoch: [14], Info: [{'num_test': 100, 'len_tra': 10.0, 'R_tra': 24.97, 'ctr': '2.497'}]
[I 221218 02:32:24 utils:67] Epoch: [15], Info: [{'num_test': 100, 'len_tra': 10.0, 'R_tra': 25.65, 'ctr': '2.565'}]
[I 221218 02:41:37 utils:67] Epoch: [16], Info: [{'num_test': 100, 'len_tra': 10.0, 'R_tra': 24.78, 'ctr': '2.478'}]
[I 221218 02:50:49 utils:67] Epoch: [17], Info: [{'num_test': 100, 'len_tra': 10.0, 'R_tra': 25.33, 'ctr': '2.533'}]
[I 221218 02:59:52 utils:67] Epoch: [18], Info: [{'num_test': 100, 'len_tra': 10.0, 'R_tra': 23.53, 'ctr': '2.353'}]
[I 221218 03:09:08 utils:67] Epoch: [19], Info: [{'num_test': 100, 'len_tra': 10.0, 'R_tra': 25.77, 'ctr': '2.577'}]
[I 221218 03:18:28 utils:67] Epoch: [20], Info: [{'num_test': 100, 'len_tra': 10.0, 'R_tra': 25.64, 'ctr': '2.564'}]
[I 221218 03:27:50 utils:67] Epoch: [21], Info: [{'num_test': 100, 'len_tra': 10.0, 'R_tra': 25.37, 'ctr': '2.537'}]
[I 221218 03:37:08 utils:67] Epoch: [22], Info: [{'num_test': 100, 'len_tra': 10.0, 'R_tra': 26.5, 'ctr': '2.650'}]
[I 221218 03:46:29 utils:67] Epoch: [23], Info: [{'num_test': 100, 'len_tra': 10.0, 'R_tra': 27.4, 'ctr': '2.740'}]
[I 221218 03:55:48 utils:67] Epoch: [24], Info: [{'num_test': 100, 'len_tra': 10.0, 'R_tra': 26.8, 'ctr': '2.680'}]
[I 221218 04:05:14 utils:67] Epoch: [25], Info: [{'num_test': 100, 'len_tra': 10.0, 'R_tra': 26.96, 'ctr': '2.696'}]
[I 221218 04:14:32 utils:67] Epoch: [26], Info: [{'num_test': 100, 'len_tra': 10.0, 'R_tra': 27.06, 'ctr': '2.706'}]
[I 221218 04:23:57 utils:67] Epoch: [27], Info: [{'num_test': 100, 'len_tra': 10.0, 'R_tra': 26.58, 'ctr': '2.658'}]
[I 221218 04:33:16 utils:67] Epoch: [28], Info: [{'num_test': 100, 'len_tra': 10.0, 'R_tra': 26.24, 'ctr': '2.624'}]
[I 221218 04:42:39 utils:67] Epoch: [29], Info: [{'num_test': 100, 'len_tra': 10.0, 'R_tra': 27.5, 'ctr': '2.750'}]
[I 221218 04:52:01 utils:67] Epoch: [30], Info: [{'num_test': 100, 'len_tra': 10.0, 'R_tra': 28.84, 'ctr': '2.884'}]
[I 221218 05:01:12 utils:67] Epoch: [31], Info: [{'num_test': 100, 'len_tra': 10.0, 'R_tra': 26.55, 'ctr': '2.655'}]
[I 221218 05:11:11 utils:67] Epoch: [32], Info: [{'num_test': 100, 'len_tra': 10.0, 'R_tra': 27.21, 'ctr': '2.721'}]
[I 221218 05:21:11 utils:67] Epoch: [33], Info: [{'num_test': 100, 'len_tra': 10.0, 'R_tra': 27.81, 'ctr': '2.781'}]
[I 221218 05:30:25 utils:67] Epoch: [34], Info: [{'num_test': 100, 'len_tra': 10.0, 'R_tra': 27.86, 'ctr': '2.786'}]
[I 221218 05:39:52 utils:67] Epoch: [35], Info: [{'num_test': 100, 'len_tra': 10.0, 'R_tra': 28.86, 'ctr': '2.886'}]
[I 221218 05:49:17 utils:67] Epoch: [36], Info: [{'num_test': 100, 'len_tra': 10.0, 'R_tra': 30.3, 'ctr': '3.030'}]
[I 221218 05:59:17 utils:67] Epoch: [37], Info: [{'num_test': 100, 'len_tra': 10.0, 'R_tra': 31.85, 'ctr': '3.185'}]
[I 221218 06:08:44 utils:67] Epoch: [38], Info: [{'num_test': 100, 'len_tra': 10.0, 'R_tra': 33.76, 'ctr': '3.376'}]
[I 221218 06:18:45 utils:67] Epoch: [39], Info: [{'num_test': 100, 'len_tra': 10.0, 'R_tra': 33.34, 'ctr': '3.334'}]
[I 221218 06:28:14 utils:67] Epoch: [40], Info: [{'num_test': 100, 'len_tra': 10.0, 'R_tra': 31.28, 'ctr': '3.128'}]
[I 221218 06:37:42 utils:67] Epoch: [41], Info: [{'num_test': 100, 'len_tra': 10.0, 'R_tra': 30.98, 'ctr': '3.098'}]
[I 221218 06:47:12 utils:67] Epoch: [42], Info: [{'num_test': 100, 'len_tra': 10.0, 'R_tra': 32.86, 'ctr': '3.286'}]
[I 221218 06:57:17 utils:67] Epoch: [43], Info: [{'num_test': 100, 'len_tra': 10.0, 'R_tra': 35.17, 'ctr': '3.517'}]
[I 221218 07:06:46 utils:67] Epoch: [44], Info: [{'num_test': 100, 'len_tra': 10.0, 'R_tra': 34.03, 'ctr': '3.403'}]
[I 221218 07:16:14 utils:67] Epoch: [45], Info: [{'num_test': 100, 'len_tra': 9.99, 'R_tra': 33.0, 'ctr': '3.303'}]
[I 221218 07:26:21 utils:67] Epoch: [46], Info: [{'num_test': 100, 'len_tra': 10.0, 'R_tra': 32.9, 'ctr': '3.290'}]
[I 221218 07:36:29 utils:67] Epoch: [47], Info: [{'num_test': 100, 'len_tra': 10.0, 'R_tra': 34.02, 'ctr': '3.402'}]
[I 221218 07:46:33 utils:67] Epoch: [48], Info: [{'num_test': 100, 'len_tra': 10.0, 'R_tra': 35.75, 'ctr': '3.575'}]
[I 221218 07:56:42 utils:67] Epoch: [49], Info: [{'num_test': 100, 'len_tra': 10.0, 'R_tra': 33.58, 'ctr': '3.358'}]
[I 221218 08:06:47 utils:67] Epoch: [50], Info: [{'num_test': 100, 'len_tra': 9.98, 'R_tra': 34.37, 'ctr': '3.444'}]
[I 221218 08:16:53 utils:67] Epoch: [51], Info: [{'num_test': 100, 'len_tra': 10.0, 'R_tra': 34.77, 'ctr': '3.477'}]
[I 221218 08:27:04 utils:67] Epoch: [52], Info: [{'num_test': 100, 'len_tra': 10.0, 'R_tra': 34.79, 'ctr': '3.479'}]
[I 221218 08:37:11 utils:67] Epoch: [53], Info: [{'num_test': 100, 'len_tra': 9.95, 'R_tra': 33.98, 'ctr': '3.415'}]
[I 221218 08:47:19 utils:67] Epoch: [54], Info: [{'num_test': 100, 'len_tra': 9.96, 'R_tra': 34.17, 'ctr': '3.431'}]
[I 221218 08:57:23 utils:67] Epoch: [55], Info: [{'num_test': 100, 'len_tra': 9.92, 'R_tra': 34.84, 'ctr': '3.512'}]
[I 221218 09:07:30 utils:67] Epoch: [56], Info: [{'num_test': 100, 'len_tra': 9.98, 'R_tra': 33.6, 'ctr': '3.367'}]
[I 221218 09:17:39 utils:67] Epoch: [57], Info: [{'num_test': 100, 'len_tra': 10.0, 'R_tra': 32.55, 'ctr': '3.255'}]
[I 221218 09:27:47 utils:67] Epoch: [58], Info: [{'num_test': 100, 'len_tra': 10.0, 'R_tra': 33.94, 'ctr': '3.394'}]
[I 221218 09:38:02 utils:67] Epoch: [59], Info: [{'num_test': 100, 'len_tra': 9.89, 'R_tra': 33.2, 'ctr': '3.357'}]
[I 221218 09:48:10 utils:67] Epoch: [60], Info: [{'num_test': 100, 'len_tra': 9.91, 'R_tra': 33.85, 'ctr': '3.416'}]
[I 221218 09:58:22 utils:67] Epoch: [61], Info: [{'num_test': 100, 'len_tra': 9.91, 'R_tra': 33.22, 'ctr': '3.352'}]
[I 221218 10:08:32 utils:67] Epoch: [62], Info: [{'num_test': 100, 'len_tra': 10.0, 'R_tra': 33.62, 'ctr': '3.362'}]
[I 221218 10:18:40 utils:67] Epoch: [63], Info: [{'num_test': 100, 'len_tra': 10.0, 'R_tra': 31.64, 'ctr': '3.164'}]
[I 221218 10:28:50 utils:67] Epoch: [64], Info: [{'num_test': 100, 'len_tra': 9.94, 'R_tra': 34.8, 'ctr': '3.501'}]
[I 221218 10:39:29 utils:67] Epoch: [65], Info: [{'num_test': 100, 'len_tra': 10.0, 'R_tra': 34.06, 'ctr': '3.406'}]
[I 221218 10:50:15 utils:67] Epoch: [66], Info: [{'num_test': 100, 'len_tra': 10.0, 'R_tra': 32.95, 'ctr': '3.295'}]
[I 221218 11:00:37 utils:67] Epoch: [67], Info: [{'num_test': 100, 'len_tra': 10.0, 'R_tra': 28.78, 'ctr': '2.878'}]
[I 221218 11:13:49 utils:67] Epoch: [68], Info: [{'num_test': 100, 'len_tra': 10.0, 'R_tra': 32.71, 'ctr': '3.271'}]
[I 221218 11:29:55 utils:67] Epoch: [69], Info: [{'num_test': 100, 'len_tra': 10.0, 'R_tra': 30.46, 'ctr': '3.046'}]
[I 221218 11:53:57 utils:67] Epoch: [70], Info: [{'num_test': 100, 'len_tra': 9.99, 'R_tra': 34.03, 'ctr': '3.406'}]
[I 221218 12:17:51 utils:67] Epoch: [71], Info: [{'num_test': 100, 'len_tra': 10.0, 'R_tra': 34.55, 'ctr': '3.455'}]
[I 221218 12:41:21 utils:67] Epoch: [72], Info: [{'num_test': 100, 'len_tra': 10.0, 'R_tra': 34.16, 'ctr': '3.416'}]
[I 221218 13:04:22 utils:67] Epoch: [73], Info: [{'num_test': 100, 'len_tra': 9.94, 'R_tra': 35.15, 'ctr': '3.536'}]
[I 221218 13:27:28 utils:67] Epoch: [74], Info: [{'num_test': 100, 'len_tra': 9.86, 'R_tra': 33.78, 'ctr': '3.426'}]
[I 221218 13:50:16 utils:67] Epoch: [75], Info: [{'num_test': 100, 'len_tra': 9.88, 'R_tra': 33.38, 'ctr': '3.379'}]
[I 221218 14:09:42 utils:67] Epoch: [76], Info: [{'num_test': 100, 'len_tra': 10.0, 'R_tra': 31.12, 'ctr': '3.112'}]
[I 221218 14:24:41 utils:67] Epoch: [77], Info: [{'num_test': 100, 'len_tra': 9.92, 'R_tra': 28.53, 'ctr': '2.876'}]
[I 221218 14:39:21 utils:67] Epoch: [78], Info: [{'num_test': 100, 'len_tra': 9.92, 'R_tra': 26.41, 'ctr': '2.662'}]
[I 221218 14:54:05 utils:67] Epoch: [79], Info: [{'num_test': 100, 'len_tra': 9.99, 'R_tra': 28.9, 'ctr': '2.893'}]
[I 221218 15:08:41 utils:67] Epoch: [80], Info: [{'num_test': 100, 'len_tra': 9.97, 'R_tra': 25.88, 'ctr': '2.596'}]
[I 221218 15:23:17 utils:67] Epoch: [81], Info: [{'num_test': 100, 'len_tra': 10.0, 'R_tra': 25.91, 'ctr': '2.591'}]
[I 221218 15:37:50 utils:67] Epoch: [82], Info: [{'num_test': 100, 'len_tra': 10.0, 'R_tra': 29.35, 'ctr': '2.935'}]
[I 221218 15:52:20 utils:67] Epoch: [83], Info: [{'num_test': 100, 'len_tra': 10.0, 'R_tra': 30.15, 'ctr': '3.015'}]
[I 221218 16:07:07 utils:67] Epoch: [84], Info: [{'num_test': 100, 'len_tra': 9.93, 'R_tra': 29.06, 'ctr': '2.926'}]
[I 221218 16:21:35 utils:67] Epoch: [85], Info: [{'num_test': 100, 'len_tra': 9.98, 'R_tra': 28.3, 'ctr': '2.836'}]
[I 221218 16:36:13 utils:67] Epoch: [86], Info: [{'num_test': 100, 'len_tra': 9.8, 'R_tra': 26.52, 'ctr': '2.706'}]
[I 221218 16:50:52 utils:67] Epoch: [87], Info: [{'num_test': 100, 'len_tra': 10.0, 'R_tra': 27.21, 'ctr': '2.721'}]
[I 221218 17:05:36 utils:67] Epoch: [88], Info: [{'num_test': 100, 'len_tra': 9.88, 'R_tra': 26.4, 'ctr': '2.672'}]
[I 221218 17:20:14 utils:67] Epoch: [89], Info: [{'num_test': 100, 'len_tra': 9.87, 'R_tra': 27.44, 'ctr': '2.780'}]
[I 221218 17:34:57 utils:67] Epoch: [90], Info: [{'num_test': 100, 'len_tra': 9.9, 'R_tra': 27.3, 'ctr': '2.758'}]
[I 221218 17:49:33 utils:67] Epoch: [91], Info: [{'num_test': 100, 'len_tra': 9.92, 'R_tra': 27.76, 'ctr': '2.798'}]
[I 221218 18:04:08 utils:67] Epoch: [92], Info: [{'num_test': 100, 'len_tra': 9.9, 'R_tra': 30.35, 'ctr': '3.066'}]
[I 221218 18:18:43 utils:67] Epoch: [93], Info: [{'num_test': 100, 'len_tra': 9.95, 'R_tra': 28.17, 'ctr': '2.831'}]
[I 221218 18:33:00 utils:67] Epoch: [94], Info: [{'num_test': 100, 'len_tra': 9.87, 'R_tra': 29.01, 'ctr': '2.939'}]
[I 221218 18:47:32 utils:67] Epoch: [95], Info: [{'num_test': 100, 'len_tra': 9.95, 'R_tra': 28.82, 'ctr': '2.896'}]
[I 221218 19:01:48 utils:67] Epoch: [96], Info: [{'num_test': 100, 'len_tra': 9.95, 'R_tra': 28.37, 'ctr': '2.851'}]
[I 221218 19:15:55 utils:67] Epoch: [97], Info: [{'num_test': 100, 'len_tra': 9.92, 'R_tra': 27.69, 'ctr': '2.791'}]
[I 221218 19:30:06 utils:67] Epoch: [98], Info: [{'num_test': 100, 'len_tra': 9.92, 'R_tra': 28.07, 'ctr': '2.830'}]
[I 221218 19:44:23 utils:67] Epoch: [99], Info: [{'num_test': 100, 'len_tra': 9.97, 'R_tra': 27.56, 'ctr': '2.764'}]
[I 221218 19:55:31 utils:67] Epoch: [100], Info: [{'num_test': 100, 'len_tra': 9.81, 'R_tra': 29.73, 'ctr': '3.031'}]
[I 221218 20:04:51 utils:67] Epoch: [101], Info: [{'num_test': 100, 'len_tra': 9.93, 'R_tra': 32.96, 'ctr': '3.319'}]
[I 221218 20:14:07 utils:67] Epoch: [102], Info: [{'num_test': 100, 'len_tra': 9.91, 'R_tra': 31.62, 'ctr': '3.191'}]
[I 221218 20:23:27 utils:67] Epoch: [103], Info: [{'num_test': 100, 'len_tra': 9.88, 'R_tra': 31.95, 'ctr': '3.234'}]
[I 221218 20:32:48 utils:67] Epoch: [104], Info: [{'num_test': 100, 'len_tra': 9.78, 'R_tra': 29.49, 'ctr': '3.015'}]
[I 221218 20:42:04 utils:67] Epoch: [105], Info: [{'num_test': 100, 'len_tra': 9.93, 'R_tra': 28.54, 'ctr': '2.874'}]
[I 221218 20:51:32 utils:67] Epoch: [106], Info: [{'num_test': 100, 'len_tra': 9.98, 'R_tra': 29.15, 'ctr': '2.921'}]
[I 221218 21:00:47 utils:67] Epoch: [107], Info: [{'num_test': 100, 'len_tra': 9.8, 'R_tra': 29.87, 'ctr': '3.048'}]
[I 221218 21:10:15 utils:67] Epoch: [108], Info: [{'num_test': 100, 'len_tra': 9.88, 'R_tra': 29.03, 'ctr': '2.938'}]
[I 221218 21:19:39 utils:67] Epoch: [109], Info: [{'num_test': 100, 'len_tra': 9.98, 'R_tra': 28.46, 'ctr': '2.852'}]
[I 221218 21:27:19 utils:67] Epoch: [110], Info: [{'num_test': 100, 'len_tra': 10.0, 'R_tra': 30.89, 'ctr': '3.089'}]
[I 221218 21:33:21 utils:67] Epoch: [111], Info: [{'num_test': 100, 'len_tra': 9.98, 'R_tra': 28.73, 'ctr': '2.879'}]
[I 221218 21:39:25 utils:67] Epoch: [112], Info: [{'num_test': 100, 'len_tra': 9.91, 'R_tra': 29.48, 'ctr': '2.975'}]
[I 221218 21:45:25 utils:67] Epoch: [113], Info: [{'num_test': 100, 'len_tra': 9.84, 'R_tra': 29.57, 'ctr': '3.005'}]
[I 221218 21:51:27 utils:67] Epoch: [114], Info: [{'num_test': 100, 'len_tra': 9.96, 'R_tra': 28.28, 'ctr': '2.839'}]
[I 221218 21:57:28 utils:67] Epoch: [115], Info: [{'num_test': 100, 'len_tra': 10.0, 'R_tra': 31.22, 'ctr': '3.122'}]
[I 221218 22:03:30 utils:67] Epoch: [116], Info: [{'num_test': 100, 'len_tra': 9.92, 'R_tra': 33.9, 'ctr': '3.417'}]
[I 221218 22:09:31 utils:67] Epoch: [117], Info: [{'num_test': 100, 'len_tra': 9.84, 'R_tra': 36.32, 'ctr': '3.691'}]
[I 221218 22:15:31 utils:67] Epoch: [118], Info: [{'num_test': 100, 'len_tra': 9.99, 'R_tra': 37.38, 'ctr': '3.742'}]
[I 221218 22:21:33 utils:67] Epoch: [119], Info: [{'num_test': 100, 'len_tra': 9.91, 'R_tra': 34.11, 'ctr': '3.442'}]
[I 221218 22:27:35 utils:67] Epoch: [120], Info: [{'num_test': 100, 'len_tra': 9.93, 'R_tra': 34.9, 'ctr': '3.515'}]
[I 221218 22:33:31 utils:67] Epoch: [121], Info: [{'num_test': 100, 'len_tra': 9.76, 'R_tra': 32.96, 'ctr': '3.377'}]
[I 221218 22:39:34 utils:67] Epoch: [122], Info: [{'num_test': 100, 'len_tra': 10.0, 'R_tra': 34.35, 'ctr': '3.435'}]
[I 221218 22:45:36 utils:67] Epoch: [123], Info: [{'num_test': 100, 'len_tra': 9.9, 'R_tra': 35.73, 'ctr': '3.609'}]
[I 221218 22:51:35 utils:67] Epoch: [124], Info: [{'num_test': 100, 'len_tra': 9.98, 'R_tra': 35.15, 'ctr': '3.522'}]
[I 221218 22:57:37 utils:67] Epoch: [125], Info: [{'num_test': 100, 'len_tra': 9.98, 'R_tra': 34.72, 'ctr': '3.479'}]
[I 221218 23:03:38 utils:67] Epoch: [126], Info: [{'num_test': 100, 'len_tra': 9.92, 'R_tra': 32.92, 'ctr': '3.319'}]
[I 221218 23:09:43 utils:67] Epoch: [127], Info: [{'num_test': 100, 'len_tra': 9.83, 'R_tra': 32.54, 'ctr': '3.310'}]
[I 221218 23:15:45 utils:67] Epoch: [128], Info: [{'num_test': 100, 'len_tra': 9.94, 'R_tra': 34.63, 'ctr': '3.484'}]
[I 221218 23:21:48 utils:67] Epoch: [129], Info: [{'num_test': 100, 'len_tra': 9.89, 'R_tra': 31.64, 'ctr': '3.199'}]
[I 221218 23:27:52 utils:67] Epoch: [130], Info: [{'num_test': 100, 'len_tra': 9.95, 'R_tra': 34.86, 'ctr': '3.504'}]
[I 221218 23:33:52 utils:67] Epoch: [131], Info: [{'num_test': 100, 'len_tra': 9.92, 'R_tra': 34.85, 'ctr': '3.513'}]
[I 221218 23:39:53 utils:67] Epoch: [132], Info: [{'num_test': 100, 'len_tra': 9.99, 'R_tra': 32.86, 'ctr': '3.289'}]
[I 221218 23:45:52 utils:67] Epoch: [133], Info: [{'num_test': 100, 'len_tra': 9.86, 'R_tra': 30.61, 'ctr': '3.104'}]
[I 221218 23:51:47 utils:67] Epoch: [134], Info: [{'num_test': 100, 'len_tra': 9.92, 'R_tra': 28.54, 'ctr': '2.877'}]
[I 221218 23:57:48 utils:67] Epoch: [135], Info: [{'num_test': 100, 'len_tra': 9.89, 'R_tra': 28.74, 'ctr': '2.906'}]
[I 221219 00:03:50 utils:67] Epoch: [136], Info: [{'num_test': 100, 'len_tra': 9.98, 'R_tra': 31.81, 'ctr': '3.187'}]
[I 221219 00:09:54 utils:67] Epoch: [137], Info: [{'num_test': 100, 'len_tra': 9.88, 'R_tra': 30.46, 'ctr': '3.083'}]
[I 221219 00:15:42 utils:67] Epoch: [138], Info: [{'num_test': 100, 'len_tra': 9.88, 'R_tra': 32.03, 'ctr': '3.242'}]
[I 221219 00:21:29 utils:67] Epoch: [139], Info: [{'num_test': 100, 'len_tra': 9.93, 'R_tra': 32.2, 'ctr': '3.243'}]
[I 221219 00:27:17 utils:67] Epoch: [140], Info: [{'num_test': 100, 'len_tra': 9.96, 'R_tra': 31.29, 'ctr': '3.142'}]
[I 221219 00:33:05 utils:67] Epoch: [141], Info: [{'num_test': 100, 'len_tra': 9.95, 'R_tra': 31.35, 'ctr': '3.151'}]
[I 221219 00:38:48 utils:67] Epoch: [142], Info: [{'num_test': 100, 'len_tra': 9.96, 'R_tra': 29.07, 'ctr': '2.919'}]
[I 221219 00:44:32 utils:67] Epoch: [143], Info: [{'num_test': 100, 'len_tra': 9.9, 'R_tra': 29.01, 'ctr': '2.930'}]
[I 221219 00:50:17 utils:67] Epoch: [144], Info: [{'num_test': 100, 'len_tra': 9.89, 'R_tra': 31.73, 'ctr': '3.208'}]
[I 221219 00:56:07 utils:67] Epoch: [145], Info: [{'num_test': 100, 'len_tra': 9.85, 'R_tra': 33.96, 'ctr': '3.448'}]
[I 221219 01:01:55 utils:67] Epoch: [146], Info: [{'num_test': 100, 'len_tra': 9.88, 'R_tra': 34.01, 'ctr': '3.442'}]
[I 221219 01:07:39 utils:67] Epoch: [147], Info: [{'num_test': 100, 'len_tra': 9.91, 'R_tra': 34.25, 'ctr': '3.456'}]
[I 221219 01:13:26 utils:67] Epoch: [148], Info: [{'num_test': 100, 'len_tra': 9.94, 'R_tra': 33.84, 'ctr': '3.404'}]
[I 221219 01:19:15 utils:67] Epoch: [149], Info: [{'num_test': 100, 'len_tra': 9.93, 'R_tra': 35.17, 'ctr': '3.542'}]
[I 221219 01:25:00 utils:67] Epoch: [150], Info: [{'num_test': 100, 'len_tra': 9.86, 'R_tra': 34.0, 'ctr': '3.448'}]
[I 221219 01:30:50 utils:67] Epoch: [151], Info: [{'num_test': 100, 'len_tra': 9.94, 'R_tra': 35.82, 'ctr': '3.604'}]
[I 221219 01:36:39 utils:67] Epoch: [152], Info: [{'num_test': 100, 'len_tra': 9.93, 'R_tra': 37.02, 'ctr': '3.728'}]
[I 221219 01:42:28 utils:67] Epoch: [153], Info: [{'num_test': 100, 'len_tra': 9.93, 'R_tra': 34.67, 'ctr': '3.491'}]
[I 221219 01:48:17 utils:67] Epoch: [154], Info: [{'num_test': 100, 'len_tra': 9.84, 'R_tra': 37.43, 'ctr': '3.804'}]
[I 221219 01:54:05 utils:67] Epoch: [155], Info: [{'num_test': 100, 'len_tra': 9.77, 'R_tra': 35.09, 'ctr': '3.592'}]
[I 221219 01:59:50 utils:67] Epoch: [156], Info: [{'num_test': 100, 'len_tra': 9.84, 'R_tra': 37.3, 'ctr': '3.791'}]
[I 221219 02:05:32 utils:67] Epoch: [157], Info: [{'num_test': 100, 'len_tra': 9.85, 'R_tra': 38.16, 'ctr': '3.874'}]
[I 221219 02:11:19 utils:67] Epoch: [158], Info: [{'num_test': 100, 'len_tra': 9.82, 'R_tra': 34.58, 'ctr': '3.521'}]
[I 221219 02:17:05 utils:67] Epoch: [159], Info: [{'num_test': 100, 'len_tra': 9.83, 'R_tra': 31.7, 'ctr': '3.225'}]
[I 221219 02:22:52 utils:67] Epoch: [160], Info: [{'num_test': 100, 'len_tra': 9.93, 'R_tra': 35.34, 'ctr': '3.559'}]
[I 221219 02:28:39 utils:67] Epoch: [161], Info: [{'num_test': 100, 'len_tra': 9.97, 'R_tra': 36.37, 'ctr': '3.648'}]
[I 221219 02:34:26 utils:67] Epoch: [162], Info: [{'num_test': 100, 'len_tra': 9.85, 'R_tra': 36.59, 'ctr': '3.715'}]
[I 221219 02:40:09 utils:67] Epoch: [163], Info: [{'num_test': 100, 'len_tra': 9.78, 'R_tra': 36.81, 'ctr': '3.764'}]
[I 221219 02:45:58 utils:67] Epoch: [164], Info: [{'num_test': 100, 'len_tra': 9.91, 'R_tra': 35.07, 'ctr': '3.539'}]
[I 221219 02:51:43 utils:67] Epoch: [165], Info: [{'num_test': 100, 'len_tra': 9.86, 'R_tra': 33.92, 'ctr': '3.440'}]
[I 221219 02:57:28 utils:67] Epoch: [166], Info: [{'num_test': 100, 'len_tra': 9.91, 'R_tra': 35.41, 'ctr': '3.573'}]
[I 221219 03:03:16 utils:67] Epoch: [167], Info: [{'num_test': 100, 'len_tra': 9.94, 'R_tra': 35.86, 'ctr': '3.608'}]
[I 221219 03:09:03 utils:67] Epoch: [168], Info: [{'num_test': 100, 'len_tra': 9.84, 'R_tra': 34.23, 'ctr': '3.479'}]
[I 221219 03:14:49 utils:67] Epoch: [169], Info: [{'num_test': 100, 'len_tra': 9.92, 'R_tra': 33.79, 'ctr': '3.406'}]
[I 221219 03:20:35 utils:67] Epoch: [170], Info: [{'num_test': 100, 'len_tra': 9.9, 'R_tra': 32.06, 'ctr': '3.238'}]
[I 221219 03:26:31 utils:67] Epoch: [171], Info: [{'num_test': 100, 'len_tra': 9.75, 'R_tra': 33.26, 'ctr': '3.411'}]
[I 221219 03:32:20 utils:67] Epoch: [172], Info: [{'num_test': 100, 'len_tra': 9.76, 'R_tra': 32.82, 'ctr': '3.363'}]
[I 221219 03:38:09 utils:67] Epoch: [173], Info: [{'num_test': 100, 'len_tra': 9.89, 'R_tra': 32.43, 'ctr': '3.279'}]
[I 221219 03:43:53 utils:67] Epoch: [174], Info: [{'num_test': 100, 'len_tra': 10.0, 'R_tra': 34.1, 'ctr': '3.410'}]
[I 221219 03:49:39 utils:67] Epoch: [175], Info: [{'num_test': 100, 'len_tra': 9.94, 'R_tra': 34.56, 'ctr': '3.477'}]
[I 221219 03:55:25 utils:67] Epoch: [176], Info: [{'num_test': 100, 'len_tra': 9.93, 'R_tra': 35.31, 'ctr': '3.556'}]
[I 221219 04:01:09 utils:67] Epoch: [177], Info: [{'num_test': 100, 'len_tra': 10.0, 'R_tra': 36.19, 'ctr': '3.619'}]
[I 221219 04:06:58 utils:67] Epoch: [178], Info: [{'num_test': 100, 'len_tra': 9.87, 'R_tra': 32.71, 'ctr': '3.314'}]
[I 221219 04:12:45 utils:67] Epoch: [179], Info: [{'num_test': 100, 'len_tra': 9.92, 'R_tra': 34.33, 'ctr': '3.461'}]
[I 221219 04:18:33 utils:67] Epoch: [180], Info: [{'num_test': 100, 'len_tra': 9.95, 'R_tra': 34.37, 'ctr': '3.454'}]
[I 221219 04:24:20 utils:67] Epoch: [181], Info: [{'num_test': 100, 'len_tra': 10.0, 'R_tra': 35.41, 'ctr': '3.541'}]
[I 221219 04:30:09 utils:67] Epoch: [182], Info: [{'num_test': 100, 'len_tra': 9.96, 'R_tra': 34.58, 'ctr': '3.472'}]
[I 221219 04:35:56 utils:67] Epoch: [183], Info: [{'num_test': 100, 'len_tra': 9.82, 'R_tra': 36.52, 'ctr': '3.719'}]
[I 221219 04:41:43 utils:67] Epoch: [184], Info: [{'num_test': 100, 'len_tra': 10.0, 'R_tra': 33.35, 'ctr': '3.335'}]
[I 221219 04:47:30 utils:67] Epoch: [185], Info: [{'num_test': 100, 'len_tra': 9.95, 'R_tra': 32.73, 'ctr': '3.289'}]
[I 221219 04:53:17 utils:67] Epoch: [186], Info: [{'num_test': 100, 'len_tra': 9.96, 'R_tra': 33.8, 'ctr': '3.394'}]
[I 221219 04:59:04 utils:67] Epoch: [187], Info: [{'num_test': 100, 'len_tra': 9.83, 'R_tra': 34.52, 'ctr': '3.512'}]
[I 221219 05:04:52 utils:67] Epoch: [188], Info: [{'num_test': 100, 'len_tra': 9.83, 'R_tra': 34.44, 'ctr': '3.504'}]
[I 221219 05:10:48 utils:67] Epoch: [189], Info: [{'num_test': 100, 'len_tra': 9.92, 'R_tra': 34.88, 'ctr': '3.516'}]
[I 221219 05:16:42 utils:67] Epoch: [190], Info: [{'num_test': 100, 'len_tra': 9.98, 'R_tra': 33.64, 'ctr': '3.371'}]
[I 221219 05:22:39 utils:67] Epoch: [191], Info: [{'num_test': 100, 'len_tra': 9.87, 'R_tra': 34.1, 'ctr': '3.455'}]
[I 221219 05:28:30 utils:67] Epoch: [192], Info: [{'num_test': 100, 'len_tra': 9.77, 'R_tra': 32.28, 'ctr': '3.304'}]
[I 221219 05:34:21 utils:67] Epoch: [193], Info: [{'num_test': 100, 'len_tra': 9.99, 'R_tra': 33.21, 'ctr': '3.324'}]
[I 221219 05:40:14 utils:67] Epoch: [194], Info: [{'num_test': 100, 'len_tra': 9.84, 'R_tra': 33.37, 'ctr': '3.391'}]
[I 221219 05:46:06 utils:67] Epoch: [195], Info: [{'num_test': 100, 'len_tra': 9.95, 'R_tra': 33.41, 'ctr': '3.358'}]
[I 221219 05:51:56 utils:67] Epoch: [196], Info: [{'num_test': 100, 'len_tra': 9.82, 'R_tra': 35.42, 'ctr': '3.607'}]
[I 221219 05:57:46 utils:67] Epoch: [197], Info: [{'num_test': 100, 'len_tra': 9.87, 'R_tra': 34.58, 'ctr': '3.504'}]
[I 221219 06:03:40 utils:67] Epoch: [198], Info: [{'num_test': 100, 'len_tra': 9.87, 'R_tra': 32.87, 'ctr': '3.330'}]
[I 221219 06:09:34 utils:67] Epoch: [199], Info: [{'num_test': 100, 'len_tra': 9.83, 'R_tra': 32.04, 'ctr': '3.259'}]
[I 221219 06:15:27 utils:67] Epoch: [200], Info: [{'num_test': 100, 'len_tra': 9.72, 'R_tra': 30.27, 'ctr': '3.114'}]
