[I 221218 00:07:19 CIRS-RL-taobao:134] {
      "env": "VirtualTB-v0",
      "user_model_name": "MLP",
      "model_name": "CIRS",
      "seed": 2022,
      "cuda": 2,
      "cpu": false,
      "is_save": false,
      "version": "v1",
      "tau": 0.1,
      "gamma_exposure": 10,
      "leave_threshold": 1.0,
      "num_leave_compute": 5,
      "max_turn": 10,
      "dim_state": 20,
      "dim_model": 27,
      "nhead": 3,
      "buffer_size": 11000,
      "lr": 0.001,
      "gamma": 0.95,
      "epoch": 200,
      "step_per_epoch": 15000,
      "repeat_per_collect": 2,
      "batch_size": 2048,
      "hidden_sizes": [
        64,
        64
      ],
      "episode_per_collect": 100,
      "training_num": 100,
      "test_num": 100,
      "render": 0.0,
      "vf_coef": 0.25,
      "ent_coef": 0.0,
      "eps_clip": 0.2,
      "max_grad_norm": 0.5,
      "gae_lambda": 0.95,
      "rew_norm": 1,
      "dual_clip": null,
      "value_clip": 1,
      "norm_adv": 1,
      "recompute_adv": 0,
      "resume": false,
      "save_interval": 1000,
      "read_message": "taobao tau 1",
      "message": "T_CIRS_len10"
    }
[I 221218 00:24:38 utils:67] Epoch: [1], Info: [{'num_test': 100, 'len_tra': 10.0, 'R_tra': 8.06, 'ctr': '0.806'}]
[I 221218 00:36:21 utils:67] Epoch: [2], Info: [{'num_test': 100, 'len_tra': 10.0, 'R_tra': 17.94, 'ctr': '1.794'}]
[I 221218 00:47:14 utils:67] Epoch: [3], Info: [{'num_test': 100, 'len_tra': 10.0, 'R_tra': 24.0, 'ctr': '2.400'}]
[I 221218 00:57:33 utils:67] Epoch: [4], Info: [{'num_test': 100, 'len_tra': 10.0, 'R_tra': 23.34, 'ctr': '2.334'}]
[I 221218 01:07:51 utils:67] Epoch: [5], Info: [{'num_test': 100, 'len_tra': 10.0, 'R_tra': 22.62, 'ctr': '2.262'}]
[I 221218 01:18:09 utils:67] Epoch: [6], Info: [{'num_test': 100, 'len_tra': 10.0, 'R_tra': 21.66, 'ctr': '2.166'}]
[I 221218 01:28:30 utils:67] Epoch: [7], Info: [{'num_test': 100, 'len_tra': 10.0, 'R_tra': 22.82, 'ctr': '2.282'}]
[I 221218 01:38:38 utils:67] Epoch: [8], Info: [{'num_test': 100, 'len_tra': 10.0, 'R_tra': 23.39, 'ctr': '2.339'}]
[I 221218 01:48:48 utils:67] Epoch: [9], Info: [{'num_test': 100, 'len_tra': 10.0, 'R_tra': 23.15, 'ctr': '2.315'}]
[I 221218 01:58:56 utils:67] Epoch: [10], Info: [{'num_test': 100, 'len_tra': 10.0, 'R_tra': 23.54, 'ctr': '2.354'}]
[I 221218 02:09:05 utils:67] Epoch: [11], Info: [{'num_test': 100, 'len_tra': 10.0, 'R_tra': 23.18, 'ctr': '2.318'}]
[I 221218 02:19:11 utils:67] Epoch: [12], Info: [{'num_test': 100, 'len_tra': 10.0, 'R_tra': 24.4, 'ctr': '2.440'}]
[I 221218 02:29:15 utils:67] Epoch: [13], Info: [{'num_test': 100, 'len_tra': 10.0, 'R_tra': 24.12, 'ctr': '2.412'}]
[I 221218 02:39:11 utils:67] Epoch: [14], Info: [{'num_test': 100, 'len_tra': 10.0, 'R_tra': 24.92, 'ctr': '2.492'}]
[I 221218 02:49:13 utils:67] Epoch: [15], Info: [{'num_test': 100, 'len_tra': 10.0, 'R_tra': 25.32, 'ctr': '2.532'}]
[I 221218 02:59:24 utils:67] Epoch: [16], Info: [{'num_test': 100, 'len_tra': 10.0, 'R_tra': 24.58, 'ctr': '2.458'}]
[I 221218 03:09:35 utils:67] Epoch: [17], Info: [{'num_test': 100, 'len_tra': 10.0, 'R_tra': 25.38, 'ctr': '2.538'}]
[I 221218 03:19:45 utils:67] Epoch: [18], Info: [{'num_test': 100, 'len_tra': 10.0, 'R_tra': 23.45, 'ctr': '2.345'}]
[I 221218 03:29:52 utils:67] Epoch: [19], Info: [{'num_test': 100, 'len_tra': 10.0, 'R_tra': 25.98, 'ctr': '2.598'}]
[I 221218 03:39:59 utils:67] Epoch: [20], Info: [{'num_test': 100, 'len_tra': 10.0, 'R_tra': 25.66, 'ctr': '2.566'}]
[I 221218 03:49:59 utils:67] Epoch: [21], Info: [{'num_test': 100, 'len_tra': 10.0, 'R_tra': 25.35, 'ctr': '2.535'}]
[I 221218 04:00:04 utils:67] Epoch: [22], Info: [{'num_test': 100, 'len_tra': 10.0, 'R_tra': 26.21, 'ctr': '2.621'}]
[I 221218 04:10:14 utils:67] Epoch: [23], Info: [{'num_test': 100, 'len_tra': 10.0, 'R_tra': 26.97, 'ctr': '2.697'}]
[I 221218 04:20:14 utils:67] Epoch: [24], Info: [{'num_test': 100, 'len_tra': 10.0, 'R_tra': 27.82, 'ctr': '2.782'}]
[I 221218 04:30:10 utils:67] Epoch: [25], Info: [{'num_test': 100, 'len_tra': 10.0, 'R_tra': 27.64, 'ctr': '2.764'}]
[I 221218 04:40:14 utils:67] Epoch: [26], Info: [{'num_test': 100, 'len_tra': 10.0, 'R_tra': 27.44, 'ctr': '2.744'}]
[I 221218 04:50:25 utils:67] Epoch: [27], Info: [{'num_test': 100, 'len_tra': 10.0, 'R_tra': 28.24, 'ctr': '2.824'}]
[I 221218 05:01:16 utils:67] Epoch: [28], Info: [{'num_test': 100, 'len_tra': 10.0, 'R_tra': 27.89, 'ctr': '2.789'}]
[I 221218 05:11:20 utils:67] Epoch: [29], Info: [{'num_test': 100, 'len_tra': 10.0, 'R_tra': 26.99, 'ctr': '2.699'}]
[I 221218 05:21:28 utils:67] Epoch: [30], Info: [{'num_test': 100, 'len_tra': 10.0, 'R_tra': 26.47, 'ctr': '2.647'}]
[I 221218 05:31:27 utils:67] Epoch: [31], Info: [{'num_test': 100, 'len_tra': 10.0, 'R_tra': 28.71, 'ctr': '2.871'}]
[I 221218 05:41:31 utils:67] Epoch: [32], Info: [{'num_test': 100, 'len_tra': 10.0, 'R_tra': 27.61, 'ctr': '2.761'}]
[I 221218 05:52:15 utils:67] Epoch: [33], Info: [{'num_test': 100, 'len_tra': 10.0, 'R_tra': 28.19, 'ctr': '2.819'}]
[I 221218 06:02:17 utils:67] Epoch: [34], Info: [{'num_test': 100, 'len_tra': 10.0, 'R_tra': 27.82, 'ctr': '2.782'}]
[I 221218 06:12:18 utils:67] Epoch: [35], Info: [{'num_test': 100, 'len_tra': 10.0, 'R_tra': 27.96, 'ctr': '2.796'}]
[I 221218 06:22:14 utils:67] Epoch: [36], Info: [{'num_test': 100, 'len_tra': 10.0, 'R_tra': 27.78, 'ctr': '2.778'}]
[I 221218 06:33:02 utils:67] Epoch: [37], Info: [{'num_test': 100, 'len_tra': 10.0, 'R_tra': 29.33, 'ctr': '2.933'}]
[I 221218 06:43:06 utils:67] Epoch: [38], Info: [{'num_test': 100, 'len_tra': 10.0, 'R_tra': 29.55, 'ctr': '2.955'}]
[I 221218 06:53:03 utils:67] Epoch: [39], Info: [{'num_test': 100, 'len_tra': 10.0, 'R_tra': 28.21, 'ctr': '2.821'}]
[I 221218 07:03:08 utils:67] Epoch: [40], Info: [{'num_test': 100, 'len_tra': 10.0, 'R_tra': 28.88, 'ctr': '2.888'}]
[I 221218 07:13:06 utils:67] Epoch: [41], Info: [{'num_test': 100, 'len_tra': 10.0, 'R_tra': 28.57, 'ctr': '2.857'}]
[I 221218 07:23:07 utils:67] Epoch: [42], Info: [{'num_test': 100, 'len_tra': 10.0, 'R_tra': 29.89, 'ctr': '2.989'}]
[I 221218 07:33:08 utils:67] Epoch: [43], Info: [{'num_test': 100, 'len_tra': 10.0, 'R_tra': 29.93, 'ctr': '2.993'}]
[I 221218 07:43:08 utils:67] Epoch: [44], Info: [{'num_test': 100, 'len_tra': 10.0, 'R_tra': 29.78, 'ctr': '2.978'}]
[I 221218 07:53:13 utils:67] Epoch: [45], Info: [{'num_test': 100, 'len_tra': 10.0, 'R_tra': 29.34, 'ctr': '2.934'}]
[I 221218 08:03:55 utils:67] Epoch: [46], Info: [{'num_test': 100, 'len_tra': 10.0, 'R_tra': 28.92, 'ctr': '2.892'}]
[I 221218 08:14:48 utils:67] Epoch: [47], Info: [{'num_test': 100, 'len_tra': 10.0, 'R_tra': 31.36, 'ctr': '3.136'}]
[I 221218 08:25:33 utils:67] Epoch: [48], Info: [{'num_test': 100, 'len_tra': 10.0, 'R_tra': 33.85, 'ctr': '3.385'}]
[I 221218 08:36:14 utils:67] Epoch: [49], Info: [{'num_test': 100, 'len_tra': 10.0, 'R_tra': 31.32, 'ctr': '3.132'}]
[I 221218 08:46:52 utils:67] Epoch: [50], Info: [{'num_test': 100, 'len_tra': 10.0, 'R_tra': 33.01, 'ctr': '3.301'}]
[I 221218 08:57:34 utils:67] Epoch: [51], Info: [{'num_test': 100, 'len_tra': 10.0, 'R_tra': 33.59, 'ctr': '3.359'}]
[I 221218 09:08:15 utils:67] Epoch: [52], Info: [{'num_test': 100, 'len_tra': 10.0, 'R_tra': 33.81, 'ctr': '3.381'}]
[I 221218 09:18:55 utils:67] Epoch: [53], Info: [{'num_test': 100, 'len_tra': 10.0, 'R_tra': 32.73, 'ctr': '3.273'}]
[I 221218 09:29:36 utils:67] Epoch: [54], Info: [{'num_test': 100, 'len_tra': 10.0, 'R_tra': 35.59, 'ctr': '3.559'}]
[I 221218 09:40:20 utils:67] Epoch: [55], Info: [{'num_test': 100, 'len_tra': 10.0, 'R_tra': 34.65, 'ctr': '3.465'}]
[I 221218 09:51:04 utils:67] Epoch: [56], Info: [{'num_test': 100, 'len_tra': 10.0, 'R_tra': 35.2, 'ctr': '3.520'}]
[I 221218 10:01:48 utils:67] Epoch: [57], Info: [{'num_test': 100, 'len_tra': 10.0, 'R_tra': 35.12, 'ctr': '3.512'}]
[I 221218 10:12:28 utils:67] Epoch: [58], Info: [{'num_test': 100, 'len_tra': 9.97, 'R_tra': 32.99, 'ctr': '3.309'}]
[I 221218 10:23:12 utils:67] Epoch: [59], Info: [{'num_test': 100, 'len_tra': 10.0, 'R_tra': 34.77, 'ctr': '3.477'}]
[I 221218 10:34:10 utils:67] Epoch: [60], Info: [{'num_test': 100, 'len_tra': 10.0, 'R_tra': 35.26, 'ctr': '3.526'}]
[I 221218 10:45:31 utils:67] Epoch: [61], Info: [{'num_test': 100, 'len_tra': 9.95, 'R_tra': 34.0, 'ctr': '3.417'}]
[I 221218 10:58:30 utils:67] Epoch: [62], Info: [{'num_test': 100, 'len_tra': 10.0, 'R_tra': 34.4, 'ctr': '3.440'}]
[I 221218 11:10:22 utils:67] Epoch: [63], Info: [{'num_test': 100, 'len_tra': 10.0, 'R_tra': 35.51, 'ctr': '3.551'}]
[I 221218 11:22:50 utils:67] Epoch: [64], Info: [{'num_test': 100, 'len_tra': 10.0, 'R_tra': 34.86, 'ctr': '3.486'}]
[I 221218 11:42:01 utils:67] Epoch: [65], Info: [{'num_test': 100, 'len_tra': 10.0, 'R_tra': 35.0, 'ctr': '3.500'}]
[I 221218 12:03:30 utils:67] Epoch: [66], Info: [{'num_test': 100, 'len_tra': 10.0, 'R_tra': 35.27, 'ctr': '3.527'}]
[I 221218 12:24:59 utils:67] Epoch: [67], Info: [{'num_test': 100, 'len_tra': 10.0, 'R_tra': 33.9, 'ctr': '3.390'}]
[I 221218 12:46:29 utils:67] Epoch: [68], Info: [{'num_test': 100, 'len_tra': 9.98, 'R_tra': 33.95, 'ctr': '3.402'}]
[I 221218 13:07:09 utils:67] Epoch: [69], Info: [{'num_test': 100, 'len_tra': 10.0, 'R_tra': 33.58, 'ctr': '3.358'}]
[I 221218 13:27:47 utils:67] Epoch: [70], Info: [{'num_test': 100, 'len_tra': 10.0, 'R_tra': 35.01, 'ctr': '3.501'}]
[I 221218 13:48:11 utils:67] Epoch: [71], Info: [{'num_test': 100, 'len_tra': 9.95, 'R_tra': 35.44, 'ctr': '3.562'}]
[I 221218 14:04:38 utils:67] Epoch: [72], Info: [{'num_test': 100, 'len_tra': 9.93, 'R_tra': 34.05, 'ctr': '3.429'}]
[I 221218 14:18:23 utils:67] Epoch: [73], Info: [{'num_test': 100, 'len_tra': 9.95, 'R_tra': 33.39, 'ctr': '3.356'}]
[I 221218 14:31:15 utils:67] Epoch: [74], Info: [{'num_test': 100, 'len_tra': 9.94, 'R_tra': 33.68, 'ctr': '3.388'}]
[I 221218 14:44:01 utils:67] Epoch: [75], Info: [{'num_test': 100, 'len_tra': 10.0, 'R_tra': 33.61, 'ctr': '3.361'}]
[I 221218 14:56:38 utils:67] Epoch: [76], Info: [{'num_test': 100, 'len_tra': 9.92, 'R_tra': 32.34, 'ctr': '3.260'}]
[I 221218 15:09:23 utils:67] Epoch: [77], Info: [{'num_test': 100, 'len_tra': 10.0, 'R_tra': 29.73, 'ctr': '2.973'}]
[I 221218 15:22:01 utils:67] Epoch: [78], Info: [{'num_test': 100, 'len_tra': 10.0, 'R_tra': 29.98, 'ctr': '2.998'}]
[I 221218 15:34:45 utils:67] Epoch: [79], Info: [{'num_test': 100, 'len_tra': 9.86, 'R_tra': 30.03, 'ctr': '3.046'}]
[I 221218 15:47:30 utils:67] Epoch: [80], Info: [{'num_test': 100, 'len_tra': 9.88, 'R_tra': 29.61, 'ctr': '2.997'}]
[I 221218 16:00:09 utils:67] Epoch: [81], Info: [{'num_test': 100, 'len_tra': 10.0, 'R_tra': 28.67, 'ctr': '2.867'}]
[I 221218 16:12:47 utils:67] Epoch: [82], Info: [{'num_test': 100, 'len_tra': 9.94, 'R_tra': 32.51, 'ctr': '3.271'}]
[I 221218 16:26:18 utils:67] Epoch: [83], Info: [{'num_test': 100, 'len_tra': 10.0, 'R_tra': 34.73, 'ctr': '3.473'}]
[I 221218 16:38:57 utils:67] Epoch: [84], Info: [{'num_test': 100, 'len_tra': 9.85, 'R_tra': 35.75, 'ctr': '3.629'}]
[I 221218 16:51:42 utils:67] Epoch: [85], Info: [{'num_test': 100, 'len_tra': 9.92, 'R_tra': 34.08, 'ctr': '3.435'}]
[I 221218 17:04:22 utils:67] Epoch: [86], Info: [{'num_test': 100, 'len_tra': 9.91, 'R_tra': 28.72, 'ctr': '2.898'}]
[I 221218 17:17:08 utils:67] Epoch: [87], Info: [{'num_test': 100, 'len_tra': 10.0, 'R_tra': 27.75, 'ctr': '2.775'}]
[I 221218 17:29:47 utils:67] Epoch: [88], Info: [{'num_test': 100, 'len_tra': 9.92, 'R_tra': 32.13, 'ctr': '3.239'}]
[I 221218 17:42:35 utils:67] Epoch: [89], Info: [{'num_test': 100, 'len_tra': 9.96, 'R_tra': 33.33, 'ctr': '3.346'}]
[I 221218 17:55:18 utils:67] Epoch: [90], Info: [{'num_test': 100, 'len_tra': 10.0, 'R_tra': 34.95, 'ctr': '3.495'}]
[I 221218 18:07:53 utils:67] Epoch: [91], Info: [{'num_test': 100, 'len_tra': 10.0, 'R_tra': 34.66, 'ctr': '3.466'}]
[I 221218 18:20:34 utils:67] Epoch: [92], Info: [{'num_test': 100, 'len_tra': 10.0, 'R_tra': 33.23, 'ctr': '3.323'}]
[I 221218 18:32:58 utils:67] Epoch: [93], Info: [{'num_test': 100, 'len_tra': 10.0, 'R_tra': 33.13, 'ctr': '3.313'}]
[I 221218 18:45:16 utils:67] Epoch: [94], Info: [{'num_test': 100, 'len_tra': 9.91, 'R_tra': 31.39, 'ctr': '3.168'}]
[I 221218 18:57:30 utils:67] Epoch: [95], Info: [{'num_test': 100, 'len_tra': 9.95, 'R_tra': 33.12, 'ctr': '3.329'}]
[I 221218 19:09:55 utils:67] Epoch: [96], Info: [{'num_test': 100, 'len_tra': 9.89, 'R_tra': 35.37, 'ctr': '3.576'}]
[I 221218 19:22:16 utils:67] Epoch: [97], Info: [{'num_test': 100, 'len_tra': 9.92, 'R_tra': 40.67, 'ctr': '4.100'}]
[I 221218 19:34:31 utils:67] Epoch: [98], Info: [{'num_test': 100, 'len_tra': 10.0, 'R_tra': 42.79, 'ctr': '4.279'}]
[I 221218 19:46:48 utils:67] Epoch: [99], Info: [{'num_test': 100, 'len_tra': 9.97, 'R_tra': 43.35, 'ctr': '4.348'}]
[I 221218 19:56:05 utils:67] Epoch: [100], Info: [{'num_test': 100, 'len_tra': 9.96, 'R_tra': 43.78, 'ctr': '4.396'}]
[I 221218 20:05:06 utils:67] Epoch: [101], Info: [{'num_test': 100, 'len_tra': 10.0, 'R_tra': 45.18, 'ctr': '4.518'}]
[I 221218 20:14:10 utils:67] Epoch: [102], Info: [{'num_test': 100, 'len_tra': 9.93, 'R_tra': 39.18, 'ctr': '3.946'}]
[I 221218 20:23:12 utils:67] Epoch: [103], Info: [{'num_test': 100, 'len_tra': 10.0, 'R_tra': 36.39, 'ctr': '3.639'}]
[I 221218 20:32:18 utils:67] Epoch: [104], Info: [{'num_test': 100, 'len_tra': 9.91, 'R_tra': 36.03, 'ctr': '3.636'}]
[I 221218 20:41:24 utils:67] Epoch: [105], Info: [{'num_test': 100, 'len_tra': 9.87, 'R_tra': 37.2, 'ctr': '3.769'}]
[I 221218 20:50:36 utils:67] Epoch: [106], Info: [{'num_test': 100, 'len_tra': 9.91, 'R_tra': 41.48, 'ctr': '4.186'}]
[I 221218 20:59:46 utils:67] Epoch: [107], Info: [{'num_test': 100, 'len_tra': 9.86, 'R_tra': 42.4, 'ctr': '4.300'}]
[I 221218 21:08:41 utils:67] Epoch: [108], Info: [{'num_test': 100, 'len_tra': 9.95, 'R_tra': 43.69, 'ctr': '4.391'}]
[I 221218 21:17:41 utils:67] Epoch: [109], Info: [{'num_test': 100, 'len_tra': 10.0, 'R_tra': 41.79, 'ctr': '4.179'}]
[I 221218 21:25:53 utils:67] Epoch: [110], Info: [{'num_test': 100, 'len_tra': 10.0, 'R_tra': 41.18, 'ctr': '4.118'}]
[I 221218 21:31:51 utils:67] Epoch: [111], Info: [{'num_test': 100, 'len_tra': 9.95, 'R_tra': 38.92, 'ctr': '3.912'}]
[I 221218 21:37:46 utils:67] Epoch: [112], Info: [{'num_test': 100, 'len_tra': 9.93, 'R_tra': 40.4, 'ctr': '4.068'}]
[I 221218 21:43:42 utils:67] Epoch: [113], Info: [{'num_test': 100, 'len_tra': 10.0, 'R_tra': 41.36, 'ctr': '4.136'}]
[I 221218 21:49:39 utils:67] Epoch: [114], Info: [{'num_test': 100, 'len_tra': 9.99, 'R_tra': 44.0, 'ctr': '4.404'}]
[I 221218 21:55:40 utils:67] Epoch: [115], Info: [{'num_test': 100, 'len_tra': 9.74, 'R_tra': 40.75, 'ctr': '4.184'}]
[I 221218 22:01:43 utils:67] Epoch: [116], Info: [{'num_test': 100, 'len_tra': 9.9, 'R_tra': 39.74, 'ctr': '4.014'}]
[I 221218 22:07:43 utils:67] Epoch: [117], Info: [{'num_test': 100, 'len_tra': 9.87, 'R_tra': 38.0, 'ctr': '3.850'}]
[I 221218 22:13:40 utils:67] Epoch: [118], Info: [{'num_test': 100, 'len_tra': 9.88, 'R_tra': 35.44, 'ctr': '3.587'}]
[I 221218 22:19:38 utils:67] Epoch: [119], Info: [{'num_test': 100, 'len_tra': 9.79, 'R_tra': 39.48, 'ctr': '4.033'}]
[I 221218 22:25:32 utils:67] Epoch: [120], Info: [{'num_test': 100, 'len_tra': 10.0, 'R_tra': 38.91, 'ctr': '3.891'}]
[I 221218 22:31:33 utils:67] Epoch: [121], Info: [{'num_test': 100, 'len_tra': 9.91, 'R_tra': 40.51, 'ctr': '4.088'}]
[I 221218 22:37:28 utils:67] Epoch: [122], Info: [{'num_test': 100, 'len_tra': 9.85, 'R_tra': 41.28, 'ctr': '4.191'}]
[I 221218 22:43:26 utils:67] Epoch: [123], Info: [{'num_test': 100, 'len_tra': 10.0, 'R_tra': 39.92, 'ctr': '3.992'}]
[I 221218 22:49:21 utils:67] Epoch: [124], Info: [{'num_test': 100, 'len_tra': 9.93, 'R_tra': 38.24, 'ctr': '3.851'}]
[I 221218 22:55:18 utils:67] Epoch: [125], Info: [{'num_test': 100, 'len_tra': 9.94, 'R_tra': 39.04, 'ctr': '3.928'}]
[I 221218 23:01:13 utils:67] Epoch: [126], Info: [{'num_test': 100, 'len_tra': 10.0, 'R_tra': 38.26, 'ctr': '3.826'}]
[I 221218 23:07:09 utils:67] Epoch: [127], Info: [{'num_test': 100, 'len_tra': 9.98, 'R_tra': 40.63, 'ctr': '4.071'}]
[I 221218 23:13:00 utils:67] Epoch: [128], Info: [{'num_test': 100, 'len_tra': 9.69, 'R_tra': 39.19, 'ctr': '4.044'}]
[I 221218 23:18:53 utils:67] Epoch: [129], Info: [{'num_test': 100, 'len_tra': 9.92, 'R_tra': 38.13, 'ctr': '3.844'}]
[I 221218 23:24:46 utils:67] Epoch: [130], Info: [{'num_test': 100, 'len_tra': 10.0, 'R_tra': 38.66, 'ctr': '3.866'}]
[I 221218 23:30:41 utils:67] Epoch: [131], Info: [{'num_test': 100, 'len_tra': 9.72, 'R_tra': 40.48, 'ctr': '4.165'}]
[I 221218 23:36:35 utils:67] Epoch: [132], Info: [{'num_test': 100, 'len_tra': 9.96, 'R_tra': 41.68, 'ctr': '4.185'}]
[I 221218 23:42:33 utils:67] Epoch: [133], Info: [{'num_test': 100, 'len_tra': 10.0, 'R_tra': 40.31, 'ctr': '4.031'}]
[I 221218 23:48:29 utils:67] Epoch: [134], Info: [{'num_test': 100, 'len_tra': 10.0, 'R_tra': 39.21, 'ctr': '3.921'}]
[I 221218 23:54:26 utils:67] Epoch: [135], Info: [{'num_test': 100, 'len_tra': 9.95, 'R_tra': 37.7, 'ctr': '3.789'}]
[I 221219 00:00:23 utils:67] Epoch: [136], Info: [{'num_test': 100, 'len_tra': 9.94, 'R_tra': 36.65, 'ctr': '3.687'}]
[I 221219 00:06:20 utils:67] Epoch: [137], Info: [{'num_test': 100, 'len_tra': 9.87, 'R_tra': 34.91, 'ctr': '3.537'}]
[I 221219 00:12:32 utils:67] Epoch: [138], Info: [{'num_test': 100, 'len_tra': 9.98, 'R_tra': 37.62, 'ctr': '3.770'}]
[I 221219 00:18:45 utils:67] Epoch: [139], Info: [{'num_test': 100, 'len_tra': 9.81, 'R_tra': 38.26, 'ctr': '3.900'}]
[I 221219 00:24:55 utils:67] Epoch: [140], Info: [{'num_test': 100, 'len_tra': 9.84, 'R_tra': 38.36, 'ctr': '3.898'}]
[I 221219 00:31:06 utils:67] Epoch: [141], Info: [{'num_test': 100, 'len_tra': 9.89, 'R_tra': 35.89, 'ctr': '3.629'}]
[I 221219 00:37:14 utils:67] Epoch: [142], Info: [{'num_test': 100, 'len_tra': 9.85, 'R_tra': 33.36, 'ctr': '3.387'}]
[I 221219 00:43:20 utils:67] Epoch: [143], Info: [{'num_test': 100, 'len_tra': 9.89, 'R_tra': 32.36, 'ctr': '3.272'}]
[I 221219 00:49:31 utils:67] Epoch: [144], Info: [{'num_test': 100, 'len_tra': 9.93, 'R_tra': 34.57, 'ctr': '3.481'}]
[I 221219 00:55:37 utils:67] Epoch: [145], Info: [{'num_test': 100, 'len_tra': 10.0, 'R_tra': 38.48, 'ctr': '3.848'}]
[I 221219 01:01:46 utils:67] Epoch: [146], Info: [{'num_test': 100, 'len_tra': 9.69, 'R_tra': 37.94, 'ctr': '3.915'}]
[I 221219 01:07:57 utils:67] Epoch: [147], Info: [{'num_test': 100, 'len_tra': 9.83, 'R_tra': 34.6, 'ctr': '3.520'}]
[I 221219 01:14:10 utils:67] Epoch: [148], Info: [{'num_test': 100, 'len_tra': 10.0, 'R_tra': 36.91, 'ctr': '3.691'}]
[I 221219 01:20:20 utils:67] Epoch: [149], Info: [{'num_test': 100, 'len_tra': 9.92, 'R_tra': 38.19, 'ctr': '3.850'}]
[I 221219 01:26:30 utils:67] Epoch: [150], Info: [{'num_test': 100, 'len_tra': 9.97, 'R_tra': 38.7, 'ctr': '3.882'}]
[I 221219 01:32:39 utils:67] Epoch: [151], Info: [{'num_test': 100, 'len_tra': 9.93, 'R_tra': 38.54, 'ctr': '3.881'}]
[I 221219 01:38:49 utils:67] Epoch: [152], Info: [{'num_test': 100, 'len_tra': 9.88, 'R_tra': 36.78, 'ctr': '3.723'}]
[I 221219 01:44:58 utils:67] Epoch: [153], Info: [{'num_test': 100, 'len_tra': 9.86, 'R_tra': 38.7, 'ctr': '3.925'}]
[I 221219 01:51:06 utils:67] Epoch: [154], Info: [{'num_test': 100, 'len_tra': 9.96, 'R_tra': 38.92, 'ctr': '3.908'}]
[I 221219 01:57:12 utils:67] Epoch: [155], Info: [{'num_test': 100, 'len_tra': 9.93, 'R_tra': 36.93, 'ctr': '3.719'}]
[I 221219 02:03:22 utils:67] Epoch: [156], Info: [{'num_test': 100, 'len_tra': 9.87, 'R_tra': 35.92, 'ctr': '3.639'}]
[I 221219 02:09:32 utils:67] Epoch: [157], Info: [{'num_test': 100, 'len_tra': 9.87, 'R_tra': 36.14, 'ctr': '3.662'}]
[I 221219 02:15:41 utils:67] Epoch: [158], Info: [{'num_test': 100, 'len_tra': 9.85, 'R_tra': 38.06, 'ctr': '3.864'}]
[I 221219 02:21:52 utils:67] Epoch: [159], Info: [{'num_test': 100, 'len_tra': 9.91, 'R_tra': 35.29, 'ctr': '3.561'}]
[I 221219 02:27:59 utils:67] Epoch: [160], Info: [{'num_test': 100, 'len_tra': 9.76, 'R_tra': 31.86, 'ctr': '3.264'}]
[I 221219 02:34:08 utils:67] Epoch: [161], Info: [{'num_test': 100, 'len_tra': 9.89, 'R_tra': 33.78, 'ctr': '3.416'}]
[I 221219 02:40:17 utils:67] Epoch: [162], Info: [{'num_test': 100, 'len_tra': 9.96, 'R_tra': 35.03, 'ctr': '3.517'}]
[I 221219 02:46:24 utils:67] Epoch: [163], Info: [{'num_test': 100, 'len_tra': 9.77, 'R_tra': 37.34, 'ctr': '3.822'}]
[I 221219 02:52:34 utils:67] Epoch: [164], Info: [{'num_test': 100, 'len_tra': 9.95, 'R_tra': 36.32, 'ctr': '3.650'}]
[I 221219 02:58:43 utils:67] Epoch: [165], Info: [{'num_test': 100, 'len_tra': 9.97, 'R_tra': 37.68, 'ctr': '3.779'}]
[I 221219 03:04:51 utils:67] Epoch: [166], Info: [{'num_test': 100, 'len_tra': 9.95, 'R_tra': 37.87, 'ctr': '3.806'}]
[I 221219 03:11:02 utils:67] Epoch: [167], Info: [{'num_test': 100, 'len_tra': 9.96, 'R_tra': 36.4, 'ctr': '3.655'}]
[I 221219 03:17:15 utils:67] Epoch: [168], Info: [{'num_test': 100, 'len_tra': 9.96, 'R_tra': 33.72, 'ctr': '3.386'}]
[I 221219 03:23:29 utils:67] Epoch: [169], Info: [{'num_test': 100, 'len_tra': 9.95, 'R_tra': 35.53, 'ctr': '3.571'}]
[I 221219 03:29:38 utils:67] Epoch: [170], Info: [{'num_test': 100, 'len_tra': 9.75, 'R_tra': 34.76, 'ctr': '3.565'}]
[I 221219 03:35:42 utils:67] Epoch: [171], Info: [{'num_test': 100, 'len_tra': 9.81, 'R_tra': 33.58, 'ctr': '3.423'}]
[I 221219 03:41:54 utils:67] Epoch: [172], Info: [{'num_test': 100, 'len_tra': 9.68, 'R_tra': 33.33, 'ctr': '3.443'}]
[I 221219 03:48:03 utils:67] Epoch: [173], Info: [{'num_test': 100, 'len_tra': 9.86, 'R_tra': 32.28, 'ctr': '3.274'}]
[I 221219 03:54:14 utils:67] Epoch: [174], Info: [{'num_test': 100, 'len_tra': 10.0, 'R_tra': 34.59, 'ctr': '3.459'}]
[I 221219 04:00:23 utils:67] Epoch: [175], Info: [{'num_test': 100, 'len_tra': 9.84, 'R_tra': 35.36, 'ctr': '3.593'}]
[I 221219 04:06:35 utils:67] Epoch: [176], Info: [{'num_test': 100, 'len_tra': 9.78, 'R_tra': 35.37, 'ctr': '3.617'}]
[I 221219 04:12:45 utils:67] Epoch: [177], Info: [{'num_test': 100, 'len_tra': 9.78, 'R_tra': 35.05, 'ctr': '3.584'}]
[I 221219 04:18:57 utils:67] Epoch: [178], Info: [{'num_test': 100, 'len_tra': 9.9, 'R_tra': 36.31, 'ctr': '3.668'}]
[I 221219 04:25:07 utils:67] Epoch: [179], Info: [{'num_test': 100, 'len_tra': 9.88, 'R_tra': 37.24, 'ctr': '3.769'}]
[I 221219 04:31:18 utils:67] Epoch: [180], Info: [{'num_test': 100, 'len_tra': 9.86, 'R_tra': 39.26, 'ctr': '3.982'}]
[I 221219 04:37:26 utils:67] Epoch: [181], Info: [{'num_test': 100, 'len_tra': 9.85, 'R_tra': 40.29, 'ctr': '4.090'}]
[I 221219 04:43:34 utils:67] Epoch: [182], Info: [{'num_test': 100, 'len_tra': 9.94, 'R_tra': 42.32, 'ctr': '4.258'}]
[I 221219 04:49:44 utils:67] Epoch: [183], Info: [{'num_test': 100, 'len_tra': 9.82, 'R_tra': 37.84, 'ctr': '3.853'}]
[I 221219 04:55:53 utils:67] Epoch: [184], Info: [{'num_test': 100, 'len_tra': 9.95, 'R_tra': 39.79, 'ctr': '3.999'}]
[I 221219 05:02:06 utils:67] Epoch: [185], Info: [{'num_test': 100, 'len_tra': 9.92, 'R_tra': 37.04, 'ctr': '3.734'}]
[I 221219 05:08:18 utils:67] Epoch: [186], Info: [{'num_test': 100, 'len_tra': 9.82, 'R_tra': 37.61, 'ctr': '3.830'}]
[I 221219 05:14:27 utils:67] Epoch: [187], Info: [{'num_test': 100, 'len_tra': 9.86, 'R_tra': 38.25, 'ctr': '3.879'}]
[I 221219 05:20:38 utils:67] Epoch: [188], Info: [{'num_test': 100, 'len_tra': 9.85, 'R_tra': 36.92, 'ctr': '3.748'}]
[I 221219 05:26:50 utils:67] Epoch: [189], Info: [{'num_test': 100, 'len_tra': 10.0, 'R_tra': 35.44, 'ctr': '3.544'}]
[I 221219 05:33:09 utils:67] Epoch: [190], Info: [{'num_test': 100, 'len_tra': 9.98, 'R_tra': 36.2, 'ctr': '3.627'}]
[I 221219 05:39:23 utils:67] Epoch: [191], Info: [{'num_test': 100, 'len_tra': 9.9, 'R_tra': 35.93, 'ctr': '3.629'}]
[I 221219 05:45:38 utils:67] Epoch: [192], Info: [{'num_test': 100, 'len_tra': 9.82, 'R_tra': 37.68, 'ctr': '3.837'}]
[I 221219 05:51:55 utils:67] Epoch: [193], Info: [{'num_test': 100, 'len_tra': 9.77, 'R_tra': 38.36, 'ctr': '3.926'}]
[I 221219 05:58:13 utils:67] Epoch: [194], Info: [{'num_test': 100, 'len_tra': 9.92, 'R_tra': 42.55, 'ctr': '4.289'}]
[I 221219 06:04:28 utils:67] Epoch: [195], Info: [{'num_test': 100, 'len_tra': 9.97, 'R_tra': 42.73, 'ctr': '4.286'}]
[I 221219 06:10:44 utils:67] Epoch: [196], Info: [{'num_test': 100, 'len_tra': 9.8, 'R_tra': 39.5, 'ctr': '4.031'}]
[I 221219 06:17:04 utils:67] Epoch: [197], Info: [{'num_test': 100, 'len_tra': 9.93, 'R_tra': 38.81, 'ctr': '3.908'}]
[I 221219 06:23:27 utils:67] Epoch: [198], Info: [{'num_test': 100, 'len_tra': 9.89, 'R_tra': 37.98, 'ctr': '3.840'}]
[I 221219 06:29:46 utils:67] Epoch: [199], Info: [{'num_test': 100, 'len_tra': 9.85, 'R_tra': 39.81, 'ctr': '4.042'}]
[I 221219 06:36:08 utils:67] Epoch: [200], Info: [{'num_test': 100, 'len_tra': 9.98, 'R_tra': 40.44, 'ctr': '4.052'}]
